------------------------------------------------------------------------------------------------------------------------

[2025-10-03 17:11:48 #1 store] 
Database 'C:\Users\egoit\EHU\SI2\workspace\Rides25\src\main\resources\rides.temp' is opened by 16752@LAPTOP-2PN1U6VU

[2025-10-03 17:11:48 #2 type] 
Type domain.User is not enhanced.

[2025-10-03 17:11:48 #3 type] 
Type domain.Driver is not enhanced.

[2025-10-03 17:11:48 #4 type] 
Type domain.Erreklamazioa is not enhanced.

[2025-10-03 17:11:48 #5 type] 
Type domain.Balorazioa is not enhanced.

[2025-10-03 17:11:48 #6 type] 
Type domain.Mugimendua is not enhanced.

[2025-10-03 17:11:48 #7 type] 
Type domain.Car is not enhanced.

[2025-10-03 17:11:48 #8 type] 
Type domain.Ride is not enhanced.

[2025-10-03 17:11:48 #9 type] 
Type domain.Mezua is not enhanced.

[2025-10-03 17:11:48 #10 type] 
Type domain.Erreserba is not enhanced.

[2025-10-03 17:11:48 #11 type] 
Type domain.Geldialdia is not enhanced.

[2025-10-03 17:11:48 #12 type] 
Type domain.Traveler is not enhanced.

[2025-10-03 17:11:48 #13 type] 
Type domain.Alerta is not enhanced.

------------------------------------------------------------------------------------------------------------------------

[2025-10-03 17:20:28 #1 store] 
Database 'C:\Users\egoit\EHU\SI2\workspace\Rides25\src\main\resources\rides.temp' has been recovered (tr. 759-928)

[2025-10-03 17:20:29 #2 store] 
Database 'C:\Users\egoit\EHU\SI2\workspace\Rides25\src\main\resources\rides.temp' is opened by 17004@LAPTOP-2PN1U6VU

[2025-10-03 17:20:29 #3 type] 
Type domain.User is not enhanced.

[2025-10-03 17:20:29 #4 type] 
Type domain.Driver is not enhanced.

[2025-10-03 17:20:29 #5 type] 
Type domain.Erreklamazioa is not enhanced.

[2025-10-03 17:20:29 #6 type] 
Type domain.Balorazioa is not enhanced.

[2025-10-03 17:20:29 #7 type] 
Type domain.Mugimendua is not enhanced.

[2025-10-03 17:20:29 #8 type] 
Type domain.Car is not enhanced.

[2025-10-03 17:20:29 #9 type] 
Type domain.Ride is not enhanced.

[2025-10-03 17:20:29 #10 type] 
Type domain.Mezua is not enhanced.

[2025-10-03 17:20:29 #11 type] 
Type domain.Erreserba is not enhanced.

[2025-10-03 17:20:29 #12 type] 
Type domain.Geldialdia is not enhanced.

[2025-10-03 17:20:29 #13 type] 
Type domain.Traveler is not enhanced.

[2025-10-03 17:20:29 #14 type] 
Type domain.Alerta is not enhanced.

------------------------------------------------------------------------------------------------------------------------

[2025-10-03 17:21:05 #1 store] 
Database 'C:\Users\egoit\EHU\SI2\workspace\Rides25\src\main\resources\rides.temp' has been recovered (tr. 929-943)

[2025-10-03 17:21:05 #2 store] 
Database 'C:\Users\egoit\EHU\SI2\workspace\Rides25\src\main\resources\rides.temp' is opened by 16944@LAPTOP-2PN1U6VU

[2025-10-03 17:21:05 #3 type] 
Type domain.User is not enhanced.

[2025-10-03 17:21:05 #4 type] 
Type domain.Driver is not enhanced.

[2025-10-03 17:21:05 #5 type] 
Type domain.Erreklamazioa is not enhanced.

[2025-10-03 17:21:05 #6 type] 
Type domain.Balorazioa is not enhanced.

[2025-10-03 17:21:05 #7 type] 
Type domain.Mugimendua is not enhanced.

[2025-10-03 17:21:05 #8 type] 
Type domain.Car is not enhanced.

[2025-10-03 17:21:05 #9 type] 
Type domain.Ride is not enhanced.

[2025-10-03 17:21:05 #10 type] 
Type domain.Mezua is not enhanced.

[2025-10-03 17:21:05 #11 type] 
Type domain.Erreserba is not enhanced.

[2025-10-03 17:21:05 #12 type] 
Type domain.Geldialdia is not enhanced.

[2025-10-03 17:21:05 #13 type] 
Type domain.Traveler is not enhanced.

[2025-10-03 17:21:05 #14 type] 
Type domain.Alerta is not enhanced.

------------------------------------------------------------------------------------------------------------------------

[2025-10-03 17:22:00 #1 store] 
Database 'C:\Users\egoit\EHU\SI2\workspace\Rides25\src\main\resources\rides.temp' has been recovered (tr. 944-968)

[2025-10-03 17:22:00 #2 store] 
Database 'C:\Users\egoit\EHU\SI2\workspace\Rides25\src\main\resources\rides.temp' is opened by 9400@LAPTOP-2PN1U6VU

[2025-10-03 17:22:01 #3 type] 
Type domain.User is not enhanced.

[2025-10-03 17:22:01 #4 type] 
Type domain.Driver is not enhanced.

[2025-10-03 17:22:01 #5 type] 
Type domain.Erreklamazioa is not enhanced.

[2025-10-03 17:22:01 #6 type] 
Type domain.Balorazioa is not enhanced.

[2025-10-03 17:22:01 #7 type] 
Type domain.Mugimendua is not enhanced.

[2025-10-03 17:22:01 #8 type] 
Type domain.Car is not enhanced.

[2025-10-03 17:22:01 #9 type] 
Type domain.Ride is not enhanced.

[2025-10-03 17:22:01 #10 type] 
Type domain.Mezua is not enhanced.

[2025-10-03 17:22:01 #11 type] 
Type domain.Erreserba is not enhanced.

[2025-10-03 17:22:01 #12 type] 
Type domain.Geldialdia is not enhanced.

[2025-10-03 17:22:01 #13 type] 
Type domain.Traveler is not enhanced.

[2025-10-03 17:22:01 #14 type] 
Type domain.Alerta is not enhanced.

------------------------------------------------------------------------------------------------------------------------

[2025-10-03 17:27:02 #1 store] 
Database 'C:\Users\egoit\EHU\SI2\workspace\Rides25\src\main\resources\rides.temp' has been recovered (tr. 969-993)

[2025-10-03 17:27:02 #2 store] 
Database 'C:\Users\egoit\EHU\SI2\workspace\Rides25\src\main\resources\rides.temp' is opened by 10368@LAPTOP-2PN1U6VU

[2025-10-03 17:27:02 #3 type] 
Type domain.User is not enhanced.

[2025-10-03 17:27:02 #4 type] 
Type domain.Driver is not enhanced.

[2025-10-03 17:27:02 #5 type] 
Type domain.Erreklamazioa is not enhanced.

[2025-10-03 17:27:02 #6 type] 
Type domain.Balorazioa is not enhanced.

[2025-10-03 17:27:02 #7 type] 
Type domain.Mugimendua is not enhanced.

[2025-10-03 17:27:02 #8 type] 
Type domain.Car is not enhanced.

[2025-10-03 17:27:02 #9 type] 
Type domain.Ride is not enhanced.

[2025-10-03 17:27:02 #10 type] 
Type domain.Mezua is not enhanced.

[2025-10-03 17:27:02 #11 type] 
Type domain.Erreserba is not enhanced.

[2025-10-03 17:27:02 #12 type] 
Type domain.Geldialdia is not enhanced.

[2025-10-03 17:27:02 #13 type] 
Type domain.Traveler is not enhanced.

[2025-10-03 17:27:02 #14 type] 
Type domain.Alerta is not enhanced.

------------------------------------------------------------------------------------------------------------------------

[2025-10-03 17:27:24 #1 store] 
Database 'C:\Users\egoit\EHU\SI2\workspace\Rides25\src\main\resources\rides.temp' has been recovered (tr. 994-1018)

[2025-10-03 17:27:24 #2 store] 
Database 'C:\Users\egoit\EHU\SI2\workspace\Rides25\src\main\resources\rides.temp' is opened by 10996@LAPTOP-2PN1U6VU

[2025-10-03 17:27:24 #3 type] 
Type domain.User is not enhanced.

[2025-10-03 17:27:24 #4 type] 
Type domain.Driver is not enhanced.

[2025-10-03 17:27:24 #5 type] 
Type domain.Erreklamazioa is not enhanced.

[2025-10-03 17:27:24 #6 type] 
Type domain.Balorazioa is not enhanced.

[2025-10-03 17:27:24 #7 type] 
Type domain.Mugimendua is not enhanced.

[2025-10-03 17:27:24 #8 type] 
Type domain.Car is not enhanced.

[2025-10-03 17:27:24 #9 type] 
Type domain.Ride is not enhanced.

[2025-10-03 17:27:24 #10 type] 
Type domain.Mezua is not enhanced.

[2025-10-03 17:27:24 #11 type] 
Type domain.Erreserba is not enhanced.

[2025-10-03 17:27:24 #12 type] 
Type domain.Geldialdia is not enhanced.

[2025-10-03 17:27:24 #13 type] 
Type domain.Traveler is not enhanced.

[2025-10-03 17:27:24 #14 type] 
Type domain.Alerta is not enhanced.

------------------------------------------------------------------------------------------------------------------------

[2025-10-03 17:31:14 #1 store] 
Database 'C:\Users\egoit\EHU\SI2\workspace\Rides25\src\main\resources\rides.temp' has been recovered (tr. 1019-1043)

[2025-10-03 17:31:14 #2 store] 
Database 'C:\Users\egoit\EHU\SI2\workspace\Rides25\src\main\resources\rides.temp' is opened by 19724@LAPTOP-2PN1U6VU

[2025-10-03 17:31:14 #3 type] 
Type domain.User is not enhanced.

[2025-10-03 17:31:14 #4 type] 
Type domain.Driver is not enhanced.

[2025-10-03 17:31:14 #5 type] 
Type domain.Erreklamazioa is not enhanced.

[2025-10-03 17:31:14 #6 type] 
Type domain.Balorazioa is not enhanced.

[2025-10-03 17:31:14 #7 type] 
Type domain.Mugimendua is not enhanced.

[2025-10-03 17:31:14 #8 type] 
Type domain.Car is not enhanced.

[2025-10-03 17:31:14 #9 type] 
Type domain.Ride is not enhanced.

[2025-10-03 17:31:14 #10 type] 
Type domain.Mezua is not enhanced.

[2025-10-03 17:31:14 #11 type] 
Type domain.Erreserba is not enhanced.

[2025-10-03 17:31:14 #12 type] 
Type domain.Geldialdia is not enhanced.

[2025-10-03 17:31:14 #13 type] 
Type domain.Traveler is not enhanced.

[2025-10-03 17:31:14 #14 type] 
Type domain.Alerta is not enhanced.

------------------------------------------------------------------------------------------------------------------------

[2025-10-03 17:37:32 #1 store] 
Database 'C:\Users\egoit\EHU\SI2\workspace\Rides25\src\main\resources\rides.temp' has been recovered (tr. 1044-1068)

[2025-10-03 17:37:33 #2 store] 
Database 'C:\Users\egoit\EHU\SI2\workspace\Rides25\src\main\resources\rides.temp' is opened by 17824@LAPTOP-2PN1U6VU

[2025-10-03 17:37:33 #3 type] 
Type domain.User is not enhanced.

[2025-10-03 17:37:33 #4 type] 
Type domain.Driver is not enhanced.

[2025-10-03 17:37:33 #5 type] 
Type domain.Erreklamazioa is not enhanced.

[2025-10-03 17:37:33 #6 type] 
Type domain.Balorazioa is not enhanced.

[2025-10-03 17:37:33 #7 type] 
Type domain.Mugimendua is not enhanced.

[2025-10-03 17:37:33 #8 type] 
Type domain.Car is not enhanced.

[2025-10-03 17:37:33 #9 type] 
Type domain.Ride is not enhanced.

[2025-10-03 17:37:33 #10 type] 
Type domain.Mezua is not enhanced.

[2025-10-03 17:37:33 #11 type] 
Type domain.Erreserba is not enhanced.

[2025-10-03 17:37:33 #12 type] 
Type domain.Geldialdia is not enhanced.

[2025-10-03 17:37:33 #13 type] 
Type domain.Traveler is not enhanced.

[2025-10-03 17:37:33 #14 type] 
Type domain.Alerta is not enhanced.

------------------------------------------------------------------------------------------------------------------------

[2025-10-03 17:43:35 #1 store] 
Database 'C:\Users\egoit\EHU\SI2\workspace\Rides25\src\main\resources\rides.temp' has been recovered (tr. 1069-1093)

[2025-10-03 17:43:35 #2 store] 
Database 'C:\Users\egoit\EHU\SI2\workspace\Rides25\src\main\resources\rides.temp' is opened by 18808@LAPTOP-2PN1U6VU

[2025-10-03 17:43:35 #3 type] 
Type domain.User is not enhanced.

[2025-10-03 17:43:35 #4 type] 
Type domain.Driver is not enhanced.

[2025-10-03 17:43:35 #5 type] 
Type domain.Erreklamazioa is not enhanced.

[2025-10-03 17:43:35 #6 type] 
Type domain.Balorazioa is not enhanced.

[2025-10-03 17:43:35 #7 type] 
Type domain.Mugimendua is not enhanced.

[2025-10-03 17:43:35 #8 type] 
Type domain.Car is not enhanced.

[2025-10-03 17:43:35 #9 type] 
Type domain.Ride is not enhanced.

[2025-10-03 17:43:35 #10 type] 
Type domain.Mezua is not enhanced.

[2025-10-03 17:43:35 #11 type] 
Type domain.Erreserba is not enhanced.

[2025-10-03 17:43:35 #12 type] 
Type domain.Geldialdia is not enhanced.

[2025-10-03 17:43:35 #13 type] 
Type domain.Traveler is not enhanced.

[2025-10-03 17:43:35 #14 type] 
Type domain.Alerta is not enhanced.

------------------------------------------------------------------------------------------------------------------------

[2025-10-03 17:44:05 #1 store] 
Database 'C:\Users\egoit\EHU\SI2\workspace\Rides25\src\main\resources\rides.temp' has been recovered (tr. 1094-1120)

[2025-10-03 17:44:05 #2 store] 
Database 'C:\Users\egoit\EHU\SI2\workspace\Rides25\src\main\resources\rides.temp' is opened by 3440@LAPTOP-2PN1U6VU

[2025-10-03 17:44:05 #3 type] 
Type domain.User is not enhanced.

[2025-10-03 17:44:05 #4 type] 
Type domain.Driver is not enhanced.

[2025-10-03 17:44:05 #5 type] 
Type domain.Erreklamazioa is not enhanced.

[2025-10-03 17:44:05 #6 type] 
Type domain.Balorazioa is not enhanced.

[2025-10-03 17:44:05 #7 type] 
Type domain.Mugimendua is not enhanced.

[2025-10-03 17:44:05 #8 type] 
Type domain.Car is not enhanced.

[2025-10-03 17:44:05 #9 type] 
Type domain.Ride is not enhanced.

[2025-10-03 17:44:05 #10 type] 
Type domain.Mezua is not enhanced.

[2025-10-03 17:44:05 #11 type] 
Type domain.Erreserba is not enhanced.

[2025-10-03 17:44:05 #12 type] 
Type domain.Geldialdia is not enhanced.

[2025-10-03 17:44:05 #13 type] 
Type domain.Traveler is not enhanced.

[2025-10-03 17:44:05 #14 type] 
Type domain.Alerta is not enhanced.

------------------------------------------------------------------------------------------------------------------------

[2025-10-03 18:16:34 #1 store] 
Database 'C:\Users\egoit\EHU\SI2\workspace\Rides25\src\main\resources\rides.temp' has been recovered (tr. 1121-1148)

[2025-10-03 18:16:34 #2 store] 
Database 'C:\Users\egoit\EHU\SI2\workspace\Rides25\src\main\resources\rides.temp' is opened by 6184@LAPTOP-2PN1U6VU

[2025-10-03 18:16:34 #3 type] 
Type domain.User is not enhanced.

[2025-10-03 18:16:34 #4 type] 
Type domain.Driver is not enhanced.

[2025-10-03 18:16:34 #5 type] 
Type domain.Erreklamazioa is not enhanced.

[2025-10-03 18:16:34 #6 type] 
Type domain.Balorazioa is not enhanced.

[2025-10-03 18:16:34 #7 type] 
Type domain.Mugimendua is not enhanced.

[2025-10-03 18:16:34 #8 type] 
Type domain.Car is not enhanced.

[2025-10-03 18:16:34 #9 type] 
Type domain.Ride is not enhanced.

[2025-10-03 18:16:34 #10 type] 
Type domain.Mezua is not enhanced.

[2025-10-03 18:16:34 #11 type] 
Type domain.Erreserba is not enhanced.

[2025-10-03 18:16:34 #12 type] 
Type domain.Geldialdia is not enhanced.

[2025-10-03 18:16:34 #13 type] 
Type domain.Traveler is not enhanced.

[2025-10-03 18:16:34 #14 type] 
Type domain.Alerta is not enhanced.

