------------------------------------------------------------------------------------------------------------------------

[2025-05-07 17:18:15 #1 store] 
Database 'C:\Users\egoit\git\Rides25\src\main\resources\rides.temp' has been recovered (tr. 36-45)

[2025-05-07 17:18:15 #2 store] 
Database 'C:\Users\egoit\git\Rides25\src\main\resources\rides.temp' is opened by 11516@LAPTOP-2PN1U6VU

[2025-05-07 17:18:15 #3 type] 
Type domain.User is not enhanced.

[2025-05-07 17:18:15 #4 type] 
Type domain.Driver is not enhanced.

[2025-05-07 17:18:15 #5 type] 
Type domain.Erreklamazioa is not enhanced.

[2025-05-07 17:18:15 #6 type] 
Type domain.Balorazioa is not enhanced.

[2025-05-07 17:18:15 #7 type] 
Type domain.Mugimendua is not enhanced.

[2025-05-07 17:18:15 #8 type] 
Type domain.Car is not enhanced.

[2025-05-07 17:18:15 #9 type] 
Type domain.Ride is not enhanced.

[2025-05-07 17:18:15 #10 type] 
Type domain.Erreserba is not enhanced.

[2025-05-07 17:18:15 #11 type] 
Type domain.Geldialdia is not enhanced.

[2025-05-07 17:18:15 #12 type] 
Type domain.Traveler is not enhanced.

[2025-05-07 17:18:15 #13 type] 
Type domain.Alerta is not enhanced.

[2025-05-07 17:18:15 #14 type] 
Type domain.Mezua is not enhanced.

------------------------------------------------------------------------------------------------------------------------

[2025-05-07 17:59:07 #1 store] 
Database 'C:\Users\egoit\git\Rides25\src\main\resources\rides.temp' is opened by 17236@LAPTOP-2PN1U6VU

[2025-05-07 17:59:07 #2 type] 
Type domain.User is not enhanced.

[2025-05-07 17:59:07 #3 type] 
Type domain.Driver is not enhanced.

[2025-05-07 17:59:07 #4 type] 
Type domain.Erreklamazioa is not enhanced.

[2025-05-07 17:59:07 #5 type] 
Type domain.Balorazioa is not enhanced.

[2025-05-07 17:59:07 #6 type] 
Type domain.Mugimendua is not enhanced.

[2025-05-07 17:59:07 #7 type] 
Type domain.Car is not enhanced.

[2025-05-07 17:59:07 #8 type] 
Type domain.Ride is not enhanced.

[2025-05-07 17:59:07 #9 type] 
Type domain.Erreserba is not enhanced.

[2025-05-07 17:59:07 #10 type] 
Type domain.Geldialdia is not enhanced.

[2025-05-07 17:59:07 #11 type] 
Type domain.Traveler is not enhanced.

[2025-05-07 17:59:07 #12 type] 
Type domain.Alerta is not enhanced.

[2025-05-07 17:59:07 #13 type] 
Type domain.Mezua is not enhanced.

------------------------------------------------------------------------------------------------------------------------

[2025-05-07 18:01:29 #1 store] 
Database 'C:\Users\egoit\git\Rides25\src\main\resources\rides.temp' has been recovered (tr. 46-46)

[2025-05-07 18:01:29 #2 store] 
Database 'C:\Users\egoit\git\Rides25\src\main\resources\rides.temp' is opened by 18496@LAPTOP-2PN1U6VU

[2025-05-07 18:01:29 #3 type] 
Type domain.User is not enhanced.

[2025-05-07 18:01:29 #4 type] 
Type domain.Driver is not enhanced.

[2025-05-07 18:01:29 #5 type] 
Type domain.Erreklamazioa is not enhanced.

[2025-05-07 18:01:29 #6 type] 
Type domain.Balorazioa is not enhanced.

[2025-05-07 18:01:29 #7 type] 
Type domain.Mugimendua is not enhanced.

[2025-05-07 18:01:29 #8 type] 
Type domain.Car is not enhanced.

[2025-05-07 18:01:29 #9 type] 
Type domain.Ride is not enhanced.

[2025-05-07 18:01:29 #10 type] 
Type domain.Erreserba is not enhanced.

[2025-05-07 18:01:29 #11 type] 
Type domain.Geldialdia is not enhanced.

[2025-05-07 18:01:29 #12 type] 
Type domain.Traveler is not enhanced.

[2025-05-07 18:01:29 #13 type] 
Type domain.Alerta is not enhanced.

[2025-05-07 18:01:29 #14 type] 
Type domain.Mezua is not enhanced.

