------------------------------------------------------------------------------------------------------------------------

[2025-05-05 15:52:31 #1 store] 
Database 'C:\Users\egoit\git\Rides25\src\main\resources\rides.temp' is opened by 6180@LAPTOP-2PN1U6VU

[2025-05-05 15:52:31 #2 type.registry] 
New type domain.User

[2025-05-05 15:52:31 #3 type.registry] 
New type domain.Driver

[2025-05-05 15:52:31 #4 type] 
Type domain.User is not enhanced.

[2025-05-05 15:52:31 #5 type.registry] 
New type domain.Erreklamazioa

[2025-05-05 15:52:31 #6 type.registry] 
New type domain.Balorazioa

[2025-05-05 15:52:31 #7 type.registry] 
New type domain.Mugimendua

[2025-05-05 15:52:31 #8 type] 
Type domain.Driver is not enhanced.

[2025-05-05 15:52:31 #9 type.registry] 
New type domain.Car

[2025-05-05 15:52:31 #10 type.registry] 
New type domain.Ride

[2025-05-05 15:52:31 #11 type] 
Type domain.Erreklamazioa is not enhanced.

[2025-05-05 15:52:31 #12 type.registry] 
New type domain.ErreklamazioaEgoera

[2025-05-05 15:52:31 #13 type] 
Type domain.Balorazioa is not enhanced.

[2025-05-05 15:52:31 #14 type.registry] 
New type domain.Erreserba

[2025-05-05 15:52:31 #15 type] 
Type domain.Mugimendua is not enhanced.

[2025-05-05 15:52:31 #16 type.registry] 
New type domain.MugimenduMota

[2025-05-05 15:52:31 #17 type] 
Type domain.Car is not enhanced.

[2025-05-05 15:52:31 #18 type] 
Type domain.Ride is not enhanced.

[2025-05-05 15:52:31 #19 type.registry] 
New type domain.RideEgoera

[2025-05-05 15:52:31 #20 type] 
Type domain.Erreserba is not enhanced.

[2025-05-05 15:52:31 #21 type.registry] 
New type domain.Traveler

[2025-05-05 15:52:31 #22 type.registry] 
New type domain.ErreserbaEgoera

[2025-05-05 15:52:31 #23 type] 
Type domain.Traveler is not enhanced.

[2025-05-05 15:52:31 #24 type.registry] 
New type domain.Alerta

[2025-05-05 15:52:31 #25 type] 
Type domain.Alerta is not enhanced.

[2025-05-05 15:52:31 #26 type.registry] 
New type domain.AlertaEgoera

[2025-05-05 15:52:31 #27 type.registry] 
New type java.util.Vector<java.lang.Object>

[2025-05-05 15:52:31 #28 type.registry] 
New type java.util.Vector<domain.Mugimendua>

[2025-05-05 15:52:31 #29 type.registry] 
New type java.util.Vector<domain.Balorazioa>

[2025-05-05 15:52:31 #30 type.registry] 
New type java.util.Vector<domain.Erreklamazioa>

[2025-05-05 15:52:31 #31 type.registry] 
New type java.util.Vector<domain.Ride>

[2025-05-05 15:52:31 #32 type.registry] 
New type java.util.Vector<domain.Car>

[2025-05-05 15:52:31 #33 type.registry] 
New type java.util.Vector<domain.Erreserba>

[2025-05-05 15:52:31 #34 type.registry] 
New type java.util.Vector<domain.Alerta>

[2025-05-05 15:52:31 #35 type.registry] 
New type java.util.Vector<java.lang.String>

------------------------------------------------------------------------------------------------------------------------

[2025-05-05 15:56:33 #1 store] 
Database 'C:\Users\egoit\git\Rides25\src\main\resources\rides.temp' is opened by 9564@LAPTOP-2PN1U6VU

[2025-05-05 15:56:33 #2 type.registry] 
New type domain.User

[2025-05-05 15:56:33 #3 type.registry] 
New type domain.Driver

[2025-05-05 15:56:33 #4 type] 
Type domain.User is not enhanced.

[2025-05-05 15:56:33 #5 type.registry] 
New type domain.Erreklamazioa

[2025-05-05 15:56:33 #6 type.registry] 
New type domain.Balorazioa

[2025-05-05 15:56:33 #7 type.registry] 
New type domain.Mugimendua

[2025-05-05 15:56:33 #8 type] 
Type domain.Driver is not enhanced.

[2025-05-05 15:56:33 #9 type.registry] 
New type domain.Car

[2025-05-05 15:56:33 #10 type.registry] 
New type domain.Ride

[2025-05-05 15:56:33 #11 type] 
Type domain.Erreklamazioa is not enhanced.

[2025-05-05 15:56:33 #12 type.registry] 
New type domain.ErreklamazioaEgoera

[2025-05-05 15:56:33 #13 type] 
Type domain.Balorazioa is not enhanced.

[2025-05-05 15:56:33 #14 type.registry] 
New type domain.Erreserba

[2025-05-05 15:56:33 #15 type] 
Type domain.Mugimendua is not enhanced.

[2025-05-05 15:56:33 #16 type.registry] 
New type domain.MugimenduMota

[2025-05-05 15:56:33 #17 type] 
Type domain.Car is not enhanced.

[2025-05-05 15:56:33 #18 type] 
Type domain.Ride is not enhanced.

[2025-05-05 15:56:33 #19 type.registry] 
New type domain.RideEgoera

[2025-05-05 15:56:33 #20 type] 
Type domain.Erreserba is not enhanced.

[2025-05-05 15:56:33 #21 type.registry] 
New type domain.Traveler

[2025-05-05 15:56:33 #22 type.registry] 
New type domain.ErreserbaEgoera

[2025-05-05 15:56:33 #23 type] 
Type domain.Traveler is not enhanced.

[2025-05-05 15:56:33 #24 type.registry] 
New type domain.Alerta

[2025-05-05 15:56:33 #25 type] 
Type domain.Alerta is not enhanced.

[2025-05-05 15:56:33 #26 type.registry] 
New type domain.AlertaEgoera

[2025-05-05 15:56:33 #27 type.registry] 
New type domain.City

[2025-05-05 15:56:33 #28 type] 
Type domain.City is not enhanced.

------------------------------------------------------------------------------------------------------------------------

[2025-05-05 16:00:36 #1 store] 
Database 'C:\Users\egoit\git\Rides25\src\main\resources\rides.temp' is opened by 8256@LAPTOP-2PN1U6VU

[2025-05-05 16:00:36 #2 type.registry] 
New type domain.User

[2025-05-05 16:00:36 #3 type.registry] 
New type domain.Driver

[2025-05-05 16:00:36 #4 type] 
Type domain.User is not enhanced.

[2025-05-05 16:00:36 #5 type.registry] 
New type domain.Erreklamazioa

[2025-05-05 16:00:36 #6 type.registry] 
New type domain.Balorazioa

[2025-05-05 16:00:36 #7 type.registry] 
New type domain.Mugimendua

[2025-05-05 16:00:36 #8 type] 
Type domain.Driver is not enhanced.

[2025-05-05 16:00:36 #9 type.registry] 
New type domain.Car

[2025-05-05 16:00:36 #10 type.registry] 
New type domain.Ride

[2025-05-05 16:00:36 #11 type] 
Type domain.Erreklamazioa is not enhanced.

[2025-05-05 16:00:36 #12 type.registry] 
New type domain.ErreklamazioaEgoera

[2025-05-05 16:00:36 #13 type] 
Type domain.Balorazioa is not enhanced.

[2025-05-05 16:00:36 #14 type.registry] 
New type domain.Erreserba

[2025-05-05 16:00:36 #15 type] 
Type domain.Mugimendua is not enhanced.

[2025-05-05 16:00:36 #16 type.registry] 
New type domain.MugimenduMota

[2025-05-05 16:00:36 #17 type] 
Type domain.Car is not enhanced.

[2025-05-05 16:00:36 #18 type] 
Type domain.Ride is not enhanced.

[2025-05-05 16:00:36 #19 type.registry] 
New type domain.RideEgoera

[2025-05-05 16:00:36 #20 type] 
Type domain.Erreserba is not enhanced.

[2025-05-05 16:00:36 #21 type.registry] 
New type domain.Traveler

[2025-05-05 16:00:36 #22 type.registry] 
New type domain.ErreserbaEgoera

[2025-05-05 16:00:36 #23 type] 
Type domain.Traveler is not enhanced.

[2025-05-05 16:00:36 #24 type.registry] 
New type domain.Alerta

[2025-05-05 16:00:36 #25 type] 
Type domain.Alerta is not enhanced.

[2025-05-05 16:00:36 #26 type.registry] 
New type domain.AlertaEgoera

[2025-05-05 16:00:36 #27 type.registry] 
New type domain.City

[2025-05-05 16:00:36 #28 type] 
Type domain.City is not enhanced.

------------------------------------------------------------------------------------------------------------------------

[2025-05-05 16:04:13 #1 store] 
Database 'C:\Users\egoit\git\Rides25\src\main\resources\rides.temp' is opened by 8252@LAPTOP-2PN1U6VU

[2025-05-05 16:04:13 #2 type.registry] 
New type domain.User

[2025-05-05 16:04:13 #3 type.registry] 
New type domain.Driver

[2025-05-05 16:04:13 #4 type] 
Type domain.User is not enhanced.

[2025-05-05 16:04:13 #5 type.registry] 
New type domain.Erreklamazioa

[2025-05-05 16:04:13 #6 type.registry] 
New type domain.Balorazioa

[2025-05-05 16:04:13 #7 type.registry] 
New type domain.Mugimendua

[2025-05-05 16:04:13 #8 type] 
Type domain.Driver is not enhanced.

[2025-05-05 16:04:13 #9 type.registry] 
New type domain.Car

[2025-05-05 16:04:13 #10 type.registry] 
New type domain.Ride

[2025-05-05 16:04:13 #11 type] 
Type domain.Erreklamazioa is not enhanced.

[2025-05-05 16:04:13 #12 type.registry] 
New type domain.ErreklamazioaEgoera

[2025-05-05 16:04:13 #13 type] 
Type domain.Balorazioa is not enhanced.

[2025-05-05 16:04:13 #14 type.registry] 
New type domain.Erreserba

[2025-05-05 16:04:13 #15 type] 
Type domain.Mugimendua is not enhanced.

[2025-05-05 16:04:13 #16 type.registry] 
New type domain.MugimenduMota

[2025-05-05 16:04:13 #17 type] 
Type domain.Car is not enhanced.

[2025-05-05 16:04:13 #18 type] 
Type domain.Ride is not enhanced.

[2025-05-05 16:04:13 #19 type.registry] 
New type domain.RideEgoera

[2025-05-05 16:04:13 #20 type] 
Type domain.Erreserba is not enhanced.

[2025-05-05 16:04:13 #21 type.registry] 
New type domain.Traveler

[2025-05-05 16:04:13 #22 type.registry] 
New type domain.ErreserbaEgoera

[2025-05-05 16:04:13 #23 type] 
Type domain.Traveler is not enhanced.

[2025-05-05 16:04:13 #24 type.registry] 
New type domain.Alerta

[2025-05-05 16:04:13 #25 type] 
Type domain.Alerta is not enhanced.

[2025-05-05 16:04:13 #26 type.registry] 
New type domain.AlertaEgoera

[2025-05-05 16:04:13 #27 type.registry] 
New type domain.City

[2025-05-05 16:04:13 #28 type] 
Type domain.City is not enhanced.

------------------------------------------------------------------------------------------------------------------------

[2025-05-05 16:04:57 #1 store] 
Database 'C:\Users\egoit\git\Rides25\src\main\resources\rides.temp' is opened by 16404@LAPTOP-2PN1U6VU

[2025-05-05 16:04:57 #2 type.registry] 
New type domain.User

[2025-05-05 16:04:57 #3 type.registry] 
New type domain.Driver

[2025-05-05 16:04:58 #4 type] 
Type domain.User is not enhanced.

[2025-05-05 16:04:58 #5 type.registry] 
New type domain.Erreklamazioa

[2025-05-05 16:04:58 #6 type.registry] 
New type domain.Balorazioa

[2025-05-05 16:04:58 #7 type.registry] 
New type domain.Mugimendua

[2025-05-05 16:04:58 #8 type] 
Type domain.Driver is not enhanced.

[2025-05-05 16:04:58 #9 type.registry] 
New type domain.Car

[2025-05-05 16:04:58 #10 type.registry] 
New type domain.Ride

[2025-05-05 16:04:58 #11 type] 
Type domain.Erreklamazioa is not enhanced.

[2025-05-05 16:04:58 #12 type.registry] 
New type domain.ErreklamazioaEgoera

[2025-05-05 16:04:58 #13 type] 
Type domain.Balorazioa is not enhanced.

[2025-05-05 16:04:58 #14 type.registry] 
New type domain.Erreserba

[2025-05-05 16:04:58 #15 type] 
Type domain.Mugimendua is not enhanced.

[2025-05-05 16:04:58 #16 type.registry] 
New type domain.MugimenduMota

[2025-05-05 16:04:58 #17 type] 
Type domain.Car is not enhanced.

[2025-05-05 16:04:58 #18 type] 
Type domain.Ride is not enhanced.

[2025-05-05 16:04:58 #19 type.registry] 
New type domain.RideEgoera

[2025-05-05 16:04:58 #20 type] 
Type domain.Erreserba is not enhanced.

[2025-05-05 16:04:58 #21 type.registry] 
New type domain.Traveler

[2025-05-05 16:04:58 #22 type.registry] 
New type domain.ErreserbaEgoera

[2025-05-05 16:04:58 #23 type] 
Type domain.Traveler is not enhanced.

[2025-05-05 16:04:58 #24 type.registry] 
New type domain.Alerta

[2025-05-05 16:04:58 #25 type] 
Type domain.Alerta is not enhanced.

[2025-05-05 16:04:58 #26 type.registry] 
New type domain.AlertaEgoera

[2025-05-05 16:04:58 #27 type.registry] 
New type domain.City

[2025-05-05 16:04:58 #28 type] 
Type domain.City is not enhanced.

------------------------------------------------------------------------------------------------------------------------

[2025-05-05 16:05:40 #1 store] 
Database 'C:\Users\egoit\git\Rides25\src\main\resources\rides.temp' is opened by 8012@LAPTOP-2PN1U6VU

[2025-05-05 16:05:41 #2 type.registry] 
New type domain.User

[2025-05-05 16:05:41 #3 type.registry] 
New type domain.Driver

[2025-05-05 16:05:41 #4 type] 
Type domain.User is not enhanced.

[2025-05-05 16:05:41 #5 type.registry] 
New type domain.Erreklamazioa

[2025-05-05 16:05:41 #6 type.registry] 
New type domain.Balorazioa

[2025-05-05 16:05:41 #7 type.registry] 
New type domain.Mugimendua

[2025-05-05 16:05:41 #8 type] 
Type domain.Driver is not enhanced.

[2025-05-05 16:05:41 #9 type.registry] 
New type domain.Car

[2025-05-05 16:05:41 #10 type.registry] 
New type domain.Ride

[2025-05-05 16:05:41 #11 type] 
Type domain.Erreklamazioa is not enhanced.

[2025-05-05 16:05:41 #12 type.registry] 
New type domain.ErreklamazioaEgoera

[2025-05-05 16:05:41 #13 type] 
Type domain.Balorazioa is not enhanced.

[2025-05-05 16:05:41 #14 type.registry] 
New type domain.Erreserba

[2025-05-05 16:05:41 #15 type] 
Type domain.Mugimendua is not enhanced.

[2025-05-05 16:05:41 #16 type.registry] 
New type domain.MugimenduMota

[2025-05-05 16:05:41 #17 type] 
Type domain.Car is not enhanced.

[2025-05-05 16:05:41 #18 type] 
Type domain.Ride is not enhanced.

[2025-05-05 16:05:41 #19 type.registry] 
New type domain.RideEgoera

[2025-05-05 16:05:41 #20 type] 
Type domain.Erreserba is not enhanced.

[2025-05-05 16:05:41 #21 type.registry] 
New type domain.Traveler

[2025-05-05 16:05:41 #22 type.registry] 
New type domain.ErreserbaEgoera

[2025-05-05 16:05:41 #23 type] 
Type domain.Traveler is not enhanced.

[2025-05-05 16:05:41 #24 type.registry] 
New type domain.Alerta

[2025-05-05 16:05:41 #25 type] 
Type domain.Alerta is not enhanced.

[2025-05-05 16:05:41 #26 type.registry] 
New type domain.AlertaEgoera

[2025-05-05 16:05:41 #27 type.registry] 
New type domain.City

[2025-05-05 16:05:41 #28 type] 
Type domain.City is not enhanced.

------------------------------------------------------------------------------------------------------------------------

[2025-05-05 16:06:19 #1 store] 
Database 'C:\Users\egoit\git\Rides25\src\main\resources\rides.temp' is opened by 16504@LAPTOP-2PN1U6VU

[2025-05-05 16:06:20 #2 type.registry] 
New type domain.User

[2025-05-05 16:06:20 #3 type.registry] 
New type domain.Driver

[2025-05-05 16:06:20 #4 type] 
Type domain.User is not enhanced.

[2025-05-05 16:06:20 #5 type.registry] 
New type domain.Erreklamazioa

[2025-05-05 16:06:20 #6 type.registry] 
New type domain.Balorazioa

[2025-05-05 16:06:20 #7 type.registry] 
New type domain.Mugimendua

[2025-05-05 16:06:20 #8 type] 
Type domain.Driver is not enhanced.

[2025-05-05 16:06:20 #9 type.registry] 
New type domain.Car

[2025-05-05 16:06:20 #10 type.registry] 
New type domain.Ride

[2025-05-05 16:06:20 #11 type] 
Type domain.Erreklamazioa is not enhanced.

[2025-05-05 16:06:20 #12 type.registry] 
New type domain.ErreklamazioaEgoera

[2025-05-05 16:06:20 #13 type] 
Type domain.Balorazioa is not enhanced.

[2025-05-05 16:06:20 #14 type.registry] 
New type domain.Erreserba

[2025-05-05 16:06:20 #15 type] 
Type domain.Mugimendua is not enhanced.

[2025-05-05 16:06:20 #16 type.registry] 
New type domain.MugimenduMota

[2025-05-05 16:06:20 #17 type] 
Type domain.Car is not enhanced.

[2025-05-05 16:06:20 #18 type] 
Type domain.Ride is not enhanced.

[2025-05-05 16:06:20 #19 type.registry] 
New type domain.RideEgoera

[2025-05-05 16:06:20 #20 type] 
Type domain.Erreserba is not enhanced.

[2025-05-05 16:06:20 #21 type.registry] 
New type domain.Traveler

[2025-05-05 16:06:20 #22 type.registry] 
New type domain.ErreserbaEgoera

[2025-05-05 16:06:20 #23 type] 
Type domain.Traveler is not enhanced.

[2025-05-05 16:06:20 #24 type.registry] 
New type domain.Alerta

[2025-05-05 16:06:20 #25 type] 
Type domain.Alerta is not enhanced.

[2025-05-05 16:06:20 #26 type.registry] 
New type domain.AlertaEgoera

[2025-05-05 16:06:20 #27 type.registry] 
New type domain.City

[2025-05-05 16:06:20 #28 type] 
Type domain.City is not enhanced.

------------------------------------------------------------------------------------------------------------------------

[2025-05-05 16:10:17 #1 store] 
Database 'C:\Users\egoit\git\Rides25\src\main\resources\rides.temp' is opened by 5340@LAPTOP-2PN1U6VU

[2025-05-05 16:10:17 #2 type.registry] 
New type domain.User

[2025-05-05 16:10:17 #3 type.registry] 
New type domain.Driver

[2025-05-05 16:10:17 #4 type] 
Type domain.User is not enhanced.

[2025-05-05 16:10:17 #5 type.registry] 
New type domain.Erreklamazioa

[2025-05-05 16:10:17 #6 type.registry] 
New type domain.Balorazioa

[2025-05-05 16:10:17 #7 type.registry] 
New type domain.Mugimendua

[2025-05-05 16:10:17 #8 type] 
Type domain.Driver is not enhanced.

[2025-05-05 16:10:17 #9 type.registry] 
New type domain.Car

[2025-05-05 16:10:17 #10 type.registry] 
New type domain.Ride

[2025-05-05 16:10:17 #11 type] 
Type domain.Erreklamazioa is not enhanced.

[2025-05-05 16:10:17 #12 type.registry] 
New type domain.ErreklamazioaEgoera

[2025-05-05 16:10:17 #13 type] 
Type domain.Balorazioa is not enhanced.

[2025-05-05 16:10:17 #14 type.registry] 
New type domain.Erreserba

[2025-05-05 16:10:17 #15 type] 
Type domain.Mugimendua is not enhanced.

[2025-05-05 16:10:17 #16 type.registry] 
New type domain.MugimenduMota

[2025-05-05 16:10:17 #17 type] 
Type domain.Car is not enhanced.

[2025-05-05 16:10:17 #18 type] 
Type domain.Ride is not enhanced.

[2025-05-05 16:10:17 #19 type.registry] 
New type domain.RideEgoera

[2025-05-05 16:10:17 #20 type] 
Type domain.Erreserba is not enhanced.

[2025-05-05 16:10:17 #21 type.registry] 
New type domain.Traveler

[2025-05-05 16:10:17 #22 type.registry] 
New type domain.ErreserbaEgoera

[2025-05-05 16:10:17 #23 type] 
Type domain.Traveler is not enhanced.

[2025-05-05 16:10:17 #24 type.registry] 
New type domain.Alerta

[2025-05-05 16:10:17 #25 type] 
Type domain.Alerta is not enhanced.

[2025-05-05 16:10:17 #26 type.registry] 
New type domain.AlertaEgoera

[2025-05-05 16:10:17 #27 type.registry] 
New type domain.City

[2025-05-05 16:10:17 #28 type] 
Type domain.City is not enhanced.

[2025-05-05 16:10:17 #29 type.registry] 
New type java.util.Vector<java.lang.Object>

[2025-05-05 16:10:17 #30 type.registry] 
New type java.util.Vector<domain.Mugimendua>

[2025-05-05 16:10:17 #31 type.registry] 
New type java.util.Vector<domain.Balorazioa>

[2025-05-05 16:10:17 #32 type.registry] 
New type java.util.Vector<domain.Erreklamazioa>

[2025-05-05 16:10:17 #33 type.registry] 
New type java.util.Vector<domain.Ride>

[2025-05-05 16:10:17 #34 type.registry] 
New type java.util.Vector<domain.Car>

[2025-05-05 16:10:17 #35 type.registry] 
New type java.util.Vector<domain.Erreserba>

[2025-05-05 16:10:17 #36 type.registry] 
New type java.util.Vector<domain.Alerta>

[2025-05-05 16:10:17 #37 type.registry] 
New type java.util.Vector<java.lang.String>

------------------------------------------------------------------------------------------------------------------------

[2025-05-05 16:20:09 #1 store] 
Database 'C:\Users\egoit\git\Rides25\src\main\resources\rides.temp' is opened by 2176@LAPTOP-2PN1U6VU

[2025-05-05 16:20:10 #2 type.registry] 
New type domain.User

[2025-05-05 16:20:10 #3 type.registry] 
New type domain.Driver

[2025-05-05 16:20:10 #4 type] 
Type domain.User is not enhanced.

[2025-05-05 16:20:10 #5 type.registry] 
New type domain.Erreklamazioa

[2025-05-05 16:20:10 #6 type.registry] 
New type domain.Balorazioa

[2025-05-05 16:20:10 #7 type.registry] 
New type domain.Mugimendua

[2025-05-05 16:20:10 #8 type] 
Type domain.Driver is not enhanced.

[2025-05-05 16:20:10 #9 type.registry] 
New type domain.Car

[2025-05-05 16:20:10 #10 type.registry] 
New type domain.Ride

[2025-05-05 16:20:10 #11 type] 
Type domain.Erreklamazioa is not enhanced.

[2025-05-05 16:20:10 #12 type.registry] 
New type domain.ErreklamazioaEgoera

[2025-05-05 16:20:10 #13 type] 
Type domain.Balorazioa is not enhanced.

[2025-05-05 16:20:10 #14 type.registry] 
New type domain.Erreserba

[2025-05-05 16:20:10 #15 type] 
Type domain.Mugimendua is not enhanced.

[2025-05-05 16:20:10 #16 type.registry] 
New type domain.MugimenduMota

[2025-05-05 16:20:10 #17 type] 
Type domain.Car is not enhanced.

[2025-05-05 16:20:10 #18 type] 
Type domain.Ride is not enhanced.

[2025-05-05 16:20:10 #19 type.registry] 
New type domain.RideEgoera

[2025-05-05 16:20:10 #20 type] 
Type domain.Erreserba is not enhanced.

[2025-05-05 16:20:10 #21 type.registry] 
New type domain.Traveler

[2025-05-05 16:20:10 #22 type.registry] 
New type domain.ErreserbaEgoera

[2025-05-05 16:20:10 #23 type] 
Type domain.Traveler is not enhanced.

[2025-05-05 16:20:10 #24 type.registry] 
New type domain.Alerta

[2025-05-05 16:20:10 #25 type] 
Type domain.Alerta is not enhanced.

[2025-05-05 16:20:10 #26 type.registry] 
New type domain.AlertaEgoera

[2025-05-05 16:20:10 #27 type.registry] 
New type domain.City

[2025-05-05 16:20:10 #28 type] 
Type domain.City is not enhanced.

[2025-05-05 16:20:10 #29 type.registry] 
New type java.util.Vector<java.lang.Object>

[2025-05-05 16:20:10 #30 type.registry] 
New type java.util.Vector<domain.Mugimendua>

[2025-05-05 16:20:10 #31 type.registry] 
New type java.util.Vector<domain.Balorazioa>

[2025-05-05 16:20:10 #32 type.registry] 
New type java.util.Vector<domain.Erreklamazioa>

[2025-05-05 16:20:10 #33 type.registry] 
New type java.util.Vector<domain.Ride>

[2025-05-05 16:20:10 #34 type.registry] 
New type java.util.Vector<domain.Car>

[2025-05-05 16:20:10 #35 type.registry] 
New type java.util.Vector<domain.Erreserba>

[2025-05-05 16:20:10 #36 type.registry] 
New type java.util.Vector<domain.Alerta>

[2025-05-05 16:20:10 #37 type.registry] 
New type java.util.Vector<java.lang.String>

