------------------------------------------------------------------------------------------------------------------------

[2025-09-27 15:46:51 #1 store] 
Database 'C:\Users\egoit\EHU\SI2\workspace\Rides25\src\main\resources\rides.temp' is opened by 5212@LAPTOP-2PN1U6VU

------------------------------------------------------------------------------------------------------------------------

[2025-09-27 15:47:03 #1 store] 
Database 'C:\Users\egoit\EHU\SI2\workspace\Rides25\src\main\resources\rides.temp' is opened by 16000@LAPTOP-2PN1U6VU

[2025-09-27 15:47:04 #2 type.registry] 
New type domain.User

[2025-09-27 15:47:04 #3 type.registry] 
New type domain.Driver

[2025-09-27 15:47:04 #4 type] 
Type domain.User is not enhanced.

[2025-09-27 15:47:04 #5 type.registry] 
New type domain.Erreklamazioa

[2025-09-27 15:47:04 #6 type.registry] 
New type domain.Balorazioa

[2025-09-27 15:47:04 #7 type.registry] 
New type domain.Mugimendua

[2025-09-27 15:47:04 #8 type] 
Type domain.Driver is not enhanced.

[2025-09-27 15:47:04 #9 type.registry] 
New type domain.Car

[2025-09-27 15:47:04 #10 type.registry] 
New type domain.Ride

[2025-09-27 15:47:04 #11 type] 
Type domain.Erreklamazioa is not enhanced.

[2025-09-27 15:47:04 #12 type.registry] 
New type domain.Mezua

[2025-09-27 15:47:04 #13 type.registry] 
New type domain.ErreklamazioaEgoera

[2025-09-27 15:47:04 #14 type] 
Type domain.Balorazioa is not enhanced.

[2025-09-27 15:47:04 #15 type.registry] 
New type domain.Erreserba

[2025-09-27 15:47:04 #16 type] 
Type domain.Mugimendua is not enhanced.

[2025-09-27 15:47:04 #17 type.registry] 
New type domain.MugimenduMota

[2025-09-27 15:47:04 #18 type] 
Type domain.Car is not enhanced.

[2025-09-27 15:47:04 #19 type] 
Type domain.Ride is not enhanced.

[2025-09-27 15:47:04 #20 type.registry] 
New type domain.Geldialdia

[2025-09-27 15:47:04 #21 type.registry] 
New type domain.RideEgoera

[2025-09-27 15:47:04 #22 type] 
Type domain.Mezua is not enhanced.

[2025-09-27 15:47:04 #23 type] 
Type domain.Erreserba is not enhanced.

[2025-09-27 15:47:04 #24 type.registry] 
New type domain.Traveler

[2025-09-27 15:47:04 #25 type.registry] 
New type domain.ErreserbaEgoera

[2025-09-27 15:47:04 #26 type] 
Type domain.Geldialdia is not enhanced.

[2025-09-27 15:47:04 #27 type] 
Type domain.Traveler is not enhanced.

[2025-09-27 15:47:04 #28 type.registry] 
New type domain.Alerta

[2025-09-27 15:47:04 #29 type] 
Type domain.Alerta is not enhanced.

[2025-09-27 15:47:04 #30 type.registry] 
New type domain.AlertaEgoera

[2025-09-27 15:47:04 #31 type.registry] 
New type java.util.Vector<java.lang.Object>

[2025-09-27 15:47:04 #32 type.registry] 
New type java.util.LinkedList<java.lang.Object>

[2025-09-27 15:47:04 #33 type.registry] 
New type java.util.Vector<domain.Mugimendua>

[2025-09-27 15:47:04 #34 type.registry] 
New type java.util.Vector<domain.Balorazioa>

[2025-09-27 15:47:04 #35 type.registry] 
New type java.util.Vector<domain.Erreklamazioa>

[2025-09-27 15:47:04 #36 type.registry] 
New type java.util.Vector<domain.Ride>

[2025-09-27 15:47:04 #37 type.registry] 
New type java.util.Vector<domain.Car>

[2025-09-27 15:47:04 #38 type.registry] 
New type java.util.Vector<domain.Erreserba>

[2025-09-27 15:47:04 #39 type.registry] 
New type java.util.Vector<domain.Alerta>

[2025-09-27 15:47:04 #40 type.registry] 
New type java.util.LinkedList<domain.Ride>

[2025-09-27 15:47:04 #41 type.registry] 
New type java.util.LinkedList<domain.Geldialdia>

------------------------------------------------------------------------------------------------------------------------

[2025-09-27 15:47:37 #1 store] 
Database 'C:\Users\egoit\EHU\SI2\workspace\Rides25\src\main\resources\rides.temp' is opened by 15344@LAPTOP-2PN1U6VU

[2025-09-27 15:47:37 #2 type] 
Type domain.User is not enhanced.

[2025-09-27 15:47:37 #3 type] 
Type domain.Driver is not enhanced.

[2025-09-27 15:47:37 #4 type] 
Type domain.Erreklamazioa is not enhanced.

[2025-09-27 15:47:37 #5 type] 
Type domain.Balorazioa is not enhanced.

[2025-09-27 15:47:37 #6 type] 
Type domain.Mugimendua is not enhanced.

[2025-09-27 15:47:37 #7 type] 
Type domain.Car is not enhanced.

[2025-09-27 15:47:37 #8 type] 
Type domain.Ride is not enhanced.

[2025-09-27 15:47:37 #9 type] 
Type domain.Mezua is not enhanced.

[2025-09-27 15:47:37 #10 type] 
Type domain.Erreserba is not enhanced.

[2025-09-27 15:47:37 #11 type] 
Type domain.Geldialdia is not enhanced.

[2025-09-27 15:47:37 #12 type] 
Type domain.Traveler is not enhanced.

[2025-09-27 15:47:37 #13 type] 
Type domain.Alerta is not enhanced.

[2025-09-27 15:47:37 #14 type.registry] 
New type java.util.ArrayList<java.lang.Object>

------------------------------------------------------------------------------------------------------------------------

[2025-09-27 15:47:42 #1 store] 
Database 'C:\Users\egoit\EHU\SI2\workspace\Rides25\src\main\resources\rides.temp' has been recovered (tr. 16-46)

[2025-09-27 15:47:42 #2 store] 
Database 'C:\Users\egoit\EHU\SI2\workspace\Rides25\src\main\resources\rides.temp' is opened by 21468@LAPTOP-2PN1U6VU

[2025-09-27 15:47:43 #3 type] 
Type domain.User is not enhanced.

[2025-09-27 15:47:43 #4 type] 
Type domain.Driver is not enhanced.

[2025-09-27 15:47:43 #5 type] 
Type domain.Erreklamazioa is not enhanced.

[2025-09-27 15:47:43 #6 type] 
Type domain.Balorazioa is not enhanced.

[2025-09-27 15:47:43 #7 type] 
Type domain.Mugimendua is not enhanced.

[2025-09-27 15:47:43 #8 type] 
Type domain.Car is not enhanced.

[2025-09-27 15:47:43 #9 type] 
Type domain.Ride is not enhanced.

[2025-09-27 15:47:43 #10 type] 
Type domain.Mezua is not enhanced.

[2025-09-27 15:47:43 #11 type] 
Type domain.Erreserba is not enhanced.

[2025-09-27 15:47:43 #12 type] 
Type domain.Geldialdia is not enhanced.

[2025-09-27 15:47:43 #13 type] 
Type domain.Traveler is not enhanced.

[2025-09-27 15:47:43 #14 type] 
Type domain.Alerta is not enhanced.

------------------------------------------------------------------------------------------------------------------------

[2025-09-27 15:49:53 #1 store] 
Database 'C:\Users\egoit\EHU\SI2\workspace\Rides25\src\main\resources\rides.temp' is opened by 7228@LAPTOP-2PN1U6VU

------------------------------------------------------------------------------------------------------------------------

[2025-09-27 15:50:23 #1 store] 
Database 'C:\Users\egoit\EHU\SI2\workspace\Rides25\src\main\resources\rides.temp' is opened by 17992@LAPTOP-2PN1U6VU

[2025-09-27 15:50:24 #2 type.registry] 
New type domain.User

[2025-09-27 15:50:24 #3 type.registry] 
New type domain.Driver

[2025-09-27 15:50:24 #4 type] 
Type domain.User is not enhanced.

[2025-09-27 15:50:24 #5 type.registry] 
New type domain.Erreklamazioa

[2025-09-27 15:50:24 #6 type.registry] 
New type domain.Balorazioa

[2025-09-27 15:50:24 #7 type.registry] 
New type domain.Mugimendua

[2025-09-27 15:50:24 #8 type] 
Type domain.Driver is not enhanced.

[2025-09-27 15:50:24 #9 type.registry] 
New type domain.Car

[2025-09-27 15:50:24 #10 type.registry] 
New type domain.Ride

[2025-09-27 15:50:24 #11 type] 
Type domain.Erreklamazioa is not enhanced.

[2025-09-27 15:50:24 #12 type.registry] 
New type domain.Mezua

[2025-09-27 15:50:24 #13 type.registry] 
New type domain.ErreklamazioaEgoera

[2025-09-27 15:50:24 #14 type] 
Type domain.Balorazioa is not enhanced.

[2025-09-27 15:50:24 #15 type.registry] 
New type domain.Erreserba

[2025-09-27 15:50:24 #16 type] 
Type domain.Mugimendua is not enhanced.

[2025-09-27 15:50:24 #17 type.registry] 
New type domain.MugimenduMota

[2025-09-27 15:50:24 #18 type] 
Type domain.Car is not enhanced.

[2025-09-27 15:50:24 #19 type] 
Type domain.Ride is not enhanced.

[2025-09-27 15:50:24 #20 type.registry] 
New type domain.Geldialdia

[2025-09-27 15:50:24 #21 type.registry] 
New type domain.RideEgoera

[2025-09-27 15:50:24 #22 type] 
Type domain.Mezua is not enhanced.

[2025-09-27 15:50:24 #23 type] 
Type domain.Erreserba is not enhanced.

[2025-09-27 15:50:24 #24 type.registry] 
New type domain.Traveler

[2025-09-27 15:50:24 #25 type.registry] 
New type domain.ErreserbaEgoera

[2025-09-27 15:50:24 #26 type] 
Type domain.Geldialdia is not enhanced.

[2025-09-27 15:50:24 #27 type] 
Type domain.Traveler is not enhanced.

[2025-09-27 15:50:24 #28 type.registry] 
New type domain.Alerta

[2025-09-27 15:50:24 #29 type] 
Type domain.Alerta is not enhanced.

[2025-09-27 15:50:24 #30 type.registry] 
New type domain.AlertaEgoera

[2025-09-27 15:50:24 #31 type.registry] 
New type java.util.Vector<java.lang.Object>

[2025-09-27 15:50:24 #32 type.registry] 
New type java.util.LinkedList<java.lang.Object>

[2025-09-27 15:50:24 #33 type.registry] 
New type java.util.Vector<domain.Mugimendua>

[2025-09-27 15:50:24 #34 type.registry] 
New type java.util.Vector<domain.Balorazioa>

[2025-09-27 15:50:24 #35 type.registry] 
New type java.util.Vector<domain.Erreklamazioa>

[2025-09-27 15:50:24 #36 type.registry] 
New type java.util.Vector<domain.Ride>

[2025-09-27 15:50:24 #37 type.registry] 
New type java.util.Vector<domain.Car>

[2025-09-27 15:50:24 #38 type.registry] 
New type java.util.Vector<domain.Erreserba>

[2025-09-27 15:50:24 #39 type.registry] 
New type java.util.Vector<domain.Alerta>

[2025-09-27 15:50:24 #40 type.registry] 
New type java.util.LinkedList<domain.Ride>

[2025-09-27 15:50:24 #41 type.registry] 
New type java.util.LinkedList<domain.Geldialdia>

------------------------------------------------------------------------------------------------------------------------

[2025-09-27 15:50:41 #1 store] 
Database 'C:\Users\egoit\EHU\SI2\workspace\Rides25\src\main\resources\rides.temp' is opened by 11156@LAPTOP-2PN1U6VU

[2025-09-27 15:50:41 #2 type] 
Type domain.User is not enhanced.

[2025-09-27 15:50:41 #3 type] 
Type domain.Driver is not enhanced.

[2025-09-27 15:50:41 #4 type] 
Type domain.Erreklamazioa is not enhanced.

[2025-09-27 15:50:41 #5 type] 
Type domain.Balorazioa is not enhanced.

[2025-09-27 15:50:41 #6 type] 
Type domain.Mugimendua is not enhanced.

[2025-09-27 15:50:41 #7 type] 
Type domain.Car is not enhanced.

[2025-09-27 15:50:41 #8 type] 
Type domain.Ride is not enhanced.

[2025-09-27 15:50:41 #9 type] 
Type domain.Mezua is not enhanced.

[2025-09-27 15:50:41 #10 type] 
Type domain.Erreserba is not enhanced.

[2025-09-27 15:50:41 #11 type] 
Type domain.Geldialdia is not enhanced.

[2025-09-27 15:50:41 #12 type] 
Type domain.Traveler is not enhanced.

[2025-09-27 15:50:41 #13 type] 
Type domain.Alerta is not enhanced.

[2025-09-27 15:50:42 #14 type.registry] 
New type java.util.ArrayList<java.lang.Object>

------------------------------------------------------------------------------------------------------------------------

[2025-09-27 15:52:26 #1 store] 
Database 'C:\Users\egoit\EHU\SI2\workspace\Rides25\src\main\resources\rides.temp' is opened by 14060@LAPTOP-2PN1U6VU

[2025-09-27 15:52:27 #2 type] 
Type domain.User is not enhanced.

[2025-09-27 15:52:27 #3 type] 
Type domain.Driver is not enhanced.

[2025-09-27 15:52:27 #4 type] 
Type domain.Erreklamazioa is not enhanced.

[2025-09-27 15:52:27 #5 type] 
Type domain.Balorazioa is not enhanced.

[2025-09-27 15:52:27 #6 type] 
Type domain.Mugimendua is not enhanced.

[2025-09-27 15:52:27 #7 type] 
Type domain.Car is not enhanced.

[2025-09-27 15:52:27 #8 type] 
Type domain.Ride is not enhanced.

[2025-09-27 15:52:27 #9 type] 
Type domain.Mezua is not enhanced.

[2025-09-27 15:52:27 #10 type] 
Type domain.Erreserba is not enhanced.

[2025-09-27 15:52:27 #11 type] 
Type domain.Geldialdia is not enhanced.

[2025-09-27 15:52:27 #12 type] 
Type domain.Traveler is not enhanced.

[2025-09-27 15:52:27 #13 type] 
Type domain.Alerta is not enhanced.

------------------------------------------------------------------------------------------------------------------------

[2025-09-27 15:53:31 #1 store] 
Database 'C:\Users\egoit\EHU\SI2\workspace\Rides25\src\main\resources\rides.temp' has been recovered (tr. 47-55)

[2025-09-27 15:53:31 #2 store] 
Database 'C:\Users\egoit\EHU\SI2\workspace\Rides25\src\main\resources\rides.temp' is opened by 21068@LAPTOP-2PN1U6VU

[2025-09-27 15:53:31 #3 type] 
Type domain.User is not enhanced.

[2025-09-27 15:53:31 #4 type] 
Type domain.Driver is not enhanced.

[2025-09-27 15:53:31 #5 type] 
Type domain.Erreklamazioa is not enhanced.

[2025-09-27 15:53:31 #6 type] 
Type domain.Balorazioa is not enhanced.

[2025-09-27 15:53:31 #7 type] 
Type domain.Mugimendua is not enhanced.

[2025-09-27 15:53:31 #8 type] 
Type domain.Car is not enhanced.

[2025-09-27 15:53:31 #9 type] 
Type domain.Ride is not enhanced.

[2025-09-27 15:53:31 #10 type] 
Type domain.Mezua is not enhanced.

[2025-09-27 15:53:31 #11 type] 
Type domain.Erreserba is not enhanced.

[2025-09-27 15:53:31 #12 type] 
Type domain.Geldialdia is not enhanced.

[2025-09-27 15:53:31 #13 type] 
Type domain.Traveler is not enhanced.

[2025-09-27 15:53:31 #14 type] 
Type domain.Alerta is not enhanced.

------------------------------------------------------------------------------------------------------------------------

[2025-09-27 15:55:44 #1 store] 
Database 'C:\Users\egoit\EHU\SI2\workspace\Rides25\src\main\resources\rides.temp' has been recovered (tr. 56-64)

[2025-09-27 15:55:44 #2 store] 
Database 'C:\Users\egoit\EHU\SI2\workspace\Rides25\src\main\resources\rides.temp' is opened by 17788@LAPTOP-2PN1U6VU

[2025-09-27 15:55:44 #3 type] 
Type domain.User is not enhanced.

[2025-09-27 15:55:44 #4 type] 
Type domain.Driver is not enhanced.

[2025-09-27 15:55:44 #5 type] 
Type domain.Erreklamazioa is not enhanced.

[2025-09-27 15:55:44 #6 type] 
Type domain.Balorazioa is not enhanced.

[2025-09-27 15:55:44 #7 type] 
Type domain.Mugimendua is not enhanced.

[2025-09-27 15:55:44 #8 type] 
Type domain.Car is not enhanced.

[2025-09-27 15:55:44 #9 type] 
Type domain.Ride is not enhanced.

[2025-09-27 15:55:44 #10 type] 
Type domain.Mezua is not enhanced.

[2025-09-27 15:55:44 #11 type] 
Type domain.Erreserba is not enhanced.

[2025-09-27 15:55:44 #12 type] 
Type domain.Geldialdia is not enhanced.

[2025-09-27 15:55:44 #13 type] 
Type domain.Traveler is not enhanced.

[2025-09-27 15:55:44 #14 type] 
Type domain.Alerta is not enhanced.

------------------------------------------------------------------------------------------------------------------------

[2025-09-27 15:57:54 #1 store] 
Database 'C:\Users\egoit\EHU\SI2\workspace\Rides25\src\main\resources\rides.temp' has been recovered (tr. 65-75)

[2025-09-27 15:57:54 #2 store] 
Database 'C:\Users\egoit\EHU\SI2\workspace\Rides25\src\main\resources\rides.temp' is opened by 17640@LAPTOP-2PN1U6VU

[2025-09-27 15:57:55 #3 type] 
Type domain.User is not enhanced.

[2025-09-27 15:57:55 #4 type] 
Type domain.Driver is not enhanced.

[2025-09-27 15:57:55 #5 type] 
Type domain.Erreklamazioa is not enhanced.

[2025-09-27 15:57:55 #6 type] 
Type domain.Balorazioa is not enhanced.

[2025-09-27 15:57:55 #7 type] 
Type domain.Mugimendua is not enhanced.

[2025-09-27 15:57:55 #8 type] 
Type domain.Car is not enhanced.

[2025-09-27 15:57:55 #9 type] 
Type domain.Ride is not enhanced.

[2025-09-27 15:57:55 #10 type] 
Type domain.Mezua is not enhanced.

[2025-09-27 15:57:55 #11 type] 
Type domain.Erreserba is not enhanced.

[2025-09-27 15:57:55 #12 type] 
Type domain.Geldialdia is not enhanced.

[2025-09-27 15:57:55 #13 type] 
Type domain.Traveler is not enhanced.

[2025-09-27 15:57:55 #14 type] 
Type domain.Alerta is not enhanced.

------------------------------------------------------------------------------------------------------------------------

[2025-09-27 15:59:12 #1 store] 
Database 'C:\Users\egoit\EHU\SI2\workspace\Rides25\src\main\resources\rides.temp' has been recovered (tr. 76-91)

[2025-09-27 15:59:12 #2 store] 
Database 'C:\Users\egoit\EHU\SI2\workspace\Rides25\src\main\resources\rides.temp' is opened by 17548@LAPTOP-2PN1U6VU

[2025-09-27 15:59:12 #3 type] 
Type domain.User is not enhanced.

[2025-09-27 15:59:12 #4 type] 
Type domain.Driver is not enhanced.

[2025-09-27 15:59:12 #5 type] 
Type domain.Erreklamazioa is not enhanced.

[2025-09-27 15:59:12 #6 type] 
Type domain.Balorazioa is not enhanced.

[2025-09-27 15:59:12 #7 type] 
Type domain.Mugimendua is not enhanced.

[2025-09-27 15:59:12 #8 type] 
Type domain.Car is not enhanced.

[2025-09-27 15:59:12 #9 type] 
Type domain.Ride is not enhanced.

[2025-09-27 15:59:12 #10 type] 
Type domain.Mezua is not enhanced.

[2025-09-27 15:59:12 #11 type] 
Type domain.Erreserba is not enhanced.

[2025-09-27 15:59:12 #12 type] 
Type domain.Geldialdia is not enhanced.

[2025-09-27 15:59:12 #13 type] 
Type domain.Traveler is not enhanced.

[2025-09-27 15:59:12 #14 type] 
Type domain.Alerta is not enhanced.

------------------------------------------------------------------------------------------------------------------------

[2025-09-27 16:11:30 #1 store] 
Database 'C:\Users\egoit\EHU\SI2\workspace\Rides25\src\main\resources\rides.temp' has been recovered (tr. 92-119)

[2025-09-27 16:11:30 #2 store] 
Database 'C:\Users\egoit\EHU\SI2\workspace\Rides25\src\main\resources\rides.temp' is opened by 20624@LAPTOP-2PN1U6VU

[2025-09-27 16:11:30 #3 type] 
Type domain.User is not enhanced.

[2025-09-27 16:11:30 #4 type] 
Type domain.Driver is not enhanced.

[2025-09-27 16:11:30 #5 type] 
Type domain.Erreklamazioa is not enhanced.

[2025-09-27 16:11:30 #6 type] 
Type domain.Balorazioa is not enhanced.

[2025-09-27 16:11:30 #7 type] 
Type domain.Mugimendua is not enhanced.

[2025-09-27 16:11:30 #8 type] 
Type domain.Car is not enhanced.

[2025-09-27 16:11:30 #9 type] 
Type domain.Ride is not enhanced.

[2025-09-27 16:11:30 #10 type] 
Type domain.Mezua is not enhanced.

[2025-09-27 16:11:30 #11 type] 
Type domain.Erreserba is not enhanced.

[2025-09-27 16:11:30 #12 type] 
Type domain.Geldialdia is not enhanced.

[2025-09-27 16:11:30 #13 type] 
Type domain.Traveler is not enhanced.

[2025-09-27 16:11:30 #14 type] 
Type domain.Alerta is not enhanced.

------------------------------------------------------------------------------------------------------------------------

[2025-09-27 16:12:48 #1 store] 
Database 'C:\Users\egoit\EHU\SI2\workspace\Rides25\src\main\resources\rides.temp' is opened by 17568@LAPTOP-2PN1U6VU

[2025-09-27 16:12:48 #2 type] 
Type domain.User is not enhanced.

[2025-09-27 16:12:48 #3 type] 
Type domain.Driver is not enhanced.

[2025-09-27 16:12:48 #4 type] 
Type domain.Erreklamazioa is not enhanced.

[2025-09-27 16:12:48 #5 type] 
Type domain.Balorazioa is not enhanced.

[2025-09-27 16:12:48 #6 type] 
Type domain.Mugimendua is not enhanced.

[2025-09-27 16:12:48 #7 type] 
Type domain.Car is not enhanced.

[2025-09-27 16:12:48 #8 type] 
Type domain.Ride is not enhanced.

[2025-09-27 16:12:48 #9 type] 
Type domain.Mezua is not enhanced.

[2025-09-27 16:12:48 #10 type] 
Type domain.Erreserba is not enhanced.

[2025-09-27 16:12:48 #11 type] 
Type domain.Geldialdia is not enhanced.

[2025-09-27 16:12:48 #12 type] 
Type domain.Traveler is not enhanced.

[2025-09-27 16:12:48 #13 type] 
Type domain.Alerta is not enhanced.

------------------------------------------------------------------------------------------------------------------------

[2025-09-27 16:16:57 #1 store] 
Database 'C:\Users\egoit\EHU\SI2\workspace\Rides25\src\main\resources\rides.temp' is opened by 21136@LAPTOP-2PN1U6VU

[2025-09-27 16:16:57 #2 type] 
Type domain.User is not enhanced.

[2025-09-27 16:16:57 #3 type] 
Type domain.Driver is not enhanced.

[2025-09-27 16:16:57 #4 type] 
Type domain.Erreklamazioa is not enhanced.

[2025-09-27 16:16:57 #5 type] 
Type domain.Balorazioa is not enhanced.

[2025-09-27 16:16:57 #6 type] 
Type domain.Mugimendua is not enhanced.

[2025-09-27 16:16:57 #7 type] 
Type domain.Car is not enhanced.

[2025-09-27 16:16:57 #8 type] 
Type domain.Ride is not enhanced.

[2025-09-27 16:16:57 #9 type] 
Type domain.Mezua is not enhanced.

[2025-09-27 16:16:57 #10 type] 
Type domain.Erreserba is not enhanced.

[2025-09-27 16:16:57 #11 type] 
Type domain.Geldialdia is not enhanced.

[2025-09-27 16:16:57 #12 type] 
Type domain.Traveler is not enhanced.

[2025-09-27 16:16:57 #13 type] 
Type domain.Alerta is not enhanced.

------------------------------------------------------------------------------------------------------------------------

[2025-09-27 16:17:04 #1 store] 
Database 'C:\Users\egoit\EHU\SI2\workspace\Rides25\src\main\resources\rides.temp' has been recovered (tr. 256-323)

[2025-09-27 16:17:04 #2 store] 
Database 'C:\Users\egoit\EHU\SI2\workspace\Rides25\src\main\resources\rides.temp' is opened by 14036@LAPTOP-2PN1U6VU

[2025-09-27 16:17:04 #3 type] 
Type domain.User is not enhanced.

[2025-09-27 16:17:05 #4 type] 
Type domain.Driver is not enhanced.

[2025-09-27 16:17:05 #5 type] 
Type domain.Erreklamazioa is not enhanced.

[2025-09-27 16:17:05 #6 type] 
Type domain.Balorazioa is not enhanced.

[2025-09-27 16:17:05 #7 type] 
Type domain.Mugimendua is not enhanced.

[2025-09-27 16:17:05 #8 type] 
Type domain.Car is not enhanced.

[2025-09-27 16:17:05 #9 type] 
Type domain.Ride is not enhanced.

[2025-09-27 16:17:05 #10 type] 
Type domain.Mezua is not enhanced.

[2025-09-27 16:17:05 #11 type] 
Type domain.Erreserba is not enhanced.

[2025-09-27 16:17:05 #12 type] 
Type domain.Geldialdia is not enhanced.

[2025-09-27 16:17:05 #13 type] 
Type domain.Traveler is not enhanced.

[2025-09-27 16:17:05 #14 type] 
Type domain.Alerta is not enhanced.

------------------------------------------------------------------------------------------------------------------------

[2025-09-27 16:17:21 #1 store] 
Database 'C:\Users\egoit\EHU\SI2\workspace\Rides25\src\main\resources\rides.temp' has been recovered (tr. 324-391)

[2025-09-27 16:17:21 #2 store] 
Database 'C:\Users\egoit\EHU\SI2\workspace\Rides25\src\main\resources\rides.temp' is opened by 10928@LAPTOP-2PN1U6VU

[2025-09-27 16:17:21 #3 type] 
Type domain.User is not enhanced.

[2025-09-27 16:17:21 #4 type] 
Type domain.Driver is not enhanced.

[2025-09-27 16:17:21 #5 type] 
Type domain.Erreklamazioa is not enhanced.

[2025-09-27 16:17:21 #6 type] 
Type domain.Balorazioa is not enhanced.

[2025-09-27 16:17:21 #7 type] 
Type domain.Mugimendua is not enhanced.

[2025-09-27 16:17:21 #8 type] 
Type domain.Car is not enhanced.

[2025-09-27 16:17:21 #9 type] 
Type domain.Ride is not enhanced.

[2025-09-27 16:17:21 #10 type] 
Type domain.Mezua is not enhanced.

[2025-09-27 16:17:21 #11 type] 
Type domain.Erreserba is not enhanced.

[2025-09-27 16:17:21 #12 type] 
Type domain.Geldialdia is not enhanced.

[2025-09-27 16:17:21 #13 type] 
Type domain.Traveler is not enhanced.

[2025-09-27 16:17:21 #14 type] 
Type domain.Alerta is not enhanced.

------------------------------------------------------------------------------------------------------------------------

[2025-09-27 16:20:33 #1 store] 
Database 'C:\Users\egoit\EHU\SI2\workspace\Rides25\src\main\resources\rides.temp' has been recovered (tr. 392-459)

[2025-09-27 16:20:33 #2 store] 
Database 'C:\Users\egoit\EHU\SI2\workspace\Rides25\src\main\resources\rides.temp' is opened by 14912@LAPTOP-2PN1U6VU

[2025-09-27 16:20:33 #3 type] 
Type domain.User is not enhanced.

[2025-09-27 16:20:33 #4 type] 
Type domain.Driver is not enhanced.

[2025-09-27 16:20:33 #5 type] 
Type domain.Erreklamazioa is not enhanced.

[2025-09-27 16:20:33 #6 type] 
Type domain.Balorazioa is not enhanced.

[2025-09-27 16:20:33 #7 type] 
Type domain.Mugimendua is not enhanced.

[2025-09-27 16:20:33 #8 type] 
Type domain.Car is not enhanced.

[2025-09-27 16:20:33 #9 type] 
Type domain.Ride is not enhanced.

[2025-09-27 16:20:33 #10 type] 
Type domain.Mezua is not enhanced.

[2025-09-27 16:20:33 #11 type] 
Type domain.Erreserba is not enhanced.

[2025-09-27 16:20:33 #12 type] 
Type domain.Geldialdia is not enhanced.

[2025-09-27 16:20:33 #13 type] 
Type domain.Traveler is not enhanced.

[2025-09-27 16:20:33 #14 type] 
Type domain.Alerta is not enhanced.

------------------------------------------------------------------------------------------------------------------------

[2025-09-27 16:35:10 #1 store] 
Database 'C:\Users\egoit\EHU\SI2\workspace\Rides25\src\main\resources\rides.temp' has been recovered (tr. 460-526)

[2025-09-27 16:35:10 #2 store] 
Database 'C:\Users\egoit\EHU\SI2\workspace\Rides25\src\main\resources\rides.temp' is opened by 14688@LAPTOP-2PN1U6VU

[2025-09-27 16:35:10 #3 type] 
Type domain.User is not enhanced.

[2025-09-27 16:35:10 #4 type] 
Type domain.Driver is not enhanced.

[2025-09-27 16:35:10 #5 type] 
Type domain.Erreklamazioa is not enhanced.

[2025-09-27 16:35:10 #6 type] 
Type domain.Balorazioa is not enhanced.

[2025-09-27 16:35:10 #7 type] 
Type domain.Mugimendua is not enhanced.

[2025-09-27 16:35:10 #8 type] 
Type domain.Car is not enhanced.

[2025-09-27 16:35:10 #9 type] 
Type domain.Ride is not enhanced.

[2025-09-27 16:35:10 #10 type] 
Type domain.Mezua is not enhanced.

[2025-09-27 16:35:10 #11 type] 
Type domain.Erreserba is not enhanced.

[2025-09-27 16:35:10 #12 type] 
Type domain.Geldialdia is not enhanced.

[2025-09-27 16:35:10 #13 type] 
Type domain.Traveler is not enhanced.

[2025-09-27 16:35:10 #14 type] 
Type domain.Alerta is not enhanced.

------------------------------------------------------------------------------------------------------------------------

[2025-09-27 16:41:25 #1 store] 
Database 'C:\Users\egoit\EHU\SI2\workspace\Rides25\src\main\resources\rides.temp' has been recovered (tr. 527-593)

[2025-09-27 16:41:25 #2 store] 
Database 'C:\Users\egoit\EHU\SI2\workspace\Rides25\src\main\resources\rides.temp' is opened by 16424@LAPTOP-2PN1U6VU

[2025-09-27 16:41:25 #3 type] 
Type domain.User is not enhanced.

[2025-09-27 16:41:25 #4 type] 
Type domain.Driver is not enhanced.

[2025-09-27 16:41:25 #5 type] 
Type domain.Erreklamazioa is not enhanced.

[2025-09-27 16:41:25 #6 type] 
Type domain.Balorazioa is not enhanced.

[2025-09-27 16:41:25 #7 type] 
Type domain.Mugimendua is not enhanced.

[2025-09-27 16:41:25 #8 type] 
Type domain.Car is not enhanced.

[2025-09-27 16:41:25 #9 type] 
Type domain.Ride is not enhanced.

[2025-09-27 16:41:25 #10 type] 
Type domain.Mezua is not enhanced.

[2025-09-27 16:41:25 #11 type] 
Type domain.Erreserba is not enhanced.

[2025-09-27 16:41:25 #12 type] 
Type domain.Geldialdia is not enhanced.

[2025-09-27 16:41:25 #13 type] 
Type domain.Traveler is not enhanced.

[2025-09-27 16:41:25 #14 type] 
Type domain.Alerta is not enhanced.

------------------------------------------------------------------------------------------------------------------------

[2025-09-27 16:41:38 #1 store] 
Database 'C:\Users\egoit\EHU\SI2\workspace\Rides25\src\main\resources\rides.temp' has been recovered (tr. 594-660)

[2025-09-27 16:41:38 #2 store] 
Database 'C:\Users\egoit\EHU\SI2\workspace\Rides25\src\main\resources\rides.temp' is opened by 18900@LAPTOP-2PN1U6VU

[2025-09-27 16:41:38 #3 type] 
Type domain.User is not enhanced.

[2025-09-27 16:41:38 #4 type] 
Type domain.Driver is not enhanced.

[2025-09-27 16:41:38 #5 type] 
Type domain.Erreklamazioa is not enhanced.

[2025-09-27 16:41:38 #6 type] 
Type domain.Balorazioa is not enhanced.

[2025-09-27 16:41:38 #7 type] 
Type domain.Mugimendua is not enhanced.

[2025-09-27 16:41:38 #8 type] 
Type domain.Car is not enhanced.

[2025-09-27 16:41:38 #9 type] 
Type domain.Ride is not enhanced.

[2025-09-27 16:41:38 #10 type] 
Type domain.Mezua is not enhanced.

[2025-09-27 16:41:38 #11 type] 
Type domain.Erreserba is not enhanced.

[2025-09-27 16:41:38 #12 type] 
Type domain.Geldialdia is not enhanced.

[2025-09-27 16:41:38 #13 type] 
Type domain.Traveler is not enhanced.

[2025-09-27 16:41:38 #14 type] 
Type domain.Alerta is not enhanced.

------------------------------------------------------------------------------------------------------------------------

[2025-09-27 16:47:47 #1 store] 
Database 'C:\Users\egoit\EHU\SI2\workspace\Rides25\src\main\resources\rides.temp' has been recovered (tr. 661-727)

[2025-09-27 16:47:48 #2 store] 
Database 'C:\Users\egoit\EHU\SI2\workspace\Rides25\src\main\resources\rides.temp' is opened by 19812@LAPTOP-2PN1U6VU

[2025-09-27 16:47:48 #3 type] 
Type domain.User is not enhanced.

[2025-09-27 16:47:48 #4 type] 
Type domain.Driver is not enhanced.

[2025-09-27 16:47:48 #5 type] 
Type domain.Erreklamazioa is not enhanced.

[2025-09-27 16:47:48 #6 type] 
Type domain.Balorazioa is not enhanced.

[2025-09-27 16:47:48 #7 type] 
Type domain.Mugimendua is not enhanced.

[2025-09-27 16:47:48 #8 type] 
Type domain.Car is not enhanced.

[2025-09-27 16:47:48 #9 type] 
Type domain.Ride is not enhanced.

[2025-09-27 16:47:48 #10 type] 
Type domain.Mezua is not enhanced.

[2025-09-27 16:47:48 #11 type] 
Type domain.Erreserba is not enhanced.

[2025-09-27 16:47:48 #12 type] 
Type domain.Geldialdia is not enhanced.

[2025-09-27 16:47:48 #13 type] 
Type domain.Traveler is not enhanced.

[2025-09-27 16:47:48 #14 type] 
Type domain.Alerta is not enhanced.

------------------------------------------------------------------------------------------------------------------------

[2025-09-27 16:48:26 #1 store] 
Database 'C:\Users\egoit\EHU\SI2\workspace\Rides25\src\main\resources\rides.temp' has been recovered (tr. 728-757)

[2025-09-27 16:48:27 #2 store] 
Database 'C:\Users\egoit\EHU\SI2\workspace\Rides25\src\main\resources\rides.temp' is opened by 20908@LAPTOP-2PN1U6VU

[2025-09-27 16:48:27 #3 type] 
Type domain.User is not enhanced.

[2025-09-27 16:48:27 #4 type] 
Type domain.Driver is not enhanced.

[2025-09-27 16:48:27 #5 type] 
Type domain.Erreklamazioa is not enhanced.

[2025-09-27 16:48:27 #6 type] 
Type domain.Balorazioa is not enhanced.

[2025-09-27 16:48:27 #7 type] 
Type domain.Mugimendua is not enhanced.

[2025-09-27 16:48:27 #8 type] 
Type domain.Car is not enhanced.

[2025-09-27 16:48:27 #9 type] 
Type domain.Ride is not enhanced.

[2025-09-27 16:48:27 #10 type] 
Type domain.Mezua is not enhanced.

[2025-09-27 16:48:27 #11 type] 
Type domain.Erreserba is not enhanced.

[2025-09-27 16:48:27 #12 type] 
Type domain.Geldialdia is not enhanced.

[2025-09-27 16:48:27 #13 type] 
Type domain.Traveler is not enhanced.

[2025-09-27 16:48:27 #14 type] 
Type domain.Alerta is not enhanced.

