------------------------------------------------------------------------------------------------------------------------

[2025-05-13 08:41:14 #1 store] 
Database 'C:\Users\egoit\git\Rides25\src\main\resources\rides.temp' is opened by 9572@LAPTOP-2PN1U6VU

[2025-05-13 08:41:14 #2 type.registry] 
New type domain.User

[2025-05-13 08:41:14 #3 type.registry] 
New type domain.Driver

[2025-05-13 08:41:14 #4 type] 
Type domain.User is not enhanced.

[2025-05-13 08:41:14 #5 type.registry] 
New type domain.Erreklamazioa

[2025-05-13 08:41:14 #6 type.registry] 
New type domain.Balorazioa

[2025-05-13 08:41:14 #7 type.registry] 
New type domain.Mugimendua

[2025-05-13 08:41:14 #8 type] 
Type domain.Driver is not enhanced.

[2025-05-13 08:41:14 #9 type.registry] 
New type domain.Car

[2025-05-13 08:41:14 #10 type.registry] 
New type domain.Ride

[2025-05-13 08:41:14 #11 type] 
Type domain.Erreklamazioa is not enhanced.

[2025-05-13 08:41:14 #12 type.registry] 
New type domain.Mezua

[2025-05-13 08:41:14 #13 type.registry] 
New type domain.ErreklamazioaEgoera

[2025-05-13 08:41:14 #14 type] 
Type domain.Balorazioa is not enhanced.

[2025-05-13 08:41:14 #15 type.registry] 
New type domain.Erreserba

[2025-05-13 08:41:14 #16 type] 
Type domain.Mugimendua is not enhanced.

[2025-05-13 08:41:14 #17 type.registry] 
New type domain.MugimenduMota

[2025-05-13 08:41:14 #18 type] 
Type domain.Car is not enhanced.

[2025-05-13 08:41:14 #19 type] 
Type domain.Ride is not enhanced.

[2025-05-13 08:41:14 #20 type.registry] 
New type domain.Geldialdia

[2025-05-13 08:41:14 #21 type.registry] 
New type domain.RideEgoera

[2025-05-13 08:41:14 #22 type] 
Type domain.Mezua is not enhanced.

[2025-05-13 08:41:14 #23 type] 
Type domain.Erreserba is not enhanced.

[2025-05-13 08:41:14 #24 type.registry] 
New type domain.Traveler

[2025-05-13 08:41:14 #25 type.registry] 
New type domain.ErreserbaEgoera

[2025-05-13 08:41:14 #26 type] 
Type domain.Geldialdia is not enhanced.

[2025-05-13 08:41:14 #27 type] 
Type domain.Traveler is not enhanced.

[2025-05-13 08:41:14 #28 type.registry] 
New type domain.Alerta

[2025-05-13 08:41:14 #29 type] 
Type domain.Alerta is not enhanced.

[2025-05-13 08:41:14 #30 type.registry] 
New type domain.AlertaEgoera

[2025-05-13 08:41:14 #31 type.registry] 
New type java.util.Vector<java.lang.Object>

[2025-05-13 08:41:14 #32 type.registry] 
New type java.util.LinkedList<java.lang.Object>

[2025-05-13 08:41:14 #33 type.registry] 
New type java.util.Vector<domain.Mugimendua>

[2025-05-13 08:41:14 #34 type.registry] 
New type java.util.Vector<domain.Balorazioa>

[2025-05-13 08:41:14 #35 type.registry] 
New type java.util.Vector<domain.Erreklamazioa>

[2025-05-13 08:41:14 #36 type.registry] 
New type java.util.Vector<domain.Ride>

[2025-05-13 08:41:14 #37 type.registry] 
New type java.util.Vector<domain.Car>

[2025-05-13 08:41:14 #38 type.registry] 
New type java.util.Vector<domain.Erreserba>

[2025-05-13 08:41:14 #39 type.registry] 
New type java.util.Vector<domain.Alerta>

[2025-05-13 08:41:14 #40 type.registry] 
New type java.util.LinkedList<domain.Geldialdia>

------------------------------------------------------------------------------------------------------------------------

[2025-05-13 08:57:50 #1 store] 
Database 'C:\Users\egoit\git\Rides25\src\main\resources\rides.temp' is opened by 11524@LAPTOP-2PN1U6VU

[2025-05-13 08:57:50 #2 type.registry] 
New type domain.User

[2025-05-13 08:57:50 #3 type.registry] 
New type domain.Driver

[2025-05-13 08:57:50 #4 type] 
Type domain.User is not enhanced.

[2025-05-13 08:57:50 #5 type.registry] 
New type domain.Erreklamazioa

[2025-05-13 08:57:50 #6 type.registry] 
New type domain.Balorazioa

[2025-05-13 08:57:50 #7 type.registry] 
New type domain.Mugimendua

[2025-05-13 08:57:50 #8 type] 
Type domain.Driver is not enhanced.

[2025-05-13 08:57:50 #9 type.registry] 
New type domain.Car

[2025-05-13 08:57:50 #10 type.registry] 
New type domain.Ride

[2025-05-13 08:57:50 #11 type] 
Type domain.Erreklamazioa is not enhanced.

[2025-05-13 08:57:50 #12 type.registry] 
New type domain.Mezua

[2025-05-13 08:57:50 #13 type.registry] 
New type domain.ErreklamazioaEgoera

[2025-05-13 08:57:50 #14 type] 
Type domain.Balorazioa is not enhanced.

[2025-05-13 08:57:50 #15 type.registry] 
New type domain.Erreserba

[2025-05-13 08:57:50 #16 type] 
Type domain.Mugimendua is not enhanced.

[2025-05-13 08:57:50 #17 type.registry] 
New type domain.MugimenduMota

[2025-05-13 08:57:50 #18 type] 
Type domain.Car is not enhanced.

[2025-05-13 08:57:50 #19 type] 
Type domain.Ride is not enhanced.

[2025-05-13 08:57:50 #20 type.registry] 
New type domain.Geldialdia

[2025-05-13 08:57:50 #21 type.registry] 
New type domain.RideEgoera

[2025-05-13 08:57:50 #22 type] 
Type domain.Mezua is not enhanced.

[2025-05-13 08:57:50 #23 type] 
Type domain.Erreserba is not enhanced.

[2025-05-13 08:57:50 #24 type.registry] 
New type domain.Traveler

[2025-05-13 08:57:50 #25 type.registry] 
New type domain.ErreserbaEgoera

[2025-05-13 08:57:50 #26 type] 
Type domain.Geldialdia is not enhanced.

[2025-05-13 08:57:50 #27 type] 
Type domain.Traveler is not enhanced.

[2025-05-13 08:57:50 #28 type.registry] 
New type domain.Alerta

[2025-05-13 08:57:50 #29 type] 
Type domain.Alerta is not enhanced.

[2025-05-13 08:57:50 #30 type.registry] 
New type domain.AlertaEgoera

[2025-05-13 08:57:50 #31 type.registry] 
New type java.util.Vector<java.lang.Object>

[2025-05-13 08:57:50 #32 type.registry] 
New type java.util.LinkedList<java.lang.Object>

[2025-05-13 08:57:50 #33 type.registry] 
New type java.util.Vector<domain.Mugimendua>

[2025-05-13 08:57:50 #34 type.registry] 
New type java.util.Vector<domain.Balorazioa>

[2025-05-13 08:57:50 #35 type.registry] 
New type java.util.Vector<domain.Erreklamazioa>

[2025-05-13 08:57:50 #36 type.registry] 
New type java.util.Vector<domain.Ride>

[2025-05-13 08:57:50 #37 type.registry] 
New type java.util.Vector<domain.Car>

[2025-05-13 08:57:50 #38 type.registry] 
New type java.util.Vector<domain.Erreserba>

[2025-05-13 08:57:50 #39 type.registry] 
New type java.util.Vector<domain.Alerta>

[2025-05-13 08:57:50 #40 type.registry] 
New type java.util.LinkedList<domain.Geldialdia>

------------------------------------------------------------------------------------------------------------------------

[2025-05-13 09:00:30 #1 store] 
Database 'C:\Users\egoit\git\Rides25\src\main\resources\rides.temp' is opened by 13700@LAPTOP-2PN1U6VU

[2025-05-13 09:00:31 #2 type.registry] 
New type domain.User

[2025-05-13 09:00:31 #3 type.registry] 
New type domain.Driver

[2025-05-13 09:00:31 #4 type] 
Type domain.User is not enhanced.

[2025-05-13 09:00:31 #5 type.registry] 
New type domain.Erreklamazioa

[2025-05-13 09:00:31 #6 type.registry] 
New type domain.Balorazioa

[2025-05-13 09:00:31 #7 type.registry] 
New type domain.Mugimendua

[2025-05-13 09:00:31 #8 type] 
Type domain.Driver is not enhanced.

[2025-05-13 09:00:31 #9 type.registry] 
New type domain.Car

[2025-05-13 09:00:31 #10 type.registry] 
New type domain.Ride

[2025-05-13 09:00:31 #11 type] 
Type domain.Erreklamazioa is not enhanced.

[2025-05-13 09:00:31 #12 type.registry] 
New type domain.Mezua

[2025-05-13 09:00:31 #13 type.registry] 
New type domain.ErreklamazioaEgoera

[2025-05-13 09:00:31 #14 type] 
Type domain.Balorazioa is not enhanced.

[2025-05-13 09:00:31 #15 type.registry] 
New type domain.Erreserba

[2025-05-13 09:00:31 #16 type] 
Type domain.Mugimendua is not enhanced.

[2025-05-13 09:00:31 #17 type.registry] 
New type domain.MugimenduMota

[2025-05-13 09:00:31 #18 type] 
Type domain.Car is not enhanced.

[2025-05-13 09:00:31 #19 type] 
Type domain.Ride is not enhanced.

[2025-05-13 09:00:31 #20 type.registry] 
New type domain.Geldialdia

[2025-05-13 09:00:31 #21 type.registry] 
New type domain.RideEgoera

[2025-05-13 09:00:31 #22 type] 
Type domain.Mezua is not enhanced.

[2025-05-13 09:00:31 #23 type] 
Type domain.Erreserba is not enhanced.

[2025-05-13 09:00:31 #24 type.registry] 
New type domain.Traveler

[2025-05-13 09:00:31 #25 type.registry] 
New type domain.ErreserbaEgoera

[2025-05-13 09:00:31 #26 type] 
Type domain.Geldialdia is not enhanced.

[2025-05-13 09:00:31 #27 type] 
Type domain.Traveler is not enhanced.

[2025-05-13 09:00:31 #28 type.registry] 
New type domain.Alerta

[2025-05-13 09:00:31 #29 type] 
Type domain.Alerta is not enhanced.

[2025-05-13 09:00:31 #30 type.registry] 
New type domain.AlertaEgoera

[2025-05-13 09:00:31 #31 type.registry] 
New type java.util.Vector<java.lang.Object>

[2025-05-13 09:00:31 #32 type.registry] 
New type java.util.LinkedList<java.lang.Object>

[2025-05-13 09:00:31 #33 type.registry] 
New type java.util.Vector<domain.Mugimendua>

[2025-05-13 09:00:31 #34 type.registry] 
New type java.util.Vector<domain.Balorazioa>

[2025-05-13 09:00:31 #35 type.registry] 
New type java.util.Vector<domain.Erreklamazioa>

[2025-05-13 09:00:31 #36 type.registry] 
New type java.util.Vector<domain.Ride>

[2025-05-13 09:00:31 #37 type.registry] 
New type java.util.Vector<domain.Car>

[2025-05-13 09:00:31 #38 type.registry] 
New type java.util.Vector<domain.Erreserba>

[2025-05-13 09:00:31 #39 type.registry] 
New type java.util.Vector<domain.Alerta>

[2025-05-13 09:00:31 #40 type.registry] 
New type java.util.LinkedList<domain.Geldialdia>

------------------------------------------------------------------------------------------------------------------------

[2025-05-13 11:07:32 #1 store] 
Database 'C:\Users\egoit\git\Rides25\src\main\resources\rides.temp' has been recovered (tr. 1-16)

[2025-05-13 11:07:32 #2 store] 
Database 'C:\Users\egoit\git\Rides25\src\main\resources\rides.temp' is opened by 16224@LAPTOP-2PN1U6VU

[2025-05-13 11:07:33 #3 type] 
Type domain.User is not enhanced.

[2025-05-13 11:07:33 #4 type] 
Type domain.Driver is not enhanced.

[2025-05-13 11:07:33 #5 type] 
Type domain.Erreklamazioa is not enhanced.

[2025-05-13 11:07:33 #6 type] 
Type domain.Balorazioa is not enhanced.

[2025-05-13 11:07:33 #7 type] 
Type domain.Mugimendua is not enhanced.

[2025-05-13 11:07:33 #8 type] 
Type domain.Car is not enhanced.

[2025-05-13 11:07:33 #9 type] 
Type domain.Ride is not enhanced.

[2025-05-13 11:07:33 #10 type] 
Type domain.Mezua is not enhanced.

[2025-05-13 11:07:33 #11 type] 
Type domain.Erreserba is not enhanced.

[2025-05-13 11:07:33 #12 type] 
Type domain.Geldialdia is not enhanced.

[2025-05-13 11:07:33 #13 type] 
Type domain.Traveler is not enhanced.

[2025-05-13 11:07:33 #14 type] 
Type domain.Alerta is not enhanced.

------------------------------------------------------------------------------------------------------------------------

[2025-05-13 11:26:52 #1 store] 
Database 'C:\Users\egoit\git\Rides25\src\main\resources\rides.temp' is opened by 6700@LAPTOP-2PN1U6VU

[2025-05-13 11:26:52 #2 type] 
Type domain.User is not enhanced.

[2025-05-13 11:26:52 #3 type] 
Type domain.Driver is not enhanced.

[2025-05-13 11:26:52 #4 type] 
Type domain.Erreklamazioa is not enhanced.

[2025-05-13 11:26:52 #5 type] 
Type domain.Balorazioa is not enhanced.

[2025-05-13 11:26:52 #6 type] 
Type domain.Mugimendua is not enhanced.

[2025-05-13 11:26:52 #7 type] 
Type domain.Car is not enhanced.

[2025-05-13 11:26:52 #8 type] 
Type domain.Ride is not enhanced.

[2025-05-13 11:26:52 #9 type] 
Type domain.Mezua is not enhanced.

[2025-05-13 11:26:52 #10 type] 
Type domain.Erreserba is not enhanced.

[2025-05-13 11:26:52 #11 type] 
Type domain.Geldialdia is not enhanced.

[2025-05-13 11:26:52 #12 type] 
Type domain.Traveler is not enhanced.

[2025-05-13 11:26:52 #13 type] 
Type domain.Alerta is not enhanced.

------------------------------------------------------------------------------------------------------------------------

[2025-05-13 11:36:34 #1 store] 
Database 'C:\Users\egoit\git\Rides25\src\main\resources\rides.temp' is opened by 7292@LAPTOP-2PN1U6VU

[2025-05-13 11:36:35 #2 type] 
Type domain.User is not enhanced.

[2025-05-13 11:36:35 #3 type] 
Type domain.Driver is not enhanced.

[2025-05-13 11:36:35 #4 type] 
Type domain.Erreklamazioa is not enhanced.

[2025-05-13 11:36:35 #5 type] 
Type domain.Balorazioa is not enhanced.

[2025-05-13 11:36:35 #6 type] 
Type domain.Mugimendua is not enhanced.

[2025-05-13 11:36:35 #7 type] 
Type domain.Car is not enhanced.

[2025-05-13 11:36:35 #8 type] 
Type domain.Ride is not enhanced.

[2025-05-13 11:36:35 #9 type] 
Type domain.Mezua is not enhanced.

[2025-05-13 11:36:35 #10 type] 
Type domain.Erreserba is not enhanced.

[2025-05-13 11:36:35 #11 type] 
Type domain.Geldialdia is not enhanced.

[2025-05-13 11:36:35 #12 type] 
Type domain.Traveler is not enhanced.

[2025-05-13 11:36:35 #13 type] 
Type domain.Alerta is not enhanced.

