------------------------------------------------------------------------------------------------------------------------

[2025-10-02 19:40:08 #1 store] 
Database 'C:\Users\egoit\EHU\SI2\workspace\Rides25\src\main\resources\rides.temp' has been recovered (tr. 667-678)

[2025-10-02 19:40:08 #2 store] 
Database 'C:\Users\egoit\EHU\SI2\workspace\Rides25\src\main\resources\rides.temp' is opened by 4596@LAPTOP-2PN1U6VU

[2025-10-02 19:40:08 #3 type] 
Type domain.User is not enhanced.

[2025-10-02 19:40:08 #4 type] 
Type domain.Driver is not enhanced.

[2025-10-02 19:40:08 #5 type] 
Type domain.Erreklamazioa is not enhanced.

[2025-10-02 19:40:08 #6 type] 
Type domain.Balorazioa is not enhanced.

[2025-10-02 19:40:08 #7 type] 
Type domain.Mugimendua is not enhanced.

[2025-10-02 19:40:08 #8 type] 
Type domain.Car is not enhanced.

[2025-10-02 19:40:08 #9 type] 
Type domain.Ride is not enhanced.

[2025-10-02 19:40:08 #10 type] 
Type domain.Mezua is not enhanced.

[2025-10-02 19:40:08 #11 type] 
Type domain.Erreserba is not enhanced.

[2025-10-02 19:40:08 #12 type] 
Type domain.Geldialdia is not enhanced.

[2025-10-02 19:40:08 #13 type] 
Type domain.Traveler is not enhanced.

[2025-10-02 19:40:08 #14 type] 
Type domain.Alerta is not enhanced.

------------------------------------------------------------------------------------------------------------------------

[2025-10-02 19:43:20 #1 store] 
Database 'C:\Users\egoit\EHU\SI2\workspace\Rides25\src\main\resources\rides.temp' has been recovered (tr. 679-690)

[2025-10-02 19:43:20 #2 store] 
Database 'C:\Users\egoit\EHU\SI2\workspace\Rides25\src\main\resources\rides.temp' is opened by 15744@LAPTOP-2PN1U6VU

[2025-10-02 19:43:20 #3 type] 
Type domain.User is not enhanced.

[2025-10-02 19:43:20 #4 type] 
Type domain.Driver is not enhanced.

[2025-10-02 19:43:20 #5 type] 
Type domain.Erreklamazioa is not enhanced.

[2025-10-02 19:43:20 #6 type] 
Type domain.Balorazioa is not enhanced.

[2025-10-02 19:43:20 #7 type] 
Type domain.Mugimendua is not enhanced.

[2025-10-02 19:43:20 #8 type] 
Type domain.Car is not enhanced.

[2025-10-02 19:43:20 #9 type] 
Type domain.Ride is not enhanced.

[2025-10-02 19:43:20 #10 type] 
Type domain.Mezua is not enhanced.

[2025-10-02 19:43:20 #11 type] 
Type domain.Erreserba is not enhanced.

[2025-10-02 19:43:20 #12 type] 
Type domain.Geldialdia is not enhanced.

[2025-10-02 19:43:20 #13 type] 
Type domain.Traveler is not enhanced.

[2025-10-02 19:43:20 #14 type] 
Type domain.Alerta is not enhanced.

------------------------------------------------------------------------------------------------------------------------

[2025-10-02 19:44:36 #1 store] 
Database 'C:\Users\egoit\EHU\SI2\workspace\Rides25\src\main\resources\rides.temp' has been recovered (tr. 691-707)

[2025-10-02 19:44:36 #2 store] 
Database 'C:\Users\egoit\EHU\SI2\workspace\Rides25\src\main\resources\rides.temp' is opened by 3080@LAPTOP-2PN1U6VU

[2025-10-02 19:44:36 #3 type] 
Type domain.User is not enhanced.

[2025-10-02 19:44:36 #4 type] 
Type domain.Driver is not enhanced.

[2025-10-02 19:44:36 #5 type] 
Type domain.Erreklamazioa is not enhanced.

[2025-10-02 19:44:36 #6 type] 
Type domain.Balorazioa is not enhanced.

[2025-10-02 19:44:36 #7 type] 
Type domain.Mugimendua is not enhanced.

[2025-10-02 19:44:36 #8 type] 
Type domain.Car is not enhanced.

[2025-10-02 19:44:36 #9 type] 
Type domain.Ride is not enhanced.

[2025-10-02 19:44:36 #10 type] 
Type domain.Mezua is not enhanced.

[2025-10-02 19:44:36 #11 type] 
Type domain.Erreserba is not enhanced.

[2025-10-02 19:44:36 #12 type] 
Type domain.Geldialdia is not enhanced.

[2025-10-02 19:44:36 #13 type] 
Type domain.Traveler is not enhanced.

[2025-10-02 19:44:36 #14 type] 
Type domain.Alerta is not enhanced.

------------------------------------------------------------------------------------------------------------------------

[2025-10-02 19:44:41 #1 store] 
Database 'C:\Users\egoit\EHU\SI2\workspace\Rides25\src\main\resources\rides.temp' has been recovered (tr. 708-724)

[2025-10-02 19:44:41 #2 store] 
Database 'C:\Users\egoit\EHU\SI2\workspace\Rides25\src\main\resources\rides.temp' is opened by 2428@LAPTOP-2PN1U6VU

[2025-10-02 19:44:41 #3 type] 
Type domain.User is not enhanced.

[2025-10-02 19:44:41 #4 type] 
Type domain.Driver is not enhanced.

[2025-10-02 19:44:41 #5 type] 
Type domain.Erreklamazioa is not enhanced.

[2025-10-02 19:44:41 #6 type] 
Type domain.Balorazioa is not enhanced.

[2025-10-02 19:44:41 #7 type] 
Type domain.Mugimendua is not enhanced.

[2025-10-02 19:44:41 #8 type] 
Type domain.Car is not enhanced.

[2025-10-02 19:44:41 #9 type] 
Type domain.Ride is not enhanced.

[2025-10-02 19:44:41 #10 type] 
Type domain.Mezua is not enhanced.

[2025-10-02 19:44:41 #11 type] 
Type domain.Erreserba is not enhanced.

[2025-10-02 19:44:41 #12 type] 
Type domain.Geldialdia is not enhanced.

[2025-10-02 19:44:41 #13 type] 
Type domain.Traveler is not enhanced.

[2025-10-02 19:44:41 #14 type] 
Type domain.Alerta is not enhanced.

------------------------------------------------------------------------------------------------------------------------

[2025-10-02 19:45:26 #1 store] 
Database 'C:\Users\egoit\EHU\SI2\workspace\Rides25\src\main\resources\rides.temp' has been recovered (tr. 725-741)

[2025-10-02 19:45:26 #2 store] 
Database 'C:\Users\egoit\EHU\SI2\workspace\Rides25\src\main\resources\rides.temp' is opened by 20772@LAPTOP-2PN1U6VU

[2025-10-02 19:45:27 #3 type] 
Type domain.User is not enhanced.

[2025-10-02 19:45:27 #4 type] 
Type domain.Driver is not enhanced.

[2025-10-02 19:45:27 #5 type] 
Type domain.Erreklamazioa is not enhanced.

[2025-10-02 19:45:27 #6 type] 
Type domain.Balorazioa is not enhanced.

[2025-10-02 19:45:27 #7 type] 
Type domain.Mugimendua is not enhanced.

[2025-10-02 19:45:27 #8 type] 
Type domain.Car is not enhanced.

[2025-10-02 19:45:27 #9 type] 
Type domain.Ride is not enhanced.

[2025-10-02 19:45:27 #10 type] 
Type domain.Mezua is not enhanced.

[2025-10-02 19:45:27 #11 type] 
Type domain.Erreserba is not enhanced.

[2025-10-02 19:45:27 #12 type] 
Type domain.Geldialdia is not enhanced.

[2025-10-02 19:45:27 #13 type] 
Type domain.Traveler is not enhanced.

[2025-10-02 19:45:27 #14 type] 
Type domain.Alerta is not enhanced.

