------------------------------------------------------------------------------------------------------------------------

[2025-09-26 18:57:52 #1 store] 
Database 'C:\Users\egoit\EHU\SI2\workspace\Rides25\src\main\resources\rides.temp' has been recovered (tr. 186-211)

[2025-09-26 18:57:52 #2 store] 
Database 'C:\Users\egoit\EHU\SI2\workspace\Rides25\src\main\resources\rides.temp' is opened by 7308@LAPTOP-2PN1U6VU

[2025-09-26 18:57:52 #3 type] 
Type domain.User is not enhanced.

[2025-09-26 18:57:52 #4 type] 
Type domain.Driver is not enhanced.

[2025-09-26 18:57:52 #5 type] 
Type domain.Erreklamazioa is not enhanced.

[2025-09-26 18:57:52 #6 type] 
Type domain.Balorazioa is not enhanced.

[2025-09-26 18:57:52 #7 type] 
Type domain.Mugimendua is not enhanced.

[2025-09-26 18:57:52 #8 type] 
Type domain.Car is not enhanced.

[2025-09-26 18:57:52 #9 type] 
Type domain.Ride is not enhanced.

[2025-09-26 18:57:52 #10 type] 
Type domain.Mezua is not enhanced.

[2025-09-26 18:57:52 #11 type] 
Type domain.Erreserba is not enhanced.

[2025-09-26 18:57:52 #12 type] 
Type domain.Geldialdia is not enhanced.

[2025-09-26 18:57:52 #13 type] 
Type domain.Traveler is not enhanced.

[2025-09-26 18:57:52 #14 type] 
Type domain.Alerta is not enhanced.

