------------------------------------------------------------------------------------------------------------------------

[2025-10-01 18:22:30 #1 store] 
Database 'C:\Users\egoit\EHU\SI2\workspace\Rides25\src\main\resources\rides.temp' has been recovered (tr. 381-465)

[2025-10-01 18:22:30 #2 store] 
Database 'C:\Users\egoit\EHU\SI2\workspace\Rides25\src\main\resources\rides.temp' is opened by 13140@LAPTOP-2PN1U6VU

[2025-10-01 18:22:30 #3 type] 
Type domain.User is not enhanced.

[2025-10-01 18:22:30 #4 type] 
Type domain.Driver is not enhanced.

[2025-10-01 18:22:30 #5 type] 
Type domain.Erreklamazioa is not enhanced.

[2025-10-01 18:22:30 #6 type] 
Type domain.Balorazioa is not enhanced.

[2025-10-01 18:22:30 #7 type] 
Type domain.Mugimendua is not enhanced.

[2025-10-01 18:22:30 #8 type] 
Type domain.Car is not enhanced.

[2025-10-01 18:22:30 #9 type] 
Type domain.Ride is not enhanced.

[2025-10-01 18:22:30 #10 type] 
Type domain.Mezua is not enhanced.

[2025-10-01 18:22:30 #11 type] 
Type domain.Erreserba is not enhanced.

[2025-10-01 18:22:30 #12 type] 
Type domain.Geldialdia is not enhanced.

[2025-10-01 18:22:30 #13 type] 
Type domain.Traveler is not enhanced.

[2025-10-01 18:22:30 #14 type] 
Type domain.Alerta is not enhanced.

------------------------------------------------------------------------------------------------------------------------

[2025-10-01 18:25:32 #1 store] 
Database 'C:\Users\egoit\EHU\SI2\workspace\Rides25\src\main\resources\rides.temp' has been recovered (tr. 466-471)

[2025-10-01 18:25:32 #2 store] 
Database 'C:\Users\egoit\EHU\SI2\workspace\Rides25\src\main\resources\rides.temp' is opened by 11848@LAPTOP-2PN1U6VU

[2025-10-01 18:25:32 #3 type] 
Type domain.User is not enhanced.

[2025-10-01 18:25:32 #4 type] 
Type domain.Driver is not enhanced.

[2025-10-01 18:25:32 #5 type] 
Type domain.Erreklamazioa is not enhanced.

[2025-10-01 18:25:32 #6 type] 
Type domain.Balorazioa is not enhanced.

[2025-10-01 18:25:32 #7 type] 
Type domain.Mugimendua is not enhanced.

[2025-10-01 18:25:32 #8 type] 
Type domain.Car is not enhanced.

[2025-10-01 18:25:32 #9 type] 
Type domain.Ride is not enhanced.

[2025-10-01 18:25:32 #10 type] 
Type domain.Mezua is not enhanced.

[2025-10-01 18:25:32 #11 type] 
Type domain.Erreserba is not enhanced.

[2025-10-01 18:25:32 #12 type] 
Type domain.Geldialdia is not enhanced.

[2025-10-01 18:25:32 #13 type] 
Type domain.Traveler is not enhanced.

[2025-10-01 18:25:32 #14 type] 
Type domain.Alerta is not enhanced.

------------------------------------------------------------------------------------------------------------------------

[2025-10-01 18:28:04 #1 store] 
Database 'C:\Users\egoit\EHU\SI2\workspace\Rides25\src\main\resources\rides.temp' has been recovered (tr. 472-482)

[2025-10-01 18:28:04 #2 store] 
Database 'C:\Users\egoit\EHU\SI2\workspace\Rides25\src\main\resources\rides.temp' is opened by 20908@LAPTOP-2PN1U6VU

[2025-10-01 18:28:04 #3 type] 
Type domain.User is not enhanced.

[2025-10-01 18:28:04 #4 type] 
Type domain.Driver is not enhanced.

[2025-10-01 18:28:04 #5 type] 
Type domain.Erreklamazioa is not enhanced.

[2025-10-01 18:28:04 #6 type] 
Type domain.Balorazioa is not enhanced.

[2025-10-01 18:28:04 #7 type] 
Type domain.Mugimendua is not enhanced.

[2025-10-01 18:28:04 #8 type] 
Type domain.Car is not enhanced.

[2025-10-01 18:28:04 #9 type] 
Type domain.Ride is not enhanced.

[2025-10-01 18:28:04 #10 type] 
Type domain.Mezua is not enhanced.

[2025-10-01 18:28:04 #11 type] 
Type domain.Erreserba is not enhanced.

[2025-10-01 18:28:04 #12 type] 
Type domain.Geldialdia is not enhanced.

[2025-10-01 18:28:04 #13 type] 
Type domain.Traveler is not enhanced.

[2025-10-01 18:28:04 #14 type] 
Type domain.Alerta is not enhanced.

------------------------------------------------------------------------------------------------------------------------

[2025-10-01 18:29:53 #1 store] 
Database 'C:\Users\egoit\EHU\SI2\workspace\Rides25\src\main\resources\rides.temp' has been recovered (tr. 483-495)

[2025-10-01 18:29:53 #2 store] 
Database 'C:\Users\egoit\EHU\SI2\workspace\Rides25\src\main\resources\rides.temp' is opened by 21100@LAPTOP-2PN1U6VU

[2025-10-01 18:29:53 #3 type] 
Type domain.User is not enhanced.

[2025-10-01 18:29:53 #4 type] 
Type domain.Driver is not enhanced.

[2025-10-01 18:29:53 #5 type] 
Type domain.Erreklamazioa is not enhanced.

[2025-10-01 18:29:53 #6 type] 
Type domain.Balorazioa is not enhanced.

[2025-10-01 18:29:53 #7 type] 
Type domain.Mugimendua is not enhanced.

[2025-10-01 18:29:53 #8 type] 
Type domain.Car is not enhanced.

[2025-10-01 18:29:53 #9 type] 
Type domain.Ride is not enhanced.

[2025-10-01 18:29:53 #10 type] 
Type domain.Mezua is not enhanced.

[2025-10-01 18:29:53 #11 type] 
Type domain.Erreserba is not enhanced.

[2025-10-01 18:29:53 #12 type] 
Type domain.Geldialdia is not enhanced.

[2025-10-01 18:29:53 #13 type] 
Type domain.Traveler is not enhanced.

[2025-10-01 18:29:53 #14 type] 
Type domain.Alerta is not enhanced.

------------------------------------------------------------------------------------------------------------------------

[2025-10-01 18:32:09 #1 store] 
Database 'C:\Users\egoit\EHU\SI2\workspace\Rides25\src\main\resources\rides.temp' has been recovered (tr. 496-510)

[2025-10-01 18:32:09 #2 store] 
Database 'C:\Users\egoit\EHU\SI2\workspace\Rides25\src\main\resources\rides.temp' is opened by 9200@LAPTOP-2PN1U6VU

[2025-10-01 18:32:09 #3 type] 
Type domain.User is not enhanced.

[2025-10-01 18:32:09 #4 type] 
Type domain.Driver is not enhanced.

[2025-10-01 18:32:09 #5 type] 
Type domain.Erreklamazioa is not enhanced.

[2025-10-01 18:32:09 #6 type] 
Type domain.Balorazioa is not enhanced.

[2025-10-01 18:32:09 #7 type] 
Type domain.Mugimendua is not enhanced.

[2025-10-01 18:32:09 #8 type] 
Type domain.Car is not enhanced.

[2025-10-01 18:32:09 #9 type] 
Type domain.Ride is not enhanced.

[2025-10-01 18:32:09 #10 type] 
Type domain.Mezua is not enhanced.

[2025-10-01 18:32:09 #11 type] 
Type domain.Erreserba is not enhanced.

[2025-10-01 18:32:09 #12 type] 
Type domain.Geldialdia is not enhanced.

[2025-10-01 18:32:09 #13 type] 
Type domain.Traveler is not enhanced.

[2025-10-01 18:32:09 #14 type] 
Type domain.Alerta is not enhanced.

------------------------------------------------------------------------------------------------------------------------

[2025-10-01 18:32:48 #1 store] 
Database 'C:\Users\egoit\EHU\SI2\workspace\Rides25\src\main\resources\rides.temp' has been recovered (tr. 511-531)

[2025-10-01 18:32:48 #2 store] 
Database 'C:\Users\egoit\EHU\SI2\workspace\Rides25\src\main\resources\rides.temp' is opened by 9260@LAPTOP-2PN1U6VU

[2025-10-01 18:32:48 #3 type] 
Type domain.User is not enhanced.

[2025-10-01 18:32:48 #4 type] 
Type domain.Driver is not enhanced.

[2025-10-01 18:32:48 #5 type] 
Type domain.Erreklamazioa is not enhanced.

[2025-10-01 18:32:48 #6 type] 
Type domain.Balorazioa is not enhanced.

[2025-10-01 18:32:48 #7 type] 
Type domain.Mugimendua is not enhanced.

[2025-10-01 18:32:48 #8 type] 
Type domain.Car is not enhanced.

[2025-10-01 18:32:48 #9 type] 
Type domain.Ride is not enhanced.

[2025-10-01 18:32:48 #10 type] 
Type domain.Mezua is not enhanced.

[2025-10-01 18:32:48 #11 type] 
Type domain.Erreserba is not enhanced.

[2025-10-01 18:32:48 #12 type] 
Type domain.Geldialdia is not enhanced.

[2025-10-01 18:32:48 #13 type] 
Type domain.Traveler is not enhanced.

[2025-10-01 18:32:48 #14 type] 
Type domain.Alerta is not enhanced.

