------------------------------------------------------------------------------------------------------------------------

[2025-11-14 19:12:58 #1 store] 
Database 'C:\Users\egoit\EHU\SI2\workspace\Rides25\src\main\resources\rides.temp' is opened by 2008@LAPTOP-2PN1U6VU

[2025-11-14 19:12:58 #2 type] 
Type domain.User is not enhanced.

[2025-11-14 19:12:58 #3 type] 
Type domain.Driver is not enhanced.

[2025-11-14 19:12:58 #4 type] 
Type domain.Erreklamazioa is not enhanced.

[2025-11-14 19:12:58 #5 type] 
Type domain.Mugimendua is not enhanced.

[2025-11-14 19:12:58 #6 type] 
Type domain.Car is not enhanced.

[2025-11-14 19:12:58 #7 type] 
Type domain.Ride is not enhanced.

[2025-11-14 19:12:58 #8 type] 
Type domain.Mezua is not enhanced.

[2025-11-14 19:12:58 #9 type] 
Type domain.Geldialdia is not enhanced.

[2025-11-14 19:12:58 #10 type] 
Type domain.Erreserba is not enhanced.

[2025-11-14 19:12:58 #11 type] 
Type domain.Traveler is not enhanced.

------------------------------------------------------------------------------------------------------------------------

[2025-11-14 19:14:54 #1 store] 
Database 'C:\Users\egoit\EHU\SI2\workspace\Rides25\src\main\resources\rides.temp' is opened by 9940@LAPTOP-2PN1U6VU

[2025-11-14 19:14:54 #2 type] 
Type domain.User is not enhanced.

[2025-11-14 19:14:54 #3 type] 
Type domain.Driver is not enhanced.

[2025-11-14 19:14:54 #4 type] 
Type domain.Erreklamazioa is not enhanced.

[2025-11-14 19:14:54 #5 type] 
Type domain.Mugimendua is not enhanced.

[2025-11-14 19:14:54 #6 type] 
Type domain.Car is not enhanced.

[2025-11-14 19:14:54 #7 type] 
Type domain.Ride is not enhanced.

[2025-11-14 19:14:54 #8 type] 
Type domain.Mezua is not enhanced.

[2025-11-14 19:14:54 #9 type] 
Type domain.Geldialdia is not enhanced.

[2025-11-14 19:14:54 #10 type] 
Type domain.Erreserba is not enhanced.

[2025-11-14 19:14:54 #11 type] 
Type domain.Traveler is not enhanced.

