------------------------------------------------------------------------------------------------------------------------

[2025-04-02 15:44:25 #1 store] 
Database 'C:\Users\egoit\git\Rides25\src\main\resources\rides.temp' is opened by 21564@LAPTOP-2PN1U6VU

[2025-04-02 15:44:25 #2 type] 
Type domain.User is not enhanced.

[2025-04-02 15:44:25 #3 type] 
Type domain.Driver is not enhanced.

[2025-04-02 15:44:25 #4 type] 
Type domain.Mugimendua is not enhanced.

[2025-04-02 15:44:25 #5 type] 
Type domain.Car is not enhanced.

[2025-04-02 15:44:25 #6 type] 
Type domain.Ride is not enhanced.

[2025-04-02 15:44:25 #7 type] 
Type domain.Erreserba is not enhanced.

[2025-04-02 15:44:25 #8 type] 
Type domain.Traveler is not enhanced.

------------------------------------------------------------------------------------------------------------------------

[2025-04-02 16:04:24 #1 store] 
Database 'C:\Users\egoit\git\Rides25\src\main\resources\rides.temp' is opened by 2908@LAPTOP-2PN1U6VU

[2025-04-02 16:04:24 #2 type] 
Type domain.User is not enhanced.

[2025-04-02 16:04:24 #3 type] 
Type domain.Driver is not enhanced.

[2025-04-02 16:04:24 #4 type] 
Type domain.Mugimendua is not enhanced.

[2025-04-02 16:04:24 #5 type] 
Type domain.Car is not enhanced.

[2025-04-02 16:04:24 #6 type] 
Type domain.Ride is not enhanced.

[2025-04-02 16:04:24 #7 type.registry] 
New type domain.RideEgoera

[2025-04-02 16:04:24 #8 type] 
Type domain.Erreserba is not enhanced.

[2025-04-02 16:04:24 #9 type] 
Type domain.Traveler is not enhanced.

------------------------------------------------------------------------------------------------------------------------

[2025-04-02 16:04:52 #1 store] 
Database 'C:\Users\egoit\git\Rides25\src\main\resources\rides.temp' has been recovered (tr. 18-18)

[2025-04-02 16:04:52 #2 store] 
Database 'C:\Users\egoit\git\Rides25\src\main\resources\rides.temp' is opened by 10352@LAPTOP-2PN1U6VU

[2025-04-02 16:04:52 #3 type] 
Type domain.User is not enhanced.

[2025-04-02 16:04:52 #4 type] 
Type domain.Driver is not enhanced.

[2025-04-02 16:04:52 #5 type] 
Type domain.Mugimendua is not enhanced.

[2025-04-02 16:04:52 #6 type] 
Type domain.Car is not enhanced.

[2025-04-02 16:04:52 #7 type] 
Type domain.Ride is not enhanced.

[2025-04-02 16:04:52 #8 type] 
Type domain.Erreserba is not enhanced.

[2025-04-02 16:04:52 #9 type] 
Type domain.Traveler is not enhanced.

------------------------------------------------------------------------------------------------------------------------

[2025-04-02 16:08:22 #1 store] 
Database 'C:\Users\egoit\git\Rides25\src\main\resources\rides.temp' has been recovered (tr. 19-19)

[2025-04-02 16:08:22 #2 store] 
Database 'C:\Users\egoit\git\Rides25\src\main\resources\rides.temp' is opened by 8452@LAPTOP-2PN1U6VU

[2025-04-02 16:08:22 #3 type] 
Type domain.User is not enhanced.

[2025-04-02 16:08:22 #4 type] 
Type domain.Driver is not enhanced.

[2025-04-02 16:08:22 #5 type] 
Type domain.Mugimendua is not enhanced.

[2025-04-02 16:08:22 #6 type] 
Type domain.Car is not enhanced.

[2025-04-02 16:08:22 #7 type] 
Type domain.Ride is not enhanced.

[2025-04-02 16:08:22 #8 type] 
Type domain.Erreserba is not enhanced.

[2025-04-02 16:08:22 #9 type] 
Type domain.Traveler is not enhanced.

------------------------------------------------------------------------------------------------------------------------

[2025-04-02 16:10:21 #1 store] 
Database 'C:\Users\egoit\git\Rides25\src\main\resources\rides.temp' is opened by 624@LAPTOP-2PN1U6VU

[2025-04-02 16:10:21 #2 type] 
Type domain.User is not enhanced.

[2025-04-02 16:10:21 #3 type] 
Type domain.Driver is not enhanced.

[2025-04-02 16:10:21 #4 type] 
Type domain.Mugimendua is not enhanced.

[2025-04-02 16:10:21 #5 type] 
Type domain.Car is not enhanced.

[2025-04-02 16:10:21 #6 type] 
Type domain.Ride is not enhanced.

[2025-04-02 16:10:21 #7 type] 
Type domain.Erreserba is not enhanced.

[2025-04-02 16:10:21 #8 type] 
Type domain.Traveler is not enhanced.

------------------------------------------------------------------------------------------------------------------------

[2025-04-02 16:13:02 #1 store] 
Database 'C:\Users\egoit\git\Rides25\src\main\resources\rides.temp' is opened by 14980@LAPTOP-2PN1U6VU

[2025-04-02 16:13:02 #2 type] 
Type domain.User is not enhanced.

[2025-04-02 16:13:02 #3 type] 
Type domain.Driver is not enhanced.

[2025-04-02 16:13:02 #4 type] 
Type domain.Mugimendua is not enhanced.

[2025-04-02 16:13:02 #5 type] 
Type domain.Car is not enhanced.

[2025-04-02 16:13:02 #6 type] 
Type domain.Ride is not enhanced.

[2025-04-02 16:13:02 #7 type] 
Type domain.Erreserba is not enhanced.

[2025-04-02 16:13:02 #8 type] 
Type domain.Traveler is not enhanced.

------------------------------------------------------------------------------------------------------------------------

[2025-04-02 16:13:14 #1 store] 
Database 'C:\Users\egoit\git\Rides25\src\main\resources\rides.temp' is opened by 22368@LAPTOP-2PN1U6VU

[2025-04-02 16:13:15 #2 type] 
Type domain.User is not enhanced.

[2025-04-02 16:13:15 #3 type] 
Type domain.Driver is not enhanced.

[2025-04-02 16:13:15 #4 type] 
Type domain.Mugimendua is not enhanced.

[2025-04-02 16:13:15 #5 type] 
Type domain.Car is not enhanced.

[2025-04-02 16:13:15 #6 type] 
Type domain.Ride is not enhanced.

[2025-04-02 16:13:15 #7 type] 
Type domain.Erreserba is not enhanced.

[2025-04-02 16:13:15 #8 type] 
Type domain.Traveler is not enhanced.

------------------------------------------------------------------------------------------------------------------------

[2025-04-02 16:14:05 #1 store] 
Database 'C:\Users\egoit\git\Rides25\src\main\resources\rides.temp' is opened by 312@LAPTOP-2PN1U6VU

[2025-04-02 16:14:05 #2 type] 
Type domain.User is not enhanced.

[2025-04-02 16:14:05 #3 type] 
Type domain.Driver is not enhanced.

[2025-04-02 16:14:05 #4 type] 
Type domain.Mugimendua is not enhanced.

[2025-04-02 16:14:05 #5 type] 
Type domain.Car is not enhanced.

[2025-04-02 16:14:05 #6 type] 
Type domain.Ride is not enhanced.

[2025-04-02 16:14:05 #7 type] 
Type domain.Erreserba is not enhanced.

[2025-04-02 16:14:05 #8 type] 
Type domain.Traveler is not enhanced.

------------------------------------------------------------------------------------------------------------------------

[2025-04-02 16:14:36 #1 store] 
Database 'C:\Users\egoit\git\Rides25\src\main\resources\rides.temp' is opened by 2296@LAPTOP-2PN1U6VU

[2025-04-02 16:14:36 #2 type] 
Type domain.User is not enhanced.

[2025-04-02 16:14:36 #3 type] 
Type domain.Driver is not enhanced.

[2025-04-02 16:14:36 #4 type] 
Type domain.Mugimendua is not enhanced.

[2025-04-02 16:14:36 #5 type] 
Type domain.Car is not enhanced.

[2025-04-02 16:14:36 #6 type] 
Type domain.Ride is not enhanced.

[2025-04-02 16:14:36 #7 type] 
Type domain.Erreserba is not enhanced.

[2025-04-02 16:14:36 #8 type] 
Type domain.Traveler is not enhanced.

------------------------------------------------------------------------------------------------------------------------

[2025-04-02 16:36:32 #1 store] 
Database 'C:\Users\egoit\git\Rides25\src\main\resources\rides.temp' is opened by 5260@LAPTOP-2PN1U6VU

[2025-04-02 16:36:32 #2 type.registry] 
New type domain.User

[2025-04-02 16:36:32 #3 type.registry] 
New type domain.Driver

[2025-04-02 16:36:32 #4 type] 
Type domain.User is not enhanced.

[2025-04-02 16:36:32 #5 type.registry] 
New type domain.Mugimendua

[2025-04-02 16:36:32 #6 type] 
Type domain.Driver is not enhanced.

[2025-04-02 16:36:32 #7 type.registry] 
New type domain.Car

[2025-04-02 16:36:32 #8 type.registry] 
New type domain.Ride

[2025-04-02 16:36:32 #9 type] 
Type domain.Mugimendua is not enhanced.

[2025-04-02 16:36:32 #10 type.registry] 
New type domain.MugimenduMota

[2025-04-02 16:36:32 #11 type] 
Type domain.Car is not enhanced.

[2025-04-02 16:36:32 #12 type] 
Type domain.Ride is not enhanced.

[2025-04-02 16:36:32 #13 type.registry] 
New type domain.RideEgoera

[2025-04-02 16:36:32 #14 type.registry] 
New type domain.Erreserba

[2025-04-02 16:36:32 #15 type] 
Type domain.Erreserba is not enhanced.

[2025-04-02 16:36:32 #16 type.registry] 
New type domain.Traveler

[2025-04-02 16:36:32 #17 type.registry] 
New type domain.ErreserbaEgoera

[2025-04-02 16:36:32 #18 type] 
Type domain.Traveler is not enhanced.

[2025-04-02 16:36:32 #19 type.registry] 
New type java.util.Vector<java.lang.Object>

[2025-04-02 16:36:32 #20 type.registry] 
New type java.util.Vector<domain.Mugimendua>

[2025-04-02 16:36:32 #21 type.registry] 
New type java.util.Vector<domain.Ride>

[2025-04-02 16:36:32 #22 type.registry] 
New type java.util.Vector<domain.Car>

[2025-04-02 16:36:32 #23 type.registry] 
New type java.util.Vector<domain.Erreserba>

------------------------------------------------------------------------------------------------------------------------

[2025-04-02 16:39:44 #1 store] 
Database 'C:\Users\egoit\git\Rides25\src\main\resources\rides.temp' has been recovered (tr. 1-21)

[2025-04-02 16:39:44 #2 store] 
Database 'C:\Users\egoit\git\Rides25\src\main\resources\rides.temp' is opened by 22252@LAPTOP-2PN1U6VU

[2025-04-02 16:39:45 #3 type] 
Type domain.User is not enhanced.

[2025-04-02 16:39:45 #4 type] 
Type domain.Driver is not enhanced.

[2025-04-02 16:39:45 #5 type] 
Type domain.Mugimendua is not enhanced.

[2025-04-02 16:39:45 #6 type] 
Type domain.Car is not enhanced.

[2025-04-02 16:39:45 #7 type] 
Type domain.Ride is not enhanced.

[2025-04-02 16:39:45 #8 type] 
Type domain.Erreserba is not enhanced.

[2025-04-02 16:39:45 #9 type] 
Type domain.Traveler is not enhanced.

------------------------------------------------------------------------------------------------------------------------

[2025-04-02 16:40:14 #1 store] 
Database 'C:\Users\egoit\git\Rides25\src\main\resources\rides.temp' is opened by 12596@LAPTOP-2PN1U6VU

[2025-04-02 16:40:14 #2 type] 
Type domain.User is not enhanced.

[2025-04-02 16:40:14 #3 type] 
Type domain.Driver is not enhanced.

[2025-04-02 16:40:14 #4 type] 
Type domain.Mugimendua is not enhanced.

[2025-04-02 16:40:14 #5 type] 
Type domain.Car is not enhanced.

[2025-04-02 16:40:14 #6 type] 
Type domain.Ride is not enhanced.

[2025-04-02 16:40:14 #7 type] 
Type domain.Erreserba is not enhanced.

[2025-04-02 16:40:14 #8 type] 
Type domain.Traveler is not enhanced.

------------------------------------------------------------------------------------------------------------------------

[2025-04-02 16:41:43 #1 store] 
Database 'C:\Users\egoit\git\Rides25\src\main\resources\rides.temp' is opened by 4656@LAPTOP-2PN1U6VU

[2025-04-02 16:41:43 #2 type] 
Type domain.User is not enhanced.

[2025-04-02 16:41:44 #3 type] 
Type domain.Driver is not enhanced.

[2025-04-02 16:41:44 #4 type] 
Type domain.Mugimendua is not enhanced.

[2025-04-02 16:41:44 #5 type] 
Type domain.Car is not enhanced.

[2025-04-02 16:41:44 #6 type] 
Type domain.Ride is not enhanced.

[2025-04-02 16:41:44 #7 type] 
Type domain.Erreserba is not enhanced.

[2025-04-02 16:41:44 #8 type] 
Type domain.Traveler is not enhanced.

------------------------------------------------------------------------------------------------------------------------

[2025-04-02 16:43:06 #1 store] 
Database 'C:\Users\egoit\git\Rides25\src\main\resources\rides.temp' is opened by 21260@LAPTOP-2PN1U6VU

[2025-04-02 16:43:06 #2 type] 
Type domain.User is not enhanced.

[2025-04-02 16:43:06 #3 type] 
Type domain.Driver is not enhanced.

[2025-04-02 16:43:06 #4 type] 
Type domain.Mugimendua is not enhanced.

[2025-04-02 16:43:06 #5 type] 
Type domain.Car is not enhanced.

[2025-04-02 16:43:06 #6 type] 
Type domain.Ride is not enhanced.

[2025-04-02 16:43:06 #7 type] 
Type domain.Erreserba is not enhanced.

[2025-04-02 16:43:06 #8 type] 
Type domain.Traveler is not enhanced.

------------------------------------------------------------------------------------------------------------------------

[2025-04-02 16:43:21 #1 store] 
Database 'C:\Users\egoit\git\Rides25\src\main\resources\rides.temp' has been recovered (tr. 22-22)

[2025-04-02 16:43:22 #2 store] 
Database 'C:\Users\egoit\git\Rides25\src\main\resources\rides.temp' is opened by 22472@LAPTOP-2PN1U6VU

[2025-04-02 16:43:22 #3 type] 
Type domain.User is not enhanced.

[2025-04-02 16:43:22 #4 type] 
Type domain.Driver is not enhanced.

[2025-04-02 16:43:22 #5 type] 
Type domain.Mugimendua is not enhanced.

[2025-04-02 16:43:22 #6 type] 
Type domain.Car is not enhanced.

[2025-04-02 16:43:22 #7 type] 
Type domain.Ride is not enhanced.

[2025-04-02 16:43:22 #8 type] 
Type domain.Erreserba is not enhanced.

[2025-04-02 16:43:22 #9 type] 
Type domain.Traveler is not enhanced.

------------------------------------------------------------------------------------------------------------------------

[2025-04-02 16:52:07 #1 store] 
Database 'C:\Users\egoit\git\Rides25\src\main\resources\rides.temp' is opened by 15136@LAPTOP-2PN1U6VU

[2025-04-02 16:52:07 #2 type] 
Type domain.User is not enhanced.

[2025-04-02 16:52:07 #3 type] 
Type domain.Driver is not enhanced.

[2025-04-02 16:52:07 #4 type] 
Type domain.Mugimendua is not enhanced.

[2025-04-02 16:52:07 #5 type] 
Type domain.Car is not enhanced.

[2025-04-02 16:52:07 #6 type] 
Type domain.Ride is not enhanced.

[2025-04-02 16:52:07 #7 type] 
Type domain.Erreserba is not enhanced.

[2025-04-02 16:52:07 #8 type] 
Type domain.Traveler is not enhanced.

------------------------------------------------------------------------------------------------------------------------

[2025-04-02 16:55:07 #1 store] 
Database 'C:\Users\egoit\git\Rides25\src\main\resources\rides.temp' is opened by 16748@LAPTOP-2PN1U6VU

[2025-04-02 16:55:07 #2 type.registry] 
New type domain.User

[2025-04-02 16:55:07 #3 type.registry] 
New type domain.Driver

[2025-04-02 16:55:07 #4 type] 
Type domain.User is not enhanced.

[2025-04-02 16:55:07 #5 type.registry] 
New type domain.Mugimendua

[2025-04-02 16:55:07 #6 type] 
Type domain.Driver is not enhanced.

[2025-04-02 16:55:07 #7 type.registry] 
New type domain.Car

[2025-04-02 16:55:07 #8 type.registry] 
New type domain.Ride

[2025-04-02 16:55:07 #9 type] 
Type domain.Mugimendua is not enhanced.

[2025-04-02 16:55:07 #10 type.registry] 
New type domain.MugimenduMota

[2025-04-02 16:55:07 #11 type] 
Type domain.Car is not enhanced.

[2025-04-02 16:55:07 #12 type] 
Type domain.Ride is not enhanced.

[2025-04-02 16:55:07 #13 type.registry] 
New type domain.RideEgoera

[2025-04-02 16:55:07 #14 type.registry] 
New type domain.Erreserba

[2025-04-02 16:55:07 #15 type] 
Type domain.Erreserba is not enhanced.

[2025-04-02 16:55:07 #16 type.registry] 
New type domain.Traveler

[2025-04-02 16:55:07 #17 type.registry] 
New type domain.ErreserbaEgoera

[2025-04-02 16:55:07 #18 type] 
Type domain.Traveler is not enhanced.

[2025-04-02 16:55:07 #19 type.registry] 
New type java.util.Vector<java.lang.Object>

[2025-04-02 16:55:07 #20 type.registry] 
New type java.util.Vector<domain.Mugimendua>

[2025-04-02 16:55:07 #21 type.registry] 
New type java.util.Vector<domain.Ride>

[2025-04-02 16:55:07 #22 type.registry] 
New type java.util.Vector<domain.Car>

[2025-04-02 16:55:07 #23 type.registry] 
New type java.util.Vector<domain.Erreserba>

------------------------------------------------------------------------------------------------------------------------

[2025-04-02 16:56:36 #1 store] 
Database 'C:\Users\egoit\git\Rides25\src\main\resources\rides.temp' has been recovered (tr. 1-15)

[2025-04-02 16:56:36 #2 store] 
Database 'C:\Users\egoit\git\Rides25\src\main\resources\rides.temp' is opened by 5256@LAPTOP-2PN1U6VU

[2025-04-02 16:56:36 #3 type] 
Type domain.User is not enhanced.

[2025-04-02 16:56:36 #4 type] 
Type domain.Driver is not enhanced.

[2025-04-02 16:56:36 #5 type] 
Type domain.Mugimendua is not enhanced.

[2025-04-02 16:56:36 #6 type] 
Type domain.Car is not enhanced.

[2025-04-02 16:56:36 #7 type] 
Type domain.Ride is not enhanced.

[2025-04-02 16:56:36 #8 type] 
Type domain.Erreserba is not enhanced.

[2025-04-02 16:56:36 #9 type] 
Type domain.Traveler is not enhanced.

------------------------------------------------------------------------------------------------------------------------

[2025-04-02 16:59:12 #1 store] 
Database 'C:\Users\egoit\git\Rides25\src\main\resources\rides.temp' has been recovered (tr. 16-17)

[2025-04-02 16:59:12 #2 store] 
Database 'C:\Users\egoit\git\Rides25\src\main\resources\rides.temp' is opened by 11712@LAPTOP-2PN1U6VU

[2025-04-02 16:59:12 #3 type] 
Type domain.User is not enhanced.

[2025-04-02 16:59:12 #4 type] 
Type domain.Driver is not enhanced.

[2025-04-02 16:59:12 #5 type] 
Type domain.Mugimendua is not enhanced.

[2025-04-02 16:59:12 #6 type] 
Type domain.Car is not enhanced.

[2025-04-02 16:59:12 #7 type] 
Type domain.Ride is not enhanced.

[2025-04-02 16:59:12 #8 type] 
Type domain.Erreserba is not enhanced.

[2025-04-02 16:59:12 #9 type] 
Type domain.Traveler is not enhanced.

------------------------------------------------------------------------------------------------------------------------

[2025-04-02 16:59:28 #1 store] 
Database 'C:\Users\egoit\git\Rides25\src\main\resources\rides.temp' is opened by 9184@LAPTOP-2PN1U6VU

[2025-04-02 16:59:28 #2 type] 
Type domain.User is not enhanced.

[2025-04-02 16:59:28 #3 type] 
Type domain.Driver is not enhanced.

[2025-04-02 16:59:29 #4 type] 
Type domain.Mugimendua is not enhanced.

[2025-04-02 16:59:29 #5 type] 
Type domain.Car is not enhanced.

[2025-04-02 16:59:29 #6 type] 
Type domain.Ride is not enhanced.

[2025-04-02 16:59:29 #7 type] 
Type domain.Erreserba is not enhanced.

[2025-04-02 16:59:29 #8 type] 
Type domain.Traveler is not enhanced.

------------------------------------------------------------------------------------------------------------------------

[2025-04-02 17:08:34 #1 store] 
Database 'C:\Users\egoit\git\Rides25\src\main\resources\rides.temp' is opened by 21756@LAPTOP-2PN1U6VU

[2025-04-02 17:08:34 #2 type.registry] 
New type domain.User

[2025-04-02 17:08:34 #3 type.registry] 
New type domain.Driver

[2025-04-02 17:08:34 #4 type] 
Type domain.User is not enhanced.

[2025-04-02 17:08:34 #5 type.registry] 
New type domain.Mugimendua

[2025-04-02 17:08:34 #6 type] 
Type domain.Driver is not enhanced.

[2025-04-02 17:08:34 #7 type.registry] 
New type domain.Car

[2025-04-02 17:08:35 #8 type.registry] 
New type domain.Ride

[2025-04-02 17:08:35 #9 type] 
Type domain.Mugimendua is not enhanced.

[2025-04-02 17:08:35 #10 type.registry] 
New type domain.MugimenduMota

[2025-04-02 17:08:35 #11 type] 
Type domain.Car is not enhanced.

[2025-04-02 17:08:35 #12 type] 
Type domain.Ride is not enhanced.

[2025-04-02 17:08:35 #13 type.registry] 
New type domain.RideEgoera

[2025-04-02 17:08:35 #14 type.registry] 
New type domain.Erreserba

[2025-04-02 17:08:35 #15 type] 
Type domain.Erreserba is not enhanced.

[2025-04-02 17:08:35 #16 type.registry] 
New type domain.Traveler

[2025-04-02 17:08:35 #17 type.registry] 
New type domain.ErreserbaEgoera

[2025-04-02 17:08:35 #18 type] 
Type domain.Traveler is not enhanced.

[2025-04-02 17:08:35 #19 type.registry] 
New type java.util.Vector<java.lang.Object>

[2025-04-02 17:08:35 #20 type.registry] 
New type java.util.Vector<domain.Mugimendua>

[2025-04-02 17:08:35 #21 type.registry] 
New type java.util.Vector<domain.Ride>

[2025-04-02 17:08:35 #22 type.registry] 
New type java.util.Vector<domain.Car>

[2025-04-02 17:08:35 #23 type.registry] 
New type java.util.Vector<domain.Erreserba>

