------------------------------------------------------------------------------------------------------------------------

[2025-02-28 10:37:19 #1 store] 
Database 'C:\Users\egoit\git\Rides25\src\main\resources\rides.temp' has been recovered (tr. 29-29)

[2025-02-28 10:37:19 #2 store] 
Database 'C:\Users\egoit\git\Rides25\src\main\resources\rides.temp' is opened by 12156@LAPTOP-2PN1U6VU

[2025-02-28 10:37:19 #3 type] 
Type domain.User is not enhanced.

[2025-02-28 10:37:19 #4 type] 
Type domain.Driver is not enhanced.

[2025-02-28 10:37:19 #5 type] 
Type domain.Ride is not enhanced.

[2025-02-28 10:37:19 #6 type] 
Type domain.Erreserba is not enhanced.

[2025-02-28 10:37:19 #7 type] 
Type domain.Traveler is not enhanced.

------------------------------------------------------------------------------------------------------------------------

[2025-02-28 10:46:37 #1 store] 
Database 'C:\Users\egoit\git\Rides25\src\main\resources\rides.temp' has been recovered (tr. 30-30)

[2025-02-28 10:46:37 #2 store] 
Database 'C:\Users\egoit\git\Rides25\src\main\resources\rides.temp' is opened by 6904@LAPTOP-2PN1U6VU

[2025-02-28 10:46:37 #3 type] 
Type domain.User is not enhanced.

[2025-02-28 10:46:38 #4 type] 
Type domain.Driver is not enhanced.

[2025-02-28 10:46:38 #5 type] 
Type domain.Ride is not enhanced.

[2025-02-28 10:46:38 #6 type] 
Type domain.Erreserba is not enhanced.

[2025-02-28 10:46:38 #7 type] 
Type domain.Traveler is not enhanced.

------------------------------------------------------------------------------------------------------------------------

[2025-02-28 10:48:24 #1 store] 
Database 'C:\Users\egoit\git\Rides25\src\main\resources\rides.temp' is opened by 4884@LAPTOP-2PN1U6VU

[2025-02-28 10:48:24 #2 type] 
Type domain.User is not enhanced.

[2025-02-28 10:48:24 #3 type] 
Type domain.Driver is not enhanced.

[2025-02-28 10:48:24 #4 type] 
Type domain.Ride is not enhanced.

[2025-02-28 10:48:24 #5 type] 
Type domain.Erreserba is not enhanced.

[2025-02-28 10:48:24 #6 type] 
Type domain.Traveler is not enhanced.

------------------------------------------------------------------------------------------------------------------------

[2025-02-28 10:59:24 #1 store] 
Database 'C:\Users\egoit\git\Rides25\src\main\resources\rides.temp' has been recovered (tr. 31-31)

[2025-02-28 10:59:25 #2 store] 
Database 'C:\Users\egoit\git\Rides25\src\main\resources\rides.temp' is opened by 12628@LAPTOP-2PN1U6VU

[2025-02-28 10:59:25 #3 type] 
Type domain.User is not enhanced.

[2025-02-28 10:59:25 #4 type] 
Type domain.Driver is not enhanced.

[2025-02-28 10:59:25 #5 type] 
Type domain.Ride is not enhanced.

[2025-02-28 10:59:25 #6 type] 
Type domain.Erreserba is not enhanced.

[2025-02-28 10:59:25 #7 type] 
Type domain.Traveler is not enhanced.

------------------------------------------------------------------------------------------------------------------------

[2025-02-28 11:23:39 #1 store] 
Database 'C:\Users\egoit\git\Rides25\src\main\resources\rides.temp' is opened by 9552@LAPTOP-2PN1U6VU

[2025-02-28 11:23:39 #2 type] 
Type domain.User is not enhanced.

[2025-02-28 11:23:39 #3 type] 
Type domain.Driver is not enhanced.

[2025-02-28 11:23:39 #4 type] 
Type domain.Ride is not enhanced.

[2025-02-28 11:23:39 #5 type] 
Type domain.Erreserba is not enhanced.

[2025-02-28 11:23:39 #6 type] 
Type domain.Traveler is not enhanced.

