------------------------------------------------------------------------------------------------------------------------

[2025-04-08 15:34:07 #1 store] 
Database 'C:\Users\egoit\git\Rides25\src\main\resources\rides.temp' is opened by 6464@LAPTOP-2PN1U6VU

[2025-04-08 15:34:07 #2 type] 
Type domain.User is not enhanced.

[2025-04-08 15:34:07 #3 type] 
Type domain.Driver is not enhanced.

[2025-04-08 15:34:07 #4 type] 
Type domain.Mugimendua is not enhanced.

[2025-04-08 15:34:07 #5 type] 
Type domain.Car is not enhanced.

[2025-04-08 15:34:07 #6 type] 
Type domain.Ride is not enhanced.

[2025-04-08 15:34:07 #7 type] 
Type domain.Erreserba is not enhanced.

[2025-04-08 15:34:07 #8 type] 
Type domain.Traveler is not enhanced.

------------------------------------------------------------------------------------------------------------------------

[2025-04-08 15:34:37 #1 store] 
Database 'C:\Users\egoit\git\Rides25\src\main\resources\rides.temp' is opened by 15036@LAPTOP-2PN1U6VU

[2025-04-08 15:34:37 #2 type.registry] 
New type domain.User

[2025-04-08 15:34:37 #3 type.registry] 
New type domain.Driver

[2025-04-08 15:34:37 #4 type] 
Type domain.User is not enhanced.

[2025-04-08 15:34:37 #5 type.registry] 
New type domain.Mugimendua

[2025-04-08 15:34:37 #6 type] 
Type domain.Driver is not enhanced.

[2025-04-08 15:34:37 #7 type.registry] 
New type domain.Car

[2025-04-08 15:34:37 #8 type.registry] 
New type domain.Ride

[2025-04-08 15:34:37 #9 type] 
Type domain.Mugimendua is not enhanced.

[2025-04-08 15:34:37 #10 type.registry] 
New type domain.MugimenduMota

[2025-04-08 15:34:37 #11 type] 
Type domain.Car is not enhanced.

[2025-04-08 15:34:37 #12 type] 
Type domain.Ride is not enhanced.

[2025-04-08 15:34:37 #13 type.registry] 
New type domain.RideEgoera

[2025-04-08 15:34:37 #14 type.registry] 
New type domain.Erreserba

[2025-04-08 15:34:37 #15 type] 
Type domain.Erreserba is not enhanced.

[2025-04-08 15:34:37 #16 type.registry] 
New type domain.Traveler

[2025-04-08 15:34:37 #17 type.registry] 
New type domain.ErreserbaEgoera

[2025-04-08 15:34:37 #18 type] 
Type domain.Traveler is not enhanced.

[2025-04-08 15:34:37 #19 type.registry] 
New type java.util.Vector<java.lang.Object>

[2025-04-08 15:34:37 #20 type.registry] 
New type java.util.Vector<domain.Mugimendua>

[2025-04-08 15:34:37 #21 type.registry] 
New type java.util.Vector<domain.Ride>

[2025-04-08 15:34:37 #22 type.registry] 
New type java.util.Vector<domain.Car>

[2025-04-08 15:34:37 #23 type.registry] 
New type java.util.Vector<domain.Erreserba>

------------------------------------------------------------------------------------------------------------------------

[2025-04-08 15:45:08 #1 store] 
Database 'C:\Users\egoit\git\Rides25\src\main\resources\rides.temp' is opened by 3736@LAPTOP-2PN1U6VU

[2025-04-08 15:45:08 #2 type.registry] 
New type domain.User

[2025-04-08 15:45:08 #3 type.registry] 
New type domain.Driver

[2025-04-08 15:45:08 #4 type] 
Type domain.User is not enhanced.

[2025-04-08 15:45:08 #5 type.registry] 
New type domain.Mugimendua

[2025-04-08 15:45:08 #6 type] 
Type domain.Driver is not enhanced.

[2025-04-08 15:45:08 #7 type.registry] 
New type domain.Car

[2025-04-08 15:45:08 #8 type.registry] 
New type domain.Ride

[2025-04-08 15:45:08 #9 type] 
Type domain.Mugimendua is not enhanced.

[2025-04-08 15:45:08 #10 type.registry] 
New type domain.MugimenduMota

[2025-04-08 15:45:08 #11 type] 
Type domain.Car is not enhanced.

[2025-04-08 15:45:08 #12 type] 
Type domain.Ride is not enhanced.

[2025-04-08 15:45:08 #13 type.registry] 
New type domain.RideEgoera

[2025-04-08 15:45:08 #14 type.registry] 
New type domain.Erreserba

[2025-04-08 15:45:08 #15 type] 
Type domain.Erreserba is not enhanced.

[2025-04-08 15:45:08 #16 type.registry] 
New type domain.Traveler

[2025-04-08 15:45:08 #17 type.registry] 
New type domain.ErreserbaEgoera

[2025-04-08 15:45:08 #18 type] 
Type domain.Traveler is not enhanced.

[2025-04-08 15:45:08 #19 type.registry] 
New type java.util.Vector<java.lang.Object>

[2025-04-08 15:45:08 #20 type.registry] 
New type java.util.Vector<domain.Mugimendua>

[2025-04-08 15:45:08 #21 type.registry] 
New type java.util.Vector<domain.Ride>

[2025-04-08 15:45:08 #22 type.registry] 
New type java.util.Vector<domain.Car>

[2025-04-08 15:45:08 #23 type.registry] 
New type java.util.Vector<domain.Erreserba>

------------------------------------------------------------------------------------------------------------------------

[2025-04-08 15:45:40 #1 store] 
Database 'C:\Users\egoit\git\Rides25\src\main\resources\rides.temp' is opened by 16128@LAPTOP-2PN1U6VU

[2025-04-08 15:45:41 #2 type] 
Type domain.User is not enhanced.

[2025-04-08 15:45:41 #3 type] 
Type domain.Driver is not enhanced.

[2025-04-08 15:45:41 #4 type] 
Type domain.Mugimendua is not enhanced.

[2025-04-08 15:45:41 #5 type] 
Type domain.Car is not enhanced.

[2025-04-08 15:45:41 #6 type] 
Type domain.Ride is not enhanced.

[2025-04-08 15:45:41 #7 type] 
Type domain.Erreserba is not enhanced.

[2025-04-08 15:45:41 #8 type] 
Type domain.Traveler is not enhanced.

------------------------------------------------------------------------------------------------------------------------

[2025-04-08 15:46:58 #1 store] 
Database 'C:\Users\egoit\git\Rides25\src\main\resources\rides.temp' is opened by 2900@LAPTOP-2PN1U6VU

[2025-04-08 15:46:58 #2 type] 
Type domain.User is not enhanced.

[2025-04-08 15:46:58 #3 type] 
Type domain.Driver is not enhanced.

[2025-04-08 15:46:58 #4 type] 
Type domain.Mugimendua is not enhanced.

[2025-04-08 15:46:58 #5 type] 
Type domain.Car is not enhanced.

[2025-04-08 15:46:58 #6 type] 
Type domain.Ride is not enhanced.

[2025-04-08 15:46:58 #7 type] 
Type domain.Erreserba is not enhanced.

[2025-04-08 15:46:58 #8 type] 
Type domain.Traveler is not enhanced.

------------------------------------------------------------------------------------------------------------------------

[2025-04-08 15:47:55 #1 store] 
Database 'C:\Users\egoit\git\Rides25\src\main\resources\rides.temp' is opened by 3624@LAPTOP-2PN1U6VU

[2025-04-08 15:47:56 #2 type.registry] 
New type domain.User

[2025-04-08 15:47:56 #3 type.registry] 
New type domain.Driver

[2025-04-08 15:47:56 #4 type] 
Type domain.User is not enhanced.

[2025-04-08 15:47:56 #5 type.registry] 
New type domain.Mugimendua

[2025-04-08 15:47:56 #6 type] 
Type domain.Driver is not enhanced.

[2025-04-08 15:47:56 #7 type.registry] 
New type domain.Car

[2025-04-08 15:47:56 #8 type.registry] 
New type domain.Ride

[2025-04-08 15:47:56 #9 type] 
Type domain.Mugimendua is not enhanced.

[2025-04-08 15:47:56 #10 type.registry] 
New type domain.MugimenduMota

[2025-04-08 15:47:56 #11 type] 
Type domain.Car is not enhanced.

[2025-04-08 15:47:56 #12 type] 
Type domain.Ride is not enhanced.

[2025-04-08 15:47:56 #13 type.registry] 
New type domain.RideEgoera

[2025-04-08 15:47:56 #14 type.registry] 
New type domain.Erreserba

[2025-04-08 15:47:56 #15 type] 
Type domain.Erreserba is not enhanced.

[2025-04-08 15:47:56 #16 type.registry] 
New type domain.Traveler

[2025-04-08 15:47:56 #17 type.registry] 
New type domain.ErreserbaEgoera

[2025-04-08 15:47:56 #18 type] 
Type domain.Traveler is not enhanced.

[2025-04-08 15:47:56 #19 type.registry] 
New type java.util.Vector<java.lang.Object>

[2025-04-08 15:47:56 #20 type.registry] 
New type java.util.Vector<domain.Mugimendua>

[2025-04-08 15:47:56 #21 type.registry] 
New type java.util.Vector<domain.Ride>

[2025-04-08 15:47:56 #22 type.registry] 
New type java.util.Vector<domain.Car>

[2025-04-08 15:47:56 #23 type.registry] 
New type java.util.Vector<domain.Erreserba>

[2025-04-08 15:49:31 #24 type.registry] 
New type java.util.ArrayList<java.lang.Object>

[2025-04-08 15:49:31 #25 type.registry] 
New type java.util.ArrayList<domain.Erreserba>

[2025-04-08 15:49:31 #26 type.registry] 
New type com.objectdb.o.LMT

[2025-04-08 15:49:31 #27 type.registry] 
New type com.objectdb.o.VAL

[2025-04-08 15:49:31 #28 type.registry] 
New type com.objectdb.o.RFV

------------------------------------------------------------------------------------------------------------------------

[2025-04-08 15:57:10 #1 store] 
Database 'C:\Users\egoit\git\Rides25\src\main\resources\rides.temp' has been recovered (tr. 1-27)

[2025-04-08 15:57:11 #2 store] 
Database 'C:\Users\egoit\git\Rides25\src\main\resources\rides.temp' is opened by 5504@LAPTOP-2PN1U6VU

[2025-04-08 15:57:11 #3 type] 
Type domain.User is not enhanced.

[2025-04-08 15:57:11 #4 type] 
Type domain.Driver is not enhanced.

[2025-04-08 15:57:11 #5 type] 
Type domain.Mugimendua is not enhanced.

[2025-04-08 15:57:11 #6 type] 
Type domain.Car is not enhanced.

[2025-04-08 15:57:11 #7 type] 
Type domain.Ride is not enhanced.

[2025-04-08 15:57:11 #8 type] 
Type domain.Erreserba is not enhanced.

[2025-04-08 15:57:11 #9 type] 
Type domain.Traveler is not enhanced.

------------------------------------------------------------------------------------------------------------------------

[2025-04-08 16:08:06 #1 store] 
Database 'C:\Users\egoit\git\Rides25\src\main\resources\rides.temp' is opened by 14648@LAPTOP-2PN1U6VU

[2025-04-08 16:08:06 #2 type.registry] 
New type domain.User

[2025-04-08 16:08:06 #3 type.registry] 
New type domain.Driver

[2025-04-08 16:08:06 #4 type] 
Type domain.User is not enhanced.

[2025-04-08 16:08:06 #5 type.registry] 
New type domain.Mugimendua

[2025-04-08 16:08:06 #6 type] 
Type domain.Driver is not enhanced.

[2025-04-08 16:08:06 #7 type.registry] 
New type domain.Car

[2025-04-08 16:08:06 #8 type.registry] 
New type domain.Ride

[2025-04-08 16:08:06 #9 type] 
Type domain.Mugimendua is not enhanced.

[2025-04-08 16:08:06 #10 type.registry] 
New type domain.MugimenduMota

[2025-04-08 16:08:06 #11 type] 
Type domain.Car is not enhanced.

[2025-04-08 16:08:06 #12 type] 
Type domain.Ride is not enhanced.

[2025-04-08 16:08:06 #13 type.registry] 
New type domain.RideEgoera

[2025-04-08 16:08:06 #14 type.registry] 
New type domain.Erreserba

[2025-04-08 16:08:06 #15 type] 
Type domain.Erreserba is not enhanced.

[2025-04-08 16:08:06 #16 type.registry] 
New type domain.Traveler

[2025-04-08 16:08:06 #17 type.registry] 
New type domain.ErreserbaEgoera

[2025-04-08 16:08:06 #18 type] 
Type domain.Traveler is not enhanced.

[2025-04-08 16:08:06 #19 type.registry] 
New type java.util.Vector<java.lang.Object>

[2025-04-08 16:08:06 #20 type.registry] 
New type java.util.Vector<domain.Mugimendua>

[2025-04-08 16:08:06 #21 type.registry] 
New type java.util.Vector<domain.Ride>

[2025-04-08 16:08:06 #22 type.registry] 
New type java.util.Vector<domain.Car>

[2025-04-08 16:08:06 #23 type.registry] 
New type java.util.Vector<domain.Erreserba>

------------------------------------------------------------------------------------------------------------------------

[2025-04-08 16:10:10 #1 store] 
Database 'C:\Users\egoit\git\Rides25\src\main\resources\rides.temp' is opened by 16312@LAPTOP-2PN1U6VU

[2025-04-08 16:10:10 #2 type.registry] 
New type domain.User

[2025-04-08 16:10:10 #3 type.registry] 
New type domain.Driver

[2025-04-08 16:10:10 #4 type] 
Type domain.User is not enhanced.

[2025-04-08 16:10:10 #5 type.registry] 
New type domain.Mugimendua

[2025-04-08 16:10:10 #6 type] 
Type domain.Driver is not enhanced.

[2025-04-08 16:10:10 #7 type.registry] 
New type domain.Car

[2025-04-08 16:10:10 #8 type.registry] 
New type domain.Ride

[2025-04-08 16:10:10 #9 type] 
Type domain.Mugimendua is not enhanced.

[2025-04-08 16:10:10 #10 type.registry] 
New type domain.MugimenduMota

[2025-04-08 16:10:10 #11 type] 
Type domain.Car is not enhanced.

[2025-04-08 16:10:10 #12 type] 
Type domain.Ride is not enhanced.

[2025-04-08 16:10:10 #13 type.registry] 
New type domain.RideEgoera

[2025-04-08 16:10:10 #14 type.registry] 
New type domain.Erreserba

[2025-04-08 16:10:10 #15 type] 
Type domain.Erreserba is not enhanced.

[2025-04-08 16:10:10 #16 type.registry] 
New type domain.Traveler

[2025-04-08 16:10:10 #17 type.registry] 
New type domain.ErreserbaEgoera

[2025-04-08 16:10:10 #18 type] 
Type domain.Traveler is not enhanced.

[2025-04-08 16:10:10 #19 type.registry] 
New type java.util.Vector<java.lang.Object>

[2025-04-08 16:10:10 #20 type.registry] 
New type java.util.Vector<domain.Mugimendua>

[2025-04-08 16:10:10 #21 type.registry] 
New type java.util.Vector<domain.Ride>

[2025-04-08 16:10:10 #22 type.registry] 
New type java.util.Vector<domain.Car>

[2025-04-08 16:10:10 #23 type.registry] 
New type java.util.Vector<domain.Erreserba>

------------------------------------------------------------------------------------------------------------------------

[2025-04-08 16:13:34 #1 store] 
Database 'C:\Users\egoit\git\Rides25\src\main\resources\rides.temp' is opened by 7300@LAPTOP-2PN1U6VU

[2025-04-08 16:13:34 #2 type] 
Type domain.User is not enhanced.

[2025-04-08 16:13:34 #3 type] 
Type domain.Driver is not enhanced.

[2025-04-08 16:13:34 #4 type] 
Type domain.Mugimendua is not enhanced.

[2025-04-08 16:13:34 #5 type] 
Type domain.Car is not enhanced.

[2025-04-08 16:13:34 #6 type] 
Type domain.Ride is not enhanced.

[2025-04-08 16:13:34 #7 type] 
Type domain.Erreserba is not enhanced.

[2025-04-08 16:13:34 #8 type] 
Type domain.Traveler is not enhanced.

------------------------------------------------------------------------------------------------------------------------

[2025-04-08 16:15:04 #1 store] 
Database 'C:\Users\egoit\git\Rides25\src\main\resources\rides.temp' is opened by 2140@LAPTOP-2PN1U6VU

[2025-04-08 16:15:04 #2 type] 
Type domain.User is not enhanced.

[2025-04-08 16:15:04 #3 type] 
Type domain.Driver is not enhanced.

[2025-04-08 16:15:04 #4 type] 
Type domain.Mugimendua is not enhanced.

[2025-04-08 16:15:04 #5 type] 
Type domain.Car is not enhanced.

[2025-04-08 16:15:04 #6 type] 
Type domain.Ride is not enhanced.

[2025-04-08 16:15:04 #7 type] 
Type domain.Erreserba is not enhanced.

[2025-04-08 16:15:04 #8 type] 
Type domain.Traveler is not enhanced.

