------------------------------------------------------------------------------------------------------------------------

[2025-05-03 11:25:30 #1 store] 
Database 'C:\Users\egoit\git\Rides25\src\main\resources\rides.temp' has been recovered (tr. 1-19)

[2025-05-03 11:25:30 #2 store] 
Database 'C:\Users\egoit\git\Rides25\src\main\resources\rides.temp' is opened by 11208@LAPTOP-2PN1U6VU

[2025-05-03 11:25:30 #3 type] 
Type domain.User is not enhanced.

[2025-05-03 11:25:30 #4 type] 
Type domain.Driver is not enhanced.

[2025-05-03 11:25:30 #5 type] 
Type domain.Balorazioa is not enhanced.

[2025-05-03 11:25:30 #6 type] 
Type domain.Mugimendua is not enhanced.

[2025-05-03 11:25:30 #7 type] 
Type domain.Car is not enhanced.

[2025-05-03 11:25:30 #8 type] 
Type domain.Ride is not enhanced.

[2025-05-03 11:25:30 #9 type] 
Type domain.Erreserba is not enhanced.

[2025-05-03 11:25:30 #10 type] 
Type domain.Traveler is not enhanced.

[2025-05-03 11:25:30 #11 type] 
Type domain.Alerta is not enhanced.

------------------------------------------------------------------------------------------------------------------------

[2025-05-03 11:45:29 #1 store] 
Database 'C:\Users\egoit\git\Rides25\src\main\resources\rides.temp' is opened by 15036@LAPTOP-2PN1U6VU

[2025-05-03 11:45:30 #2 type] 
Type domain.User is not enhanced.

[2025-05-03 11:45:30 #3 type] 
Type domain.Driver is not enhanced.

[2025-05-03 11:45:30 #4 type] 
Type domain.Balorazioa is not enhanced.

[2025-05-03 11:45:30 #5 type] 
Type domain.Mugimendua is not enhanced.

[2025-05-03 11:45:30 #6 type] 
Type domain.Car is not enhanced.

[2025-05-03 11:45:30 #7 type] 
Type domain.Ride is not enhanced.

[2025-05-03 11:45:30 #8 type] 
Type domain.Erreserba is not enhanced.

[2025-05-03 11:45:30 #9 type] 
Type domain.Traveler is not enhanced.

[2025-05-03 11:45:30 #10 type] 
Type domain.Alerta is not enhanced.

------------------------------------------------------------------------------------------------------------------------

[2025-05-03 11:46:14 #1 store] 
Database 'C:\Users\egoit\git\Rides25\src\main\resources\rides.temp' is opened by 3740@LAPTOP-2PN1U6VU

[2025-05-03 11:46:14 #2 type] 
Type domain.User is not enhanced.

[2025-05-03 11:46:14 #3 type] 
Type domain.Driver is not enhanced.

[2025-05-03 11:46:14 #4 type] 
Type domain.Balorazioa is not enhanced.

[2025-05-03 11:46:14 #5 type] 
Type domain.Mugimendua is not enhanced.

[2025-05-03 11:46:14 #6 type] 
Type domain.Car is not enhanced.

[2025-05-03 11:46:14 #7 type] 
Type domain.Ride is not enhanced.

[2025-05-03 11:46:14 #8 type] 
Type domain.Erreserba is not enhanced.

[2025-05-03 11:46:14 #9 type] 
Type domain.Traveler is not enhanced.

[2025-05-03 11:46:14 #10 type] 
Type domain.Alerta is not enhanced.

------------------------------------------------------------------------------------------------------------------------

[2025-05-03 11:48:18 #1 store] 
Database 'C:\Users\egoit\git\Rides25\src\main\resources\rides.temp' has been recovered (tr. 20-20)

[2025-05-03 11:48:18 #2 store] 
Database 'C:\Users\egoit\git\Rides25\src\main\resources\rides.temp' is opened by 10276@LAPTOP-2PN1U6VU

[2025-05-03 11:48:18 #3 type] 
Type domain.User is not enhanced.

[2025-05-03 11:48:18 #4 type] 
Type domain.Driver is not enhanced.

[2025-05-03 11:48:18 #5 type] 
Type domain.Balorazioa is not enhanced.

[2025-05-03 11:48:18 #6 type] 
Type domain.Mugimendua is not enhanced.

[2025-05-03 11:48:18 #7 type] 
Type domain.Car is not enhanced.

[2025-05-03 11:48:18 #8 type] 
Type domain.Ride is not enhanced.

[2025-05-03 11:48:18 #9 type] 
Type domain.Erreserba is not enhanced.

[2025-05-03 11:48:18 #10 type] 
Type domain.Traveler is not enhanced.

[2025-05-03 11:48:18 #11 type] 
Type domain.Alerta is not enhanced.

