------------------------------------------------------------------------------------------------------------------------

[2025-02-12 18:10:12 #1 store] 
Database 'C:\Users\egoit\git\Rides25\src\main\resources\rides.temp' is opened by 8468@LAPTOP-2PN1U6VU

[2025-02-12 18:10:13 #2 type.registry] 
New type domain.User

[2025-02-12 18:10:13 #3 type.registry] 
New type domain.Driver

[2025-02-12 18:10:13 #4 type] 
Type domain.User is not enhanced.

[2025-02-12 18:10:13 #5 type] 
Type domain.Driver is not enhanced.

[2025-02-12 18:10:13 #6 type.registry] 
New type domain.Ride

[2025-02-12 18:10:13 #7 type] 
Type domain.Ride is not enhanced.

[2025-02-12 18:10:13 #8 type.registry] 
New type java.util.Vector<java.lang.Object>

[2025-02-12 18:10:13 #9 type.registry] 
New type java.util.Vector<domain.Ride>

------------------------------------------------------------------------------------------------------------------------

[2025-02-12 18:11:54 #1 store] 
Database 'C:\Users\egoit\git\Rides25\src\main\resources\rides.temp' is opened by 8608@LAPTOP-2PN1U6VU

[2025-02-12 18:11:55 #2 type.registry] 
New type domain.User

[2025-02-12 18:11:55 #3 type.registry] 
New type domain.Driver

[2025-02-12 18:11:55 #4 type] 
Type domain.Driver is not enhanced.

[2025-02-12 18:11:55 #5 type.registry] 
New type domain.Ride

[2025-02-12 18:11:55 #6 type] 
Type domain.Ride is not enhanced.

[2025-02-12 18:11:55 #7 type.registry] 
New type java.util.Vector<java.lang.Object>

[2025-02-12 18:11:55 #8 type.registry] 
New type java.util.Vector<domain.Ride>

------------------------------------------------------------------------------------------------------------------------

[2025-02-12 18:12:23 #1 store] 
Database 'C:\Users\egoit\git\Rides25\src\main\resources\rides.temp' is opened by 7008@LAPTOP-2PN1U6VU

[2025-02-12 18:12:23 #2 type.registry] 
New type domain.User

[2025-02-12 18:12:23 #3 type.registry] 
New type domain.Driver

[2025-02-12 18:12:23 #4 type] 
Type domain.User is not enhanced.

[2025-02-12 18:12:23 #5 type] 
Type domain.Driver is not enhanced.

[2025-02-12 18:12:23 #6 type.registry] 
New type domain.Ride

[2025-02-12 18:12:23 #7 type] 
Type domain.Ride is not enhanced.

[2025-02-12 18:12:23 #8 type.registry] 
New type java.util.Vector<java.lang.Object>

[2025-02-12 18:12:23 #9 type.registry] 
New type java.util.Vector<domain.Ride>

------------------------------------------------------------------------------------------------------------------------

[2025-02-12 18:37:49 #1 store] 
Database 'C:\Users\egoit\git\Rides25\src\main\resources\rides.temp' is opened by 9048@LAPTOP-2PN1U6VU

[2025-02-12 18:37:49 #2 type.registry] 
New type domain.User

[2025-02-12 18:37:49 #3 type.registry] 
New type domain.Driver

[2025-02-12 18:37:49 #4 type] 
Type domain.User is not enhanced.

[2025-02-12 18:37:49 #5 type] 
Type domain.Driver is not enhanced.

[2025-02-12 18:37:49 #6 type.registry] 
New type domain.Ride

[2025-02-12 18:37:49 #7 type] 
Type domain.Ride is not enhanced.

[2025-02-12 18:37:49 #8 type.registry] 
New type java.util.Vector<java.lang.Object>

[2025-02-12 18:37:49 #9 type.registry] 
New type java.util.Vector<domain.Ride>

------------------------------------------------------------------------------------------------------------------------

[2025-02-12 18:40:50 #1 store] 
Database 'C:\Users\egoit\git\Rides25\src\main\resources\rides.temp' is opened by 9076@LAPTOP-2PN1U6VU

[2025-02-12 18:40:50 #2 type.registry] 
New type domain.User

[2025-02-12 18:40:50 #3 type.registry] 
New type domain.Driver

[2025-02-12 18:40:50 #4 type] 
Type domain.User is not enhanced.

[2025-02-12 18:40:50 #5 type] 
Type domain.Driver is not enhanced.

[2025-02-12 18:40:50 #6 type.registry] 
New type domain.Ride

[2025-02-12 18:40:50 #7 type] 
Type domain.Ride is not enhanced.

[2025-02-12 18:40:50 #8 type.registry] 
New type java.util.Vector<java.lang.Object>

[2025-02-12 18:40:50 #9 type.registry] 
New type java.util.Vector<domain.Ride>

------------------------------------------------------------------------------------------------------------------------

[2025-02-12 18:41:00 #1 store] 
Database 'C:\Users\egoit\git\Rides25\src\main\resources\rides.temp' is opened by 9224@LAPTOP-2PN1U6VU

[2025-02-12 18:41:01 #2 type.registry] 
New type domain.User

[2025-02-12 18:41:01 #3 type.registry] 
New type domain.Driver

[2025-02-12 18:41:01 #4 type] 
Type domain.User is not enhanced.

[2025-02-12 18:41:01 #5 type] 
Type domain.Driver is not enhanced.

[2025-02-12 18:41:01 #6 type.registry] 
New type domain.Ride

[2025-02-12 18:41:01 #7 type] 
Type domain.Ride is not enhanced.

[2025-02-12 18:41:01 #8 type.registry] 
New type java.util.Vector<java.lang.Object>

[2025-02-12 18:41:01 #9 type.registry] 
New type java.util.Vector<domain.Ride>

------------------------------------------------------------------------------------------------------------------------

[2025-02-12 18:42:05 #1 store] 
Database 'C:\Users\egoit\git\Rides25\src\main\resources\rides.temp' is opened by 12436@LAPTOP-2PN1U6VU

[2025-02-12 18:42:05 #2 type.registry] 
New type domain.User

[2025-02-12 18:42:05 #3 type.registry] 
New type domain.Driver

[2025-02-12 18:42:05 #4 type] 
Type domain.User is not enhanced.

[2025-02-12 18:42:05 #5 type] 
Type domain.Driver is not enhanced.

[2025-02-12 18:42:05 #6 type.registry] 
New type domain.Ride

[2025-02-12 18:42:05 #7 type] 
Type domain.Ride is not enhanced.

[2025-02-12 18:42:05 #8 type.registry] 
New type java.util.Vector<java.lang.Object>

[2025-02-12 18:42:05 #9 type.registry] 
New type java.util.Vector<domain.Ride>

[2025-02-12 18:42:21 #10 type.registry] 
New type domain.Traveler

[2025-02-12 18:42:21 #11 type] 
Type domain.Traveler is not enhanced.

------------------------------------------------------------------------------------------------------------------------

[2025-02-12 18:43:50 #1 store] 
Database 'C:\Users\egoit\git\Rides25\src\main\resources\rides.temp' is opened by 4160@LAPTOP-2PN1U6VU

[2025-02-12 18:43:50 #2 type.registry] 
New type domain.User

[2025-02-12 18:43:50 #3 type.registry] 
New type domain.Driver

[2025-02-12 18:43:50 #4 type] 
Type domain.User is not enhanced.

[2025-02-12 18:43:50 #5 type] 
Type domain.Driver is not enhanced.

[2025-02-12 18:43:50 #6 type.registry] 
New type domain.Ride

[2025-02-12 18:43:50 #7 type] 
Type domain.Ride is not enhanced.

[2025-02-12 18:43:50 #8 type.registry] 
New type java.util.Vector<java.lang.Object>

[2025-02-12 18:43:50 #9 type.registry] 
New type java.util.Vector<domain.Ride>

------------------------------------------------------------------------------------------------------------------------

[2025-02-12 18:46:23 #1 store] 
Database 'C:\Users\egoit\git\Rides25\src\main\resources\rides.temp' is opened by 3520@LAPTOP-2PN1U6VU

[2025-02-12 18:46:23 #2 type.registry] 
New type domain.User

[2025-02-12 18:46:23 #3 type.registry] 
New type domain.Driver

[2025-02-12 18:46:23 #4 type] 
Type domain.User is not enhanced.

[2025-02-12 18:46:23 #5 type] 
Type domain.Driver is not enhanced.

[2025-02-12 18:46:23 #6 type.registry] 
New type domain.Ride

[2025-02-12 18:46:23 #7 type] 
Type domain.Ride is not enhanced.

[2025-02-12 18:46:23 #8 type.registry] 
New type java.util.Vector<java.lang.Object>

[2025-02-12 18:46:23 #9 type.registry] 
New type java.util.Vector<domain.Ride>

------------------------------------------------------------------------------------------------------------------------

[2025-02-12 18:47:07 #1 store] 
Database 'C:\Users\egoit\git\Rides25\src\main\resources\rides.temp' is opened by 204@LAPTOP-2PN1U6VU

[2025-02-12 18:47:08 #2 type.registry] 
New type domain.User

[2025-02-12 18:47:08 #3 type.registry] 
New type domain.Driver

[2025-02-12 18:47:08 #4 type] 
Type domain.User is not enhanced.

[2025-02-12 18:47:08 #5 type] 
Type domain.Driver is not enhanced.

[2025-02-12 18:47:08 #6 type.registry] 
New type domain.Ride

[2025-02-12 18:47:08 #7 type] 
Type domain.Ride is not enhanced.

[2025-02-12 18:47:08 #8 type.registry] 
New type java.util.Vector<java.lang.Object>

[2025-02-12 18:47:08 #9 type.registry] 
New type java.util.Vector<domain.Ride>

------------------------------------------------------------------------------------------------------------------------

[2025-02-12 18:53:04 #1 store] 
Database 'C:\Users\egoit\git\Rides25\src\main\resources\rides.temp' is opened by 9888@LAPTOP-2PN1U6VU

[2025-02-12 18:53:04 #2 type.registry] 
New type domain.User

[2025-02-12 18:53:04 #3 type.registry] 
New type domain.Driver

[2025-02-12 18:53:04 #4 type] 
Type domain.User is not enhanced.

[2025-02-12 18:53:04 #5 type] 
Type domain.Driver is not enhanced.

[2025-02-12 18:53:04 #6 type.registry] 
New type domain.Ride

[2025-02-12 18:53:04 #7 type] 
Type domain.Ride is not enhanced.

[2025-02-12 18:53:04 #8 type.registry] 
New type java.util.Vector<java.lang.Object>

[2025-02-12 18:53:04 #9 type.registry] 
New type java.util.Vector<domain.Ride>

------------------------------------------------------------------------------------------------------------------------

[2025-02-12 18:53:35 #1 store] 
Database 'C:\Users\egoit\git\Rides25\src\main\resources\rides.temp' is opened by 6104@LAPTOP-2PN1U6VU

[2025-02-12 18:53:36 #2 type.registry] 
New type domain.User

[2025-02-12 18:53:36 #3 type.registry] 
New type domain.Driver

[2025-02-12 18:53:36 #4 type] 
Type domain.User is not enhanced.

[2025-02-12 18:53:36 #5 type] 
Type domain.Driver is not enhanced.

[2025-02-12 18:53:36 #6 type.registry] 
New type domain.Ride

[2025-02-12 18:53:36 #7 type] 
Type domain.Ride is not enhanced.

[2025-02-12 18:53:36 #8 type.registry] 
New type java.util.Vector<java.lang.Object>

[2025-02-12 18:53:36 #9 type.registry] 
New type java.util.Vector<domain.Ride>

------------------------------------------------------------------------------------------------------------------------

[2025-02-12 18:55:02 #1 store] 
Database 'C:\Users\egoit\git\Rides25\src\main\resources\rides.temp' is opened by 9060@LAPTOP-2PN1U6VU

[2025-02-12 18:55:03 #2 type] 
Type domain.User is not enhanced.

[2025-02-12 18:55:03 #3 type] 
Type domain.Driver is not enhanced.

[2025-02-12 18:55:03 #4 type] 
Type domain.Ride is not enhanced.

------------------------------------------------------------------------------------------------------------------------

[2025-02-12 19:07:17 #1 store] 
Database 'C:\Users\egoit\git\Rides25\src\main\resources\rides.temp' is opened by 11956@LAPTOP-2PN1U6VU

[2025-02-12 19:07:17 #2 type] 
Type domain.User is not enhanced.

[2025-02-12 19:07:17 #3 type] 
Type domain.Driver is not enhanced.

[2025-02-12 19:07:17 #4 type] 
Type domain.Ride is not enhanced.

------------------------------------------------------------------------------------------------------------------------

[2025-02-12 19:08:14 #1 store] 
Database 'C:\Users\egoit\git\Rides25\src\main\resources\rides.temp' is opened by 6684@LAPTOP-2PN1U6VU

[2025-02-12 19:08:14 #2 type] 
Type domain.User is not enhanced.

[2025-02-12 19:08:14 #3 type] 
Type domain.Driver is not enhanced.

[2025-02-12 19:08:14 #4 type] 
Type domain.Ride is not enhanced.

------------------------------------------------------------------------------------------------------------------------

[2025-02-12 19:09:29 #1 store] 
Database 'C:\Users\egoit\git\Rides25\src\main\resources\rides.temp' is opened by 4884@LAPTOP-2PN1U6VU

[2025-02-12 19:09:29 #2 type.registry] 
New type domain.User

[2025-02-12 19:09:29 #3 type.registry] 
New type domain.Driver

[2025-02-12 19:09:30 #4 type] 
Type domain.User is not enhanced.

[2025-02-12 19:09:30 #5 type] 
Type domain.Driver is not enhanced.

[2025-02-12 19:09:30 #6 type.registry] 
New type domain.Ride

[2025-02-12 19:09:30 #7 type] 
Type domain.Ride is not enhanced.

[2025-02-12 19:09:30 #8 type.registry] 
New type java.util.Vector<java.lang.Object>

[2025-02-12 19:09:30 #9 type.registry] 
New type java.util.Vector<domain.Ride>

[2025-02-12 19:11:24 #10 type.registry] 
New type domain.Traveler

[2025-02-12 19:11:24 #11 type] 
Type domain.Traveler is not enhanced.

------------------------------------------------------------------------------------------------------------------------

[2025-02-12 19:12:17 #1 store] 
Database 'C:\Users\egoit\git\Rides25\src\main\resources\rides.temp' is opened by 13932@LAPTOP-2PN1U6VU

[2025-02-12 19:12:18 #2 type.registry] 
New type domain.User

[2025-02-12 19:12:18 #3 type.registry] 
New type domain.Driver

[2025-02-12 19:12:18 #4 type] 
Type domain.User is not enhanced.

[2025-02-12 19:12:18 #5 type] 
Type domain.Driver is not enhanced.

[2025-02-12 19:12:18 #6 type.registry] 
New type domain.Ride

[2025-02-12 19:12:18 #7 type] 
Type domain.Ride is not enhanced.

[2025-02-12 19:12:18 #8 type.registry] 
New type java.util.Vector<java.lang.Object>

[2025-02-12 19:12:18 #9 type.registry] 
New type java.util.Vector<domain.Ride>

------------------------------------------------------------------------------------------------------------------------

[2025-02-12 19:12:55 #1 store] 
Database 'C:\Users\egoit\git\Rides25\src\main\resources\rides.temp' is opened by 15884@LAPTOP-2PN1U6VU

[2025-02-12 19:12:55 #2 type.registry] 
New type domain.User

[2025-02-12 19:12:55 #3 type.registry] 
New type domain.Driver

[2025-02-12 19:12:55 #4 type] 
Type domain.User is not enhanced.

[2025-02-12 19:12:55 #5 type] 
Type domain.Driver is not enhanced.

[2025-02-12 19:12:55 #6 type.registry] 
New type domain.Ride

[2025-02-12 19:12:55 #7 type] 
Type domain.Ride is not enhanced.

[2025-02-12 19:12:55 #8 type.registry] 
New type java.util.Vector<java.lang.Object>

[2025-02-12 19:12:55 #9 type.registry] 
New type java.util.Vector<domain.Ride>

[2025-02-12 19:13:22 #10 type.registry] 
New type domain.Traveler

[2025-02-12 19:13:22 #11 type] 
Type domain.Traveler is not enhanced.

------------------------------------------------------------------------------------------------------------------------

[2025-02-12 19:14:53 #1 store] 
Database 'C:\Users\egoit\git\Rides25\src\main\resources\rides.temp' is opened by 14052@LAPTOP-2PN1U6VU

[2025-02-12 19:14:53 #2 type] 
Type domain.User is not enhanced.

[2025-02-12 19:14:53 #3 type] 
Type domain.Driver is not enhanced.

[2025-02-12 19:14:53 #4 type] 
Type domain.Ride is not enhanced.

[2025-02-12 19:14:53 #5 type] 
Type domain.Traveler is not enhanced.

------------------------------------------------------------------------------------------------------------------------

[2025-02-12 19:17:51 #1 store] 
Database 'C:\Users\egoit\git\Rides25\src\main\resources\rides.temp' is opened by 4368@LAPTOP-2PN1U6VU

[2025-02-12 19:17:51 #2 type.registry] 
New type domain.User

[2025-02-12 19:17:51 #3 type.registry] 
New type domain.Driver

[2025-02-12 19:17:51 #4 type] 
Type domain.User is not enhanced.

[2025-02-12 19:17:51 #5 type] 
Type domain.Driver is not enhanced.

[2025-02-12 19:17:51 #6 type.registry] 
New type domain.Ride

[2025-02-12 19:17:51 #7 type] 
Type domain.Ride is not enhanced.

[2025-02-12 19:17:51 #8 type.registry] 
New type java.util.Vector<java.lang.Object>

[2025-02-12 19:17:51 #9 type.registry] 
New type java.util.Vector<domain.Ride>

------------------------------------------------------------------------------------------------------------------------

[2025-02-12 19:18:03 #1 store] 
Database 'C:\Users\egoit\git\Rides25\src\main\resources\rides.temp' has been recovered (tr. 1-6)

[2025-02-12 19:18:03 #2 store] 
Database 'C:\Users\egoit\git\Rides25\src\main\resources\rides.temp' is opened by 14128@LAPTOP-2PN1U6VU

[2025-02-12 19:18:04 #3 type] 
Type domain.User is not enhanced.

[2025-02-12 19:18:04 #4 type] 
Type domain.Driver is not enhanced.

[2025-02-12 19:18:04 #5 type] 
Type domain.Ride is not enhanced.

[2025-02-12 19:18:09 #6 type.registry] 
New type domain.Traveler

[2025-02-12 19:18:09 #7 type] 
Type domain.Traveler is not enhanced.

------------------------------------------------------------------------------------------------------------------------

[2025-02-12 19:20:10 #1 store] 
Database 'C:\Users\egoit\git\Rides25\src\main\resources\rides.temp' has been recovered (tr. 7-9)

[2025-02-12 19:20:10 #2 store] 
Database 'C:\Users\egoit\git\Rides25\src\main\resources\rides.temp' is opened by 9316@LAPTOP-2PN1U6VU

[2025-02-12 19:20:10 #3 type] 
Type domain.User is not enhanced.

[2025-02-12 19:20:10 #4 type] 
Type domain.Driver is not enhanced.

[2025-02-12 19:20:10 #5 type] 
Type domain.Ride is not enhanced.

[2025-02-12 19:20:10 #6 type] 
Type domain.Traveler is not enhanced.

------------------------------------------------------------------------------------------------------------------------

[2025-02-12 19:20:12 #1 store] 
Database 'C:\Users\egoit\git\Rides25\src\main\resources\rides.temp' is opened by 2344@LAPTOP-2PN1U6VU

[2025-02-12 19:20:13 #2 type] 
Type domain.User is not enhanced.

[2025-02-12 19:20:13 #3 type] 
Type domain.Driver is not enhanced.

[2025-02-12 19:20:13 #4 type] 
Type domain.Ride is not enhanced.

[2025-02-12 19:20:13 #5 type] 
Type domain.Traveler is not enhanced.

------------------------------------------------------------------------------------------------------------------------

[2025-02-12 19:20:48 #1 store] 
Database 'C:\Users\egoit\git\Rides25\src\main\resources\rides.temp' is opened by 3356@LAPTOP-2PN1U6VU

------------------------------------------------------------------------------------------------------------------------

[2025-02-12 19:20:52 #1 store] 
Database 'C:\Users\egoit\git\Rides25\src\main\resources\rides.temp' is opened by 15800@LAPTOP-2PN1U6VU

[2025-02-12 19:20:52 #2 type] 
Type domain.User is not enhanced.

[2025-02-12 19:20:52 #3 type] 
Type domain.Driver is not enhanced.

[2025-02-12 19:20:52 #4 type] 
Type domain.Ride is not enhanced.

[2025-02-12 19:20:52 #5 type] 
Type domain.Traveler is not enhanced.

------------------------------------------------------------------------------------------------------------------------

[2025-02-12 19:22:20 #1 store] 
Database 'C:\Users\egoit\git\Rides25\src\main\resources\rides.temp' is opened by 16108@LAPTOP-2PN1U6VU

[2025-02-12 19:22:20 #2 type] 
Type domain.User is not enhanced.

[2025-02-12 19:22:20 #3 type] 
Type domain.Driver is not enhanced.

[2025-02-12 19:22:20 #4 type] 
Type domain.Ride is not enhanced.

[2025-02-12 19:22:20 #5 type] 
Type domain.Traveler is not enhanced.

------------------------------------------------------------------------------------------------------------------------

[2025-02-12 19:23:00 #1 store] 
Database 'C:\Users\egoit\git\Rides25\src\main\resources\rides.temp' has been recovered (tr. 10-10)

[2025-02-12 19:23:00 #2 store] 
Database 'C:\Users\egoit\git\Rides25\src\main\resources\rides.temp' is opened by 1552@LAPTOP-2PN1U6VU

[2025-02-12 19:23:00 #3 type] 
Type domain.User is not enhanced.

[2025-02-12 19:23:01 #4 type] 
Type domain.Driver is not enhanced.

[2025-02-12 19:23:01 #5 type] 
Type domain.Ride is not enhanced.

[2025-02-12 19:23:01 #6 type] 
Type domain.Traveler is not enhanced.

------------------------------------------------------------------------------------------------------------------------

[2025-02-12 19:24:13 #1 store] 
Database 'C:\Users\egoit\git\Rides25\src\main\resources\rides.temp' is opened by 12424@LAPTOP-2PN1U6VU

[2025-02-12 19:24:13 #2 type] 
Type domain.User is not enhanced.

[2025-02-12 19:24:13 #3 type] 
Type domain.Driver is not enhanced.

[2025-02-12 19:24:13 #4 type] 
Type domain.Ride is not enhanced.

[2025-02-12 19:24:13 #5 type] 
Type domain.Traveler is not enhanced.

