------------------------------------------------------------------------------------------------------------------------

[2025-02-17 11:17:07 #1 store] 
Database 'C:\Users\egoit\git\Rides25\src\main\resources\rides.temp' has been recovered (tr. 8-8)

[2025-02-17 11:17:07 #2 store] 
Database 'C:\Users\egoit\git\Rides25\src\main\resources\rides.temp' is opened by 4288@LAPTOP-2PN1U6VU

[2025-02-17 11:17:07 #3 type] 
Type domain.User is not enhanced.

[2025-02-17 11:17:07 #4 type] 
Type domain.Driver is not enhanced.

[2025-02-17 11:17:07 #5 type] 
Type domain.Ride is not enhanced.

[2025-02-17 11:17:25 #6 type.registry] 
New type domain.Traveler

[2025-02-17 11:17:25 #7 type] 
Type domain.Traveler is not enhanced.

------------------------------------------------------------------------------------------------------------------------

[2025-02-17 11:21:26 #1 store] 
Database 'C:\Users\egoit\git\Rides25\src\main\resources\rides.temp' has been recovered (tr. 9-10)

[2025-02-17 11:21:26 #2 store] 
Database 'C:\Users\egoit\git\Rides25\src\main\resources\rides.temp' is opened by 2096@LAPTOP-2PN1U6VU

[2025-02-17 11:21:26 #3 type] 
Type domain.User is not enhanced.

[2025-02-17 11:21:26 #4 type] 
Type domain.Driver is not enhanced.

[2025-02-17 11:21:26 #5 type] 
Type domain.Ride is not enhanced.

[2025-02-17 11:21:26 #6 type] 
Type domain.Traveler is not enhanced.

------------------------------------------------------------------------------------------------------------------------

[2025-02-17 11:22:16 #1 store] 
Database 'C:\Users\egoit\git\Rides25\src\main\resources\rides.temp' is opened by 2596@LAPTOP-2PN1U6VU

[2025-02-17 11:22:16 #2 type] 
Type domain.User is not enhanced.

[2025-02-17 11:22:16 #3 type] 
Type domain.Driver is not enhanced.

[2025-02-17 11:22:16 #4 type] 
Type domain.Ride is not enhanced.

[2025-02-17 11:22:16 #5 type] 
Type domain.Traveler is not enhanced.

------------------------------------------------------------------------------------------------------------------------

[2025-02-17 11:44:50 #1 store] 
Database 'C:\Users\egoit\git\Rides25\src\main\resources\rides.temp' is opened by 316@LAPTOP-2PN1U6VU

[2025-02-17 11:44:50 #2 type] 
Type domain.User is not enhanced.

[2025-02-17 11:44:50 #3 type] 
Type domain.Driver is not enhanced.

[2025-02-17 11:44:50 #4 type] 
Type domain.Ride is not enhanced.

[2025-02-17 11:44:50 #5 type] 
Type domain.Traveler is not enhanced.

------------------------------------------------------------------------------------------------------------------------

[2025-02-17 11:45:35 #1 store] 
Database 'C:\Users\egoit\git\Rides25\src\main\resources\rides.temp' is opened by 1168@LAPTOP-2PN1U6VU

[2025-02-17 11:45:36 #2 type] 
Type domain.User is not enhanced.

[2025-02-17 11:45:36 #3 type] 
Type domain.Driver is not enhanced.

[2025-02-17 11:45:36 #4 type] 
Type domain.Ride is not enhanced.

[2025-02-17 11:45:36 #5 type] 
Type domain.Traveler is not enhanced.

