------------------------------------------------------------------------------------------------------------------------

[2025-03-01 17:04:25 #1 store] 
Database 'C:\Users\egoit\git\Rides25\src\main\resources\rides.temp' has been recovered (tr. 1-13)

[2025-03-01 17:04:25 #2 store] 
Database 'C:\Users\egoit\git\Rides25\src\main\resources\rides.temp' is opened by 12512@LAPTOP-2PN1U6VU

[2025-03-01 17:04:25 #3 type] 
Type domain.User is not enhanced.

[2025-03-01 17:04:25 #4 type] 
Type domain.Driver is not enhanced.

[2025-03-01 17:04:25 #5 type] 
Type domain.Ride is not enhanced.

[2025-03-01 17:04:25 #6 type] 
Type domain.Erreserba is not enhanced.

[2025-03-01 17:04:25 #7 type] 
Type domain.Traveler is not enhanced.

------------------------------------------------------------------------------------------------------------------------

[2025-03-01 17:04:44 #1 store] 
Database 'C:\Users\egoit\git\Rides25\src\main\resources\rides.temp' is opened by 20688@LAPTOP-2PN1U6VU

[2025-03-01 17:04:45 #2 type.registry] 
New type domain.User

[2025-03-01 17:04:45 #3 type.registry] 
New type domain.Driver

[2025-03-01 17:04:45 #4 type] 
Type domain.User is not enhanced.

[2025-03-01 17:04:45 #5 type] 
Type domain.Driver is not enhanced.

[2025-03-01 17:04:45 #6 type.registry] 
New type domain.Ride

[2025-03-01 17:04:45 #7 type] 
Type domain.Ride is not enhanced.

[2025-03-01 17:04:45 #8 type.registry] 
New type domain.Erreserba

[2025-03-01 17:04:45 #9 type] 
Type domain.Erreserba is not enhanced.

[2025-03-01 17:04:45 #10 type.registry] 
New type domain.Traveler

[2025-03-01 17:04:45 #11 type.registry] 
New type domain.ErreserbaEgoera

[2025-03-01 17:04:45 #12 type] 
Type domain.Traveler is not enhanced.

[2025-03-01 17:04:45 #13 type.registry] 
New type java.util.Vector<java.lang.Object>

[2025-03-01 17:04:45 #14 type.registry] 
New type java.util.Vector<domain.Ride>

[2025-03-01 17:04:45 #15 type.registry] 
New type java.util.Vector<domain.Erreserba>

------------------------------------------------------------------------------------------------------------------------

[2025-03-01 17:08:17 #1 store] 
Database 'C:\Users\egoit\git\Rides25\src\main\resources\rides.temp' has been recovered (tr. 1-17)

[2025-03-01 17:08:17 #2 store] 
Database 'C:\Users\egoit\git\Rides25\src\main\resources\rides.temp' is opened by 10072@LAPTOP-2PN1U6VU

[2025-03-01 17:08:17 #3 type] 
Type domain.User is not enhanced.

[2025-03-01 17:08:17 #4 type] 
Type domain.Driver is not enhanced.

[2025-03-01 17:08:17 #5 type] 
Type domain.Ride is not enhanced.

[2025-03-01 17:08:17 #6 type] 
Type domain.Erreserba is not enhanced.

[2025-03-01 17:08:17 #7 type] 
Type domain.Traveler is not enhanced.

------------------------------------------------------------------------------------------------------------------------

[2025-03-01 17:08:50 #1 store] 
Database 'C:\Users\egoit\git\Rides25\src\main\resources\rides.temp' is opened by 20568@LAPTOP-2PN1U6VU

[2025-03-01 17:08:50 #2 type.registry] 
New type domain.User

[2025-03-01 17:08:50 #3 type.registry] 
New type domain.Driver

[2025-03-01 17:08:50 #4 type] 
Type domain.User is not enhanced.

[2025-03-01 17:08:50 #5 type] 
Type domain.Driver is not enhanced.

[2025-03-01 17:08:50 #6 type.registry] 
New type domain.Ride

[2025-03-01 17:08:50 #7 type] 
Type domain.Ride is not enhanced.

[2025-03-01 17:08:50 #8 type.registry] 
New type domain.Erreserba

[2025-03-01 17:08:50 #9 type] 
Type domain.Erreserba is not enhanced.

[2025-03-01 17:08:50 #10 type.registry] 
New type domain.Traveler

[2025-03-01 17:08:50 #11 type.registry] 
New type domain.ErreserbaEgoera

[2025-03-01 17:08:50 #12 type] 
Type domain.Traveler is not enhanced.

[2025-03-01 17:08:50 #13 type.registry] 
New type java.util.Vector<java.lang.Object>

[2025-03-01 17:08:50 #14 type.registry] 
New type java.util.Vector<domain.Ride>

[2025-03-01 17:08:50 #15 type.registry] 
New type java.util.Vector<domain.Erreserba>

------------------------------------------------------------------------------------------------------------------------

[2025-03-01 17:10:53 #1 store] 
Database 'C:\Users\egoit\git\Rides25\src\main\resources\rides.temp' is opened by 8076@LAPTOP-2PN1U6VU

[2025-03-01 17:10:54 #2 type.registry] 
New type domain.User

[2025-03-01 17:10:54 #3 type.registry] 
New type domain.Driver

[2025-03-01 17:10:54 #4 type] 
Type domain.User is not enhanced.

[2025-03-01 17:10:54 #5 type] 
Type domain.Driver is not enhanced.

[2025-03-01 17:10:54 #6 type.registry] 
New type domain.Ride

[2025-03-01 17:10:54 #7 type] 
Type domain.Ride is not enhanced.

[2025-03-01 17:10:54 #8 type.registry] 
New type domain.Erreserba

[2025-03-01 17:10:54 #9 type] 
Type domain.Erreserba is not enhanced.

[2025-03-01 17:10:54 #10 type.registry] 
New type domain.Traveler

[2025-03-01 17:10:54 #11 type.registry] 
New type domain.ErreserbaEgoera

[2025-03-01 17:10:54 #12 type] 
Type domain.Traveler is not enhanced.

[2025-03-01 17:10:54 #13 type.registry] 
New type java.util.Vector<java.lang.Object>

[2025-03-01 17:10:54 #14 type.registry] 
New type java.util.Vector<domain.Ride>

[2025-03-01 17:10:54 #15 type.registry] 
New type java.util.Vector<domain.Erreserba>

------------------------------------------------------------------------------------------------------------------------

[2025-03-01 17:11:58 #1 store] 
Database 'C:\Users\egoit\git\Rides25\src\main\resources\rides.temp' has been recovered (tr. 1-12)

[2025-03-01 17:11:58 #2 store] 
Database 'C:\Users\egoit\git\Rides25\src\main\resources\rides.temp' is opened by 20732@LAPTOP-2PN1U6VU

[2025-03-01 17:11:58 #3 type] 
Type domain.User is not enhanced.

[2025-03-01 17:11:58 #4 type] 
Type domain.Driver is not enhanced.

[2025-03-01 17:11:58 #5 type] 
Type domain.Ride is not enhanced.

[2025-03-01 17:11:58 #6 type] 
Type domain.Erreserba is not enhanced.

[2025-03-01 17:11:58 #7 type] 
Type domain.Traveler is not enhanced.

------------------------------------------------------------------------------------------------------------------------

[2025-03-01 17:13:00 #1 store] 
Database 'C:\Users\egoit\git\Rides25\src\main\resources\rides.temp' is opened by 15976@LAPTOP-2PN1U6VU

[2025-03-01 17:13:01 #2 type.registry] 
New type domain.User

[2025-03-01 17:13:01 #3 type.registry] 
New type domain.Driver

[2025-03-01 17:13:01 #4 type] 
Type domain.User is not enhanced.

[2025-03-01 17:13:01 #5 type] 
Type domain.Driver is not enhanced.

[2025-03-01 17:13:01 #6 type.registry] 
New type domain.Ride

[2025-03-01 17:13:01 #7 type] 
Type domain.Ride is not enhanced.

[2025-03-01 17:13:01 #8 type.registry] 
New type domain.Erreserba

[2025-03-01 17:13:01 #9 type] 
Type domain.Erreserba is not enhanced.

[2025-03-01 17:13:01 #10 type.registry] 
New type domain.Traveler

[2025-03-01 17:13:01 #11 type.registry] 
New type domain.ErreserbaEgoera

[2025-03-01 17:13:01 #12 type] 
Type domain.Traveler is not enhanced.

[2025-03-01 17:13:01 #13 type.registry] 
New type java.util.Vector<java.lang.Object>

[2025-03-01 17:13:01 #14 type.registry] 
New type java.util.Vector<domain.Ride>

[2025-03-01 17:13:01 #15 type.registry] 
New type java.util.Vector<domain.Erreserba>

------------------------------------------------------------------------------------------------------------------------

[2025-03-01 17:17:39 #1 store] 
Database 'C:\Users\egoit\git\Rides25\src\main\resources\rides.temp' is opened by 13392@LAPTOP-2PN1U6VU

[2025-03-01 17:17:39 #2 type.registry] 
New type domain.User

[2025-03-01 17:17:39 #3 type.registry] 
New type domain.Driver

[2025-03-01 17:17:39 #4 type] 
Type domain.User is not enhanced.

[2025-03-01 17:17:39 #5 type] 
Type domain.Driver is not enhanced.

[2025-03-01 17:17:39 #6 type.registry] 
New type domain.Ride

[2025-03-01 17:17:39 #7 type] 
Type domain.Ride is not enhanced.

[2025-03-01 17:17:39 #8 type.registry] 
New type domain.Erreserba

[2025-03-01 17:17:39 #9 type] 
Type domain.Erreserba is not enhanced.

[2025-03-01 17:17:39 #10 type.registry] 
New type domain.Traveler

[2025-03-01 17:17:39 #11 type.registry] 
New type domain.ErreserbaEgoera

[2025-03-01 17:17:39 #12 type] 
Type domain.Traveler is not enhanced.

[2025-03-01 17:17:39 #13 type.registry] 
New type java.util.Vector<java.lang.Object>

[2025-03-01 17:17:39 #14 type.registry] 
New type java.util.Vector<domain.Ride>

[2025-03-01 17:17:39 #15 type.registry] 
New type java.util.Vector<domain.Erreserba>

------------------------------------------------------------------------------------------------------------------------

[2025-03-01 17:20:46 #1 store] 
Database 'C:\Users\egoit\git\Rides25\src\main\resources\rides.temp' is opened by 20588@LAPTOP-2PN1U6VU

[2025-03-01 17:20:46 #2 type] 
Type domain.User is not enhanced.

[2025-03-01 17:20:46 #3 type] 
Type domain.Driver is not enhanced.

[2025-03-01 17:20:46 #4 type] 
Type domain.Ride is not enhanced.

[2025-03-01 17:20:46 #5 type] 
Type domain.Erreserba is not enhanced.

[2025-03-01 17:20:46 #6 type] 
Type domain.Traveler is not enhanced.

------------------------------------------------------------------------------------------------------------------------

[2025-03-01 17:21:01 #1 store] 
Database 'C:\Users\egoit\git\Rides25\src\main\resources\rides.temp' is opened by 4400@LAPTOP-2PN1U6VU

[2025-03-01 17:21:01 #2 type.registry] 
New type domain.User

[2025-03-01 17:21:01 #3 type.registry] 
New type domain.Driver

[2025-03-01 17:21:01 #4 type] 
Type domain.User is not enhanced.

[2025-03-01 17:21:01 #5 type] 
Type domain.Driver is not enhanced.

[2025-03-01 17:21:01 #6 type.registry] 
New type domain.Ride

[2025-03-01 17:21:01 #7 type] 
Type domain.Ride is not enhanced.

[2025-03-01 17:21:01 #8 type.registry] 
New type domain.Erreserba

[2025-03-01 17:21:01 #9 type] 
Type domain.Erreserba is not enhanced.

[2025-03-01 17:21:01 #10 type.registry] 
New type domain.Traveler

[2025-03-01 17:21:01 #11 type.registry] 
New type domain.ErreserbaEgoera

[2025-03-01 17:21:01 #12 type] 
Type domain.Traveler is not enhanced.

[2025-03-01 17:21:01 #13 type.registry] 
New type java.util.Vector<java.lang.Object>

[2025-03-01 17:21:01 #14 type.registry] 
New type java.util.Vector<domain.Ride>

[2025-03-01 17:21:01 #15 type.registry] 
New type java.util.Vector<domain.Erreserba>

------------------------------------------------------------------------------------------------------------------------

[2025-03-01 18:06:22 #1 store] 
Database 'C:\Users\egoit\git\Rides25\src\main\resources\rides.temp' has been recovered (tr. 1-13)

[2025-03-01 18:06:22 #2 store] 
Database 'C:\Users\egoit\git\Rides25\src\main\resources\rides.temp' is opened by 8688@LAPTOP-2PN1U6VU

[2025-03-01 18:06:22 #3 type] 
Type domain.User is not enhanced.

[2025-03-01 18:06:22 #4 type] 
Type domain.Driver is not enhanced.

[2025-03-01 18:06:22 #5 type] 
Type domain.Ride is not enhanced.

[2025-03-01 18:06:22 #6 type] 
Type domain.Erreserba is not enhanced.

[2025-03-01 18:06:22 #7 type] 
Type domain.Traveler is not enhanced.

------------------------------------------------------------------------------------------------------------------------

[2025-03-01 18:07:27 #1 store] 
Database 'C:\Users\egoit\git\Rides25\src\main\resources\rides.temp' is opened by 5040@LAPTOP-2PN1U6VU

[2025-03-01 18:07:27 #2 type] 
Type domain.User is not enhanced.

[2025-03-01 18:07:27 #3 type] 
Type domain.Driver is not enhanced.

[2025-03-01 18:07:27 #4 type] 
Type domain.Ride is not enhanced.

[2025-03-01 18:07:27 #5 type] 
Type domain.Erreserba is not enhanced.

[2025-03-01 18:07:27 #6 type] 
Type domain.Traveler is not enhanced.

------------------------------------------------------------------------------------------------------------------------

[2025-03-01 18:08:27 #1 store] 
Database 'C:\Users\egoit\git\Rides25\src\main\resources\rides.temp' is opened by 4112@LAPTOP-2PN1U6VU

[2025-03-01 18:08:27 #2 type] 
Type domain.User is not enhanced.

[2025-03-01 18:08:27 #3 type] 
Type domain.Driver is not enhanced.

[2025-03-01 18:08:27 #4 type] 
Type domain.Ride is not enhanced.

[2025-03-01 18:08:27 #5 type] 
Type domain.Erreserba is not enhanced.

[2025-03-01 18:08:27 #6 type] 
Type domain.Traveler is not enhanced.

------------------------------------------------------------------------------------------------------------------------

[2025-03-01 18:09:03 #1 store] 
Database 'C:\Users\egoit\git\Rides25\src\main\resources\rides.temp' is opened by 20204@LAPTOP-2PN1U6VU

[2025-03-01 18:09:03 #2 type] 
Type domain.User is not enhanced.

[2025-03-01 18:09:03 #3 type] 
Type domain.Driver is not enhanced.

[2025-03-01 18:09:03 #4 type] 
Type domain.Ride is not enhanced.

[2025-03-01 18:09:03 #5 type] 
Type domain.Erreserba is not enhanced.

[2025-03-01 18:09:03 #6 type] 
Type domain.Traveler is not enhanced.

