------------------------------------------------------------------------------------------------------------------------

[2025-02-19 18:30:21 #1 store] 
Database 'C:\Users\egoit\git\Rides25\src\main\resources\rides.temp' is opened by 8004@LAPTOP-2PN1U6VU

[2025-02-19 18:30:21 #2 type] 
Type domain.User is not enhanced.

[2025-02-19 18:30:21 #3 type] 
Type domain.Driver is not enhanced.

[2025-02-19 18:30:21 #4 type] 
Type domain.Ride is not enhanced.

[2025-02-19 18:30:21 #5 type] 
Type domain.Traveler is not enhanced.

[2025-02-19 18:30:21 #6 type] 
Type domain.Eskaera is not enhanced.

------------------------------------------------------------------------------------------------------------------------

[2025-02-19 18:32:20 #1 store] 
Database 'C:\Users\egoit\git\Rides25\src\main\resources\rides.temp' is opened by 8736@LAPTOP-2PN1U6VU

[2025-02-19 18:32:20 #2 type] 
Type domain.User is not enhanced.

[2025-02-19 18:32:20 #3 type] 
Type domain.Driver is not enhanced.

[2025-02-19 18:32:20 #4 type] 
Type domain.Ride is not enhanced.

[2025-02-19 18:32:20 #5 type] 
Type domain.Traveler is not enhanced.

[2025-02-19 18:32:20 #6 type] 
Type domain.Eskaera is not enhanced.

------------------------------------------------------------------------------------------------------------------------

[2025-02-19 19:22:09 #1 store] 
Database 'C:\Users\egoit\git\Rides25\src\main\resources\rides.temp' is opened by 9772@LAPTOP-2PN1U6VU

[2025-02-19 19:22:09 #2 type] 
Type domain.User is not enhanced.

[2025-02-19 19:22:10 #3 type] 
Type domain.Driver is not enhanced.

[2025-02-19 19:22:10 #4 type] 
Type domain.Ride is not enhanced.

[2025-02-19 19:22:10 #5 type.registry] 
New type domain.Erreserba

[2025-02-19 19:22:10 #6 type] 
Type domain.Traveler is not enhanced.

[2025-02-19 19:22:10 #7 type] 
Type domain.Erreserba is not enhanced.

[2025-02-19 19:22:14 #8 type.registry] 
New type java.util.Vector<domain.Erreserba>

------------------------------------------------------------------------------------------------------------------------

[2025-02-19 19:24:22 #1 store] 
Database 'C:\Users\egoit\git\Rides25\src\main\resources\rides.temp' has been recovered (tr. 23-24)

[2025-02-19 19:24:22 #2 store] 
Database 'C:\Users\egoit\git\Rides25\src\main\resources\rides.temp' is opened by 14276@LAPTOP-2PN1U6VU

[2025-02-19 19:24:22 #3 type] 
Type domain.User is not enhanced.

[2025-02-19 19:24:22 #4 type] 
Type domain.Driver is not enhanced.

[2025-02-19 19:24:22 #5 type] 
Type domain.Ride is not enhanced.

[2025-02-19 19:24:22 #6 type] 
Type domain.Traveler is not enhanced.

[2025-02-19 19:24:22 #7 type] 
Type domain.Erreserba is not enhanced.

------------------------------------------------------------------------------------------------------------------------

[2025-02-19 19:29:46 #1 store] 
Database 'C:\Users\egoit\git\Rides25\src\main\resources\rides.temp' is opened by 15020@LAPTOP-2PN1U6VU

[2025-02-19 19:29:46 #2 type] 
Type domain.User is not enhanced.

[2025-02-19 19:29:46 #3 type] 
Type domain.Driver is not enhanced.

[2025-02-19 19:29:46 #4 type] 
Type domain.Ride is not enhanced.

[2025-02-19 19:29:46 #5 type] 
Type domain.Traveler is not enhanced.

[2025-02-19 19:29:46 #6 type] 
Type domain.Erreserba is not enhanced.

------------------------------------------------------------------------------------------------------------------------

[2025-02-19 19:32:31 #1 store] 
Database 'C:\Users\egoit\git\Rides25\src\main\resources\rides.temp' is opened by 7192@LAPTOP-2PN1U6VU

[2025-02-19 19:32:31 #2 type] 
Type domain.User is not enhanced.

[2025-02-19 19:32:31 #3 type] 
Type domain.Driver is not enhanced.

[2025-02-19 19:32:31 #4 type] 
Type domain.Ride is not enhanced.

[2025-02-19 19:32:31 #5 type] 
Type domain.Traveler is not enhanced.

[2025-02-19 19:32:31 #6 type] 
Type domain.Erreserba is not enhanced.

------------------------------------------------------------------------------------------------------------------------

[2025-02-19 19:33:44 #1 store] 
Database 'C:\Users\egoit\git\Rides25\src\main\resources\rides.temp' is opened by 5052@LAPTOP-2PN1U6VU

[2025-02-19 19:33:44 #2 type] 
Type domain.User is not enhanced.

[2025-02-19 19:33:44 #3 type] 
Type domain.Driver is not enhanced.

[2025-02-19 19:33:44 #4 type] 
Type domain.Ride is not enhanced.

[2025-02-19 19:33:44 #5 type] 
Type domain.Traveler is not enhanced.

[2025-02-19 19:33:44 #6 type] 
Type domain.Erreserba is not enhanced.

------------------------------------------------------------------------------------------------------------------------

[2025-02-19 19:34:29 #1 store] 
Database 'C:\Users\egoit\git\Rides25\src\main\resources\rides.temp' is opened by 12236@LAPTOP-2PN1U6VU

[2025-02-19 19:34:29 #2 type] 
Type domain.User is not enhanced.

[2025-02-19 19:34:29 #3 type] 
Type domain.Driver is not enhanced.

[2025-02-19 19:34:29 #4 type] 
Type domain.Ride is not enhanced.

[2025-02-19 19:34:29 #5 type] 
Type domain.Traveler is not enhanced.

[2025-02-19 19:34:29 #6 type] 
Type domain.Erreserba is not enhanced.

------------------------------------------------------------------------------------------------------------------------

[2025-02-19 19:36:07 #1 store] 
Database 'C:\Users\egoit\git\Rides25\src\main\resources\rides.temp' is opened by 8440@LAPTOP-2PN1U6VU

[2025-02-19 19:36:07 #2 type.registry] 
New type domain.User

[2025-02-19 19:36:07 #3 type.registry] 
New type domain.Driver

[2025-02-19 19:36:07 #4 type] 
Type domain.User is not enhanced.

[2025-02-19 19:36:07 #5 type] 
Type domain.Driver is not enhanced.

[2025-02-19 19:36:07 #6 type.registry] 
New type domain.Ride

[2025-02-19 19:36:07 #7 type] 
Type domain.Ride is not enhanced.

[2025-02-19 19:36:07 #8 type.registry] 
New type domain.Erreserba

[2025-02-19 19:36:07 #9 type] 
Type domain.Erreserba is not enhanced.

[2025-02-19 19:36:07 #10 type.registry] 
New type domain.Traveler

[2025-02-19 19:36:07 #11 type] 
Type domain.Traveler is not enhanced.

[2025-02-19 19:36:07 #12 type.registry] 
New type java.util.Vector<java.lang.Object>

[2025-02-19 19:36:07 #13 type.registry] 
New type java.util.Vector<domain.Ride>

[2025-02-19 19:36:07 #14 type.registry] 
New type java.util.Vector<domain.Erreserba>

------------------------------------------------------------------------------------------------------------------------

[2025-02-19 19:36:18 #1 store] 
Database 'C:\Users\egoit\git\Rides25\src\main\resources\rides.temp' has been recovered (tr. 1-7)

[2025-02-19 19:36:18 #2 store] 
Database 'C:\Users\egoit\git\Rides25\src\main\resources\rides.temp' is opened by 14132@LAPTOP-2PN1U6VU

[2025-02-19 19:36:18 #3 type] 
Type domain.User is not enhanced.

[2025-02-19 19:36:18 #4 type] 
Type domain.Driver is not enhanced.

[2025-02-19 19:36:18 #5 type] 
Type domain.Ride is not enhanced.

[2025-02-19 19:36:18 #6 type] 
Type domain.Erreserba is not enhanced.

[2025-02-19 19:36:18 #7 type] 
Type domain.Traveler is not enhanced.

------------------------------------------------------------------------------------------------------------------------

[2025-02-19 19:37:59 #1 store] 
Database 'C:\Users\egoit\git\Rides25\src\main\resources\rides.temp' is opened by 9832@LAPTOP-2PN1U6VU

[2025-02-19 19:37:59 #2 type] 
Type domain.User is not enhanced.

[2025-02-19 19:37:59 #3 type] 
Type domain.Driver is not enhanced.

[2025-02-19 19:37:59 #4 type] 
Type domain.Ride is not enhanced.

[2025-02-19 19:37:59 #5 type] 
Type domain.Erreserba is not enhanced.

[2025-02-19 19:37:59 #6 type] 
Type domain.Traveler is not enhanced.

------------------------------------------------------------------------------------------------------------------------

[2025-02-19 19:39:04 #1 store] 
Database 'C:\Users\egoit\git\Rides25\src\main\resources\rides.temp' is opened by 3260@LAPTOP-2PN1U6VU

[2025-02-19 19:39:04 #2 type] 
Type domain.User is not enhanced.

[2025-02-19 19:39:04 #3 type] 
Type domain.Driver is not enhanced.

[2025-02-19 19:39:04 #4 type] 
Type domain.Ride is not enhanced.

[2025-02-19 19:39:04 #5 type] 
Type domain.Erreserba is not enhanced.

[2025-02-19 19:39:04 #6 type] 
Type domain.Traveler is not enhanced.

------------------------------------------------------------------------------------------------------------------------

[2025-02-19 19:40:39 #1 store] 
Database 'C:\Users\egoit\git\Rides25\src\main\resources\rides.temp' is opened by 15044@LAPTOP-2PN1U6VU

[2025-02-19 19:40:39 #2 type] 
Type domain.User is not enhanced.

[2025-02-19 19:40:39 #3 type] 
Type domain.Driver is not enhanced.

[2025-02-19 19:40:39 #4 type] 
Type domain.Ride is not enhanced.

[2025-02-19 19:40:39 #5 type] 
Type domain.Erreserba is not enhanced.

[2025-02-19 19:40:39 #6 type] 
Type domain.Traveler is not enhanced.

------------------------------------------------------------------------------------------------------------------------

[2025-02-19 19:44:31 #1 store] 
Database 'C:\Users\egoit\git\Rides25\src\main\resources\rides.temp' is opened by 7008@LAPTOP-2PN1U6VU

[2025-02-19 19:44:31 #2 type.registry] 
New type domain.User

[2025-02-19 19:44:31 #3 type.registry] 
New type domain.Driver

[2025-02-19 19:44:31 #4 type] 
Type domain.User is not enhanced.

[2025-02-19 19:44:31 #5 type] 
Type domain.Driver is not enhanced.

[2025-02-19 19:44:31 #6 type.registry] 
New type domain.Ride

[2025-02-19 19:44:31 #7 type] 
Type domain.Ride is not enhanced.

[2025-02-19 19:44:31 #8 type.registry] 
New type domain.Erreserba

[2025-02-19 19:44:31 #9 type] 
Type domain.Erreserba is not enhanced.

[2025-02-19 19:44:31 #10 type.registry] 
New type domain.Traveler

[2025-02-19 19:44:31 #11 type] 
Type domain.Traveler is not enhanced.

[2025-02-19 19:44:31 #12 type.registry] 
New type java.util.Vector<java.lang.Object>

[2025-02-19 19:44:31 #13 type.registry] 
New type java.util.Vector<domain.Ride>

[2025-02-19 19:44:31 #14 type.registry] 
New type java.util.Vector<domain.Erreserba>

------------------------------------------------------------------------------------------------------------------------

[2025-02-19 19:44:40 #1 store] 
Database 'C:\Users\egoit\git\Rides25\src\main\resources\rides.temp' has been recovered (tr. 1-7)

[2025-02-19 19:44:40 #2 store] 
Database 'C:\Users\egoit\git\Rides25\src\main\resources\rides.temp' is opened by 8464@LAPTOP-2PN1U6VU

[2025-02-19 19:44:40 #3 type] 
Type domain.User is not enhanced.

[2025-02-19 19:44:40 #4 type] 
Type domain.Driver is not enhanced.

[2025-02-19 19:44:40 #5 type] 
Type domain.Ride is not enhanced.

[2025-02-19 19:44:40 #6 type] 
Type domain.Erreserba is not enhanced.

[2025-02-19 19:44:40 #7 type] 
Type domain.Traveler is not enhanced.

------------------------------------------------------------------------------------------------------------------------

[2025-02-19 19:45:40 #1 store] 
Database 'C:\Users\egoit\git\Rides25\src\main\resources\rides.temp' is opened by 11616@LAPTOP-2PN1U6VU

[2025-02-19 19:45:41 #2 type] 
Type domain.User is not enhanced.

[2025-02-19 19:45:41 #3 type] 
Type domain.Driver is not enhanced.

[2025-02-19 19:45:41 #4 type] 
Type domain.Ride is not enhanced.

[2025-02-19 19:45:41 #5 type] 
Type domain.Erreserba is not enhanced.

[2025-02-19 19:45:41 #6 type] 
Type domain.Traveler is not enhanced.

------------------------------------------------------------------------------------------------------------------------

[2025-02-19 19:48:46 #1 store] 
Database 'C:\Users\egoit\git\Rides25\src\main\resources\rides.temp' is opened by 12592@LAPTOP-2PN1U6VU

[2025-02-19 19:48:46 #2 type.registry] 
New type domain.User

[2025-02-19 19:48:46 #3 type.registry] 
New type domain.Driver

[2025-02-19 19:48:46 #4 type] 
Type domain.User is not enhanced.

[2025-02-19 19:48:46 #5 type] 
Type domain.Driver is not enhanced.

[2025-02-19 19:48:46 #6 type.registry] 
New type domain.Ride

[2025-02-19 19:48:46 #7 type] 
Type domain.Ride is not enhanced.

[2025-02-19 19:48:46 #8 type.registry] 
New type domain.Erreserba

[2025-02-19 19:48:46 #9 type] 
Type domain.Erreserba is not enhanced.

[2025-02-19 19:48:46 #10 type.registry] 
New type domain.Traveler

[2025-02-19 19:48:46 #11 type] 
Type domain.Traveler is not enhanced.

[2025-02-19 19:48:46 #12 type.registry] 
New type java.util.Vector<java.lang.Object>

[2025-02-19 19:48:46 #13 type.registry] 
New type java.util.Vector<domain.Ride>

[2025-02-19 19:48:46 #14 type.registry] 
New type java.util.Vector<domain.Erreserba>

------------------------------------------------------------------------------------------------------------------------

[2025-02-19 19:48:55 #1 store] 
Database 'C:\Users\egoit\git\Rides25\src\main\resources\rides.temp' has been recovered (tr. 1-7)

[2025-02-19 19:48:55 #2 store] 
Database 'C:\Users\egoit\git\Rides25\src\main\resources\rides.temp' is opened by 1140@LAPTOP-2PN1U6VU

[2025-02-19 19:48:55 #3 type] 
Type domain.User is not enhanced.

[2025-02-19 19:48:55 #4 type] 
Type domain.Driver is not enhanced.

[2025-02-19 19:48:55 #5 type] 
Type domain.Ride is not enhanced.

[2025-02-19 19:48:55 #6 type] 
Type domain.Erreserba is not enhanced.

[2025-02-19 19:48:55 #7 type] 
Type domain.Traveler is not enhanced.

------------------------------------------------------------------------------------------------------------------------

[2025-02-19 19:50:02 #1 store] 
Database 'C:\Users\egoit\git\Rides25\src\main\resources\rides.temp' has been recovered (tr. 8-9)

[2025-02-19 19:50:03 #2 store] 
Database 'C:\Users\egoit\git\Rides25\src\main\resources\rides.temp' is opened by 9612@LAPTOP-2PN1U6VU

[2025-02-19 19:50:03 #3 type] 
Type domain.User is not enhanced.

[2025-02-19 19:50:03 #4 type] 
Type domain.Driver is not enhanced.

[2025-02-19 19:50:03 #5 type] 
Type domain.Ride is not enhanced.

[2025-02-19 19:50:03 #6 type] 
Type domain.Erreserba is not enhanced.

[2025-02-19 19:50:03 #7 type] 
Type domain.Traveler is not enhanced.

------------------------------------------------------------------------------------------------------------------------

[2025-02-19 19:55:38 #1 store] 
Database 'C:\Users\egoit\git\Rides25\src\main\resources\rides.temp' is opened by 6424@LAPTOP-2PN1U6VU

[2025-02-19 19:55:38 #2 type] 
Type domain.User is not enhanced.

[2025-02-19 19:55:38 #3 type] 
Type domain.Driver is not enhanced.

[2025-02-19 19:55:38 #4 type] 
Type domain.Ride is not enhanced.

[2025-02-19 19:55:39 #5 type] 
Type domain.Erreserba is not enhanced.

[2025-02-19 19:55:39 #6 type] 
Type domain.Traveler is not enhanced.

------------------------------------------------------------------------------------------------------------------------

[2025-02-19 19:58:07 #1 store] 
Database 'C:\Users\egoit\git\Rides25\src\main\resources\rides.temp' is opened by 3476@LAPTOP-2PN1U6VU

[2025-02-19 19:58:07 #2 type] 
Type domain.User is not enhanced.

[2025-02-19 19:58:07 #3 type] 
Type domain.Driver is not enhanced.

[2025-02-19 19:58:07 #4 type] 
Type domain.Ride is not enhanced.

[2025-02-19 19:58:07 #5 type] 
Type domain.Erreserba is not enhanced.

[2025-02-19 19:58:07 #6 type] 
Type domain.Traveler is not enhanced.

------------------------------------------------------------------------------------------------------------------------

[2025-02-19 20:00:24 #1 store] 
Database 'C:\Users\egoit\git\Rides25\src\main\resources\rides.temp' has been recovered (tr. 14-14)

[2025-02-19 20:00:24 #2 store] 
Database 'C:\Users\egoit\git\Rides25\src\main\resources\rides.temp' is opened by 2184@LAPTOP-2PN1U6VU

[2025-02-19 20:00:24 #3 type] 
Type domain.User is not enhanced.

[2025-02-19 20:00:24 #4 type] 
Type domain.Driver is not enhanced.

[2025-02-19 20:00:24 #5 type] 
Type domain.Ride is not enhanced.

[2025-02-19 20:00:24 #6 type] 
Type domain.Erreserba is not enhanced.

[2025-02-19 20:00:24 #7 type] 
Type domain.Traveler is not enhanced.

------------------------------------------------------------------------------------------------------------------------

[2025-02-19 20:03:17 #1 store] 
Database 'C:\Users\egoit\git\Rides25\src\main\resources\rides.temp' is opened by 6988@LAPTOP-2PN1U6VU

[2025-02-19 20:03:17 #2 type.registry] 
New type domain.User

[2025-02-19 20:03:17 #3 type.registry] 
New type domain.Driver

[2025-02-19 20:03:18 #4 type] 
Type domain.User is not enhanced.

[2025-02-19 20:03:18 #5 type] 
Type domain.Driver is not enhanced.

[2025-02-19 20:03:18 #6 type.registry] 
New type domain.Ride

[2025-02-19 20:03:18 #7 type] 
Type domain.Ride is not enhanced.

[2025-02-19 20:03:18 #8 type.registry] 
New type domain.Erreserba

[2025-02-19 20:03:18 #9 type] 
Type domain.Erreserba is not enhanced.

[2025-02-19 20:03:18 #10 type.registry] 
New type domain.Traveler

[2025-02-19 20:03:18 #11 type] 
Type domain.Traveler is not enhanced.

[2025-02-19 20:03:18 #12 type.registry] 
New type java.util.Vector<java.lang.Object>

[2025-02-19 20:03:18 #13 type.registry] 
New type java.util.Vector<domain.Ride>

[2025-02-19 20:03:18 #14 type.registry] 
New type java.util.Vector<domain.Erreserba>

------------------------------------------------------------------------------------------------------------------------

[2025-02-19 20:03:24 #1 store] 
Database 'C:\Users\egoit\git\Rides25\src\main\resources\rides.temp' has been recovered (tr. 1-7)

[2025-02-19 20:03:24 #2 store] 
Database 'C:\Users\egoit\git\Rides25\src\main\resources\rides.temp' is opened by 12120@LAPTOP-2PN1U6VU

[2025-02-19 20:03:24 #3 type] 
Type domain.User is not enhanced.

[2025-02-19 20:03:24 #4 type] 
Type domain.Driver is not enhanced.

[2025-02-19 20:03:24 #5 type] 
Type domain.Ride is not enhanced.

[2025-02-19 20:03:24 #6 type] 
Type domain.Erreserba is not enhanced.

[2025-02-19 20:03:24 #7 type] 
Type domain.Traveler is not enhanced.

------------------------------------------------------------------------------------------------------------------------

[2025-02-19 20:05:06 #1 store] 
Database 'C:\Users\egoit\git\Rides25\src\main\resources\rides.temp' is opened by 9500@LAPTOP-2PN1U6VU

[2025-02-19 20:05:06 #2 type] 
Type domain.User is not enhanced.

[2025-02-19 20:05:07 #3 type] 
Type domain.Driver is not enhanced.

[2025-02-19 20:05:07 #4 type] 
Type domain.Ride is not enhanced.

[2025-02-19 20:05:07 #5 type] 
Type domain.Erreserba is not enhanced.

[2025-02-19 20:05:07 #6 type] 
Type domain.Traveler is not enhanced.

------------------------------------------------------------------------------------------------------------------------

[2025-02-19 20:06:58 #1 store] 
Database 'C:\Users\egoit\git\Rides25\src\main\resources\rides.temp' has been recovered (tr. 11-12)

[2025-02-19 20:06:58 #2 store] 
Database 'C:\Users\egoit\git\Rides25\src\main\resources\rides.temp' is opened by 10216@LAPTOP-2PN1U6VU

[2025-02-19 20:06:58 #3 type] 
Type domain.User is not enhanced.

[2025-02-19 20:06:58 #4 type] 
Type domain.Driver is not enhanced.

[2025-02-19 20:06:58 #5 type] 
Type domain.Ride is not enhanced.

[2025-02-19 20:06:58 #6 type] 
Type domain.Erreserba is not enhanced.

[2025-02-19 20:06:58 #7 type] 
Type domain.Traveler is not enhanced.

------------------------------------------------------------------------------------------------------------------------

[2025-02-19 20:11:56 #1 store] 
Database 'C:\Users\egoit\git\Rides25\src\main\resources\rides.temp' is opened by 5612@LAPTOP-2PN1U6VU

[2025-02-19 20:11:56 #2 type] 
Type domain.User is not enhanced.

[2025-02-19 20:11:56 #3 type] 
Type domain.Driver is not enhanced.

[2025-02-19 20:11:56 #4 type] 
Type domain.Ride is not enhanced.

[2025-02-19 20:11:56 #5 type] 
Type domain.Erreserba is not enhanced.

[2025-02-19 20:11:56 #6 type] 
Type domain.Traveler is not enhanced.

------------------------------------------------------------------------------------------------------------------------

[2025-02-19 20:15:56 #1 store] 
Database 'C:\Users\egoit\git\Rides25\src\main\resources\rides.temp' is opened by 2480@LAPTOP-2PN1U6VU

[2025-02-19 20:15:57 #2 type.registry] 
New type domain.User

[2025-02-19 20:15:57 #3 type.registry] 
New type domain.Driver

[2025-02-19 20:15:57 #4 type] 
Type domain.User is not enhanced.

[2025-02-19 20:15:57 #5 type] 
Type domain.Driver is not enhanced.

[2025-02-19 20:15:57 #6 type.registry] 
New type domain.Ride

[2025-02-19 20:15:57 #7 type] 
Type domain.Ride is not enhanced.

[2025-02-19 20:15:57 #8 type.registry] 
New type domain.Erreserba

[2025-02-19 20:15:57 #9 type] 
Type domain.Erreserba is not enhanced.

[2025-02-19 20:15:57 #10 type.registry] 
New type domain.Traveler

[2025-02-19 20:15:57 #11 type] 
Type domain.Traveler is not enhanced.

[2025-02-19 20:15:57 #12 type.registry] 
New type java.util.Vector<java.lang.Object>

[2025-02-19 20:15:57 #13 type.registry] 
New type java.util.Vector<domain.Ride>

[2025-02-19 20:15:57 #14 type.registry] 
New type java.util.Vector<domain.Erreserba>

------------------------------------------------------------------------------------------------------------------------

[2025-02-19 20:16:05 #1 store] 
Database 'C:\Users\egoit\git\Rides25\src\main\resources\rides.temp' has been recovered (tr. 1-7)

[2025-02-19 20:16:05 #2 store] 
Database 'C:\Users\egoit\git\Rides25\src\main\resources\rides.temp' is opened by 1384@LAPTOP-2PN1U6VU

[2025-02-19 20:16:05 #3 type] 
Type domain.User is not enhanced.

[2025-02-19 20:16:05 #4 type] 
Type domain.Driver is not enhanced.

[2025-02-19 20:16:05 #5 type] 
Type domain.Ride is not enhanced.

[2025-02-19 20:16:05 #6 type] 
Type domain.Erreserba is not enhanced.

[2025-02-19 20:16:05 #7 type] 
Type domain.Traveler is not enhanced.

------------------------------------------------------------------------------------------------------------------------

[2025-02-19 20:20:27 #1 store] 
Database 'C:\Users\egoit\git\Rides25\src\main\resources\rides.temp' is opened by 8120@LAPTOP-2PN1U6VU

[2025-02-19 20:20:27 #2 type] 
Type domain.User is not enhanced.

[2025-02-19 20:20:27 #3 type] 
Type domain.Driver is not enhanced.

[2025-02-19 20:20:27 #4 type] 
Type domain.Ride is not enhanced.

[2025-02-19 20:20:27 #5 type] 
Type domain.Erreserba is not enhanced.

[2025-02-19 20:20:27 #6 type] 
Type domain.Traveler is not enhanced.

