------------------------------------------------------------------------------------------------------------------------

[2025-02-24 10:33:12 #1 store] 
Database 'C:\Users\egoit\git\Rides25\src\main\resources\rides.temp' is opened by 15080@LAPTOP-2PN1U6VU

[2025-02-24 10:33:12 #2 type] 
Type domain.User is not enhanced.

[2025-02-24 10:33:12 #3 type] 
Type domain.Driver is not enhanced.

[2025-02-24 10:33:12 #4 type] 
Type domain.Ride is not enhanced.

[2025-02-24 10:33:12 #5 type] 
Type domain.Erreserba is not enhanced.

[2025-02-24 10:33:12 #6 type] 
Type domain.Traveler is not enhanced.

------------------------------------------------------------------------------------------------------------------------

[2025-02-24 10:59:55 #1 store] 
Database 'C:\Users\egoit\git\Rides25\src\main\resources\rides.temp' is opened by 5968@LAPTOP-2PN1U6VU

[2025-02-24 10:59:56 #2 type] 
Type domain.User is not enhanced.

[2025-02-24 10:59:56 #3 type] 
Type domain.Driver is not enhanced.

[2025-02-24 10:59:56 #4 type] 
Type domain.Ride is not enhanced.

[2025-02-24 10:59:56 #5 type] 
Type domain.Erreserba is not enhanced.

[2025-02-24 10:59:56 #6 type] 
Type domain.Traveler is not enhanced.

------------------------------------------------------------------------------------------------------------------------

[2025-02-24 11:12:30 #1 store] 
Database 'C:\Users\egoit\git\Rides25\src\main\resources\rides.temp' is opened by 8000@LAPTOP-2PN1U6VU

[2025-02-24 11:12:31 #2 type] 
Type domain.User is not enhanced.

[2025-02-24 11:12:31 #3 type] 
Type domain.Driver is not enhanced.

[2025-02-24 11:12:31 #4 type] 
Type domain.Ride is not enhanced.

[2025-02-24 11:12:31 #5 type] 
Type domain.Erreserba is not enhanced.

[2025-02-24 11:12:31 #6 type] 
Type domain.Traveler is not enhanced.

------------------------------------------------------------------------------------------------------------------------

[2025-02-24 11:15:07 #1 store] 
Database 'C:\Users\egoit\git\Rides25\src\main\resources\rides.temp' is opened by 16764@LAPTOP-2PN1U6VU

[2025-02-24 11:15:08 #2 type] 
Type domain.User is not enhanced.

[2025-02-24 11:15:08 #3 type] 
Type domain.Driver is not enhanced.

[2025-02-24 11:15:08 #4 type] 
Type domain.Ride is not enhanced.

[2025-02-24 11:15:08 #5 type] 
Type domain.Erreserba is not enhanced.

[2025-02-24 11:15:08 #6 type] 
Type domain.Traveler is not enhanced.

------------------------------------------------------------------------------------------------------------------------

[2025-02-24 11:15:59 #1 store] 
Database 'C:\Users\egoit\git\Rides25\src\main\resources\rides.temp' is opened by 788@LAPTOP-2PN1U6VU

[2025-02-24 11:16:00 #2 type] 
Type domain.User is not enhanced.

[2025-02-24 11:16:00 #3 type] 
Type domain.Driver is not enhanced.

[2025-02-24 11:16:00 #4 type] 
Type domain.Ride is not enhanced.

[2025-02-24 11:16:00 #5 type] 
Type domain.Erreserba is not enhanced.

[2025-02-24 11:16:00 #6 type] 
Type domain.Traveler is not enhanced.

------------------------------------------------------------------------------------------------------------------------

[2025-02-24 11:17:13 #1 store] 
Database 'C:\Users\egoit\git\Rides25\src\main\resources\rides.temp' is opened by 12352@LAPTOP-2PN1U6VU

[2025-02-24 11:17:13 #2 type] 
Type domain.User is not enhanced.

[2025-02-24 11:17:13 #3 type] 
Type domain.Driver is not enhanced.

[2025-02-24 11:17:13 #4 type] 
Type domain.Ride is not enhanced.

[2025-02-24 11:17:13 #5 type] 
Type domain.Erreserba is not enhanced.

[2025-02-24 11:17:13 #6 type] 
Type domain.Traveler is not enhanced.

------------------------------------------------------------------------------------------------------------------------

[2025-02-24 11:23:48 #1 store] 
Database 'C:\Users\egoit\git\Rides25\src\main\resources\rides.temp' has been recovered (tr. 22-22)

[2025-02-24 11:23:48 #2 store] 
Database 'C:\Users\egoit\git\Rides25\src\main\resources\rides.temp' is opened by 5168@LAPTOP-2PN1U6VU

[2025-02-24 11:23:49 #3 type] 
Type domain.User is not enhanced.

[2025-02-24 11:23:49 #4 type] 
Type domain.Driver is not enhanced.

[2025-02-24 11:23:49 #5 type] 
Type domain.Ride is not enhanced.

[2025-02-24 11:23:49 #6 type] 
Type domain.Erreserba is not enhanced.

[2025-02-24 11:23:49 #7 type] 
Type domain.Traveler is not enhanced.

------------------------------------------------------------------------------------------------------------------------

[2025-02-24 11:29:55 #1 store] 
Database 'C:\Users\egoit\git\Rides25\src\main\resources\rides.temp' is opened by 5888@LAPTOP-2PN1U6VU

[2025-02-24 11:29:56 #2 type] 
Type domain.User is not enhanced.

[2025-02-24 11:29:56 #3 type] 
Type domain.Driver is not enhanced.

[2025-02-24 11:29:56 #4 type] 
Type domain.Ride is not enhanced.

[2025-02-24 11:29:56 #5 type] 
Type domain.Erreserba is not enhanced.

[2025-02-24 11:29:56 #6 type] 
Type domain.Traveler is not enhanced.

------------------------------------------------------------------------------------------------------------------------

[2025-02-24 11:34:55 #1 store] 
Database 'C:\Users\egoit\git\Rides25\src\main\resources\rides.temp' is opened by 11292@LAPTOP-2PN1U6VU

[2025-02-24 11:34:55 #2 type] 
Type domain.User is not enhanced.

[2025-02-24 11:34:55 #3 type] 
Type domain.Driver is not enhanced.

[2025-02-24 11:34:55 #4 type] 
Type domain.Ride is not enhanced.

[2025-02-24 11:34:55 #5 type] 
Type domain.Erreserba is not enhanced.

[2025-02-24 11:34:55 #6 type] 
Type domain.Traveler is not enhanced.

------------------------------------------------------------------------------------------------------------------------

[2025-02-24 11:43:39 #1 store] 
Database 'C:\Users\egoit\git\Rides25\src\main\resources\rides.temp' has been recovered (tr. 24-24)

[2025-02-24 11:43:39 #2 store] 
Database 'C:\Users\egoit\git\Rides25\src\main\resources\rides.temp' is opened by 8216@LAPTOP-2PN1U6VU

[2025-02-24 11:43:39 #3 type] 
Type domain.User is not enhanced.

[2025-02-24 11:43:39 #4 type] 
Type domain.Driver is not enhanced.

[2025-02-24 11:43:39 #5 type] 
Type domain.Ride is not enhanced.

[2025-02-24 11:43:39 #6 type] 
Type domain.Erreserba is not enhanced.

[2025-02-24 11:43:39 #7 type] 
Type domain.Traveler is not enhanced.

------------------------------------------------------------------------------------------------------------------------

[2025-02-24 11:48:27 #1 store] 
Database 'C:\Users\egoit\git\Rides25\src\main\resources\rides.temp' is opened by 15256@LAPTOP-2PN1U6VU

[2025-02-24 11:48:27 #2 type] 
Type domain.User is not enhanced.

[2025-02-24 11:48:27 #3 type] 
Type domain.Driver is not enhanced.

[2025-02-24 11:48:27 #4 type] 
Type domain.Ride is not enhanced.

[2025-02-24 11:48:27 #5 type] 
Type domain.Erreserba is not enhanced.

[2025-02-24 11:48:27 #6 type] 
Type domain.Traveler is not enhanced.

------------------------------------------------------------------------------------------------------------------------

[2025-02-24 11:49:05 #1 store] 
Database 'C:\Users\egoit\git\Rides25\src\main\resources\rides.temp' has been recovered (tr. 26-26)

[2025-02-24 11:49:06 #2 store] 
Database 'C:\Users\egoit\git\Rides25\src\main\resources\rides.temp' is opened by 14540@LAPTOP-2PN1U6VU

[2025-02-24 11:49:06 #3 type] 
Type domain.User is not enhanced.

[2025-02-24 11:49:06 #4 type] 
Type domain.Driver is not enhanced.

[2025-02-24 11:49:06 #5 type] 
Type domain.Ride is not enhanced.

[2025-02-24 11:49:06 #6 type] 
Type domain.Erreserba is not enhanced.

[2025-02-24 11:49:06 #7 type] 
Type domain.Traveler is not enhanced.

------------------------------------------------------------------------------------------------------------------------

[2025-02-24 16:18:18 #1 store] 
Database 'C:\Users\egoit\git\Rides25\src\main\resources\rides.temp' is opened by 16240@LAPTOP-2PN1U6VU

[2025-02-24 16:18:18 #2 type] 
Type domain.User is not enhanced.

[2025-02-24 16:18:18 #3 type] 
Type domain.Driver is not enhanced.

[2025-02-24 16:18:19 #4 type] 
Type domain.Ride is not enhanced.

[2025-02-24 16:18:19 #5 type] 
Type domain.Erreserba is not enhanced.

[2025-02-24 16:18:19 #6 type] 
Type domain.Traveler is not enhanced.

------------------------------------------------------------------------------------------------------------------------

[2025-02-24 16:24:12 #1 store] 
Database 'C:\Users\egoit\git\Rides25\src\main\resources\rides.temp' has been recovered (tr. 27-27)

[2025-02-24 16:24:12 #2 store] 
Database 'C:\Users\egoit\git\Rides25\src\main\resources\rides.temp' is opened by 16204@LAPTOP-2PN1U6VU

[2025-02-24 16:24:12 #3 type] 
Type domain.User is not enhanced.

[2025-02-24 16:24:13 #4 type] 
Type domain.Driver is not enhanced.

[2025-02-24 16:24:13 #5 type] 
Type domain.Ride is not enhanced.

[2025-02-24 16:24:13 #6 type] 
Type domain.Erreserba is not enhanced.

[2025-02-24 16:24:13 #7 type] 
Type domain.Traveler is not enhanced.

------------------------------------------------------------------------------------------------------------------------

[2025-02-24 16:24:38 #1 store] 
Database 'C:\Users\egoit\git\Rides25\src\main\resources\rides.temp' is opened by 9764@LAPTOP-2PN1U6VU

[2025-02-24 16:24:38 #2 type] 
Type domain.User is not enhanced.

[2025-02-24 16:24:38 #3 type] 
Type domain.Driver is not enhanced.

[2025-02-24 16:24:38 #4 type] 
Type domain.Ride is not enhanced.

[2025-02-24 16:24:38 #5 type] 
Type domain.Erreserba is not enhanced.

[2025-02-24 16:24:38 #6 type] 
Type domain.Traveler is not enhanced.

------------------------------------------------------------------------------------------------------------------------

[2025-02-24 16:30:32 #1 store] 
Database 'C:\Users\egoit\git\Rides25\src\main\resources\rides.temp' has been recovered (tr. 28-39)

[2025-02-24 16:30:32 #2 store] 
Database 'C:\Users\egoit\git\Rides25\src\main\resources\rides.temp' is opened by 7028@LAPTOP-2PN1U6VU

[2025-02-24 16:30:32 #3 type] 
Type domain.User is not enhanced.

[2025-02-24 16:30:32 #4 type] 
Type domain.Driver is not enhanced.

[2025-02-24 16:30:32 #5 type] 
Type domain.Ride is not enhanced.

[2025-02-24 16:30:32 #6 type] 
Type domain.Erreserba is not enhanced.

[2025-02-24 16:30:32 #7 type] 
Type domain.Traveler is not enhanced.

------------------------------------------------------------------------------------------------------------------------

[2025-02-24 16:34:38 #1 store] 
Database 'C:\Users\egoit\git\Rides25\src\main\resources\rides.temp' has been recovered (tr. 40-44)

[2025-02-24 16:34:39 #2 store] 
Database 'C:\Users\egoit\git\Rides25\src\main\resources\rides.temp' is opened by 7176@LAPTOP-2PN1U6VU

[2025-02-24 16:34:39 #3 type] 
Type domain.User is not enhanced.

[2025-02-24 16:34:39 #4 type] 
Type domain.Driver is not enhanced.

[2025-02-24 16:34:39 #5 type] 
Type domain.Ride is not enhanced.

[2025-02-24 16:34:39 #6 type] 
Type domain.Erreserba is not enhanced.

[2025-02-24 16:34:39 #7 type] 
Type domain.Traveler is not enhanced.

------------------------------------------------------------------------------------------------------------------------

[2025-02-24 16:41:47 #1 store] 
Database 'C:\Users\egoit\git\Rides25\src\main\resources\rides.temp' is opened by 8920@LAPTOP-2PN1U6VU

[2025-02-24 16:41:47 #2 type] 
Type domain.User is not enhanced.

[2025-02-24 16:41:47 #3 type] 
Type domain.Driver is not enhanced.

[2025-02-24 16:41:47 #4 type] 
Type domain.Ride is not enhanced.

[2025-02-24 16:41:47 #5 type] 
Type domain.Erreserba is not enhanced.

[2025-02-24 16:41:47 #6 type] 
Type domain.Traveler is not enhanced.

------------------------------------------------------------------------------------------------------------------------

[2025-02-24 16:54:52 #1 store] 
Database 'C:\Users\egoit\git\Rides25\src\main\resources\rides.temp' has been recovered (tr. 45-45)

[2025-02-24 16:54:52 #2 store] 
Database 'C:\Users\egoit\git\Rides25\src\main\resources\rides.temp' is opened by 7176@LAPTOP-2PN1U6VU

[2025-02-24 16:54:53 #3 type] 
Type domain.User is not enhanced.

[2025-02-24 16:54:53 #4 type] 
Type domain.Driver is not enhanced.

[2025-02-24 16:54:53 #5 type] 
Type domain.Ride is not enhanced.

[2025-02-24 16:54:53 #6 type] 
Type domain.Erreserba is not enhanced.

[2025-02-24 16:54:53 #7 type] 
Type domain.Traveler is not enhanced.

------------------------------------------------------------------------------------------------------------------------

[2025-02-24 17:17:31 #1 store] 
Database 'C:\Users\egoit\git\Rides25\src\main\resources\rides.temp' has been recovered (tr. 46-47)

[2025-02-24 17:17:31 #2 store] 
Database 'C:\Users\egoit\git\Rides25\src\main\resources\rides.temp' is opened by 1868@LAPTOP-2PN1U6VU

[2025-02-24 17:17:31 #3 type] 
Type domain.User is not enhanced.

[2025-02-24 17:17:31 #4 type] 
Type domain.Driver is not enhanced.

[2025-02-24 17:17:31 #5 type] 
Type domain.Ride is not enhanced.

[2025-02-24 17:17:31 #6 type] 
Type domain.Erreserba is not enhanced.

[2025-02-24 17:17:31 #7 type] 
Type domain.Traveler is not enhanced.

------------------------------------------------------------------------------------------------------------------------

[2025-02-24 17:18:20 #1 store] 
Database 'C:\Users\egoit\git\Rides25\src\main\resources\rides.temp' is opened by 1496@LAPTOP-2PN1U6VU

[2025-02-24 17:18:20 #2 type.registry] 
New type domain.User

[2025-02-24 17:18:20 #3 type.registry] 
New type domain.Driver

[2025-02-24 17:18:20 #4 type] 
Type domain.User is not enhanced.

[2025-02-24 17:18:20 #5 type] 
Type domain.Driver is not enhanced.

[2025-02-24 17:18:20 #6 type.registry] 
New type domain.Ride

[2025-02-24 17:18:20 #7 type] 
Type domain.Ride is not enhanced.

[2025-02-24 17:18:20 #8 type.registry] 
New type domain.Erreserba

[2025-02-24 17:18:20 #9 type] 
Type domain.Erreserba is not enhanced.

[2025-02-24 17:18:20 #10 type.registry] 
New type domain.Traveler

[2025-02-24 17:18:20 #11 type.registry] 
New type domain.ErreserbaEgoera

[2025-02-24 17:18:20 #12 type] 
Type domain.Traveler is not enhanced.

[2025-02-24 17:18:20 #13 type.registry] 
New type java.util.Vector<java.lang.Object>

[2025-02-24 17:18:20 #14 type.registry] 
New type java.util.Vector<domain.Ride>

[2025-02-24 17:18:20 #15 type.registry] 
New type java.util.Vector<domain.Erreserba>

------------------------------------------------------------------------------------------------------------------------

[2025-02-24 17:18:30 #1 store] 
Database 'C:\Users\egoit\git\Rides25\src\main\resources\rides.temp' has been recovered (tr. 1-7)

[2025-02-24 17:18:30 #2 store] 
Database 'C:\Users\egoit\git\Rides25\src\main\resources\rides.temp' is opened by 10840@LAPTOP-2PN1U6VU

[2025-02-24 17:18:31 #3 type] 
Type domain.User is not enhanced.

[2025-02-24 17:18:31 #4 type] 
Type domain.Driver is not enhanced.

[2025-02-24 17:18:31 #5 type] 
Type domain.Ride is not enhanced.

[2025-02-24 17:18:31 #6 type] 
Type domain.Erreserba is not enhanced.

[2025-02-24 17:18:31 #7 type] 
Type domain.Traveler is not enhanced.

------------------------------------------------------------------------------------------------------------------------

[2025-02-24 17:26:23 #1 store] 
Database 'C:\Users\egoit\git\Rides25\src\main\resources\rides.temp' has been recovered (tr. 8-10)

[2025-02-24 17:26:23 #2 store] 
Database 'C:\Users\egoit\git\Rides25\src\main\resources\rides.temp' is opened by 7960@LAPTOP-2PN1U6VU

[2025-02-24 17:26:24 #3 type] 
Type domain.User is not enhanced.

[2025-02-24 17:26:24 #4 type] 
Type domain.Driver is not enhanced.

[2025-02-24 17:26:24 #5 type] 
Type domain.Ride is not enhanced.

[2025-02-24 17:26:24 #6 type] 
Type domain.Erreserba is not enhanced.

[2025-02-24 17:26:24 #7 type] 
Type domain.Traveler is not enhanced.

------------------------------------------------------------------------------------------------------------------------

[2025-02-24 17:28:16 #1 store] 
Database 'C:\Users\egoit\git\Rides25\src\main\resources\rides.temp' has been recovered (tr. 11-11)

[2025-02-24 17:28:16 #2 store] 
Database 'C:\Users\egoit\git\Rides25\src\main\resources\rides.temp' is opened by 4372@LAPTOP-2PN1U6VU

[2025-02-24 17:28:16 #3 type] 
Type domain.User is not enhanced.

[2025-02-24 17:28:16 #4 type] 
Type domain.Driver is not enhanced.

[2025-02-24 17:28:16 #5 type] 
Type domain.Ride is not enhanced.

[2025-02-24 17:28:16 #6 type] 
Type domain.Erreserba is not enhanced.

[2025-02-24 17:28:16 #7 type] 
Type domain.Traveler is not enhanced.

------------------------------------------------------------------------------------------------------------------------

[2025-02-24 17:29:35 #1 store] 
Database 'C:\Users\egoit\git\Rides25\src\main\resources\rides.temp' has been recovered (tr. 12-13)

[2025-02-24 17:29:35 #2 store] 
Database 'C:\Users\egoit\git\Rides25\src\main\resources\rides.temp' is opened by 9832@LAPTOP-2PN1U6VU

[2025-02-24 17:29:35 #3 type] 
Type domain.User is not enhanced.

[2025-02-24 17:29:35 #4 type] 
Type domain.Driver is not enhanced.

[2025-02-24 17:29:35 #5 type] 
Type domain.Ride is not enhanced.

[2025-02-24 17:29:35 #6 type] 
Type domain.Erreserba is not enhanced.

[2025-02-24 17:29:35 #7 type] 
Type domain.Traveler is not enhanced.

------------------------------------------------------------------------------------------------------------------------

[2025-02-24 17:36:11 #1 store] 
Database 'C:\Users\egoit\git\Rides25\src\main\resources\rides.temp' has been recovered (tr. 14-14)

[2025-02-24 17:36:11 #2 store] 
Database 'C:\Users\egoit\git\Rides25\src\main\resources\rides.temp' is opened by 14160@LAPTOP-2PN1U6VU

[2025-02-24 17:36:11 #3 type] 
Type domain.User is not enhanced.

[2025-02-24 17:36:11 #4 type] 
Type domain.Driver is not enhanced.

[2025-02-24 17:36:11 #5 type] 
Type domain.Ride is not enhanced.

[2025-02-24 17:36:11 #6 type] 
Type domain.Erreserba is not enhanced.

[2025-02-24 17:36:11 #7 type] 
Type domain.Traveler is not enhanced.

------------------------------------------------------------------------------------------------------------------------

[2025-02-24 17:36:29 #1 store] 
Database 'C:\Users\egoit\git\Rides25\src\main\resources\rides.temp' is opened by 16992@LAPTOP-2PN1U6VU

[2025-02-24 17:36:29 #2 type.registry] 
New type domain.User

[2025-02-24 17:36:29 #3 type.registry] 
New type domain.Driver

[2025-02-24 17:36:29 #4 type] 
Type domain.User is not enhanced.

[2025-02-24 17:36:29 #5 type] 
Type domain.Driver is not enhanced.

[2025-02-24 17:36:29 #6 type.registry] 
New type domain.Ride

[2025-02-24 17:36:29 #7 type] 
Type domain.Ride is not enhanced.

[2025-02-24 17:36:29 #8 type.registry] 
New type domain.Erreserba

[2025-02-24 17:36:29 #9 type] 
Type domain.Erreserba is not enhanced.

[2025-02-24 17:36:29 #10 type.registry] 
New type domain.Traveler

[2025-02-24 17:36:29 #11 type.registry] 
New type domain.ErreserbaEgoera

[2025-02-24 17:36:29 #12 type] 
Type domain.Traveler is not enhanced.

[2025-02-24 17:36:29 #13 type.registry] 
New type java.util.Vector<java.lang.Object>

[2025-02-24 17:36:29 #14 type.registry] 
New type java.util.Vector<domain.Ride>

[2025-02-24 17:36:29 #15 type.registry] 
New type java.util.Vector<domain.Erreserba>

------------------------------------------------------------------------------------------------------------------------

[2025-02-24 17:36:36 #1 store] 
Database 'C:\Users\egoit\git\Rides25\src\main\resources\rides.temp' has been recovered (tr. 1-7)

[2025-02-24 17:36:36 #2 store] 
Database 'C:\Users\egoit\git\Rides25\src\main\resources\rides.temp' is opened by 16692@LAPTOP-2PN1U6VU

[2025-02-24 17:36:36 #3 type] 
Type domain.User is not enhanced.

[2025-02-24 17:36:36 #4 type] 
Type domain.Driver is not enhanced.

[2025-02-24 17:36:36 #5 type] 
Type domain.Ride is not enhanced.

[2025-02-24 17:36:36 #6 type] 
Type domain.Erreserba is not enhanced.

[2025-02-24 17:36:36 #7 type] 
Type domain.Traveler is not enhanced.

