------------------------------------------------------------------------------------------------------------------------

[2025-04-07 10:39:42 #1 store] 
Database 'C:\Users\egoit\git\Rides25\src\main\resources\rides.temp' is opened by 16020@LAPTOP-2PN1U6VU

[2025-04-07 10:39:43 #2 type.registry] 
New type domain.User

[2025-04-07 10:39:43 #3 type.registry] 
New type domain.Driver

[2025-04-07 10:39:43 #4 type] 
Type domain.User is not enhanced.

[2025-04-07 10:39:43 #5 type.registry] 
New type domain.Mugimendua

[2025-04-07 10:39:43 #6 type] 
Type domain.Driver is not enhanced.

[2025-04-07 10:39:43 #7 type.registry] 
New type domain.Car

[2025-04-07 10:39:43 #8 type.registry] 
New type domain.Ride

[2025-04-07 10:39:43 #9 type] 
Type domain.Mugimendua is not enhanced.

[2025-04-07 10:39:43 #10 type.registry] 
New type domain.MugimenduMota

[2025-04-07 10:39:43 #11 type] 
Type domain.Car is not enhanced.

[2025-04-07 10:39:43 #12 type] 
Type domain.Ride is not enhanced.

[2025-04-07 10:39:43 #13 type.registry] 
New type domain.RideEgoera

[2025-04-07 10:39:43 #14 type.registry] 
New type domain.Erreserba

[2025-04-07 10:39:43 #15 type] 
Type domain.Erreserba is not enhanced.

[2025-04-07 10:39:43 #16 type.registry] 
New type domain.Traveler

[2025-04-07 10:39:43 #17 type.registry] 
New type domain.ErreserbaEgoera

[2025-04-07 10:39:43 #18 type] 
Type domain.Traveler is not enhanced.

[2025-04-07 10:39:43 #19 type.registry] 
New type java.util.Vector<java.lang.Object>

[2025-04-07 10:39:43 #20 type.registry] 
New type java.util.Vector<domain.Mugimendua>

[2025-04-07 10:39:43 #21 type.registry] 
New type java.util.Vector<domain.Ride>

[2025-04-07 10:39:43 #22 type.registry] 
New type java.util.Vector<domain.Car>

[2025-04-07 10:39:43 #23 type.registry] 
New type java.util.Vector<domain.Erreserba>

------------------------------------------------------------------------------------------------------------------------

[2025-04-07 10:52:12 #1 store] 
Database 'C:\Users\egoit\git\Rides25\src\main\resources\rides.temp' is opened by 1576@LAPTOP-2PN1U6VU

[2025-04-07 10:52:12 #2 type] 
Type domain.User is not enhanced.

[2025-04-07 10:52:12 #3 type] 
Type domain.Driver is not enhanced.

[2025-04-07 10:52:12 #4 type] 
Type domain.Mugimendua is not enhanced.

[2025-04-07 10:52:12 #5 type] 
Type domain.Car is not enhanced.

[2025-04-07 10:52:12 #6 type] 
Type domain.Ride is not enhanced.

[2025-04-07 10:52:12 #7 type] 
Type domain.Erreserba is not enhanced.

[2025-04-07 10:52:12 #8 type] 
Type domain.Traveler is not enhanced.

------------------------------------------------------------------------------------------------------------------------

[2025-04-07 10:53:16 #1 store] 
Database 'C:\Users\egoit\git\Rides25\src\main\resources\rides.temp' is opened by 596@LAPTOP-2PN1U6VU

[2025-04-07 10:53:16 #2 type] 
Type domain.User is not enhanced.

[2025-04-07 10:53:16 #3 type] 
Type domain.Driver is not enhanced.

[2025-04-07 10:53:16 #4 type] 
Type domain.Mugimendua is not enhanced.

[2025-04-07 10:53:16 #5 type] 
Type domain.Car is not enhanced.

[2025-04-07 10:53:16 #6 type] 
Type domain.Ride is not enhanced.

[2025-04-07 10:53:16 #7 type] 
Type domain.Erreserba is not enhanced.

[2025-04-07 10:53:16 #8 type] 
Type domain.Traveler is not enhanced.

------------------------------------------------------------------------------------------------------------------------

[2025-04-07 10:59:37 #1 store] 
Database 'C:\Users\egoit\git\Rides25\src\main\resources\rides.temp' is opened by 18768@LAPTOP-2PN1U6VU

[2025-04-07 10:59:38 #2 type.registry] 
New type domain.User

[2025-04-07 10:59:38 #3 type.registry] 
New type domain.Driver

[2025-04-07 10:59:38 #4 type] 
Type domain.User is not enhanced.

[2025-04-07 10:59:38 #5 type.registry] 
New type domain.Mugimendua

[2025-04-07 10:59:38 #6 type] 
Type domain.Driver is not enhanced.

[2025-04-07 10:59:38 #7 type.registry] 
New type domain.Car

[2025-04-07 10:59:38 #8 type.registry] 
New type domain.Ride

[2025-04-07 10:59:38 #9 type] 
Type domain.Mugimendua is not enhanced.

[2025-04-07 10:59:38 #10 type.registry] 
New type domain.MugimenduMota

[2025-04-07 10:59:38 #11 type] 
Type domain.Car is not enhanced.

[2025-04-07 10:59:38 #12 type] 
Type domain.Ride is not enhanced.

[2025-04-07 10:59:38 #13 type.registry] 
New type domain.RideEgoera

[2025-04-07 10:59:38 #14 type.registry] 
New type domain.Erreserba

[2025-04-07 10:59:38 #15 type] 
Type domain.Erreserba is not enhanced.

[2025-04-07 10:59:38 #16 type.registry] 
New type domain.Traveler

[2025-04-07 10:59:38 #17 type.registry] 
New type domain.ErreserbaEgoera

[2025-04-07 10:59:38 #18 type] 
Type domain.Traveler is not enhanced.

[2025-04-07 10:59:38 #19 type.registry] 
New type java.util.Vector<java.lang.Object>

[2025-04-07 10:59:38 #20 type.registry] 
New type java.util.Vector<domain.Mugimendua>

[2025-04-07 10:59:38 #21 type.registry] 
New type java.util.Vector<domain.Ride>

[2025-04-07 10:59:38 #22 type.registry] 
New type java.util.Vector<domain.Car>

[2025-04-07 10:59:38 #23 type.registry] 
New type java.util.Vector<domain.Erreserba>

------------------------------------------------------------------------------------------------------------------------

[2025-04-07 11:03:57 #1 store] 
Database 'C:\Users\egoit\git\Rides25\src\main\resources\rides.temp' is opened by 4340@LAPTOP-2PN1U6VU

[2025-04-07 11:03:58 #2 type.registry] 
New type domain.User

[2025-04-07 11:03:58 #3 type.registry] 
New type domain.Driver

[2025-04-07 11:03:58 #4 type] 
Type domain.User is not enhanced.

[2025-04-07 11:03:58 #5 type.registry] 
New type domain.Mugimendua

[2025-04-07 11:03:58 #6 type] 
Type domain.Driver is not enhanced.

[2025-04-07 11:03:58 #7 type.registry] 
New type domain.Car

[2025-04-07 11:03:58 #8 type.registry] 
New type domain.Ride

[2025-04-07 11:03:58 #9 type] 
Type domain.Mugimendua is not enhanced.

[2025-04-07 11:03:58 #10 type.registry] 
New type domain.MugimenduMota

[2025-04-07 11:03:58 #11 type] 
Type domain.Car is not enhanced.

[2025-04-07 11:03:58 #12 type] 
Type domain.Ride is not enhanced.

[2025-04-07 11:03:58 #13 type.registry] 
New type domain.RideEgoera

[2025-04-07 11:03:58 #14 type.registry] 
New type domain.Erreserba

[2025-04-07 11:03:58 #15 type] 
Type domain.Erreserba is not enhanced.

[2025-04-07 11:03:58 #16 type.registry] 
New type domain.Traveler

[2025-04-07 11:03:58 #17 type.registry] 
New type domain.ErreserbaEgoera

[2025-04-07 11:03:58 #18 type] 
Type domain.Traveler is not enhanced.

[2025-04-07 11:03:58 #19 type.registry] 
New type java.util.Vector<java.lang.Object>

[2025-04-07 11:03:58 #20 type.registry] 
New type java.util.Vector<domain.Mugimendua>

[2025-04-07 11:03:58 #21 type.registry] 
New type java.util.Vector<domain.Ride>

[2025-04-07 11:03:58 #22 type.registry] 
New type java.util.Vector<domain.Car>

[2025-04-07 11:03:58 #23 type.registry] 
New type java.util.Vector<domain.Erreserba>

------------------------------------------------------------------------------------------------------------------------

[2025-04-07 11:06:25 #1 store] 
Database 'C:\Users\egoit\git\Rides25\src\main\resources\rides.temp' is opened by 5700@LAPTOP-2PN1U6VU

[2025-04-07 11:06:25 #2 type] 
Type domain.User is not enhanced.

[2025-04-07 11:06:25 #3 type] 
Type domain.Driver is not enhanced.

[2025-04-07 11:06:25 #4 type] 
Type domain.Mugimendua is not enhanced.

[2025-04-07 11:06:25 #5 type] 
Type domain.Car is not enhanced.

[2025-04-07 11:06:25 #6 type] 
Type domain.Ride is not enhanced.

[2025-04-07 11:06:25 #7 type] 
Type domain.Erreserba is not enhanced.

[2025-04-07 11:06:25 #8 type] 
Type domain.Traveler is not enhanced.

------------------------------------------------------------------------------------------------------------------------

[2025-04-07 11:08:48 #1 store] 
Database 'C:\Users\egoit\git\Rides25\src\main\resources\rides.temp' is opened by 21680@LAPTOP-2PN1U6VU

[2025-04-07 11:08:49 #2 type] 
Type domain.User is not enhanced.

[2025-04-07 11:08:49 #3 type] 
Type domain.Driver is not enhanced.

[2025-04-07 11:08:49 #4 type] 
Type domain.Mugimendua is not enhanced.

[2025-04-07 11:08:49 #5 type] 
Type domain.Car is not enhanced.

[2025-04-07 11:08:49 #6 type] 
Type domain.Ride is not enhanced.

[2025-04-07 11:08:49 #7 type] 
Type domain.Erreserba is not enhanced.

[2025-04-07 11:08:49 #8 type] 
Type domain.Traveler is not enhanced.

------------------------------------------------------------------------------------------------------------------------

[2025-04-07 11:16:25 #1 store] 
Database 'C:\Users\egoit\git\Rides25\src\main\resources\rides.temp' is opened by 21012@LAPTOP-2PN1U6VU

[2025-04-07 11:16:25 #2 type.registry] 
New type domain.User

[2025-04-07 11:16:25 #3 type.registry] 
New type domain.Driver

[2025-04-07 11:16:25 #4 type] 
Type domain.User is not enhanced.

[2025-04-07 11:16:25 #5 type.registry] 
New type domain.Mugimendua

[2025-04-07 11:16:25 #6 type] 
Type domain.Driver is not enhanced.

[2025-04-07 11:16:25 #7 type.registry] 
New type domain.Car

[2025-04-07 11:16:25 #8 type.registry] 
New type domain.Ride

[2025-04-07 11:16:25 #9 type] 
Type domain.Mugimendua is not enhanced.

[2025-04-07 11:16:25 #10 type.registry] 
New type domain.MugimenduMota

[2025-04-07 11:16:25 #11 type] 
Type domain.Car is not enhanced.

[2025-04-07 11:16:25 #12 type] 
Type domain.Ride is not enhanced.

[2025-04-07 11:16:25 #13 type.registry] 
New type domain.RideEgoera

[2025-04-07 11:16:25 #14 type.registry] 
New type domain.Erreserba

[2025-04-07 11:16:25 #15 type] 
Type domain.Erreserba is not enhanced.

[2025-04-07 11:16:25 #16 type.registry] 
New type domain.Traveler

[2025-04-07 11:16:25 #17 type.registry] 
New type domain.ErreserbaEgoera

[2025-04-07 11:16:25 #18 type] 
Type domain.Traveler is not enhanced.

[2025-04-07 11:16:25 #19 type.registry] 
New type java.util.Vector<java.lang.Object>

[2025-04-07 11:16:25 #20 type.registry] 
New type java.util.Vector<domain.Mugimendua>

[2025-04-07 11:16:25 #21 type.registry] 
New type java.util.Vector<domain.Ride>

[2025-04-07 11:16:25 #22 type.registry] 
New type java.util.Vector<domain.Car>

[2025-04-07 11:16:25 #23 type.registry] 
New type java.util.Vector<domain.Erreserba>

------------------------------------------------------------------------------------------------------------------------

[2025-04-07 11:24:12 #1 store] 
Database 'C:\Users\egoit\git\Rides25\src\main\resources\rides.temp' has been recovered (tr. 1-16)

[2025-04-07 11:24:12 #2 store] 
Database 'C:\Users\egoit\git\Rides25\src\main\resources\rides.temp' is opened by 20576@LAPTOP-2PN1U6VU

[2025-04-07 11:24:12 #3 type] 
Type domain.User is not enhanced.

[2025-04-07 11:24:12 #4 type] 
Type domain.Driver is not enhanced.

[2025-04-07 11:24:12 #5 type] 
Type domain.Mugimendua is not enhanced.

[2025-04-07 11:24:12 #6 type] 
Type domain.Car is not enhanced.

[2025-04-07 11:24:12 #7 type] 
Type domain.Ride is not enhanced.

[2025-04-07 11:24:12 #8 type] 
Type domain.Erreserba is not enhanced.

[2025-04-07 11:24:12 #9 type] 
Type domain.Traveler is not enhanced.

------------------------------------------------------------------------------------------------------------------------

[2025-04-07 11:29:39 #1 store] 
Database 'C:\Users\egoit\git\Rides25\src\main\resources\rides.temp' is opened by 14476@LAPTOP-2PN1U6VU

[2025-04-07 11:29:40 #2 type.registry] 
New type domain.User

[2025-04-07 11:29:40 #3 type.registry] 
New type domain.Driver

[2025-04-07 11:29:40 #4 type] 
Type domain.User is not enhanced.

[2025-04-07 11:29:40 #5 type.registry] 
New type domain.Mugimendua

[2025-04-07 11:29:40 #6 type] 
Type domain.Driver is not enhanced.

[2025-04-07 11:29:40 #7 type.registry] 
New type domain.Car

[2025-04-07 11:29:40 #8 type.registry] 
New type domain.Ride

[2025-04-07 11:29:40 #9 type] 
Type domain.Mugimendua is not enhanced.

[2025-04-07 11:29:40 #10 type.registry] 
New type domain.MugimenduMota

[2025-04-07 11:29:40 #11 type] 
Type domain.Car is not enhanced.

[2025-04-07 11:29:40 #12 type] 
Type domain.Ride is not enhanced.

[2025-04-07 11:29:40 #13 type.registry] 
New type domain.RideEgoera

[2025-04-07 11:29:40 #14 type.registry] 
New type domain.Erreserba

[2025-04-07 11:29:40 #15 type] 
Type domain.Erreserba is not enhanced.

[2025-04-07 11:29:40 #16 type.registry] 
New type domain.Traveler

[2025-04-07 11:29:40 #17 type.registry] 
New type domain.ErreserbaEgoera

[2025-04-07 11:29:40 #18 type] 
Type domain.Traveler is not enhanced.

[2025-04-07 11:29:40 #19 type.registry] 
New type java.util.Vector<java.lang.Object>

[2025-04-07 11:29:40 #20 type.registry] 
New type java.util.Vector<domain.Mugimendua>

[2025-04-07 11:29:40 #21 type.registry] 
New type java.util.Vector<domain.Ride>

[2025-04-07 11:29:40 #22 type.registry] 
New type java.util.Vector<domain.Car>

[2025-04-07 11:29:40 #23 type.registry] 
New type java.util.Vector<domain.Erreserba>

------------------------------------------------------------------------------------------------------------------------

[2025-04-07 11:34:14 #1 store] 
Database 'C:\Users\egoit\git\Rides25\src\main\resources\rides.temp' is opened by 8032@LAPTOP-2PN1U6VU

[2025-04-07 11:34:14 #2 type.registry] 
New type domain.User

[2025-04-07 11:34:14 #3 type.registry] 
New type domain.Driver

[2025-04-07 11:34:14 #4 type] 
Type domain.User is not enhanced.

[2025-04-07 11:34:14 #5 type.registry] 
New type domain.Mugimendua

[2025-04-07 11:34:14 #6 type] 
Type domain.Driver is not enhanced.

[2025-04-07 11:34:14 #7 type.registry] 
New type domain.Car

[2025-04-07 11:34:14 #8 type.registry] 
New type domain.Ride

[2025-04-07 11:34:14 #9 type] 
Type domain.Mugimendua is not enhanced.

[2025-04-07 11:34:14 #10 type.registry] 
New type domain.MugimenduMota

[2025-04-07 11:34:14 #11 type] 
Type domain.Car is not enhanced.

[2025-04-07 11:34:14 #12 type] 
Type domain.Ride is not enhanced.

[2025-04-07 11:34:14 #13 type.registry] 
New type domain.RideEgoera

[2025-04-07 11:34:14 #14 type.registry] 
New type domain.Erreserba

[2025-04-07 11:34:14 #15 type] 
Type domain.Erreserba is not enhanced.

[2025-04-07 11:34:14 #16 type.registry] 
New type domain.Traveler

[2025-04-07 11:34:14 #17 type.registry] 
New type domain.ErreserbaEgoera

[2025-04-07 11:34:14 #18 type] 
Type domain.Traveler is not enhanced.

[2025-04-07 11:34:14 #19 type.registry] 
New type java.util.Vector<java.lang.Object>

[2025-04-07 11:34:14 #20 type.registry] 
New type java.util.Vector<domain.Mugimendua>

[2025-04-07 11:34:14 #21 type.registry] 
New type java.util.Vector<domain.Ride>

[2025-04-07 11:34:14 #22 type.registry] 
New type java.util.Vector<domain.Car>

[2025-04-07 11:34:14 #23 type.registry] 
New type java.util.Vector<domain.Erreserba>

------------------------------------------------------------------------------------------------------------------------

[2025-04-07 11:39:40 #1 store] 
Database 'C:\Users\egoit\git\Rides25\src\main\resources\rides.temp' is opened by 18696@LAPTOP-2PN1U6VU

[2025-04-07 11:39:41 #2 type.registry] 
New type domain.User

[2025-04-07 11:39:41 #3 type.registry] 
New type domain.Driver

[2025-04-07 11:39:41 #4 type] 
Type domain.User is not enhanced.

[2025-04-07 11:39:41 #5 type.registry] 
New type domain.Mugimendua

[2025-04-07 11:39:41 #6 type] 
Type domain.Driver is not enhanced.

[2025-04-07 11:39:41 #7 type.registry] 
New type domain.Car

[2025-04-07 11:39:41 #8 type.registry] 
New type domain.Ride

[2025-04-07 11:39:41 #9 type] 
Type domain.Mugimendua is not enhanced.

[2025-04-07 11:39:41 #10 type.registry] 
New type domain.MugimenduMota

[2025-04-07 11:39:41 #11 type] 
Type domain.Car is not enhanced.

[2025-04-07 11:39:41 #12 type] 
Type domain.Ride is not enhanced.

[2025-04-07 11:39:41 #13 type.registry] 
New type domain.RideEgoera

[2025-04-07 11:39:41 #14 type.registry] 
New type domain.Erreserba

[2025-04-07 11:39:41 #15 type] 
Type domain.Erreserba is not enhanced.

[2025-04-07 11:39:41 #16 type.registry] 
New type domain.Traveler

[2025-04-07 11:39:41 #17 type.registry] 
New type domain.ErreserbaEgoera

[2025-04-07 11:39:41 #18 type] 
Type domain.Traveler is not enhanced.

[2025-04-07 11:39:41 #19 type.registry] 
New type java.util.Vector<java.lang.Object>

[2025-04-07 11:39:41 #20 type.registry] 
New type java.util.Vector<domain.Mugimendua>

[2025-04-07 11:39:41 #21 type.registry] 
New type java.util.Vector<domain.Ride>

[2025-04-07 11:39:41 #22 type.registry] 
New type java.util.Vector<domain.Car>

[2025-04-07 11:39:41 #23 type.registry] 
New type java.util.Vector<domain.Erreserba>

------------------------------------------------------------------------------------------------------------------------

[2025-04-07 11:44:27 #1 store] 
Database 'C:\Users\egoit\git\Rides25\src\main\resources\rides.temp' has been recovered (tr. 1-13)

[2025-04-07 11:44:27 #2 store] 
Database 'C:\Users\egoit\git\Rides25\src\main\resources\rides.temp' is opened by 2124@LAPTOP-2PN1U6VU

[2025-04-07 11:44:27 #3 type] 
Type domain.User is not enhanced.

[2025-04-07 11:44:27 #4 type] 
Type domain.Driver is not enhanced.

[2025-04-07 11:44:27 #5 type] 
Type domain.Mugimendua is not enhanced.

[2025-04-07 11:44:27 #6 type] 
Type domain.Car is not enhanced.

[2025-04-07 11:44:27 #7 type] 
Type domain.Ride is not enhanced.

[2025-04-07 11:44:27 #8 type] 
Type domain.Erreserba is not enhanced.

[2025-04-07 11:44:27 #9 type] 
Type domain.Traveler is not enhanced.

------------------------------------------------------------------------------------------------------------------------

[2025-04-07 11:49:50 #1 store] 
Database 'C:\Users\egoit\git\Rides25\src\main\resources\rides.temp' has been recovered (tr. 14-15)

[2025-04-07 11:49:50 #2 store] 
Database 'C:\Users\egoit\git\Rides25\src\main\resources\rides.temp' is opened by 8760@LAPTOP-2PN1U6VU

[2025-04-07 11:49:51 #3 type] 
Type domain.User is not enhanced.

[2025-04-07 11:49:51 #4 type] 
Type domain.Driver is not enhanced.

[2025-04-07 11:49:51 #5 type] 
Type domain.Mugimendua is not enhanced.

[2025-04-07 11:49:51 #6 type] 
Type domain.Car is not enhanced.

[2025-04-07 11:49:51 #7 type] 
Type domain.Ride is not enhanced.

[2025-04-07 11:49:51 #8 type] 
Type domain.Erreserba is not enhanced.

[2025-04-07 11:49:51 #9 type] 
Type domain.Traveler is not enhanced.

------------------------------------------------------------------------------------------------------------------------

[2025-04-07 15:06:07 #1 store] 
Database 'C:\Users\egoit\git\Rides25\src\main\resources\rides.temp' is opened by 1780@LAPTOP-2PN1U6VU

[2025-04-07 15:06:07 #2 type.registry] 
New type domain.User

[2025-04-07 15:06:07 #3 type.registry] 
New type domain.Driver

[2025-04-07 15:06:07 #4 type] 
Type domain.User is not enhanced.

[2025-04-07 15:06:07 #5 type.registry] 
New type domain.Mugimendua

[2025-04-07 15:06:07 #6 type] 
Type domain.Driver is not enhanced.

[2025-04-07 15:06:07 #7 type.registry] 
New type domain.Car

[2025-04-07 15:06:07 #8 type.registry] 
New type domain.Ride

[2025-04-07 15:06:07 #9 type] 
Type domain.Mugimendua is not enhanced.

[2025-04-07 15:06:07 #10 type.registry] 
New type domain.MugimenduMota

[2025-04-07 15:06:07 #11 type] 
Type domain.Car is not enhanced.

[2025-04-07 15:06:07 #12 type] 
Type domain.Ride is not enhanced.

[2025-04-07 15:06:07 #13 type.registry] 
New type domain.RideEgoera

[2025-04-07 15:06:07 #14 type.registry] 
New type domain.Erreserba

[2025-04-07 15:06:07 #15 type] 
Type domain.Erreserba is not enhanced.

[2025-04-07 15:06:07 #16 type.registry] 
New type domain.Traveler

[2025-04-07 15:06:07 #17 type.registry] 
New type domain.ErreserbaEgoera

[2025-04-07 15:06:07 #18 type] 
Type domain.Traveler is not enhanced.

[2025-04-07 15:06:07 #19 type.registry] 
New type java.util.Vector<java.lang.Object>

[2025-04-07 15:06:07 #20 type.registry] 
New type java.util.Vector<domain.Mugimendua>

[2025-04-07 15:06:07 #21 type.registry] 
New type java.util.Vector<domain.Ride>

[2025-04-07 15:06:07 #22 type.registry] 
New type java.util.Vector<domain.Car>

[2025-04-07 15:06:07 #23 type.registry] 
New type java.util.Vector<domain.Erreserba>

------------------------------------------------------------------------------------------------------------------------

[2025-04-07 15:12:17 #1 store] 
Database 'C:\Users\egoit\git\Rides25\src\main\resources\rides.temp' is opened by 4412@LAPTOP-2PN1U6VU

[2025-04-07 15:12:17 #2 type.registry] 
New type domain.User

[2025-04-07 15:12:17 #3 type.registry] 
New type domain.Driver

[2025-04-07 15:12:17 #4 type] 
Type domain.User is not enhanced.

[2025-04-07 15:12:17 #5 type.registry] 
New type domain.Mugimendua

[2025-04-07 15:12:17 #6 type] 
Type domain.Driver is not enhanced.

[2025-04-07 15:12:17 #7 type.registry] 
New type domain.Car

[2025-04-07 15:12:17 #8 type.registry] 
New type domain.Ride

[2025-04-07 15:12:17 #9 type] 
Type domain.Mugimendua is not enhanced.

[2025-04-07 15:12:17 #10 type.registry] 
New type domain.MugimenduMota

[2025-04-07 15:12:17 #11 type] 
Type domain.Car is not enhanced.

[2025-04-07 15:12:17 #12 type] 
Type domain.Ride is not enhanced.

[2025-04-07 15:12:17 #13 type.registry] 
New type domain.RideEgoera

[2025-04-07 15:12:17 #14 type.registry] 
New type domain.Erreserba

[2025-04-07 15:12:17 #15 type] 
Type domain.Erreserba is not enhanced.

[2025-04-07 15:12:17 #16 type.registry] 
New type domain.Traveler

[2025-04-07 15:12:17 #17 type.registry] 
New type domain.ErreserbaEgoera

[2025-04-07 15:12:17 #18 type] 
Type domain.Traveler is not enhanced.

[2025-04-07 15:12:17 #19 type.registry] 
New type java.util.Vector<java.lang.Object>

[2025-04-07 15:12:17 #20 type.registry] 
New type java.util.Vector<domain.Mugimendua>

[2025-04-07 15:12:17 #21 type.registry] 
New type java.util.Vector<domain.Ride>

[2025-04-07 15:12:17 #22 type.registry] 
New type java.util.Vector<domain.Car>

[2025-04-07 15:12:17 #23 type.registry] 
New type java.util.Vector<domain.Erreserba>

------------------------------------------------------------------------------------------------------------------------

[2025-04-07 15:14:51 #1 store] 
Database 'C:\Users\egoit\git\Rides25\src\main\resources\rides.temp' is opened by 11616@LAPTOP-2PN1U6VU

[2025-04-07 15:14:52 #2 type.registry] 
New type domain.User

[2025-04-07 15:14:52 #3 type.registry] 
New type domain.Driver

[2025-04-07 15:14:52 #4 type] 
Type domain.User is not enhanced.

[2025-04-07 15:14:52 #5 type.registry] 
New type domain.Mugimendua

[2025-04-07 15:14:52 #6 type] 
Type domain.Driver is not enhanced.

[2025-04-07 15:14:52 #7 type.registry] 
New type domain.Car

[2025-04-07 15:14:52 #8 type.registry] 
New type domain.Ride

[2025-04-07 15:14:52 #9 type] 
Type domain.Mugimendua is not enhanced.

[2025-04-07 15:14:52 #10 type.registry] 
New type domain.MugimenduMota

[2025-04-07 15:14:52 #11 type] 
Type domain.Car is not enhanced.

[2025-04-07 15:14:52 #12 type] 
Type domain.Ride is not enhanced.

[2025-04-07 15:14:52 #13 type.registry] 
New type domain.RideEgoera

[2025-04-07 15:14:52 #14 type.registry] 
New type domain.Erreserba

[2025-04-07 15:14:52 #15 type] 
Type domain.Erreserba is not enhanced.

[2025-04-07 15:14:52 #16 type.registry] 
New type domain.Traveler

[2025-04-07 15:14:52 #17 type.registry] 
New type domain.ErreserbaEgoera

[2025-04-07 15:14:52 #18 type] 
Type domain.Traveler is not enhanced.

[2025-04-07 15:14:52 #19 type.registry] 
New type java.util.Vector<java.lang.Object>

[2025-04-07 15:14:52 #20 type.registry] 
New type java.util.Vector<domain.Mugimendua>

[2025-04-07 15:14:52 #21 type.registry] 
New type java.util.Vector<domain.Ride>

[2025-04-07 15:14:52 #22 type.registry] 
New type java.util.Vector<domain.Car>

[2025-04-07 15:14:52 #23 type.registry] 
New type java.util.Vector<domain.Erreserba>

------------------------------------------------------------------------------------------------------------------------

[2025-04-07 15:16:48 #1 store] 
Database 'C:\Users\egoit\git\Rides25\src\main\resources\rides.temp' has been recovered (tr. 1-16)

[2025-04-07 15:16:48 #2 store] 
Database 'C:\Users\egoit\git\Rides25\src\main\resources\rides.temp' is opened by 7716@LAPTOP-2PN1U6VU

[2025-04-07 15:16:48 #3 type] 
Type domain.User is not enhanced.

[2025-04-07 15:16:48 #4 type] 
Type domain.Driver is not enhanced.

[2025-04-07 15:16:48 #5 type] 
Type domain.Mugimendua is not enhanced.

[2025-04-07 15:16:48 #6 type] 
Type domain.Car is not enhanced.

[2025-04-07 15:16:48 #7 type] 
Type domain.Ride is not enhanced.

[2025-04-07 15:16:48 #8 type] 
Type domain.Erreserba is not enhanced.

[2025-04-07 15:16:48 #9 type] 
Type domain.Traveler is not enhanced.

------------------------------------------------------------------------------------------------------------------------

[2025-04-07 15:24:38 #1 store] 
Database 'C:\Users\egoit\git\Rides25\src\main\resources\rides.temp' is opened by 5668@LAPTOP-2PN1U6VU

[2025-04-07 15:24:39 #2 type.registry] 
New type domain.User

[2025-04-07 15:24:39 #3 type.registry] 
New type domain.Driver

[2025-04-07 15:24:39 #4 type] 
Type domain.User is not enhanced.

[2025-04-07 15:24:39 #5 type.registry] 
New type domain.Mugimendua

[2025-04-07 15:24:39 #6 type] 
Type domain.Driver is not enhanced.

[2025-04-07 15:24:39 #7 type.registry] 
New type domain.Car

[2025-04-07 15:24:39 #8 type.registry] 
New type domain.Ride

[2025-04-07 15:24:39 #9 type] 
Type domain.Mugimendua is not enhanced.

[2025-04-07 15:24:39 #10 type.registry] 
New type domain.MugimenduMota

[2025-04-07 15:24:39 #11 type] 
Type domain.Car is not enhanced.

[2025-04-07 15:24:39 #12 type] 
Type domain.Ride is not enhanced.

[2025-04-07 15:24:39 #13 type.registry] 
New type domain.RideEgoera

[2025-04-07 15:24:39 #14 type.registry] 
New type domain.Erreserba

[2025-04-07 15:24:39 #15 type] 
Type domain.Erreserba is not enhanced.

[2025-04-07 15:24:39 #16 type.registry] 
New type domain.Traveler

[2025-04-07 15:24:39 #17 type.registry] 
New type domain.ErreserbaEgoera

[2025-04-07 15:24:39 #18 type] 
Type domain.Traveler is not enhanced.

[2025-04-07 15:24:39 #19 type.registry] 
New type java.util.Vector<java.lang.Object>

[2025-04-07 15:24:39 #20 type.registry] 
New type java.util.Vector<domain.Mugimendua>

[2025-04-07 15:24:39 #21 type.registry] 
New type java.util.Vector<domain.Ride>

[2025-04-07 15:24:39 #22 type.registry] 
New type java.util.Vector<domain.Car>

[2025-04-07 15:24:39 #23 type.registry] 
New type java.util.Vector<domain.Erreserba>

------------------------------------------------------------------------------------------------------------------------

[2025-04-07 15:31:24 #1 store] 
Database 'C:\Users\egoit\git\Rides25\src\main\resources\rides.temp' is opened by 4372@LAPTOP-2PN1U6VU

[2025-04-07 15:31:24 #2 type.registry] 
New type domain.User

[2025-04-07 15:31:24 #3 type.registry] 
New type domain.Driver

[2025-04-07 15:31:24 #4 type] 
Type domain.User is not enhanced.

[2025-04-07 15:31:24 #5 type.registry] 
New type domain.Mugimendua

[2025-04-07 15:31:24 #6 type] 
Type domain.Driver is not enhanced.

[2025-04-07 15:31:24 #7 type.registry] 
New type domain.Car

[2025-04-07 15:31:24 #8 type.registry] 
New type domain.Ride

[2025-04-07 15:31:24 #9 type] 
Type domain.Mugimendua is not enhanced.

[2025-04-07 15:31:24 #10 type.registry] 
New type domain.MugimenduMota

[2025-04-07 15:31:24 #11 type] 
Type domain.Car is not enhanced.

[2025-04-07 15:31:24 #12 type] 
Type domain.Ride is not enhanced.

[2025-04-07 15:31:24 #13 type.registry] 
New type domain.RideEgoera

[2025-04-07 15:31:24 #14 type.registry] 
New type domain.Erreserba

[2025-04-07 15:31:24 #15 type] 
Type domain.Erreserba is not enhanced.

[2025-04-07 15:31:24 #16 type.registry] 
New type domain.Traveler

[2025-04-07 15:31:24 #17 type.registry] 
New type domain.ErreserbaEgoera

[2025-04-07 15:31:24 #18 type] 
Type domain.Traveler is not enhanced.

[2025-04-07 15:31:24 #19 type.registry] 
New type java.util.Vector<java.lang.Object>

[2025-04-07 15:31:24 #20 type.registry] 
New type java.util.Vector<domain.Mugimendua>

[2025-04-07 15:31:24 #21 type.registry] 
New type java.util.Vector<domain.Ride>

[2025-04-07 15:31:24 #22 type.registry] 
New type java.util.Vector<domain.Car>

[2025-04-07 15:31:24 #23 type.registry] 
New type java.util.Vector<domain.Erreserba>

[2025-04-07 15:31:57 #24 type.registry] 
New type java.util.ArrayList<java.lang.Object>

[2025-04-07 15:31:57 #25 type.registry] 
New type java.util.ArrayList<domain.Erreserba>

[2025-04-07 15:31:57 #26 type.registry] 
New type com.objectdb.o.LMT

[2025-04-07 15:31:57 #27 type.registry] 
New type com.objectdb.o.VAL

[2025-04-07 15:31:57 #28 type.registry] 
New type com.objectdb.o.RFV

------------------------------------------------------------------------------------------------------------------------

[2025-04-07 15:33:16 #1 store] 
Database 'C:\Users\egoit\git\Rides25\src\main\resources\rides.temp' is opened by 4292@LAPTOP-2PN1U6VU

[2025-04-07 15:33:17 #2 type.registry] 
New type domain.User

[2025-04-07 15:33:17 #3 type.registry] 
New type domain.Driver

[2025-04-07 15:33:17 #4 type] 
Type domain.User is not enhanced.

[2025-04-07 15:33:17 #5 type.registry] 
New type domain.Mugimendua

[2025-04-07 15:33:17 #6 type] 
Type domain.Driver is not enhanced.

[2025-04-07 15:33:17 #7 type.registry] 
New type domain.Car

[2025-04-07 15:33:17 #8 type.registry] 
New type domain.Ride

[2025-04-07 15:33:17 #9 type] 
Type domain.Mugimendua is not enhanced.

[2025-04-07 15:33:17 #10 type.registry] 
New type domain.MugimenduMota

[2025-04-07 15:33:17 #11 type] 
Type domain.Car is not enhanced.

[2025-04-07 15:33:17 #12 type] 
Type domain.Ride is not enhanced.

[2025-04-07 15:33:17 #13 type.registry] 
New type domain.RideEgoera

[2025-04-07 15:33:17 #14 type.registry] 
New type domain.Erreserba

[2025-04-07 15:33:17 #15 type] 
Type domain.Erreserba is not enhanced.

[2025-04-07 15:33:17 #16 type.registry] 
New type domain.Traveler

[2025-04-07 15:33:17 #17 type.registry] 
New type domain.ErreserbaEgoera

[2025-04-07 15:33:17 #18 type] 
Type domain.Traveler is not enhanced.

[2025-04-07 15:33:17 #19 type.registry] 
New type java.util.Vector<java.lang.Object>

[2025-04-07 15:33:17 #20 type.registry] 
New type java.util.Vector<domain.Mugimendua>

[2025-04-07 15:33:17 #21 type.registry] 
New type java.util.Vector<domain.Ride>

[2025-04-07 15:33:17 #22 type.registry] 
New type java.util.Vector<domain.Car>

[2025-04-07 15:33:17 #23 type.registry] 
New type java.util.Vector<domain.Erreserba>

[2025-04-07 15:34:38 #24 type.registry] 
New type java.util.ArrayList<java.lang.Object>

[2025-04-07 15:34:38 #25 type.registry] 
New type java.util.ArrayList<domain.Erreserba>

[2025-04-07 15:34:38 #26 type.registry] 
New type com.objectdb.o.LMT

[2025-04-07 15:34:38 #27 type.registry] 
New type com.objectdb.o.VAL

[2025-04-07 15:34:38 #28 type.registry] 
New type com.objectdb.o.RFV

------------------------------------------------------------------------------------------------------------------------

[2025-04-07 15:37:39 #1 store] 
Database 'C:\Users\egoit\git\Rides25\src\main\resources\rides.temp' is opened by 14340@LAPTOP-2PN1U6VU

[2025-04-07 15:37:39 #2 type.registry] 
New type domain.User

[2025-04-07 15:37:39 #3 type.registry] 
New type domain.Driver

[2025-04-07 15:37:39 #4 type] 
Type domain.User is not enhanced.

[2025-04-07 15:37:39 #5 type.registry] 
New type domain.Mugimendua

[2025-04-07 15:37:39 #6 type] 
Type domain.Driver is not enhanced.

[2025-04-07 15:37:39 #7 type.registry] 
New type domain.Car

[2025-04-07 15:37:39 #8 type.registry] 
New type domain.Ride

[2025-04-07 15:37:39 #9 type] 
Type domain.Mugimendua is not enhanced.

[2025-04-07 15:37:39 #10 type.registry] 
New type domain.MugimenduMota

[2025-04-07 15:37:39 #11 type] 
Type domain.Car is not enhanced.

[2025-04-07 15:37:39 #12 type] 
Type domain.Ride is not enhanced.

[2025-04-07 15:37:39 #13 type.registry] 
New type domain.RideEgoera

[2025-04-07 15:37:39 #14 type.registry] 
New type domain.Erreserba

[2025-04-07 15:37:39 #15 type] 
Type domain.Erreserba is not enhanced.

[2025-04-07 15:37:39 #16 type.registry] 
New type domain.Traveler

[2025-04-07 15:37:39 #17 type.registry] 
New type domain.ErreserbaEgoera

[2025-04-07 15:37:39 #18 type] 
Type domain.Traveler is not enhanced.

[2025-04-07 15:37:39 #19 type.registry] 
New type java.util.Vector<java.lang.Object>

[2025-04-07 15:37:39 #20 type.registry] 
New type java.util.Vector<domain.Mugimendua>

[2025-04-07 15:37:39 #21 type.registry] 
New type java.util.Vector<domain.Ride>

[2025-04-07 15:37:39 #22 type.registry] 
New type java.util.Vector<domain.Car>

[2025-04-07 15:37:39 #23 type.registry] 
New type java.util.Vector<domain.Erreserba>

[2025-04-07 15:38:05 #24 type.registry] 
New type java.util.ArrayList<java.lang.Object>

[2025-04-07 15:38:05 #25 type.registry] 
New type java.util.ArrayList<domain.Erreserba>

[2025-04-07 15:38:05 #26 type.registry] 
New type com.objectdb.o.LMT

[2025-04-07 15:38:05 #27 type.registry] 
New type com.objectdb.o.VAL

[2025-04-07 15:38:05 #28 type.registry] 
New type com.objectdb.o.RFV

------------------------------------------------------------------------------------------------------------------------

[2025-04-07 15:50:04 #1 store] 
Database 'C:\Users\egoit\git\Rides25\src\main\resources\rides.temp' has been recovered (tr. 1-19)

[2025-04-07 15:50:04 #2 store] 
Database 'C:\Users\egoit\git\Rides25\src\main\resources\rides.temp' is opened by 792@LAPTOP-2PN1U6VU

[2025-04-07 15:50:04 #3 type] 
Type domain.User is not enhanced.

[2025-04-07 15:50:04 #4 type] 
Type domain.Driver is not enhanced.

[2025-04-07 15:50:04 #5 type] 
Type domain.Mugimendua is not enhanced.

[2025-04-07 15:50:04 #6 type] 
Type domain.Car is not enhanced.

[2025-04-07 15:50:04 #7 type] 
Type domain.Ride is not enhanced.

[2025-04-07 15:50:04 #8 type] 
Type domain.Erreserba is not enhanced.

[2025-04-07 15:50:04 #9 type] 
Type domain.Traveler is not enhanced.

