------------------------------------------------------------------------------------------------------------------------

[2025-03-31 12:23:16 #1 store] 
Database 'C:\Users\egoit\git\Rides25\src\main\resources\rides.temp' is opened by 12160@LAPTOP-2PN1U6VU

[2025-03-31 12:23:16 #2 type] 
Type domain.User is not enhanced.

[2025-03-31 12:23:16 #3 type] 
Type domain.Driver is not enhanced.

[2025-03-31 12:23:16 #4 type] 
Type domain.Mugimendua is not enhanced.

[2025-03-31 12:23:16 #5 type] 
Type domain.Car is not enhanced.

[2025-03-31 12:23:16 #6 type] 
Type domain.Ride is not enhanced.

[2025-03-31 12:23:16 #7 type] 
Type domain.Erreserba is not enhanced.

[2025-03-31 12:23:16 #8 type] 
Type domain.Traveler is not enhanced.

------------------------------------------------------------------------------------------------------------------------

[2025-03-31 12:23:34 #1 store] 
Database 'C:\Users\egoit\git\Rides25\src\main\resources\rides.temp' is opened by 19180@LAPTOP-2PN1U6VU

[2025-03-31 12:23:34 #2 type.registry] 
New type domain.User

[2025-03-31 12:23:34 #3 type.registry] 
New type domain.Driver

[2025-03-31 12:23:34 #4 type] 
Type domain.User is not enhanced.

[2025-03-31 12:23:34 #5 type.registry] 
New type domain.Mugimendua

[2025-03-31 12:23:34 #6 type] 
Type domain.Driver is not enhanced.

[2025-03-31 12:23:34 #7 type.registry] 
New type domain.Car

[2025-03-31 12:23:34 #8 type.registry] 
New type domain.Ride

[2025-03-31 12:23:34 #9 type] 
Type domain.Mugimendua is not enhanced.

[2025-03-31 12:23:34 #10 type.registry] 
New type domain.MugimenduMota

[2025-03-31 12:23:34 #11 type] 
Type domain.Car is not enhanced.

[2025-03-31 12:23:34 #12 type] 
Type domain.Ride is not enhanced.

[2025-03-31 12:23:34 #13 type.registry] 
New type domain.Erreserba

[2025-03-31 12:23:34 #14 type] 
Type domain.Erreserba is not enhanced.

[2025-03-31 12:23:34 #15 type.registry] 
New type domain.Traveler

[2025-03-31 12:23:34 #16 type.registry] 
New type domain.ErreserbaEgoera

[2025-03-31 12:23:34 #17 type] 
Type domain.Traveler is not enhanced.

[2025-03-31 12:23:34 #18 type.registry] 
New type java.util.Vector<java.lang.Object>

[2025-03-31 12:23:34 #19 type.registry] 
New type java.util.Vector<domain.Mugimendua>

[2025-03-31 12:23:34 #20 type.registry] 
New type java.util.Vector<domain.Ride>

[2025-03-31 12:23:34 #21 type.registry] 
New type java.util.Vector<domain.Car>

[2025-03-31 12:23:34 #22 type.registry] 
New type java.util.Vector<domain.Erreserba>

------------------------------------------------------------------------------------------------------------------------

[2025-03-31 12:25:04 #1 store] 
Database 'C:\Users\egoit\git\Rides25\src\main\resources\rides.temp' has been recovered (tr. 1-16)

[2025-03-31 12:25:04 #2 store] 
Database 'C:\Users\egoit\git\Rides25\src\main\resources\rides.temp' is opened by 22000@LAPTOP-2PN1U6VU

[2025-03-31 12:25:04 #3 type] 
Type domain.User is not enhanced.

[2025-03-31 12:25:04 #4 type] 
Type domain.Driver is not enhanced.

[2025-03-31 12:25:04 #5 type] 
Type domain.Mugimendua is not enhanced.

[2025-03-31 12:25:04 #6 type] 
Type domain.Car is not enhanced.

[2025-03-31 12:25:04 #7 type] 
Type domain.Ride is not enhanced.

[2025-03-31 12:25:04 #8 type] 
Type domain.Erreserba is not enhanced.

[2025-03-31 12:25:04 #9 type] 
Type domain.Traveler is not enhanced.

