------------------------------------------------------------------------------------------------------------------------

[2025-05-05 10:45:51 #1 store] 
Database 'C:\Users\egoit\git\Rides25\src\main\resources\rides.temp' is opened by 20384@LAPTOP-2PN1U6VU

[2025-05-05 10:45:52 #2 type.registry] 
New type domain.User

[2025-05-05 10:45:52 #3 type.registry] 
New type domain.Driver

[2025-05-05 10:45:52 #4 type] 
Type domain.User is not enhanced.

[2025-05-05 10:45:52 #5 type.registry] 
New type domain.Erreklamazioa

[2025-05-05 10:45:52 #6 type.registry] 
New type domain.Balorazioa

[2025-05-05 10:45:52 #7 type.registry] 
New type domain.Mugimendua

[2025-05-05 10:45:52 #8 type] 
Type domain.Driver is not enhanced.

[2025-05-05 10:45:52 #9 type.registry] 
New type domain.Car

[2025-05-05 10:45:52 #10 type.registry] 
New type domain.Ride

[2025-05-05 10:45:52 #11 type] 
Type domain.Erreklamazioa is not enhanced.

[2025-05-05 10:45:52 #12 type.registry] 
New type domain.ErreklamazioaEgoera

[2025-05-05 10:45:52 #13 type] 
Type domain.Balorazioa is not enhanced.

[2025-05-05 10:45:52 #14 type.registry] 
New type domain.Erreserba

[2025-05-05 10:45:52 #15 type] 
Type domain.Mugimendua is not enhanced.

[2025-05-05 10:45:52 #16 type.registry] 
New type domain.MugimenduMota

[2025-05-05 10:45:52 #17 type] 
Type domain.Car is not enhanced.

[2025-05-05 10:45:52 #18 type] 
Type domain.Ride is not enhanced.

[2025-05-05 10:45:52 #19 type.registry] 
New type domain.RideEgoera

[2025-05-05 10:45:52 #20 type] 
Type domain.Erreserba is not enhanced.

[2025-05-05 10:45:52 #21 type.registry] 
New type domain.Traveler

[2025-05-05 10:45:52 #22 type.registry] 
New type domain.ErreserbaEgoera

[2025-05-05 10:45:52 #23 type] 
Type domain.Traveler is not enhanced.

[2025-05-05 10:45:52 #24 type.registry] 
New type domain.Alerta

[2025-05-05 10:45:52 #25 type] 
Type domain.Alerta is not enhanced.

[2025-05-05 10:45:52 #26 type.registry] 
New type domain.AlertaEgoera

[2025-05-05 10:45:52 #27 type.registry] 
New type domain.Admin

------------------------------------------------------------------------------------------------------------------------

[2025-05-05 10:49:44 #1 store] 
Database 'C:\Users\egoit\git\Rides25\src\main\resources\rides.temp' is opened by 796@LAPTOP-2PN1U6VU

[2025-05-05 10:49:44 #2 type.registry] 
New type domain.User

[2025-05-05 10:49:44 #3 type.registry] 
New type domain.Driver

[2025-05-05 10:49:44 #4 type] 
Type domain.User is not enhanced.

[2025-05-05 10:49:44 #5 type.registry] 
New type domain.Erreklamazioa

[2025-05-05 10:49:44 #6 type.registry] 
New type domain.Balorazioa

[2025-05-05 10:49:44 #7 type.registry] 
New type domain.Mugimendua

[2025-05-05 10:49:44 #8 type] 
Type domain.Driver is not enhanced.

[2025-05-05 10:49:44 #9 type.registry] 
New type domain.Car

[2025-05-05 10:49:44 #10 type.registry] 
New type domain.Ride

[2025-05-05 10:49:44 #11 type] 
Type domain.Erreklamazioa is not enhanced.

[2025-05-05 10:49:44 #12 type.registry] 
New type domain.ErreklamazioaEgoera

[2025-05-05 10:49:44 #13 type] 
Type domain.Balorazioa is not enhanced.

[2025-05-05 10:49:44 #14 type.registry] 
New type domain.Erreserba

[2025-05-05 10:49:44 #15 type] 
Type domain.Mugimendua is not enhanced.

[2025-05-05 10:49:44 #16 type.registry] 
New type domain.MugimenduMota

[2025-05-05 10:49:44 #17 type] 
Type domain.Car is not enhanced.

[2025-05-05 10:49:44 #18 type] 
Type domain.Ride is not enhanced.

[2025-05-05 10:49:44 #19 type.registry] 
New type domain.RideEgoera

[2025-05-05 10:49:44 #20 type] 
Type domain.Erreserba is not enhanced.

[2025-05-05 10:49:44 #21 type.registry] 
New type domain.Traveler

[2025-05-05 10:49:44 #22 type.registry] 
New type domain.ErreserbaEgoera

[2025-05-05 10:49:44 #23 type] 
Type domain.Traveler is not enhanced.

[2025-05-05 10:49:44 #24 type.registry] 
New type domain.Alerta

[2025-05-05 10:49:44 #25 type] 
Type domain.Alerta is not enhanced.

[2025-05-05 10:49:44 #26 type.registry] 
New type domain.AlertaEgoera

[2025-05-05 10:49:44 #27 type.registry] 
New type java.util.Vector<java.lang.Object>

[2025-05-05 10:49:44 #28 type.registry] 
New type java.util.Vector<domain.Mugimendua>

[2025-05-05 10:49:44 #29 type.registry] 
New type java.util.Vector<domain.Balorazioa>

[2025-05-05 10:49:44 #30 type.registry] 
New type java.util.Vector<domain.Erreklamazioa>

[2025-05-05 10:49:44 #31 type.registry] 
New type java.util.Vector<domain.Ride>

[2025-05-05 10:49:44 #32 type.registry] 
New type java.util.Vector<domain.Car>

[2025-05-05 10:49:44 #33 type.registry] 
New type java.util.Vector<domain.Erreserba>

[2025-05-05 10:49:44 #34 type.registry] 
New type java.util.Vector<domain.Alerta>

[2025-05-05 10:49:44 #35 type.registry] 
New type java.util.Vector<java.lang.String>

------------------------------------------------------------------------------------------------------------------------

[2025-05-05 10:51:34 #1 store] 
Database 'C:\Users\egoit\git\Rides25\src\main\resources\rides.temp' is opened by 7544@LAPTOP-2PN1U6VU

[2025-05-05 10:51:34 #2 type.registry] 
New type domain.User

[2025-05-05 10:51:34 #3 type.registry] 
New type domain.Driver

[2025-05-05 10:51:34 #4 type] 
Type domain.User is not enhanced.

[2025-05-05 10:51:34 #5 type.registry] 
New type domain.Erreklamazioa

[2025-05-05 10:51:34 #6 type.registry] 
New type domain.Balorazioa

[2025-05-05 10:51:34 #7 type.registry] 
New type domain.Mugimendua

[2025-05-05 10:51:34 #8 type] 
Type domain.Driver is not enhanced.

[2025-05-05 10:51:34 #9 type.registry] 
New type domain.Car

[2025-05-05 10:51:34 #10 type.registry] 
New type domain.Ride

[2025-05-05 10:51:34 #11 type] 
Type domain.Erreklamazioa is not enhanced.

[2025-05-05 10:51:34 #12 type.registry] 
New type domain.ErreklamazioaEgoera

[2025-05-05 10:51:34 #13 type] 
Type domain.Balorazioa is not enhanced.

[2025-05-05 10:51:34 #14 type.registry] 
New type domain.Erreserba

[2025-05-05 10:51:34 #15 type] 
Type domain.Mugimendua is not enhanced.

[2025-05-05 10:51:34 #16 type.registry] 
New type domain.MugimenduMota

[2025-05-05 10:51:34 #17 type] 
Type domain.Car is not enhanced.

[2025-05-05 10:51:34 #18 type] 
Type domain.Ride is not enhanced.

[2025-05-05 10:51:34 #19 type.registry] 
New type domain.RideEgoera

[2025-05-05 10:51:34 #20 type] 
Type domain.Erreserba is not enhanced.

[2025-05-05 10:51:34 #21 type.registry] 
New type domain.Traveler

[2025-05-05 10:51:34 #22 type.registry] 
New type domain.ErreserbaEgoera

[2025-05-05 10:51:34 #23 type] 
Type domain.Traveler is not enhanced.

[2025-05-05 10:51:34 #24 type.registry] 
New type domain.Alerta

[2025-05-05 10:51:34 #25 type] 
Type domain.Alerta is not enhanced.

[2025-05-05 10:51:34 #26 type.registry] 
New type domain.AlertaEgoera

[2025-05-05 10:51:34 #27 type.registry] 
New type java.util.Vector<java.lang.Object>

[2025-05-05 10:51:34 #28 type.registry] 
New type java.util.Vector<domain.Mugimendua>

[2025-05-05 10:51:34 #29 type.registry] 
New type java.util.Vector<domain.Balorazioa>

[2025-05-05 10:51:34 #30 type.registry] 
New type java.util.Vector<domain.Erreklamazioa>

[2025-05-05 10:51:34 #31 type.registry] 
New type java.util.Vector<domain.Ride>

[2025-05-05 10:51:34 #32 type.registry] 
New type java.util.Vector<domain.Car>

[2025-05-05 10:51:34 #33 type.registry] 
New type java.util.Vector<domain.Erreserba>

[2025-05-05 10:51:34 #34 type.registry] 
New type java.util.Vector<domain.Alerta>

[2025-05-05 10:51:34 #35 type.registry] 
New type java.util.Vector<java.lang.String>

------------------------------------------------------------------------------------------------------------------------

[2025-05-05 10:54:59 #1 store] 
Database 'C:\Users\egoit\git\Rides25\src\main\resources\rides.temp' is opened by 19280@LAPTOP-2PN1U6VU

[2025-05-05 10:54:59 #2 type.registry] 
New type domain.User

[2025-05-05 10:54:59 #3 type.registry] 
New type domain.Driver

[2025-05-05 10:54:59 #4 type] 
Type domain.User is not enhanced.

[2025-05-05 10:54:59 #5 type.registry] 
New type domain.Erreklamazioa

[2025-05-05 10:54:59 #6 type.registry] 
New type domain.Balorazioa

[2025-05-05 10:54:59 #7 type.registry] 
New type domain.Mugimendua

[2025-05-05 10:54:59 #8 type] 
Type domain.Driver is not enhanced.

[2025-05-05 10:54:59 #9 type.registry] 
New type domain.Car

[2025-05-05 10:54:59 #10 type.registry] 
New type domain.Ride

[2025-05-05 10:54:59 #11 type] 
Type domain.Erreklamazioa is not enhanced.

[2025-05-05 10:54:59 #12 type.registry] 
New type domain.ErreklamazioaEgoera

[2025-05-05 10:54:59 #13 type] 
Type domain.Balorazioa is not enhanced.

[2025-05-05 10:54:59 #14 type.registry] 
New type domain.Erreserba

[2025-05-05 10:54:59 #15 type] 
Type domain.Mugimendua is not enhanced.

[2025-05-05 10:54:59 #16 type.registry] 
New type domain.MugimenduMota

[2025-05-05 10:54:59 #17 type] 
Type domain.Car is not enhanced.

[2025-05-05 10:54:59 #18 type] 
Type domain.Ride is not enhanced.

[2025-05-05 10:54:59 #19 type.registry] 
New type domain.RideEgoera

[2025-05-05 10:54:59 #20 type] 
Type domain.Erreserba is not enhanced.

[2025-05-05 10:54:59 #21 type.registry] 
New type domain.Traveler

[2025-05-05 10:54:59 #22 type.registry] 
New type domain.ErreserbaEgoera

[2025-05-05 10:54:59 #23 type] 
Type domain.Traveler is not enhanced.

[2025-05-05 10:54:59 #24 type.registry] 
New type domain.Alerta

[2025-05-05 10:54:59 #25 type] 
Type domain.Alerta is not enhanced.

[2025-05-05 10:54:59 #26 type.registry] 
New type domain.AlertaEgoera

[2025-05-05 10:55:00 #27 type.registry] 
New type java.util.Vector<java.lang.Object>

[2025-05-05 10:55:00 #28 type.registry] 
New type java.util.Vector<domain.Mugimendua>

[2025-05-05 10:55:00 #29 type.registry] 
New type java.util.Vector<domain.Balorazioa>

[2025-05-05 10:55:00 #30 type.registry] 
New type java.util.Vector<domain.Erreklamazioa>

[2025-05-05 10:55:00 #31 type.registry] 
New type java.util.Vector<domain.Ride>

[2025-05-05 10:55:00 #32 type.registry] 
New type java.util.Vector<domain.Car>

[2025-05-05 10:55:00 #33 type.registry] 
New type java.util.Vector<domain.Erreserba>

[2025-05-05 10:55:00 #34 type.registry] 
New type java.util.Vector<domain.Alerta>

[2025-05-05 10:55:00 #35 type.registry] 
New type java.util.Vector<java.lang.String>

[2025-05-05 10:56:11 #36 type.registry] 
New type java.util.ArrayList<java.lang.Object>

[2025-05-05 10:56:11 #37 type.registry] 
New type java.util.ArrayList<java.lang.String>

