------------------------------------------------------------------------------------------------------------------------

[2025-05-08 09:23:34 #1 store] 
Database 'C:\Users\egoit\git\Rides25\src\main\resources\rides.temp' has been recovered (tr. 22-37)

[2025-05-08 09:23:34 #2 store] 
Database 'C:\Users\egoit\git\Rides25\src\main\resources\rides.temp' is opened by 16324@LAPTOP-2PN1U6VU

[2025-05-08 09:23:35 #3 type] 
Type domain.User is not enhanced.

[2025-05-08 09:23:35 #4 type] 
Type domain.Driver is not enhanced.

[2025-05-08 09:23:35 #5 type] 
Type domain.Erreklamazioa is not enhanced.

[2025-05-08 09:23:35 #6 type] 
Type domain.Balorazioa is not enhanced.

[2025-05-08 09:23:35 #7 type] 
Type domain.Mugimendua is not enhanced.

[2025-05-08 09:23:35 #8 type] 
Type domain.Car is not enhanced.

[2025-05-08 09:23:35 #9 type] 
Type domain.Ride is not enhanced.

[2025-05-08 09:23:35 #10 type] 
Type domain.Mezua is not enhanced.

[2025-05-08 09:23:35 #11 type] 
Type domain.Erreserba is not enhanced.

[2025-05-08 09:23:35 #12 type] 
Type domain.Geldialdia is not enhanced.

[2025-05-08 09:23:35 #13 type] 
Type domain.Traveler is not enhanced.

[2025-05-08 09:23:35 #14 type] 
Type domain.Alerta is not enhanced.

------------------------------------------------------------------------------------------------------------------------

[2025-05-08 09:59:33 #1 store] 
Database 'C:\Users\egoit\git\Rides25\src\main\resources\rides.temp' has been recovered (tr. 38-50)

[2025-05-08 09:59:33 #2 store] 
Database 'C:\Users\egoit\git\Rides25\src\main\resources\rides.temp' is opened by 13568@LAPTOP-2PN1U6VU

[2025-05-08 09:59:33 #3 type] 
Type domain.User is not enhanced.

[2025-05-08 09:59:33 #4 type] 
Type domain.Driver is not enhanced.

[2025-05-08 09:59:33 #5 type] 
Type domain.Erreklamazioa is not enhanced.

[2025-05-08 09:59:33 #6 type] 
Type domain.Balorazioa is not enhanced.

[2025-05-08 09:59:33 #7 type] 
Type domain.Mugimendua is not enhanced.

[2025-05-08 09:59:33 #8 type] 
Type domain.Car is not enhanced.

[2025-05-08 09:59:33 #9 type] 
Type domain.Ride is not enhanced.

[2025-05-08 09:59:33 #10 type] 
Type domain.Mezua is not enhanced.

[2025-05-08 09:59:33 #11 type] 
Type domain.Erreserba is not enhanced.

[2025-05-08 09:59:33 #12 type] 
Type domain.Geldialdia is not enhanced.

[2025-05-08 09:59:33 #13 type] 
Type domain.Traveler is not enhanced.

[2025-05-08 09:59:33 #14 type] 
Type domain.Alerta is not enhanced.

------------------------------------------------------------------------------------------------------------------------

[2025-05-08 10:09:33 #1 store] 
Database 'C:\Users\egoit\git\Rides25\src\main\resources\rides.temp' has been recovered (tr. 51-57)

[2025-05-08 10:09:33 #2 store] 
Database 'C:\Users\egoit\git\Rides25\src\main\resources\rides.temp' is opened by 8016@LAPTOP-2PN1U6VU

[2025-05-08 10:09:33 #3 type] 
Type domain.User is not enhanced.

[2025-05-08 10:09:33 #4 type] 
Type domain.Driver is not enhanced.

[2025-05-08 10:09:33 #5 type] 
Type domain.Erreklamazioa is not enhanced.

[2025-05-08 10:09:33 #6 type] 
Type domain.Balorazioa is not enhanced.

[2025-05-08 10:09:33 #7 type] 
Type domain.Mugimendua is not enhanced.

[2025-05-08 10:09:33 #8 type] 
Type domain.Car is not enhanced.

[2025-05-08 10:09:33 #9 type] 
Type domain.Ride is not enhanced.

[2025-05-08 10:09:33 #10 type] 
Type domain.Mezua is not enhanced.

[2025-05-08 10:09:33 #11 type] 
Type domain.Erreserba is not enhanced.

[2025-05-08 10:09:33 #12 type] 
Type domain.Geldialdia is not enhanced.

[2025-05-08 10:09:33 #13 type] 
Type domain.Traveler is not enhanced.

[2025-05-08 10:09:33 #14 type] 
Type domain.Alerta is not enhanced.

------------------------------------------------------------------------------------------------------------------------

[2025-05-08 19:53:02 #1 store] 
Database 'C:\Users\egoit\git\Rides25\src\main\resources\rides.temp' is opened by 18232@LAPTOP-2PN1U6VU

[2025-05-08 19:53:03 #2 type] 
Type domain.User is not enhanced.

[2025-05-08 19:53:03 #3 type] 
Type domain.Driver is not enhanced.

[2025-05-08 19:53:03 #4 type] 
Type domain.Erreklamazioa is not enhanced.

[2025-05-08 19:53:03 #5 type] 
Type domain.Balorazioa is not enhanced.

[2025-05-08 19:53:03 #6 type] 
Type domain.Mugimendua is not enhanced.

[2025-05-08 19:53:03 #7 type] 
Type domain.Car is not enhanced.

[2025-05-08 19:53:03 #8 type] 
Type domain.Ride is not enhanced.

[2025-05-08 19:53:03 #9 type] 
Type domain.Mezua is not enhanced.

[2025-05-08 19:53:03 #10 type] 
Type domain.Erreserba is not enhanced.

[2025-05-08 19:53:03 #11 type] 
Type domain.Geldialdia is not enhanced.

[2025-05-08 19:53:03 #12 type] 
Type domain.Traveler is not enhanced.

[2025-05-08 19:53:03 #13 type] 
Type domain.Alerta is not enhanced.

