------------------------------------------------------------------------------------------------------------------------

[2025-10-27 19:33:37 #1 store] 
Database '/home/egoitz/git/Rides25/src/main/resources/rides.temp' has been recovered (tr. 3876-4074)

[2025-10-27 19:33:37 #2 store] 
Database '/home/egoitz/git/Rides25/src/main/resources/rides.temp' is opened by 3427@fedora

[2025-10-27 19:33:37 #3 type] 
Type domain.User is not enhanced.

[2025-10-27 19:33:37 #4 type] 
Type domain.Driver is not enhanced.

[2025-10-27 19:33:37 #5 type] 
Type domain.Erreklamazioa is not enhanced.

[2025-10-27 19:33:37 #6 type] 
Type domain.Balorazioa is not enhanced.

[2025-10-27 19:33:37 #7 type] 
Type domain.Mugimendua is not enhanced.

[2025-10-27 19:33:37 #8 type] 
Type domain.Car is not enhanced.

[2025-10-27 19:33:37 #9 type] 
Type domain.Ride is not enhanced.

[2025-10-27 19:33:37 #10 type] 
Type domain.Mezua is not enhanced.

[2025-10-27 19:33:37 #11 type] 
Type domain.Erreserba is not enhanced.

[2025-10-27 19:33:37 #12 type] 
Type domain.Geldialdia is not enhanced.

[2025-10-27 19:33:37 #13 type] 
Type domain.Traveler is not enhanced.

[2025-10-27 19:33:37 #14 type] 
Type domain.Alerta is not enhanced.

------------------------------------------------------------------------------------------------------------------------

[2025-10-27 19:34:03 #1 store] 
Database '/home/egoitz/git/Rides25/src/main/resources/rides.temp' is opened by 3489@fedora

[2025-10-27 19:34:03 #2 type] 
Type domain.User is not enhanced.

[2025-10-27 19:34:03 #3 type] 
Type domain.Driver is not enhanced.

[2025-10-27 19:34:03 #4 type] 
Type domain.Erreklamazioa is not enhanced.

[2025-10-27 19:34:03 #5 type] 
Type domain.Balorazioa is not enhanced.

[2025-10-27 19:34:03 #6 type] 
Type domain.Mugimendua is not enhanced.

[2025-10-27 19:34:03 #7 type] 
Type domain.Car is not enhanced.

[2025-10-27 19:34:03 #8 type] 
Type domain.Ride is not enhanced.

[2025-10-27 19:34:03 #9 type] 
Type domain.Mezua is not enhanced.

[2025-10-27 19:34:03 #10 type] 
Type domain.Erreserba is not enhanced.

[2025-10-27 19:34:03 #11 type] 
Type domain.Geldialdia is not enhanced.

[2025-10-27 19:34:03 #12 type] 
Type domain.Traveler is not enhanced.

[2025-10-27 19:34:03 #13 type] 
Type domain.Alerta is not enhanced.

------------------------------------------------------------------------------------------------------------------------

[2025-10-27 19:39:41 #1 store] 
Database '/home/egoitz/git/Rides25/src/main/resources/rides.temp' is opened by 3811@fedora

[2025-10-27 19:39:41 #2 type] 
Type domain.User is not enhanced.

[2025-10-27 19:39:41 #3 type] 
Type domain.Driver is not enhanced.

[2025-10-27 19:39:41 #4 type] 
Type domain.Erreklamazioa is not enhanced.

[2025-10-27 19:39:41 #5 type] 
Type domain.Balorazioa is not enhanced.

[2025-10-27 19:39:41 #6 type] 
Type domain.Mugimendua is not enhanced.

[2025-10-27 19:39:41 #7 type] 
Type domain.Car is not enhanced.

[2025-10-27 19:39:41 #8 type] 
Type domain.Ride is not enhanced.

[2025-10-27 19:39:41 #9 type] 
Type domain.Mezua is not enhanced.

[2025-10-27 19:39:41 #10 type] 
Type domain.Erreserba is not enhanced.

[2025-10-27 19:39:41 #11 type] 
Type domain.Geldialdia is not enhanced.

[2025-10-27 19:39:41 #12 type] 
Type domain.Traveler is not enhanced.

[2025-10-27 19:39:41 #13 type] 
Type domain.Alerta is not enhanced.

------------------------------------------------------------------------------------------------------------------------

[2025-10-27 19:40:05 #1 store] 
Database '/home/egoitz/git/Rides25/src/main/resources/rides.temp' is opened by 3856@fedora

[2025-10-27 19:40:05 #2 type] 
Type domain.User is not enhanced.

[2025-10-27 19:40:05 #3 type] 
Type domain.Driver is not enhanced.

[2025-10-27 19:40:05 #4 type] 
Type domain.Erreklamazioa is not enhanced.

[2025-10-27 19:40:05 #5 type] 
Type domain.Balorazioa is not enhanced.

[2025-10-27 19:40:05 #6 type] 
Type domain.Mugimendua is not enhanced.

[2025-10-27 19:40:05 #7 type] 
Type domain.Car is not enhanced.

[2025-10-27 19:40:05 #8 type] 
Type domain.Ride is not enhanced.

[2025-10-27 19:40:05 #9 type] 
Type domain.Mezua is not enhanced.

[2025-10-27 19:40:05 #10 type] 
Type domain.Erreserba is not enhanced.

[2025-10-27 19:40:05 #11 type] 
Type domain.Geldialdia is not enhanced.

[2025-10-27 19:40:05 #12 type] 
Type domain.Traveler is not enhanced.

[2025-10-27 19:40:05 #13 type] 
Type domain.Alerta is not enhanced.

------------------------------------------------------------------------------------------------------------------------

[2025-10-27 19:41:25 #1 store] 
Database '/home/egoitz/git/Rides25/src/main/resources/rides.temp' is opened by 3969@fedora

[2025-10-27 19:41:25 #2 type] 
Type domain.User is not enhanced.

[2025-10-27 19:41:25 #3 type] 
Type domain.Driver is not enhanced.

[2025-10-27 19:41:25 #4 type] 
Type domain.Erreklamazioa is not enhanced.

[2025-10-27 19:41:25 #5 type] 
Type domain.Balorazioa is not enhanced.

[2025-10-27 19:41:25 #6 type] 
Type domain.Mugimendua is not enhanced.

[2025-10-27 19:41:25 #7 type] 
Type domain.Car is not enhanced.

[2025-10-27 19:41:25 #8 type] 
Type domain.Ride is not enhanced.

[2025-10-27 19:41:25 #9 type] 
Type domain.Mezua is not enhanced.

[2025-10-27 19:41:25 #10 type] 
Type domain.Erreserba is not enhanced.

[2025-10-27 19:41:25 #11 type] 
Type domain.Geldialdia is not enhanced.

[2025-10-27 19:41:25 #12 type] 
Type domain.Traveler is not enhanced.

[2025-10-27 19:41:25 #13 type] 
Type domain.Alerta is not enhanced.

------------------------------------------------------------------------------------------------------------------------

[2025-10-27 19:43:03 #1 store] 
Database '/home/egoitz/git/Rides25/src/main/resources/rides.temp' is opened by 4040@fedora

[2025-10-27 19:43:03 #2 type] 
Type domain.User is not enhanced.

[2025-10-27 19:43:03 #3 type] 
Type domain.Driver is not enhanced.

[2025-10-27 19:43:03 #4 type] 
Type domain.Erreklamazioa is not enhanced.

[2025-10-27 19:43:03 #5 type] 
Type domain.Balorazioa is not enhanced.

[2025-10-27 19:43:03 #6 type] 
Type domain.Mugimendua is not enhanced.

[2025-10-27 19:43:03 #7 type] 
Type domain.Car is not enhanced.

[2025-10-27 19:43:03 #8 type] 
Type domain.Ride is not enhanced.

[2025-10-27 19:43:03 #9 type] 
Type domain.Mezua is not enhanced.

[2025-10-27 19:43:03 #10 type] 
Type domain.Erreserba is not enhanced.

[2025-10-27 19:43:03 #11 type] 
Type domain.Geldialdia is not enhanced.

[2025-10-27 19:43:03 #12 type] 
Type domain.Traveler is not enhanced.

[2025-10-27 19:43:03 #13 type] 
Type domain.Alerta is not enhanced.

------------------------------------------------------------------------------------------------------------------------

[2025-10-27 19:43:22 #1 store] 
Database '/home/egoitz/git/Rides25/src/main/resources/rides.temp' is opened by 4094@fedora

[2025-10-27 19:43:22 #2 type] 
Type domain.User is not enhanced.

[2025-10-27 19:43:22 #3 type] 
Type domain.Driver is not enhanced.

[2025-10-27 19:43:22 #4 type] 
Type domain.Erreklamazioa is not enhanced.

[2025-10-27 19:43:22 #5 type] 
Type domain.Balorazioa is not enhanced.

[2025-10-27 19:43:22 #6 type] 
Type domain.Mugimendua is not enhanced.

[2025-10-27 19:43:22 #7 type] 
Type domain.Car is not enhanced.

[2025-10-27 19:43:22 #8 type] 
Type domain.Ride is not enhanced.

[2025-10-27 19:43:22 #9 type] 
Type domain.Mezua is not enhanced.

[2025-10-27 19:43:22 #10 type] 
Type domain.Erreserba is not enhanced.

[2025-10-27 19:43:22 #11 type] 
Type domain.Geldialdia is not enhanced.

[2025-10-27 19:43:22 #12 type] 
Type domain.Traveler is not enhanced.

[2025-10-27 19:43:22 #13 type] 
Type domain.Alerta is not enhanced.

------------------------------------------------------------------------------------------------------------------------

[2025-10-27 19:45:21 #1 store] 
Database '/home/egoitz/git/Rides25/src/main/resources/rides.temp' is opened by 4381@fedora

[2025-10-27 19:45:21 #2 type] 
Type domain.User is not enhanced.

[2025-10-27 19:45:21 #3 type] 
Type domain.Driver is not enhanced.

[2025-10-27 19:45:21 #4 type] 
Type domain.Erreklamazioa is not enhanced.

[2025-10-27 19:45:21 #5 type] 
Type domain.Balorazioa is not enhanced.

[2025-10-27 19:45:21 #6 type] 
Type domain.Mugimendua is not enhanced.

[2025-10-27 19:45:21 #7 type] 
Type domain.Car is not enhanced.

[2025-10-27 19:45:21 #8 type] 
Type domain.Ride is not enhanced.

[2025-10-27 19:45:22 #9 type] 
Type domain.Mezua is not enhanced.

[2025-10-27 19:45:22 #10 type] 
Type domain.Erreserba is not enhanced.

[2025-10-27 19:45:22 #11 type] 
Type domain.Geldialdia is not enhanced.

[2025-10-27 19:45:22 #12 type] 
Type domain.Traveler is not enhanced.

[2025-10-27 19:45:22 #13 type] 
Type domain.Alerta is not enhanced.

------------------------------------------------------------------------------------------------------------------------

[2025-10-27 19:48:40 #1 store] 
Database '/home/egoitz/git/Rides25/src/main/resources/rides.temp' is opened by 5031@fedora

[2025-10-27 19:48:40 #2 type.registry] 
New type domain.Ride

[2025-10-27 19:48:40 #3 type] 
Type domain.Ride is not enhanced.

[2025-10-27 19:48:40 #4 type.registry] 
New type domain.Geldialdia

[2025-10-27 19:48:40 #5 type.registry] 
New type domain.RideEgoera

[2025-10-27 19:48:40 #6 type.registry] 
New type domain.Erreserba

[2025-10-27 19:48:41 #7 type.registry] 
New type domain.User

[2025-10-27 19:48:41 #8 type.registry] 
New type domain.Driver

[2025-10-27 19:48:41 #9 type.registry] 
New type domain.Car

[2025-10-27 19:48:41 #10 type] 
Type domain.Geldialdia is not enhanced.

[2025-10-27 19:48:41 #11 type] 
Type domain.Erreserba is not enhanced.

[2025-10-27 19:48:41 #12 type.registry] 
New type domain.Balorazioa

[2025-10-27 19:48:41 #13 type.registry] 
New type domain.Traveler

[2025-10-27 19:48:41 #14 type.registry] 
New type domain.ErreserbaEgoera

[2025-10-27 19:48:41 #15 type] 
Type domain.User is not enhanced.

[2025-10-27 19:48:41 #16 type.registry] 
New type domain.Erreklamazioa

[2025-10-27 19:48:41 #17 type.registry] 
New type domain.Mugimendua

[2025-10-27 19:48:41 #18 type] 
Type domain.Driver is not enhanced.

[2025-10-27 19:48:41 #19 type] 
Type domain.Car is not enhanced.

[2025-10-27 19:48:41 #20 type] 
Type domain.Balorazioa is not enhanced.

[2025-10-27 19:48:41 #21 type] 
Type domain.Traveler is not enhanced.

[2025-10-27 19:48:41 #22 type.registry] 
New type domain.Alerta

[2025-10-27 19:48:41 #23 type] 
Type domain.Erreklamazioa is not enhanced.

[2025-10-27 19:48:41 #24 type.registry] 
New type domain.Mezua

[2025-10-27 19:48:41 #25 type.registry] 
New type domain.ErreklamazioaEgoera

[2025-10-27 19:48:41 #26 type] 
Type domain.Mugimendua is not enhanced.

[2025-10-27 19:48:41 #27 type.registry] 
New type domain.MugimenduMota

[2025-10-27 19:48:41 #28 type] 
Type domain.Alerta is not enhanced.

[2025-10-27 19:48:41 #29 type.registry] 
New type domain.AlertaEgoera

[2025-10-27 19:48:41 #30 type] 
Type domain.Mezua is not enhanced.

------------------------------------------------------------------------------------------------------------------------

[2025-10-27 19:48:57 #1 store] 
Database '/home/egoitz/git/Rides25/src/main/resources/rides.temp' has been recovered (tr. 1-2)

[2025-10-27 19:48:57 #2 store] 
Database '/home/egoitz/git/Rides25/src/main/resources/rides.temp' is opened by 5086@fedora

[2025-10-27 19:48:57 #3 type.registry] 
New type domain.Ride

[2025-10-27 19:48:57 #4 type] 
Type domain.Ride is not enhanced.

[2025-10-27 19:48:57 #5 type.registry] 
New type domain.Geldialdia

[2025-10-27 19:48:57 #6 type.registry] 
New type domain.RideEgoera

[2025-10-27 19:48:57 #7 type.registry] 
New type domain.Erreserba

[2025-10-27 19:48:57 #8 type.registry] 
New type domain.User

[2025-10-27 19:48:57 #9 type.registry] 
New type domain.Driver

[2025-10-27 19:48:57 #10 type.registry] 
New type domain.Car

[2025-10-27 19:48:57 #11 type] 
Type domain.Geldialdia is not enhanced.

[2025-10-27 19:48:57 #12 type] 
Type domain.Erreserba is not enhanced.

[2025-10-27 19:48:57 #13 type.registry] 
New type domain.Balorazioa

[2025-10-27 19:48:57 #14 type.registry] 
New type domain.Traveler

[2025-10-27 19:48:57 #15 type.registry] 
New type domain.ErreserbaEgoera

[2025-10-27 19:48:57 #16 type] 
Type domain.User is not enhanced.

[2025-10-27 19:48:57 #17 type.registry] 
New type domain.Erreklamazioa

[2025-10-27 19:48:57 #18 type.registry] 
New type domain.Mugimendua

[2025-10-27 19:48:57 #19 type] 
Type domain.Driver is not enhanced.

[2025-10-27 19:48:57 #20 type] 
Type domain.Car is not enhanced.

[2025-10-27 19:48:57 #21 type] 
Type domain.Balorazioa is not enhanced.

[2025-10-27 19:48:57 #22 type] 
Type domain.Traveler is not enhanced.

[2025-10-27 19:48:57 #23 type.registry] 
New type domain.Alerta

[2025-10-27 19:48:57 #24 type] 
Type domain.Erreklamazioa is not enhanced.

[2025-10-27 19:48:57 #25 type.registry] 
New type domain.Mezua

[2025-10-27 19:48:57 #26 type.registry] 
New type domain.ErreklamazioaEgoera

[2025-10-27 19:48:57 #27 type] 
Type domain.Mugimendua is not enhanced.

[2025-10-27 19:48:57 #28 type.registry] 
New type domain.MugimenduMota

[2025-10-27 19:48:57 #29 type] 
Type domain.Alerta is not enhanced.

[2025-10-27 19:48:57 #30 type.registry] 
New type domain.AlertaEgoera

[2025-10-27 19:48:57 #31 type] 
Type domain.Mezua is not enhanced.

------------------------------------------------------------------------------------------------------------------------

[2025-10-27 19:49:05 #1 store] 
Database '/home/egoitz/git/Rides25/src/main/resources/rides.temp' is opened by 5116@fedora

[2025-10-27 19:49:05 #2 type.registry] 
New type domain.Ride

[2025-10-27 19:49:05 #3 type] 
Type domain.Ride is not enhanced.

[2025-10-27 19:49:05 #4 type.registry] 
New type domain.Geldialdia

[2025-10-27 19:49:05 #5 type.registry] 
New type domain.RideEgoera

[2025-10-27 19:49:05 #6 type.registry] 
New type domain.Erreserba

[2025-10-27 19:49:05 #7 type.registry] 
New type domain.User

[2025-10-27 19:49:05 #8 type.registry] 
New type domain.Driver

[2025-10-27 19:49:05 #9 type.registry] 
New type domain.Car

[2025-10-27 19:49:05 #10 type] 
Type domain.Geldialdia is not enhanced.

[2025-10-27 19:49:05 #11 type] 
Type domain.Erreserba is not enhanced.

[2025-10-27 19:49:05 #12 type.registry] 
New type domain.Balorazioa

[2025-10-27 19:49:05 #13 type.registry] 
New type domain.Traveler

[2025-10-27 19:49:05 #14 type.registry] 
New type domain.ErreserbaEgoera

[2025-10-27 19:49:05 #15 type] 
Type domain.User is not enhanced.

[2025-10-27 19:49:05 #16 type.registry] 
New type domain.Erreklamazioa

[2025-10-27 19:49:05 #17 type.registry] 
New type domain.Mugimendua

[2025-10-27 19:49:05 #18 type] 
Type domain.Driver is not enhanced.

[2025-10-27 19:49:05 #19 type] 
Type domain.Car is not enhanced.

[2025-10-27 19:49:05 #20 type] 
Type domain.Balorazioa is not enhanced.

[2025-10-27 19:49:05 #21 type] 
Type domain.Traveler is not enhanced.

[2025-10-27 19:49:05 #22 type.registry] 
New type domain.Alerta

[2025-10-27 19:49:05 #23 type] 
Type domain.Erreklamazioa is not enhanced.

[2025-10-27 19:49:05 #24 type.registry] 
New type domain.Mezua

[2025-10-27 19:49:05 #25 type.registry] 
New type domain.ErreklamazioaEgoera

[2025-10-27 19:49:05 #26 type] 
Type domain.Mugimendua is not enhanced.

[2025-10-27 19:49:05 #27 type.registry] 
New type domain.MugimenduMota

[2025-10-27 19:49:05 #28 type] 
Type domain.Alerta is not enhanced.

[2025-10-27 19:49:05 #29 type.registry] 
New type domain.AlertaEgoera

[2025-10-27 19:49:05 #30 type] 
Type domain.Mezua is not enhanced.

------------------------------------------------------------------------------------------------------------------------

[2025-10-27 19:51:02 #1 store] 
Database '/home/egoitz/git/Rides25/src/main/resources/rides.temp' is opened by 5171@fedora

[2025-10-27 19:51:02 #2 type.registry] 
New type domain.Ride

[2025-10-27 19:51:02 #3 type] 
Type domain.Ride is not enhanced.

[2025-10-27 19:51:02 #4 type.registry] 
New type domain.Geldialdia

[2025-10-27 19:51:02 #5 type.registry] 
New type domain.RideEgoera

[2025-10-27 19:51:02 #6 type.registry] 
New type domain.Erreserba

[2025-10-27 19:51:02 #7 type.registry] 
New type domain.User

[2025-10-27 19:51:02 #8 type.registry] 
New type domain.Driver

[2025-10-27 19:51:02 #9 type.registry] 
New type domain.Car

[2025-10-27 19:51:02 #10 type] 
Type domain.Geldialdia is not enhanced.

[2025-10-27 19:51:02 #11 type] 
Type domain.Erreserba is not enhanced.

[2025-10-27 19:51:02 #12 type.registry] 
New type domain.Balorazioa

[2025-10-27 19:51:02 #13 type.registry] 
New type domain.Traveler

[2025-10-27 19:51:02 #14 type.registry] 
New type domain.ErreserbaEgoera

[2025-10-27 19:51:02 #15 type] 
Type domain.User is not enhanced.

[2025-10-27 19:51:02 #16 type.registry] 
New type domain.Erreklamazioa

[2025-10-27 19:51:02 #17 type.registry] 
New type domain.Mugimendua

[2025-10-27 19:51:02 #18 type] 
Type domain.Driver is not enhanced.

[2025-10-27 19:51:02 #19 type] 
Type domain.Car is not enhanced.

[2025-10-27 19:51:02 #20 type] 
Type domain.Balorazioa is not enhanced.

[2025-10-27 19:51:02 #21 type] 
Type domain.Traveler is not enhanced.

[2025-10-27 19:51:02 #22 type.registry] 
New type domain.Alerta

[2025-10-27 19:51:02 #23 type] 
Type domain.Erreklamazioa is not enhanced.

[2025-10-27 19:51:02 #24 type.registry] 
New type domain.Mezua

[2025-10-27 19:51:02 #25 type.registry] 
New type domain.ErreklamazioaEgoera

[2025-10-27 19:51:02 #26 type] 
Type domain.Mugimendua is not enhanced.

[2025-10-27 19:51:02 #27 type.registry] 
New type domain.MugimenduMota

[2025-10-27 19:51:02 #28 type] 
Type domain.Alerta is not enhanced.

[2025-10-27 19:51:02 #29 type.registry] 
New type domain.AlertaEgoera

[2025-10-27 19:51:02 #30 type] 
Type domain.Mezua is not enhanced.

------------------------------------------------------------------------------------------------------------------------

[2025-10-27 19:51:17 #1 store] 
Database '/home/egoitz/git/Rides25/src/main/resources/rides.temp' is opened by 5280@fedora

[2025-10-27 19:51:18 #2 type.registry] 
New type domain.Ride

[2025-10-27 19:51:18 #3 type] 
Type domain.Ride is not enhanced.

[2025-10-27 19:51:18 #4 type.registry] 
New type domain.Geldialdia

[2025-10-27 19:51:18 #5 type.registry] 
New type domain.RideEgoera

[2025-10-27 19:51:18 #6 type.registry] 
New type domain.Erreserba

[2025-10-27 19:51:18 #7 type.registry] 
New type domain.User

[2025-10-27 19:51:18 #8 type.registry] 
New type domain.Driver

[2025-10-27 19:51:18 #9 type.registry] 
New type domain.Car

[2025-10-27 19:51:18 #10 type] 
Type domain.Geldialdia is not enhanced.

[2025-10-27 19:51:18 #11 type] 
Type domain.Erreserba is not enhanced.

[2025-10-27 19:51:18 #12 type.registry] 
New type domain.Balorazioa

[2025-10-27 19:51:18 #13 type.registry] 
New type domain.Traveler

[2025-10-27 19:51:18 #14 type.registry] 
New type domain.ErreserbaEgoera

[2025-10-27 19:51:18 #15 type] 
Type domain.User is not enhanced.

[2025-10-27 19:51:18 #16 type.registry] 
New type domain.Erreklamazioa

[2025-10-27 19:51:18 #17 type.registry] 
New type domain.Mugimendua

[2025-10-27 19:51:18 #18 type] 
Type domain.Driver is not enhanced.

[2025-10-27 19:51:18 #19 type] 
Type domain.Car is not enhanced.

[2025-10-27 19:51:18 #20 type] 
Type domain.Balorazioa is not enhanced.

[2025-10-27 19:51:18 #21 type] 
Type domain.Traveler is not enhanced.

[2025-10-27 19:51:18 #22 type.registry] 
New type domain.Alerta

[2025-10-27 19:51:18 #23 type] 
Type domain.Erreklamazioa is not enhanced.

[2025-10-27 19:51:18 #24 type.registry] 
New type domain.Mezua

[2025-10-27 19:51:18 #25 type.registry] 
New type domain.ErreklamazioaEgoera

[2025-10-27 19:51:18 #26 type] 
Type domain.Mugimendua is not enhanced.

[2025-10-27 19:51:18 #27 type.registry] 
New type domain.MugimenduMota

[2025-10-27 19:51:18 #28 type] 
Type domain.Alerta is not enhanced.

[2025-10-27 19:51:18 #29 type.registry] 
New type domain.AlertaEgoera

[2025-10-27 19:51:18 #30 type] 
Type domain.Mezua is not enhanced.

------------------------------------------------------------------------------------------------------------------------

[2025-10-27 19:51:35 #1 store] 
Database '/home/egoitz/git/Rides25/src/main/resources/rides.temp' is opened by 5345@fedora

[2025-10-27 19:51:35 #2 type.registry] 
New type domain.User

[2025-10-27 19:51:35 #3 type.registry] 
New type domain.Driver

[2025-10-27 19:51:35 #4 type] 
Type domain.User is not enhanced.

[2025-10-27 19:51:35 #5 type.registry] 
New type domain.Erreklamazioa

[2025-10-27 19:51:35 #6 type.registry] 
New type domain.Balorazioa

[2025-10-27 19:51:35 #7 type.registry] 
New type domain.Mugimendua

[2025-10-27 19:51:35 #8 type] 
Type domain.Driver is not enhanced.

[2025-10-27 19:51:35 #9 type.registry] 
New type domain.Car

[2025-10-27 19:51:35 #10 type.registry] 
New type domain.Ride

[2025-10-27 19:51:35 #11 type] 
Type domain.Erreklamazioa is not enhanced.

[2025-10-27 19:51:35 #12 type.registry] 
New type domain.Mezua

[2025-10-27 19:51:35 #13 type.registry] 
New type domain.ErreklamazioaEgoera

[2025-10-27 19:51:35 #14 type] 
Type domain.Balorazioa is not enhanced.

[2025-10-27 19:51:35 #15 type.registry] 
New type domain.Erreserba

[2025-10-27 19:51:35 #16 type] 
Type domain.Mugimendua is not enhanced.

[2025-10-27 19:51:35 #17 type.registry] 
New type domain.MugimenduMota

[2025-10-27 19:51:35 #18 type] 
Type domain.Car is not enhanced.

[2025-10-27 19:51:35 #19 type] 
Type domain.Ride is not enhanced.

[2025-10-27 19:51:35 #20 type.registry] 
New type domain.Geldialdia

[2025-10-27 19:51:35 #21 type.registry] 
New type domain.RideEgoera

[2025-10-27 19:51:35 #22 type] 
Type domain.Mezua is not enhanced.

[2025-10-27 19:51:35 #23 type] 
Type domain.Erreserba is not enhanced.

[2025-10-27 19:51:35 #24 type.registry] 
New type domain.Traveler

[2025-10-27 19:51:35 #25 type.registry] 
New type domain.ErreserbaEgoera

[2025-10-27 19:51:35 #26 type] 
Type domain.Geldialdia is not enhanced.

[2025-10-27 19:51:35 #27 type] 
Type domain.Traveler is not enhanced.

[2025-10-27 19:51:35 #28 type.registry] 
New type domain.Alerta

[2025-10-27 19:51:35 #29 type] 
Type domain.Alerta is not enhanced.

[2025-10-27 19:51:35 #30 type.registry] 
New type domain.AlertaEgoera

[2025-10-27 19:51:35 #31 type.registry] 
New type domain.Ride

[2025-10-27 19:51:35 #32 type.registry] 
New type domain.Geldialdia

[2025-10-27 19:51:35 #33 type.registry] 
New type domain.RideEgoera

[2025-10-27 19:51:35 #34 type.registry] 
New type domain.Erreserba

[2025-10-27 19:51:35 #35 type.registry] 
New type domain.User

[2025-10-27 19:51:35 #36 type.registry] 
New type domain.Driver

[2025-10-27 19:51:35 #37 type.registry] 
New type domain.Car

[2025-10-27 19:51:35 #38 type.registry] 
New type domain.Balorazioa

[2025-10-27 19:51:35 #39 type.registry] 
New type domain.Traveler

[2025-10-27 19:51:35 #40 type.registry] 
New type domain.ErreserbaEgoera

[2025-10-27 19:51:35 #41 type.registry] 
New type domain.Erreklamazioa

[2025-10-27 19:51:35 #42 type.registry] 
New type domain.Mugimendua

[2025-10-27 19:51:35 #43 type.registry] 
New type domain.Alerta

[2025-10-27 19:51:35 #44 type.registry] 
New type domain.Mezua

[2025-10-27 19:51:35 #45 type.registry] 
New type domain.ErreklamazioaEgoera

[2025-10-27 19:51:35 #46 type.registry] 
New type domain.MugimenduMota

[2025-10-27 19:51:35 #47 type.registry] 
New type domain.AlertaEgoera

------------------------------------------------------------------------------------------------------------------------

[2025-10-27 19:51:53 #1 store] 
Database '/home/egoitz/git/Rides25/src/main/resources/rides.temp' is opened by 5409@fedora

[2025-10-27 19:51:54 #2 type.registry] 
New type domain.Ride

[2025-10-27 19:51:54 #3 type] 
Type domain.Ride is not enhanced.

[2025-10-27 19:51:54 #4 type.registry] 
New type domain.Geldialdia

[2025-10-27 19:51:54 #5 type.registry] 
New type domain.RideEgoera

[2025-10-27 19:51:54 #6 type.registry] 
New type domain.Erreserba

[2025-10-27 19:51:54 #7 type.registry] 
New type domain.User

[2025-10-27 19:51:54 #8 type.registry] 
New type domain.Driver

[2025-10-27 19:51:54 #9 type.registry] 
New type domain.Car

[2025-10-27 19:51:54 #10 type] 
Type domain.Geldialdia is not enhanced.

[2025-10-27 19:51:54 #11 type] 
Type domain.Erreserba is not enhanced.

[2025-10-27 19:51:54 #12 type.registry] 
New type domain.Balorazioa

[2025-10-27 19:51:54 #13 type.registry] 
New type domain.Traveler

[2025-10-27 19:51:54 #14 type.registry] 
New type domain.ErreserbaEgoera

[2025-10-27 19:51:54 #15 type] 
Type domain.User is not enhanced.

[2025-10-27 19:51:54 #16 type.registry] 
New type domain.Erreklamazioa

[2025-10-27 19:51:54 #17 type.registry] 
New type domain.Mugimendua

[2025-10-27 19:51:54 #18 type] 
Type domain.Driver is not enhanced.

[2025-10-27 19:51:54 #19 type] 
Type domain.Car is not enhanced.

[2025-10-27 19:51:54 #20 type] 
Type domain.Balorazioa is not enhanced.

[2025-10-27 19:51:54 #21 type] 
Type domain.Traveler is not enhanced.

[2025-10-27 19:51:54 #22 type.registry] 
New type domain.Alerta

[2025-10-27 19:51:54 #23 type] 
Type domain.Erreklamazioa is not enhanced.

[2025-10-27 19:51:54 #24 type.registry] 
New type domain.Mezua

[2025-10-27 19:51:54 #25 type.registry] 
New type domain.ErreklamazioaEgoera

[2025-10-27 19:51:54 #26 type] 
Type domain.Mugimendua is not enhanced.

[2025-10-27 19:51:54 #27 type.registry] 
New type domain.MugimenduMota

[2025-10-27 19:51:54 #28 type] 
Type domain.Alerta is not enhanced.

[2025-10-27 19:51:54 #29 type.registry] 
New type domain.AlertaEgoera

[2025-10-27 19:51:54 #30 type] 
Type domain.Mezua is not enhanced.

------------------------------------------------------------------------------------------------------------------------

[2025-10-27 19:56:26 #1 store] 
Database '/home/egoitz/git/Rides25/src/main/resources/rides.temp' is opened by 5748@fedora

[2025-10-27 19:56:26 #2 type.registry] 
New type domain.Ride

[2025-10-27 19:56:26 #3 type] 
Type domain.Ride is not enhanced.

[2025-10-27 19:56:26 #4 type.registry] 
New type domain.Geldialdia

[2025-10-27 19:56:26 #5 type.registry] 
New type domain.RideEgoera

[2025-10-27 19:56:26 #6 type.registry] 
New type domain.Erreserba

[2025-10-27 19:56:26 #7 type.registry] 
New type domain.User

[2025-10-27 19:56:26 #8 type.registry] 
New type domain.Driver

[2025-10-27 19:56:26 #9 type.registry] 
New type domain.Car

[2025-10-27 19:56:26 #10 type] 
Type domain.Geldialdia is not enhanced.

[2025-10-27 19:56:26 #11 type] 
Type domain.Erreserba is not enhanced.

[2025-10-27 19:56:26 #12 type.registry] 
New type domain.Balorazioa

[2025-10-27 19:56:26 #13 type.registry] 
New type domain.Traveler

[2025-10-27 19:56:26 #14 type.registry] 
New type domain.ErreserbaEgoera

[2025-10-27 19:56:26 #15 type] 
Type domain.User is not enhanced.

[2025-10-27 19:56:26 #16 type.registry] 
New type domain.Erreklamazioa

[2025-10-27 19:56:26 #17 type.registry] 
New type domain.Mugimendua

[2025-10-27 19:56:26 #18 type] 
Type domain.Driver is not enhanced.

[2025-10-27 19:56:26 #19 type] 
Type domain.Car is not enhanced.

[2025-10-27 19:56:26 #20 type] 
Type domain.Balorazioa is not enhanced.

[2025-10-27 19:56:26 #21 type] 
Type domain.Traveler is not enhanced.

[2025-10-27 19:56:26 #22 type.registry] 
New type domain.Alerta

[2025-10-27 19:56:26 #23 type] 
Type domain.Erreklamazioa is not enhanced.

[2025-10-27 19:56:26 #24 type.registry] 
New type domain.Mezua

[2025-10-27 19:56:26 #25 type.registry] 
New type domain.ErreklamazioaEgoera

[2025-10-27 19:56:26 #26 type] 
Type domain.Mugimendua is not enhanced.

[2025-10-27 19:56:26 #27 type.registry] 
New type domain.MugimenduMota

[2025-10-27 19:56:26 #28 type] 
Type domain.Alerta is not enhanced.

[2025-10-27 19:56:26 #29 type.registry] 
New type domain.AlertaEgoera

[2025-10-27 19:56:26 #30 type] 
Type domain.Mezua is not enhanced.

------------------------------------------------------------------------------------------------------------------------

[2025-10-27 19:58:10 #1 store] 
Database '/home/egoitz/git/Rides25/src/main/resources/rides.temp' is opened by 5851@fedora

[2025-10-27 19:58:10 #2 type.registry] 
New type domain.User

[2025-10-27 19:58:10 #3 type.registry] 
New type domain.Driver

[2025-10-27 19:58:10 #4 type] 
Type domain.User is not enhanced.

[2025-10-27 19:58:10 #5 type.registry] 
New type domain.Erreklamazioa

[2025-10-27 19:58:10 #6 type.registry] 
New type domain.Balorazioa

[2025-10-27 19:58:10 #7 type.registry] 
New type domain.Mugimendua

[2025-10-27 19:58:10 #8 type] 
Type domain.Driver is not enhanced.

[2025-10-27 19:58:10 #9 type.registry] 
New type domain.Car

[2025-10-27 19:58:10 #10 type.registry] 
New type domain.Ride

[2025-10-27 19:58:10 #11 type] 
Type domain.Erreklamazioa is not enhanced.

[2025-10-27 19:58:10 #12 type.registry] 
New type domain.Mezua

[2025-10-27 19:58:10 #13 type.registry] 
New type domain.ErreklamazioaEgoera

[2025-10-27 19:58:10 #14 type] 
Type domain.Balorazioa is not enhanced.

[2025-10-27 19:58:10 #15 type.registry] 
New type domain.Erreserba

[2025-10-27 19:58:10 #16 type] 
Type domain.Mugimendua is not enhanced.

[2025-10-27 19:58:10 #17 type.registry] 
New type domain.MugimenduMota

[2025-10-27 19:58:10 #18 type] 
Type domain.Car is not enhanced.

[2025-10-27 19:58:10 #19 type] 
Type domain.Ride is not enhanced.

[2025-10-27 19:58:10 #20 type.registry] 
New type domain.Geldialdia

[2025-10-27 19:58:10 #21 type.registry] 
New type domain.RideEgoera

[2025-10-27 19:58:10 #22 type] 
Type domain.Mezua is not enhanced.

[2025-10-27 19:58:10 #23 type] 
Type domain.Erreserba is not enhanced.

[2025-10-27 19:58:10 #24 type.registry] 
New type domain.Traveler

[2025-10-27 19:58:10 #25 type.registry] 
New type domain.ErreserbaEgoera

[2025-10-27 19:58:10 #26 type] 
Type domain.Geldialdia is not enhanced.

[2025-10-27 19:58:10 #27 type] 
Type domain.Traveler is not enhanced.

[2025-10-27 19:58:10 #28 type.registry] 
New type domain.Alerta

[2025-10-27 19:58:10 #29 type] 
Type domain.Alerta is not enhanced.

[2025-10-27 19:58:10 #30 type.registry] 
New type domain.AlertaEgoera

[2025-10-27 19:58:10 #31 type.registry] 
New type domain.Ride

[2025-10-27 19:58:10 #32 type.registry] 
New type domain.Geldialdia

[2025-10-27 19:58:10 #33 type.registry] 
New type domain.RideEgoera

[2025-10-27 19:58:10 #34 type.registry] 
New type domain.Erreserba

[2025-10-27 19:58:10 #35 type.registry] 
New type domain.User

[2025-10-27 19:58:10 #36 type.registry] 
New type domain.Driver

[2025-10-27 19:58:10 #37 type.registry] 
New type domain.Car

[2025-10-27 19:58:10 #38 type.registry] 
New type domain.Balorazioa

[2025-10-27 19:58:10 #39 type.registry] 
New type domain.Traveler

[2025-10-27 19:58:10 #40 type.registry] 
New type domain.ErreserbaEgoera

[2025-10-27 19:58:10 #41 type.registry] 
New type domain.Erreklamazioa

[2025-10-27 19:58:10 #42 type.registry] 
New type domain.Mugimendua

[2025-10-27 19:58:10 #43 type.registry] 
New type domain.Alerta

[2025-10-27 19:58:10 #44 type.registry] 
New type domain.Mezua

[2025-10-27 19:58:10 #45 type.registry] 
New type domain.ErreklamazioaEgoera

[2025-10-27 19:58:10 #46 type.registry] 
New type domain.MugimenduMota

[2025-10-27 19:58:10 #47 type.registry] 
New type domain.AlertaEgoera

------------------------------------------------------------------------------------------------------------------------

[2025-10-27 19:58:26 #1 store] 
Database '/home/egoitz/git/Rides25/src/main/resources/rides.temp' is opened by 5952@fedora

[2025-10-27 19:58:27 #2 type.registry] 
New type domain.User

[2025-10-27 19:58:27 #3 type.registry] 
New type domain.Driver

[2025-10-27 19:58:27 #4 type] 
Type domain.User is not enhanced.

[2025-10-27 19:58:27 #5 type.registry] 
New type domain.Erreklamazioa

[2025-10-27 19:58:27 #6 type.registry] 
New type domain.Balorazioa

[2025-10-27 19:58:27 #7 type.registry] 
New type domain.Mugimendua

[2025-10-27 19:58:27 #8 type] 
Type domain.Driver is not enhanced.

[2025-10-27 19:58:27 #9 type.registry] 
New type domain.Car

[2025-10-27 19:58:27 #10 type.registry] 
New type domain.Ride

[2025-10-27 19:58:27 #11 type] 
Type domain.Erreklamazioa is not enhanced.

[2025-10-27 19:58:27 #12 type.registry] 
New type domain.Mezua

[2025-10-27 19:58:27 #13 type.registry] 
New type domain.ErreklamazioaEgoera

[2025-10-27 19:58:27 #14 type] 
Type domain.Balorazioa is not enhanced.

[2025-10-27 19:58:27 #15 type.registry] 
New type domain.Erreserba

[2025-10-27 19:58:27 #16 type] 
Type domain.Mugimendua is not enhanced.

[2025-10-27 19:58:27 #17 type.registry] 
New type domain.MugimenduMota

[2025-10-27 19:58:27 #18 type] 
Type domain.Car is not enhanced.

[2025-10-27 19:58:27 #19 type] 
Type domain.Ride is not enhanced.

[2025-10-27 19:58:27 #20 type.registry] 
New type domain.Geldialdia

[2025-10-27 19:58:27 #21 type.registry] 
New type domain.RideEgoera

[2025-10-27 19:58:27 #22 type] 
Type domain.Mezua is not enhanced.

[2025-10-27 19:58:27 #23 type] 
Type domain.Erreserba is not enhanced.

[2025-10-27 19:58:27 #24 type.registry] 
New type domain.Traveler

[2025-10-27 19:58:27 #25 type.registry] 
New type domain.ErreserbaEgoera

[2025-10-27 19:58:27 #26 type] 
Type domain.Geldialdia is not enhanced.

[2025-10-27 19:58:27 #27 type] 
Type domain.Traveler is not enhanced.

[2025-10-27 19:58:27 #28 type.registry] 
New type domain.Alerta

[2025-10-27 19:58:27 #29 type] 
Type domain.Alerta is not enhanced.

[2025-10-27 19:58:27 #30 type.registry] 
New type domain.AlertaEgoera

[2025-10-27 19:58:27 #31 type.registry] 
New type domain.Ride

[2025-10-27 19:58:27 #32 type.registry] 
New type domain.Geldialdia

[2025-10-27 19:58:27 #33 type.registry] 
New type domain.RideEgoera

[2025-10-27 19:58:27 #34 type.registry] 
New type domain.Erreserba

[2025-10-27 19:58:27 #35 type.registry] 
New type domain.User

[2025-10-27 19:58:27 #36 type.registry] 
New type domain.Driver

[2025-10-27 19:58:27 #37 type.registry] 
New type domain.Car

[2025-10-27 19:58:27 #38 type.registry] 
New type domain.Balorazioa

[2025-10-27 19:58:27 #39 type.registry] 
New type domain.Traveler

[2025-10-27 19:58:27 #40 type.registry] 
New type domain.ErreserbaEgoera

[2025-10-27 19:58:27 #41 type.registry] 
New type domain.Erreklamazioa

[2025-10-27 19:58:27 #42 type.registry] 
New type domain.Mugimendua

[2025-10-27 19:58:27 #43 type.registry] 
New type domain.Alerta

[2025-10-27 19:58:27 #44 type.registry] 
New type domain.Mezua

[2025-10-27 19:58:27 #45 type.registry] 
New type domain.ErreklamazioaEgoera

[2025-10-27 19:58:27 #46 type.registry] 
New type domain.MugimenduMota

[2025-10-27 19:58:27 #47 type.registry] 
New type domain.AlertaEgoera

------------------------------------------------------------------------------------------------------------------------

[2025-10-27 19:58:42 #1 store] 
Database '/home/egoitz/git/Rides25/src/main/resources/rides.temp' has been recovered (tr. 1-2)

[2025-10-27 19:58:43 #2 store] 
Database '/home/egoitz/git/Rides25/src/main/resources/rides.temp' is opened by 6012@fedora

[2025-10-27 19:58:43 #3 type.registry] 
New type domain.Ride

[2025-10-27 19:58:43 #4 type] 
Type domain.Ride is not enhanced.

[2025-10-27 19:58:43 #5 type.registry] 
New type domain.Geldialdia

[2025-10-27 19:58:43 #6 type.registry] 
New type domain.RideEgoera

[2025-10-27 19:58:43 #7 type.registry] 
New type domain.Erreserba

[2025-10-27 19:58:43 #8 type.registry] 
New type domain.User

[2025-10-27 19:58:43 #9 type.registry] 
New type domain.Driver

[2025-10-27 19:58:43 #10 type.registry] 
New type domain.Car

[2025-10-27 19:58:43 #11 type] 
Type domain.Geldialdia is not enhanced.

[2025-10-27 19:58:43 #12 type] 
Type domain.Erreserba is not enhanced.

[2025-10-27 19:58:43 #13 type.registry] 
New type domain.Balorazioa

[2025-10-27 19:58:43 #14 type.registry] 
New type domain.Traveler

[2025-10-27 19:58:43 #15 type.registry] 
New type domain.ErreserbaEgoera

[2025-10-27 19:58:43 #16 type] 
Type domain.User is not enhanced.

[2025-10-27 19:58:43 #17 type.registry] 
New type domain.Erreklamazioa

[2025-10-27 19:58:43 #18 type.registry] 
New type domain.Mugimendua

[2025-10-27 19:58:43 #19 type] 
Type domain.Driver is not enhanced.

[2025-10-27 19:58:43 #20 type] 
Type domain.Car is not enhanced.

[2025-10-27 19:58:43 #21 type] 
Type domain.Balorazioa is not enhanced.

[2025-10-27 19:58:43 #22 type] 
Type domain.Traveler is not enhanced.

[2025-10-27 19:58:43 #23 type.registry] 
New type domain.Alerta

[2025-10-27 19:58:43 #24 type] 
Type domain.Erreklamazioa is not enhanced.

[2025-10-27 19:58:43 #25 type.registry] 
New type domain.Mezua

[2025-10-27 19:58:43 #26 type.registry] 
New type domain.ErreklamazioaEgoera

[2025-10-27 19:58:43 #27 type] 
Type domain.Mugimendua is not enhanced.

[2025-10-27 19:58:43 #28 type.registry] 
New type domain.MugimenduMota

[2025-10-27 19:58:43 #29 type] 
Type domain.Alerta is not enhanced.

[2025-10-27 19:58:43 #30 type.registry] 
New type domain.AlertaEgoera

[2025-10-27 19:58:43 #31 type] 
Type domain.Mezua is not enhanced.

