------------------------------------------------------------------------------------------------------------------------

[2025-05-12 10:52:52 #1 store] 
Database 'C:\Users\egoit\git\Rides25\src\main\resources\rides.temp' is opened by 4280@LAPTOP-2PN1U6VU

[2025-05-12 10:52:52 #2 type.registry] 
New type domain.User

[2025-05-12 10:52:52 #3 type.registry] 
New type domain.Driver

[2025-05-12 10:52:52 #4 type] 
Type domain.User is not enhanced.

[2025-05-12 10:52:52 #5 type.registry] 
New type domain.Erreklamazioa

[2025-05-12 10:52:52 #6 type.registry] 
New type domain.Balorazioa

[2025-05-12 10:52:52 #7 type.registry] 
New type domain.Mugimendua

[2025-05-12 10:52:52 #8 type] 
Type domain.Driver is not enhanced.

[2025-05-12 10:52:52 #9 type.registry] 
New type domain.Car

[2025-05-12 10:52:52 #10 type.registry] 
New type domain.Ride

[2025-05-12 10:52:52 #11 type] 
Type domain.Erreklamazioa is not enhanced.

[2025-05-12 10:52:52 #12 type.registry] 
New type domain.Mezua

[2025-05-12 10:52:52 #13 type.registry] 
New type domain.ErreklamazioaEgoera

[2025-05-12 10:52:52 #14 type] 
Type domain.Balorazioa is not enhanced.

[2025-05-12 10:52:52 #15 type.registry] 
New type domain.Erreserba

[2025-05-12 10:52:52 #16 type] 
Type domain.Mugimendua is not enhanced.

[2025-05-12 10:52:52 #17 type.registry] 
New type domain.MugimenduMota

[2025-05-12 10:52:52 #18 type] 
Type domain.Car is not enhanced.

[2025-05-12 10:52:52 #19 type] 
Type domain.Ride is not enhanced.

[2025-05-12 10:52:52 #20 type.registry] 
New type domain.Geldialdia

[2025-05-12 10:52:52 #21 type.registry] 
New type domain.RideEgoera

[2025-05-12 10:52:52 #22 type] 
Type domain.Mezua is not enhanced.

[2025-05-12 10:52:52 #23 type] 
Type domain.Erreserba is not enhanced.

[2025-05-12 10:52:52 #24 type.registry] 
New type domain.Traveler

[2025-05-12 10:52:52 #25 type.registry] 
New type domain.ErreserbaEgoera

[2025-05-12 10:52:52 #26 type] 
Type domain.Geldialdia is not enhanced.

[2025-05-12 10:52:52 #27 type] 
Type domain.Traveler is not enhanced.

[2025-05-12 10:52:52 #28 type.registry] 
New type domain.Alerta

[2025-05-12 10:52:52 #29 type] 
Type domain.Alerta is not enhanced.

[2025-05-12 10:52:52 #30 type.registry] 
New type domain.AlertaEgoera

[2025-05-12 10:52:52 #31 type.registry] 
New type java.util.Vector<java.lang.Object>

[2025-05-12 10:52:52 #32 type.registry] 
New type java.util.LinkedList<java.lang.Object>

[2025-05-12 10:52:52 #33 type.registry] 
New type java.util.Vector<domain.Mugimendua>

[2025-05-12 10:52:52 #34 type.registry] 
New type java.util.Vector<domain.Balorazioa>

[2025-05-12 10:52:52 #35 type.registry] 
New type java.util.Vector<domain.Erreklamazioa>

[2025-05-12 10:52:52 #36 type.registry] 
New type java.util.Vector<domain.Ride>

[2025-05-12 10:52:52 #37 type.registry] 
New type java.util.Vector<domain.Car>

[2025-05-12 10:52:52 #38 type.registry] 
New type java.util.Vector<domain.Erreserba>

[2025-05-12 10:52:52 #39 type.registry] 
New type java.util.Vector<domain.Alerta>

[2025-05-12 10:52:52 #40 type.registry] 
New type java.util.LinkedList<domain.Geldialdia>

------------------------------------------------------------------------------------------------------------------------

[2025-05-12 10:55:18 #1 store] 
Database 'C:\Users\egoit\git\Rides25\src\main\resources\rides.temp' is opened by 13504@LAPTOP-2PN1U6VU

[2025-05-12 10:55:19 #2 type.registry] 
New type domain.User

[2025-05-12 10:55:19 #3 type.registry] 
New type domain.Driver

[2025-05-12 10:55:19 #4 type] 
Type domain.User is not enhanced.

[2025-05-12 10:55:19 #5 type.registry] 
New type domain.Erreklamazioa

[2025-05-12 10:55:19 #6 type.registry] 
New type domain.Balorazioa

[2025-05-12 10:55:19 #7 type.registry] 
New type domain.Mugimendua

[2025-05-12 10:55:19 #8 type] 
Type domain.Driver is not enhanced.

[2025-05-12 10:55:19 #9 type.registry] 
New type domain.Car

[2025-05-12 10:55:19 #10 type.registry] 
New type domain.Ride

[2025-05-12 10:55:19 #11 type] 
Type domain.Erreklamazioa is not enhanced.

[2025-05-12 10:55:19 #12 type.registry] 
New type domain.Mezua

[2025-05-12 10:55:19 #13 type.registry] 
New type domain.ErreklamazioaEgoera

[2025-05-12 10:55:19 #14 type] 
Type domain.Balorazioa is not enhanced.

[2025-05-12 10:55:19 #15 type.registry] 
New type domain.Erreserba

[2025-05-12 10:55:19 #16 type] 
Type domain.Mugimendua is not enhanced.

[2025-05-12 10:55:19 #17 type.registry] 
New type domain.MugimenduMota

[2025-05-12 10:55:19 #18 type] 
Type domain.Car is not enhanced.

[2025-05-12 10:55:19 #19 type] 
Type domain.Ride is not enhanced.

[2025-05-12 10:55:19 #20 type.registry] 
New type domain.Geldialdia

[2025-05-12 10:55:19 #21 type.registry] 
New type domain.RideEgoera

[2025-05-12 10:55:19 #22 type] 
Type domain.Mezua is not enhanced.

[2025-05-12 10:55:19 #23 type] 
Type domain.Erreserba is not enhanced.

[2025-05-12 10:55:19 #24 type.registry] 
New type domain.Traveler

[2025-05-12 10:55:19 #25 type.registry] 
New type domain.ErreserbaEgoera

[2025-05-12 10:55:19 #26 type] 
Type domain.Geldialdia is not enhanced.

[2025-05-12 10:55:19 #27 type] 
Type domain.Traveler is not enhanced.

[2025-05-12 10:55:19 #28 type.registry] 
New type domain.Alerta

[2025-05-12 10:55:19 #29 type] 
Type domain.Alerta is not enhanced.

[2025-05-12 10:55:19 #30 type.registry] 
New type domain.AlertaEgoera

[2025-05-12 10:55:19 #31 type.registry] 
New type java.util.Vector<java.lang.Object>

[2025-05-12 10:55:19 #32 type.registry] 
New type java.util.LinkedList<java.lang.Object>

[2025-05-12 10:55:19 #33 type.registry] 
New type java.util.Vector<domain.Mugimendua>

[2025-05-12 10:55:19 #34 type.registry] 
New type java.util.Vector<domain.Balorazioa>

[2025-05-12 10:55:19 #35 type.registry] 
New type java.util.Vector<domain.Erreklamazioa>

[2025-05-12 10:55:19 #36 type.registry] 
New type java.util.Vector<domain.Ride>

[2025-05-12 10:55:19 #37 type.registry] 
New type java.util.Vector<domain.Car>

[2025-05-12 10:55:19 #38 type.registry] 
New type java.util.Vector<domain.Erreserba>

[2025-05-12 10:55:19 #39 type.registry] 
New type java.util.Vector<domain.Alerta>

[2025-05-12 10:55:19 #40 type.registry] 
New type java.util.LinkedList<domain.Geldialdia>

------------------------------------------------------------------------------------------------------------------------

[2025-05-12 10:58:05 #1 store] 
Database 'C:\Users\egoit\git\Rides25\src\main\resources\rides.temp' is opened by 6584@LAPTOP-2PN1U6VU

[2025-05-12 10:58:05 #2 type.registry] 
New type domain.User

[2025-05-12 10:58:05 #3 type.registry] 
New type domain.Driver

[2025-05-12 10:58:05 #4 type] 
Type domain.User is not enhanced.

[2025-05-12 10:58:05 #5 type.registry] 
New type domain.Erreklamazioa

[2025-05-12 10:58:05 #6 type.registry] 
New type domain.Balorazioa

[2025-05-12 10:58:05 #7 type.registry] 
New type domain.Mugimendua

[2025-05-12 10:58:05 #8 type] 
Type domain.Driver is not enhanced.

[2025-05-12 10:58:05 #9 type.registry] 
New type domain.Car

[2025-05-12 10:58:05 #10 type.registry] 
New type domain.Ride

[2025-05-12 10:58:05 #11 type] 
Type domain.Erreklamazioa is not enhanced.

[2025-05-12 10:58:05 #12 type.registry] 
New type domain.Mezua

[2025-05-12 10:58:05 #13 type.registry] 
New type domain.ErreklamazioaEgoera

[2025-05-12 10:58:05 #14 type] 
Type domain.Balorazioa is not enhanced.

[2025-05-12 10:58:05 #15 type.registry] 
New type domain.Erreserba

[2025-05-12 10:58:05 #16 type] 
Type domain.Mugimendua is not enhanced.

[2025-05-12 10:58:05 #17 type.registry] 
New type domain.MugimenduMota

[2025-05-12 10:58:05 #18 type] 
Type domain.Car is not enhanced.

[2025-05-12 10:58:05 #19 type] 
Type domain.Ride is not enhanced.

[2025-05-12 10:58:05 #20 type.registry] 
New type domain.Geldialdia

[2025-05-12 10:58:05 #21 type.registry] 
New type domain.RideEgoera

[2025-05-12 10:58:05 #22 type] 
Type domain.Mezua is not enhanced.

[2025-05-12 10:58:05 #23 type] 
Type domain.Erreserba is not enhanced.

[2025-05-12 10:58:05 #24 type.registry] 
New type domain.Traveler

[2025-05-12 10:58:05 #25 type.registry] 
New type domain.ErreserbaEgoera

[2025-05-12 10:58:05 #26 type] 
Type domain.Geldialdia is not enhanced.

[2025-05-12 10:58:05 #27 type] 
Type domain.Traveler is not enhanced.

[2025-05-12 10:58:05 #28 type.registry] 
New type domain.Alerta

[2025-05-12 10:58:05 #29 type] 
Type domain.Alerta is not enhanced.

[2025-05-12 10:58:05 #30 type.registry] 
New type domain.AlertaEgoera

[2025-05-12 10:58:05 #31 type.registry] 
New type java.util.Vector<java.lang.Object>

[2025-05-12 10:58:05 #32 type.registry] 
New type java.util.LinkedList<java.lang.Object>

[2025-05-12 10:58:05 #33 type.registry] 
New type java.util.Vector<domain.Mugimendua>

[2025-05-12 10:58:05 #34 type.registry] 
New type java.util.Vector<domain.Balorazioa>

[2025-05-12 10:58:05 #35 type.registry] 
New type java.util.Vector<domain.Erreklamazioa>

[2025-05-12 10:58:05 #36 type.registry] 
New type java.util.Vector<domain.Ride>

[2025-05-12 10:58:05 #37 type.registry] 
New type java.util.Vector<domain.Car>

[2025-05-12 10:58:05 #38 type.registry] 
New type java.util.Vector<domain.Erreserba>

[2025-05-12 10:58:05 #39 type.registry] 
New type java.util.Vector<domain.Alerta>

[2025-05-12 10:58:05 #40 type.registry] 
New type java.util.LinkedList<domain.Geldialdia>

------------------------------------------------------------------------------------------------------------------------

[2025-05-12 11:01:25 #1 store] 
Database 'C:\Users\egoit\git\Rides25\src\main\resources\rides.temp' is opened by 14236@LAPTOP-2PN1U6VU

[2025-05-12 11:01:26 #2 type.registry] 
New type domain.User

[2025-05-12 11:01:26 #3 type.registry] 
New type domain.Driver

[2025-05-12 11:01:26 #4 type] 
Type domain.User is not enhanced.

[2025-05-12 11:01:26 #5 type.registry] 
New type domain.Erreklamazioa

[2025-05-12 11:01:26 #6 type.registry] 
New type domain.Balorazioa

[2025-05-12 11:01:26 #7 type.registry] 
New type domain.Mugimendua

[2025-05-12 11:01:26 #8 type] 
Type domain.Driver is not enhanced.

[2025-05-12 11:01:26 #9 type.registry] 
New type domain.Car

[2025-05-12 11:01:26 #10 type.registry] 
New type domain.Ride

[2025-05-12 11:01:26 #11 type] 
Type domain.Erreklamazioa is not enhanced.

[2025-05-12 11:01:26 #12 type.registry] 
New type domain.Mezua

[2025-05-12 11:01:26 #13 type.registry] 
New type domain.ErreklamazioaEgoera

[2025-05-12 11:01:26 #14 type] 
Type domain.Balorazioa is not enhanced.

[2025-05-12 11:01:26 #15 type.registry] 
New type domain.Erreserba

[2025-05-12 11:01:26 #16 type] 
Type domain.Mugimendua is not enhanced.

[2025-05-12 11:01:26 #17 type.registry] 
New type domain.MugimenduMota

[2025-05-12 11:01:26 #18 type] 
Type domain.Car is not enhanced.

[2025-05-12 11:01:26 #19 type] 
Type domain.Ride is not enhanced.

[2025-05-12 11:01:26 #20 type.registry] 
New type domain.Geldialdia

[2025-05-12 11:01:26 #21 type.registry] 
New type domain.RideEgoera

[2025-05-12 11:01:26 #22 type] 
Type domain.Mezua is not enhanced.

[2025-05-12 11:01:26 #23 type] 
Type domain.Erreserba is not enhanced.

[2025-05-12 11:01:26 #24 type.registry] 
New type domain.Traveler

[2025-05-12 11:01:26 #25 type.registry] 
New type domain.ErreserbaEgoera

[2025-05-12 11:01:26 #26 type] 
Type domain.Geldialdia is not enhanced.

[2025-05-12 11:01:26 #27 type] 
Type domain.Traveler is not enhanced.

[2025-05-12 11:01:26 #28 type.registry] 
New type domain.Alerta

[2025-05-12 11:01:26 #29 type] 
Type domain.Alerta is not enhanced.

[2025-05-12 11:01:26 #30 type.registry] 
New type domain.AlertaEgoera

[2025-05-12 11:01:26 #31 type.registry] 
New type java.util.Vector<java.lang.Object>

[2025-05-12 11:01:26 #32 type.registry] 
New type java.util.LinkedList<java.lang.Object>

[2025-05-12 11:01:26 #33 type.registry] 
New type java.util.Vector<domain.Mugimendua>

[2025-05-12 11:01:26 #34 type.registry] 
New type java.util.Vector<domain.Balorazioa>

[2025-05-12 11:01:26 #35 type.registry] 
New type java.util.Vector<domain.Erreklamazioa>

[2025-05-12 11:01:26 #36 type.registry] 
New type java.util.Vector<domain.Ride>

[2025-05-12 11:01:26 #37 type.registry] 
New type java.util.Vector<domain.Car>

[2025-05-12 11:01:26 #38 type.registry] 
New type java.util.Vector<domain.Erreserba>

[2025-05-12 11:01:26 #39 type.registry] 
New type java.util.Vector<domain.Alerta>

[2025-05-12 11:01:26 #40 type.registry] 
New type java.util.LinkedList<domain.Geldialdia>

------------------------------------------------------------------------------------------------------------------------

[2025-05-12 11:03:06 #1 store] 
Database 'C:\Users\egoit\git\Rides25\src\main\resources\rides.temp' is opened by 4776@LAPTOP-2PN1U6VU

[2025-05-12 11:03:07 #2 type.registry] 
New type domain.User

[2025-05-12 11:03:07 #3 type.registry] 
New type domain.Driver

[2025-05-12 11:03:07 #4 type] 
Type domain.User is not enhanced.

[2025-05-12 11:03:07 #5 type.registry] 
New type domain.Erreklamazioa

[2025-05-12 11:03:07 #6 type.registry] 
New type domain.Balorazioa

[2025-05-12 11:03:07 #7 type.registry] 
New type domain.Mugimendua

[2025-05-12 11:03:07 #8 type] 
Type domain.Driver is not enhanced.

[2025-05-12 11:03:07 #9 type.registry] 
New type domain.Car

[2025-05-12 11:03:07 #10 type.registry] 
New type domain.Ride

[2025-05-12 11:03:07 #11 type] 
Type domain.Erreklamazioa is not enhanced.

[2025-05-12 11:03:07 #12 type.registry] 
New type domain.Mezua

[2025-05-12 11:03:07 #13 type.registry] 
New type domain.ErreklamazioaEgoera

[2025-05-12 11:03:07 #14 type] 
Type domain.Balorazioa is not enhanced.

[2025-05-12 11:03:07 #15 type.registry] 
New type domain.Erreserba

[2025-05-12 11:03:07 #16 type] 
Type domain.Mugimendua is not enhanced.

[2025-05-12 11:03:07 #17 type.registry] 
New type domain.MugimenduMota

[2025-05-12 11:03:07 #18 type] 
Type domain.Car is not enhanced.

[2025-05-12 11:03:07 #19 type] 
Type domain.Ride is not enhanced.

[2025-05-12 11:03:07 #20 type.registry] 
New type domain.Geldialdia

[2025-05-12 11:03:07 #21 type.registry] 
New type domain.RideEgoera

[2025-05-12 11:03:07 #22 type] 
Type domain.Mezua is not enhanced.

[2025-05-12 11:03:07 #23 type] 
Type domain.Erreserba is not enhanced.

[2025-05-12 11:03:07 #24 type.registry] 
New type domain.Traveler

[2025-05-12 11:03:07 #25 type.registry] 
New type domain.ErreserbaEgoera

[2025-05-12 11:03:07 #26 type] 
Type domain.Geldialdia is not enhanced.

[2025-05-12 11:03:07 #27 type] 
Type domain.Traveler is not enhanced.

[2025-05-12 11:03:07 #28 type.registry] 
New type domain.Alerta

[2025-05-12 11:03:07 #29 type] 
Type domain.Alerta is not enhanced.

[2025-05-12 11:03:07 #30 type.registry] 
New type domain.AlertaEgoera

[2025-05-12 11:03:07 #31 type.registry] 
New type java.util.Vector<java.lang.Object>

[2025-05-12 11:03:07 #32 type.registry] 
New type java.util.LinkedList<java.lang.Object>

[2025-05-12 11:03:07 #33 type.registry] 
New type java.util.Vector<domain.Mugimendua>

[2025-05-12 11:03:07 #34 type.registry] 
New type java.util.Vector<domain.Balorazioa>

[2025-05-12 11:03:07 #35 type.registry] 
New type java.util.Vector<domain.Erreklamazioa>

[2025-05-12 11:03:07 #36 type.registry] 
New type java.util.Vector<domain.Ride>

[2025-05-12 11:03:07 #37 type.registry] 
New type java.util.Vector<domain.Car>

[2025-05-12 11:03:07 #38 type.registry] 
New type java.util.Vector<domain.Erreserba>

[2025-05-12 11:03:07 #39 type.registry] 
New type java.util.Vector<domain.Alerta>

[2025-05-12 11:03:07 #40 type.registry] 
New type java.util.LinkedList<domain.Geldialdia>

[2025-05-12 11:04:13 #41 type.registry] 
New type java.util.ArrayList<java.lang.Object>

[2025-05-12 11:04:13 #42 type.registry] 
New type java.util.ArrayList<domain.Geldialdia>

------------------------------------------------------------------------------------------------------------------------

[2025-05-12 11:17:48 #1 store] 
Database 'C:\Users\egoit\git\Rides25\src\main\resources\rides.temp' is opened by 5212@LAPTOP-2PN1U6VU

------------------------------------------------------------------------------------------------------------------------

[2025-05-12 11:22:41 #1 store] 
Database 'C:\Users\egoit\git\Rides25\src\main\resources\rides.temp' is opened by 8188@LAPTOP-2PN1U6VU

[2025-05-12 11:22:41 #2 type.registry] 
New type domain.User

[2025-05-12 11:22:41 #3 type.registry] 
New type domain.Driver

[2025-05-12 11:22:41 #4 type] 
Type domain.User is not enhanced.

[2025-05-12 11:22:41 #5 type.registry] 
New type domain.Erreklamazioa

[2025-05-12 11:22:41 #6 type.registry] 
New type domain.Balorazioa

[2025-05-12 11:22:41 #7 type.registry] 
New type domain.Mugimendua

[2025-05-12 11:22:41 #8 type] 
Type domain.Driver is not enhanced.

[2025-05-12 11:22:41 #9 type.registry] 
New type domain.Car

[2025-05-12 11:22:41 #10 type.registry] 
New type domain.Ride

[2025-05-12 11:22:41 #11 type] 
Type domain.Erreklamazioa is not enhanced.

[2025-05-12 11:22:41 #12 type.registry] 
New type domain.Mezua

[2025-05-12 11:22:41 #13 type.registry] 
New type domain.ErreklamazioaEgoera

[2025-05-12 11:22:41 #14 type] 
Type domain.Balorazioa is not enhanced.

[2025-05-12 11:22:41 #15 type.registry] 
New type domain.Erreserba

[2025-05-12 11:22:41 #16 type] 
Type domain.Mugimendua is not enhanced.

[2025-05-12 11:22:41 #17 type.registry] 
New type domain.MugimenduMota

[2025-05-12 11:22:41 #18 type] 
Type domain.Car is not enhanced.

[2025-05-12 11:22:41 #19 type] 
Type domain.Ride is not enhanced.

[2025-05-12 11:22:41 #20 type.registry] 
New type domain.Geldialdia

[2025-05-12 11:22:41 #21 type.registry] 
New type domain.RideEgoera

[2025-05-12 11:22:41 #22 type] 
Type domain.Mezua is not enhanced.

[2025-05-12 11:22:41 #23 type] 
Type domain.Erreserba is not enhanced.

[2025-05-12 11:22:41 #24 type.registry] 
New type domain.Traveler

[2025-05-12 11:22:41 #25 type.registry] 
New type domain.ErreserbaEgoera

[2025-05-12 11:22:41 #26 type] 
Type domain.Geldialdia is not enhanced.

[2025-05-12 11:22:41 #27 type] 
Type domain.Traveler is not enhanced.

[2025-05-12 11:22:41 #28 type.registry] 
New type domain.Alerta

[2025-05-12 11:22:41 #29 type] 
Type domain.Alerta is not enhanced.

[2025-05-12 11:22:41 #30 type.registry] 
New type domain.AlertaEgoera

[2025-05-12 11:22:41 #31 type.registry] 
New type java.util.Vector<java.lang.Object>

[2025-05-12 11:22:41 #32 type.registry] 
New type java.util.LinkedList<java.lang.Object>

[2025-05-12 11:22:41 #33 type.registry] 
New type java.util.Vector<domain.Mugimendua>

[2025-05-12 11:22:41 #34 type.registry] 
New type java.util.Vector<domain.Balorazioa>

[2025-05-12 11:22:41 #35 type.registry] 
New type java.util.Vector<domain.Erreklamazioa>

[2025-05-12 11:22:41 #36 type.registry] 
New type java.util.Vector<domain.Ride>

[2025-05-12 11:22:41 #37 type.registry] 
New type java.util.Vector<domain.Car>

[2025-05-12 11:22:41 #38 type.registry] 
New type java.util.Vector<domain.Erreserba>

[2025-05-12 11:22:41 #39 type.registry] 
New type java.util.Vector<domain.Alerta>

[2025-05-12 11:22:41 #40 type.registry] 
New type java.util.LinkedList<domain.Geldialdia>

------------------------------------------------------------------------------------------------------------------------

[2025-05-12 11:23:33 #1 store] 
Database 'C:\Users\egoit\git\Rides25\src\main\resources\rides.temp' is opened by 9276@LAPTOP-2PN1U6VU

[2025-05-12 11:23:33 #2 type.registry] 
New type domain.User

[2025-05-12 11:23:33 #3 type.registry] 
New type domain.Driver

[2025-05-12 11:23:33 #4 type] 
Type domain.User is not enhanced.

[2025-05-12 11:23:33 #5 type.registry] 
New type domain.Erreklamazioa

[2025-05-12 11:23:33 #6 type.registry] 
New type domain.Balorazioa

[2025-05-12 11:23:33 #7 type.registry] 
New type domain.Mugimendua

[2025-05-12 11:23:33 #8 type] 
Type domain.Driver is not enhanced.

[2025-05-12 11:23:33 #9 type.registry] 
New type domain.Car

[2025-05-12 11:23:33 #10 type.registry] 
New type domain.Ride

[2025-05-12 11:23:33 #11 type] 
Type domain.Erreklamazioa is not enhanced.

[2025-05-12 11:23:33 #12 type.registry] 
New type domain.Mezua

[2025-05-12 11:23:33 #13 type.registry] 
New type domain.ErreklamazioaEgoera

[2025-05-12 11:23:33 #14 type] 
Type domain.Balorazioa is not enhanced.

[2025-05-12 11:23:33 #15 type.registry] 
New type domain.Erreserba

[2025-05-12 11:23:33 #16 type] 
Type domain.Mugimendua is not enhanced.

[2025-05-12 11:23:33 #17 type.registry] 
New type domain.MugimenduMota

[2025-05-12 11:23:33 #18 type] 
Type domain.Car is not enhanced.

[2025-05-12 11:23:33 #19 type] 
Type domain.Ride is not enhanced.

[2025-05-12 11:23:33 #20 type.registry] 
New type domain.Geldialdia

[2025-05-12 11:23:33 #21 type.registry] 
New type domain.RideEgoera

[2025-05-12 11:23:33 #22 type] 
Type domain.Mezua is not enhanced.

[2025-05-12 11:23:33 #23 type] 
Type domain.Erreserba is not enhanced.

[2025-05-12 11:23:33 #24 type.registry] 
New type domain.Traveler

[2025-05-12 11:23:33 #25 type.registry] 
New type domain.ErreserbaEgoera

[2025-05-12 11:23:33 #26 type] 
Type domain.Geldialdia is not enhanced.

[2025-05-12 11:23:33 #27 type] 
Type domain.Traveler is not enhanced.

[2025-05-12 11:23:33 #28 type.registry] 
New type domain.Alerta

[2025-05-12 11:23:33 #29 type] 
Type domain.Alerta is not enhanced.

[2025-05-12 11:23:33 #30 type.registry] 
New type domain.AlertaEgoera

[2025-05-12 11:23:33 #31 type.registry] 
New type java.util.Vector<java.lang.Object>

[2025-05-12 11:23:33 #32 type.registry] 
New type java.util.LinkedList<java.lang.Object>

[2025-05-12 11:23:33 #33 type.registry] 
New type java.util.Vector<domain.Mugimendua>

[2025-05-12 11:23:33 #34 type.registry] 
New type java.util.Vector<domain.Balorazioa>

[2025-05-12 11:23:33 #35 type.registry] 
New type java.util.Vector<domain.Erreklamazioa>

[2025-05-12 11:23:33 #36 type.registry] 
New type java.util.Vector<domain.Ride>

[2025-05-12 11:23:33 #37 type.registry] 
New type java.util.Vector<domain.Car>

[2025-05-12 11:23:33 #38 type.registry] 
New type java.util.Vector<domain.Erreserba>

[2025-05-12 11:23:33 #39 type.registry] 
New type java.util.Vector<domain.Alerta>

[2025-05-12 11:23:33 #40 type.registry] 
New type java.util.LinkedList<domain.Geldialdia>

[2025-05-12 11:24:33 #41 type.registry] 
New type java.util.ArrayList<java.lang.Object>

[2025-05-12 11:24:33 #42 type.registry] 
New type java.util.ArrayList<domain.Geldialdia>

[2025-05-12 11:24:54 #43 type.registry] 
New type java.util.Vector<domain.Mezua>

------------------------------------------------------------------------------------------------------------------------

[2025-05-12 11:31:34 #1 store] 
Database 'C:\Users\egoit\git\Rides25\src\main\resources\rides.temp' is opened by 12328@LAPTOP-2PN1U6VU

[2025-05-12 11:31:35 #2 type.registry] 
New type domain.User

[2025-05-12 11:31:35 #3 type.registry] 
New type domain.Driver

[2025-05-12 11:31:35 #4 type] 
Type domain.User is not enhanced.

[2025-05-12 11:31:35 #5 type.registry] 
New type domain.Erreklamazioa

[2025-05-12 11:31:35 #6 type.registry] 
New type domain.Balorazioa

[2025-05-12 11:31:35 #7 type.registry] 
New type domain.Mugimendua

[2025-05-12 11:31:35 #8 type] 
Type domain.Driver is not enhanced.

[2025-05-12 11:31:35 #9 type.registry] 
New type domain.Car

[2025-05-12 11:31:35 #10 type.registry] 
New type domain.Ride

[2025-05-12 11:31:35 #11 type] 
Type domain.Erreklamazioa is not enhanced.

[2025-05-12 11:31:35 #12 type.registry] 
New type domain.Mezua

[2025-05-12 11:31:35 #13 type.registry] 
New type domain.ErreklamazioaEgoera

[2025-05-12 11:31:35 #14 type] 
Type domain.Balorazioa is not enhanced.

[2025-05-12 11:31:35 #15 type.registry] 
New type domain.Erreserba

[2025-05-12 11:31:35 #16 type] 
Type domain.Mugimendua is not enhanced.

[2025-05-12 11:31:35 #17 type.registry] 
New type domain.MugimenduMota

[2025-05-12 11:31:35 #18 type] 
Type domain.Car is not enhanced.

[2025-05-12 11:31:35 #19 type] 
Type domain.Ride is not enhanced.

[2025-05-12 11:31:35 #20 type.registry] 
New type domain.Geldialdia

[2025-05-12 11:31:35 #21 type.registry] 
New type domain.RideEgoera

[2025-05-12 11:31:35 #22 type] 
Type domain.Mezua is not enhanced.

[2025-05-12 11:31:35 #23 type] 
Type domain.Erreserba is not enhanced.

[2025-05-12 11:31:35 #24 type.registry] 
New type domain.Traveler

[2025-05-12 11:31:35 #25 type.registry] 
New type domain.ErreserbaEgoera

[2025-05-12 11:31:35 #26 type] 
Type domain.Geldialdia is not enhanced.

[2025-05-12 11:31:35 #27 type] 
Type domain.Traveler is not enhanced.

[2025-05-12 11:31:35 #28 type.registry] 
New type domain.Alerta

[2025-05-12 11:31:35 #29 type] 
Type domain.Alerta is not enhanced.

[2025-05-12 11:31:35 #30 type.registry] 
New type domain.AlertaEgoera

[2025-05-12 11:31:35 #31 type.registry] 
New type java.util.Vector<java.lang.Object>

[2025-05-12 11:31:35 #32 type.registry] 
New type java.util.LinkedList<java.lang.Object>

[2025-05-12 11:31:35 #33 type.registry] 
New type java.util.Vector<domain.Mugimendua>

[2025-05-12 11:31:35 #34 type.registry] 
New type java.util.Vector<domain.Balorazioa>

[2025-05-12 11:31:35 #35 type.registry] 
New type java.util.Vector<domain.Erreklamazioa>

[2025-05-12 11:31:35 #36 type.registry] 
New type java.util.Vector<domain.Ride>

[2025-05-12 11:31:35 #37 type.registry] 
New type java.util.Vector<domain.Car>

[2025-05-12 11:31:35 #38 type.registry] 
New type java.util.Vector<domain.Erreserba>

[2025-05-12 11:31:35 #39 type.registry] 
New type java.util.Vector<domain.Alerta>

[2025-05-12 11:31:35 #40 type.registry] 
New type java.util.LinkedList<domain.Geldialdia>

------------------------------------------------------------------------------------------------------------------------

[2025-05-12 11:32:22 #1 store] 
Database 'C:\Users\egoit\git\Rides25\src\main\resources\rides.temp' is opened by 4428@LAPTOP-2PN1U6VU

[2025-05-12 11:32:23 #2 type.registry] 
New type domain.User

[2025-05-12 11:32:23 #3 type.registry] 
New type domain.Driver

[2025-05-12 11:32:23 #4 type] 
Type domain.User is not enhanced.

[2025-05-12 11:32:23 #5 type.registry] 
New type domain.Erreklamazioa

[2025-05-12 11:32:23 #6 type.registry] 
New type domain.Balorazioa

[2025-05-12 11:32:23 #7 type.registry] 
New type domain.Mugimendua

[2025-05-12 11:32:23 #8 type] 
Type domain.Driver is not enhanced.

[2025-05-12 11:32:23 #9 type.registry] 
New type domain.Car

[2025-05-12 11:32:23 #10 type.registry] 
New type domain.Ride

[2025-05-12 11:32:23 #11 type] 
Type domain.Erreklamazioa is not enhanced.

[2025-05-12 11:32:23 #12 type.registry] 
New type domain.Mezua

[2025-05-12 11:32:23 #13 type.registry] 
New type domain.ErreklamazioaEgoera

[2025-05-12 11:32:23 #14 type] 
Type domain.Balorazioa is not enhanced.

[2025-05-12 11:32:23 #15 type.registry] 
New type domain.Erreserba

[2025-05-12 11:32:23 #16 type] 
Type domain.Mugimendua is not enhanced.

[2025-05-12 11:32:23 #17 type.registry] 
New type domain.MugimenduMota

[2025-05-12 11:32:23 #18 type] 
Type domain.Car is not enhanced.

[2025-05-12 11:32:23 #19 type] 
Type domain.Ride is not enhanced.

[2025-05-12 11:32:23 #20 type.registry] 
New type domain.Geldialdia

[2025-05-12 11:32:23 #21 type.registry] 
New type domain.RideEgoera

[2025-05-12 11:32:23 #22 type] 
Type domain.Mezua is not enhanced.

[2025-05-12 11:32:23 #23 type] 
Type domain.Erreserba is not enhanced.

[2025-05-12 11:32:23 #24 type.registry] 
New type domain.Traveler

[2025-05-12 11:32:23 #25 type.registry] 
New type domain.ErreserbaEgoera

[2025-05-12 11:32:23 #26 type] 
Type domain.Geldialdia is not enhanced.

[2025-05-12 11:32:23 #27 type] 
Type domain.Traveler is not enhanced.

[2025-05-12 11:32:23 #28 type.registry] 
New type domain.Alerta

[2025-05-12 11:32:23 #29 type] 
Type domain.Alerta is not enhanced.

[2025-05-12 11:32:23 #30 type.registry] 
New type domain.AlertaEgoera

[2025-05-12 11:32:23 #31 type.registry] 
New type java.util.Vector<java.lang.Object>

[2025-05-12 11:32:23 #32 type.registry] 
New type java.util.LinkedList<java.lang.Object>

[2025-05-12 11:32:23 #33 type.registry] 
New type java.util.Vector<domain.Mugimendua>

[2025-05-12 11:32:23 #34 type.registry] 
New type java.util.Vector<domain.Balorazioa>

[2025-05-12 11:32:23 #35 type.registry] 
New type java.util.Vector<domain.Erreklamazioa>

[2025-05-12 11:32:23 #36 type.registry] 
New type java.util.Vector<domain.Ride>

[2025-05-12 11:32:23 #37 type.registry] 
New type java.util.Vector<domain.Car>

[2025-05-12 11:32:23 #38 type.registry] 
New type java.util.Vector<domain.Erreserba>

[2025-05-12 11:32:23 #39 type.registry] 
New type java.util.Vector<domain.Alerta>

[2025-05-12 11:32:23 #40 type.registry] 
New type java.util.LinkedList<domain.Geldialdia>

[2025-05-12 11:32:40 #41 type.registry] 
New type java.util.Vector<domain.Mezua>

------------------------------------------------------------------------------------------------------------------------

[2025-05-12 11:34:49 #1 store] 
Database 'C:\Users\egoit\git\Rides25\src\main\resources\rides.temp' is opened by 12468@LAPTOP-2PN1U6VU

[2025-05-12 11:34:49 #2 type.registry] 
New type domain.User

[2025-05-12 11:34:49 #3 type.registry] 
New type domain.Driver

[2025-05-12 11:34:49 #4 type] 
Type domain.User is not enhanced.

[2025-05-12 11:34:50 #5 type.registry] 
New type domain.Erreklamazioa

[2025-05-12 11:34:50 #6 type.registry] 
New type domain.Balorazioa

[2025-05-12 11:34:50 #7 type.registry] 
New type domain.Mugimendua

[2025-05-12 11:34:50 #8 type] 
Type domain.Driver is not enhanced.

[2025-05-12 11:34:50 #9 type.registry] 
New type domain.Car

[2025-05-12 11:34:50 #10 type.registry] 
New type domain.Ride

[2025-05-12 11:34:50 #11 type] 
Type domain.Erreklamazioa is not enhanced.

[2025-05-12 11:34:50 #12 type.registry] 
New type domain.Mezua

[2025-05-12 11:34:50 #13 type.registry] 
New type domain.ErreklamazioaEgoera

[2025-05-12 11:34:50 #14 type] 
Type domain.Balorazioa is not enhanced.

[2025-05-12 11:34:50 #15 type.registry] 
New type domain.Erreserba

[2025-05-12 11:34:50 #16 type] 
Type domain.Mugimendua is not enhanced.

[2025-05-12 11:34:50 #17 type.registry] 
New type domain.MugimenduMota

[2025-05-12 11:34:50 #18 type] 
Type domain.Car is not enhanced.

[2025-05-12 11:34:50 #19 type] 
Type domain.Ride is not enhanced.

[2025-05-12 11:34:50 #20 type.registry] 
New type domain.Geldialdia

[2025-05-12 11:34:50 #21 type.registry] 
New type domain.RideEgoera

[2025-05-12 11:34:50 #22 type] 
Type domain.Mezua is not enhanced.

[2025-05-12 11:34:50 #23 type] 
Type domain.Erreserba is not enhanced.

[2025-05-12 11:34:50 #24 type.registry] 
New type domain.Traveler

[2025-05-12 11:34:50 #25 type.registry] 
New type domain.ErreserbaEgoera

[2025-05-12 11:34:50 #26 type] 
Type domain.Geldialdia is not enhanced.

[2025-05-12 11:34:50 #27 type] 
Type domain.Traveler is not enhanced.

[2025-05-12 11:34:50 #28 type.registry] 
New type domain.Alerta

[2025-05-12 11:34:50 #29 type] 
Type domain.Alerta is not enhanced.

[2025-05-12 11:34:50 #30 type.registry] 
New type domain.AlertaEgoera

[2025-05-12 11:34:50 #31 type.registry] 
New type java.util.Vector<java.lang.Object>

[2025-05-12 11:34:50 #32 type.registry] 
New type java.util.LinkedList<java.lang.Object>

[2025-05-12 11:34:50 #33 type.registry] 
New type java.util.Vector<domain.Mugimendua>

[2025-05-12 11:34:50 #34 type.registry] 
New type java.util.Vector<domain.Balorazioa>

[2025-05-12 11:34:50 #35 type.registry] 
New type java.util.Vector<domain.Erreklamazioa>

[2025-05-12 11:34:50 #36 type.registry] 
New type java.util.Vector<domain.Ride>

[2025-05-12 11:34:50 #37 type.registry] 
New type java.util.Vector<domain.Car>

[2025-05-12 11:34:50 #38 type.registry] 
New type java.util.Vector<domain.Erreserba>

[2025-05-12 11:34:50 #39 type.registry] 
New type java.util.Vector<domain.Alerta>

[2025-05-12 11:34:50 #40 type.registry] 
New type java.util.LinkedList<domain.Geldialdia>

[2025-05-12 11:38:20 #41 type.registry] 
New type java.util.Vector<domain.Mezua>

------------------------------------------------------------------------------------------------------------------------

[2025-05-12 14:13:03 #1 store] 
Database 'C:\Users\egoit\git\Rides25\src\main\resources\rides.temp' is opened by 8008@LAPTOP-2PN1U6VU

[2025-05-12 14:13:04 #2 type.registry] 
New type domain.User

[2025-05-12 14:13:04 #3 type.registry] 
New type domain.Driver

[2025-05-12 14:13:04 #4 type] 
Type domain.User is not enhanced.

[2025-05-12 14:13:04 #5 type.registry] 
New type domain.Erreklamazioa

[2025-05-12 14:13:04 #6 type.registry] 
New type domain.Balorazioa

[2025-05-12 14:13:04 #7 type.registry] 
New type domain.Mugimendua

[2025-05-12 14:13:04 #8 type] 
Type domain.Driver is not enhanced.

[2025-05-12 14:13:04 #9 type.registry] 
New type domain.Car

[2025-05-12 14:13:04 #10 type.registry] 
New type domain.Ride

[2025-05-12 14:13:04 #11 type] 
Type domain.Erreklamazioa is not enhanced.

[2025-05-12 14:13:04 #12 type.registry] 
New type domain.Mezua

[2025-05-12 14:13:04 #13 type.registry] 
New type domain.ErreklamazioaEgoera

[2025-05-12 14:13:04 #14 type] 
Type domain.Balorazioa is not enhanced.

[2025-05-12 14:13:04 #15 type.registry] 
New type domain.Erreserba

[2025-05-12 14:13:04 #16 type] 
Type domain.Mugimendua is not enhanced.

[2025-05-12 14:13:04 #17 type.registry] 
New type domain.MugimenduMota

[2025-05-12 14:13:04 #18 type] 
Type domain.Car is not enhanced.

[2025-05-12 14:13:04 #19 type] 
Type domain.Ride is not enhanced.

[2025-05-12 14:13:04 #20 type.registry] 
New type domain.Geldialdia

[2025-05-12 14:13:04 #21 type.registry] 
New type domain.RideEgoera

[2025-05-12 14:13:04 #22 type] 
Type domain.Mezua is not enhanced.

[2025-05-12 14:13:04 #23 type] 
Type domain.Erreserba is not enhanced.

[2025-05-12 14:13:04 #24 type.registry] 
New type domain.Traveler

[2025-05-12 14:13:04 #25 type.registry] 
New type domain.ErreserbaEgoera

[2025-05-12 14:13:04 #26 type] 
Type domain.Geldialdia is not enhanced.

[2025-05-12 14:13:04 #27 type] 
Type domain.Traveler is not enhanced.

[2025-05-12 14:13:04 #28 type.registry] 
New type domain.Alerta

[2025-05-12 14:13:04 #29 type] 
Type domain.Alerta is not enhanced.

[2025-05-12 14:13:04 #30 type.registry] 
New type domain.AlertaEgoera

[2025-05-12 14:13:04 #31 type.registry] 
New type java.util.Vector<java.lang.Object>

[2025-05-12 14:13:04 #32 type.registry] 
New type java.util.LinkedList<java.lang.Object>

[2025-05-12 14:13:04 #33 type.registry] 
New type java.util.Vector<domain.Mugimendua>

[2025-05-12 14:13:04 #34 type.registry] 
New type java.util.Vector<domain.Balorazioa>

[2025-05-12 14:13:04 #35 type.registry] 
New type java.util.Vector<domain.Erreklamazioa>

[2025-05-12 14:13:04 #36 type.registry] 
New type java.util.Vector<domain.Ride>

[2025-05-12 14:13:04 #37 type.registry] 
New type java.util.Vector<domain.Car>

[2025-05-12 14:13:04 #38 type.registry] 
New type java.util.Vector<domain.Erreserba>

[2025-05-12 14:13:04 #39 type.registry] 
New type java.util.Vector<domain.Alerta>

[2025-05-12 14:13:04 #40 type.registry] 
New type java.util.LinkedList<domain.Geldialdia>

------------------------------------------------------------------------------------------------------------------------

[2025-05-12 14:18:37 #1 store] 
Database 'C:\Users\egoit\git\Rides25\src\main\resources\rides.temp' is opened by 12204@LAPTOP-2PN1U6VU

[2025-05-12 14:18:38 #2 type.registry] 
New type domain.User

[2025-05-12 14:18:38 #3 type.registry] 
New type domain.Driver

[2025-05-12 14:18:38 #4 type] 
Type domain.User is not enhanced.

[2025-05-12 14:18:38 #5 type.registry] 
New type domain.Erreklamazioa

[2025-05-12 14:18:38 #6 type.registry] 
New type domain.Balorazioa

[2025-05-12 14:18:38 #7 type.registry] 
New type domain.Mugimendua

[2025-05-12 14:18:38 #8 type] 
Type domain.Driver is not enhanced.

[2025-05-12 14:18:38 #9 type.registry] 
New type domain.Car

[2025-05-12 14:18:38 #10 type.registry] 
New type domain.Ride

[2025-05-12 14:18:38 #11 type] 
Type domain.Erreklamazioa is not enhanced.

[2025-05-12 14:18:38 #12 type.registry] 
New type domain.Mezua

[2025-05-12 14:18:38 #13 type.registry] 
New type domain.ErreklamazioaEgoera

[2025-05-12 14:18:38 #14 type] 
Type domain.Balorazioa is not enhanced.

[2025-05-12 14:18:38 #15 type.registry] 
New type domain.Erreserba

[2025-05-12 14:18:38 #16 type] 
Type domain.Mugimendua is not enhanced.

[2025-05-12 14:18:38 #17 type.registry] 
New type domain.MugimenduMota

[2025-05-12 14:18:38 #18 type] 
Type domain.Car is not enhanced.

[2025-05-12 14:18:38 #19 type] 
Type domain.Ride is not enhanced.

[2025-05-12 14:18:38 #20 type.registry] 
New type domain.Geldialdia

[2025-05-12 14:18:38 #21 type.registry] 
New type domain.RideEgoera

[2025-05-12 14:18:38 #22 type] 
Type domain.Mezua is not enhanced.

[2025-05-12 14:18:38 #23 type] 
Type domain.Erreserba is not enhanced.

[2025-05-12 14:18:38 #24 type.registry] 
New type domain.Traveler

[2025-05-12 14:18:38 #25 type.registry] 
New type domain.ErreserbaEgoera

[2025-05-12 14:18:38 #26 type] 
Type domain.Geldialdia is not enhanced.

[2025-05-12 14:18:38 #27 type] 
Type domain.Traveler is not enhanced.

[2025-05-12 14:18:38 #28 type.registry] 
New type domain.Alerta

[2025-05-12 14:18:38 #29 type] 
Type domain.Alerta is not enhanced.

[2025-05-12 14:18:38 #30 type.registry] 
New type domain.AlertaEgoera

[2025-05-12 14:18:38 #31 type.registry] 
New type java.util.Vector<java.lang.Object>

[2025-05-12 14:18:38 #32 type.registry] 
New type java.util.LinkedList<java.lang.Object>

[2025-05-12 14:18:38 #33 type.registry] 
New type java.util.Vector<domain.Mugimendua>

[2025-05-12 14:18:38 #34 type.registry] 
New type java.util.Vector<domain.Balorazioa>

[2025-05-12 14:18:38 #35 type.registry] 
New type java.util.Vector<domain.Erreklamazioa>

[2025-05-12 14:18:38 #36 type.registry] 
New type java.util.Vector<domain.Ride>

[2025-05-12 14:18:38 #37 type.registry] 
New type java.util.Vector<domain.Car>

[2025-05-12 14:18:38 #38 type.registry] 
New type java.util.Vector<domain.Erreserba>

[2025-05-12 14:18:38 #39 type.registry] 
New type java.util.Vector<domain.Alerta>

[2025-05-12 14:18:38 #40 type.registry] 
New type java.util.LinkedList<domain.Geldialdia>

------------------------------------------------------------------------------------------------------------------------

[2025-05-12 18:30:26 #1 store] 
Database 'C:\Users\egoit\git\Rides25\src\main\resources\rides.temp' is opened by 6260@LAPTOP-2PN1U6VU

[2025-05-12 18:30:26 #2 type.registry] 
New type domain.User

[2025-05-12 18:30:26 #3 type.registry] 
New type domain.Driver

[2025-05-12 18:30:26 #4 type] 
Type domain.User is not enhanced.

[2025-05-12 18:30:26 #5 type.registry] 
New type domain.Erreklamazioa

[2025-05-12 18:30:26 #6 type.registry] 
New type domain.Balorazioa

[2025-05-12 18:30:26 #7 type.registry] 
New type domain.Mugimendua

[2025-05-12 18:30:26 #8 type] 
Type domain.Driver is not enhanced.

[2025-05-12 18:30:26 #9 type.registry] 
New type domain.Car

[2025-05-12 18:30:26 #10 type.registry] 
New type domain.Ride

[2025-05-12 18:30:26 #11 type] 
Type domain.Erreklamazioa is not enhanced.

[2025-05-12 18:30:26 #12 type.registry] 
New type domain.Mezua

[2025-05-12 18:30:26 #13 type.registry] 
New type domain.ErreklamazioaEgoera

[2025-05-12 18:30:26 #14 type] 
Type domain.Balorazioa is not enhanced.

[2025-05-12 18:30:26 #15 type.registry] 
New type domain.Erreserba

[2025-05-12 18:30:26 #16 type] 
Type domain.Mugimendua is not enhanced.

[2025-05-12 18:30:26 #17 type.registry] 
New type domain.MugimenduMota

[2025-05-12 18:30:26 #18 type] 
Type domain.Car is not enhanced.

[2025-05-12 18:30:26 #19 type] 
Type domain.Ride is not enhanced.

[2025-05-12 18:30:26 #20 type.registry] 
New type domain.Geldialdia

[2025-05-12 18:30:26 #21 type.registry] 
New type domain.RideEgoera

[2025-05-12 18:30:26 #22 type] 
Type domain.Mezua is not enhanced.

[2025-05-12 18:30:26 #23 type] 
Type domain.Erreserba is not enhanced.

[2025-05-12 18:30:26 #24 type.registry] 
New type domain.Traveler

[2025-05-12 18:30:26 #25 type.registry] 
New type domain.ErreserbaEgoera

[2025-05-12 18:30:26 #26 type] 
Type domain.Geldialdia is not enhanced.

[2025-05-12 18:30:26 #27 type] 
Type domain.Traveler is not enhanced.

[2025-05-12 18:30:26 #28 type.registry] 
New type domain.Alerta

[2025-05-12 18:30:26 #29 type] 
Type domain.Alerta is not enhanced.

[2025-05-12 18:30:26 #30 type.registry] 
New type domain.AlertaEgoera

[2025-05-12 18:30:26 #31 type.registry] 
New type java.util.Vector<java.lang.Object>

[2025-05-12 18:30:26 #32 type.registry] 
New type java.util.LinkedList<java.lang.Object>

[2025-05-12 18:30:26 #33 type.registry] 
New type java.util.Vector<domain.Mugimendua>

[2025-05-12 18:30:26 #34 type.registry] 
New type java.util.Vector<domain.Balorazioa>

[2025-05-12 18:30:26 #35 type.registry] 
New type java.util.Vector<domain.Erreklamazioa>

[2025-05-12 18:30:26 #36 type.registry] 
New type java.util.Vector<domain.Ride>

[2025-05-12 18:30:26 #37 type.registry] 
New type java.util.Vector<domain.Car>

[2025-05-12 18:30:26 #38 type.registry] 
New type java.util.Vector<domain.Erreserba>

[2025-05-12 18:30:26 #39 type.registry] 
New type java.util.Vector<domain.Alerta>

[2025-05-12 18:30:26 #40 type.registry] 
New type java.util.LinkedList<domain.Geldialdia>

[2025-05-12 18:31:54 #41 type.registry] 
New type java.util.ArrayList<java.lang.Object>

[2025-05-12 18:31:54 #42 type.registry] 
New type java.util.ArrayList<domain.Geldialdia>

------------------------------------------------------------------------------------------------------------------------

[2025-05-12 18:32:22 #1 store] 
Database 'C:\Users\egoit\git\Rides25\src\main\resources\rides.temp' is opened by 11276@LAPTOP-2PN1U6VU

[2025-05-12 18:32:22 #2 type.registry] 
New type domain.User

[2025-05-12 18:32:22 #3 type.registry] 
New type domain.Driver

[2025-05-12 18:32:22 #4 type] 
Type domain.User is not enhanced.

[2025-05-12 18:32:22 #5 type.registry] 
New type domain.Erreklamazioa

[2025-05-12 18:32:22 #6 type.registry] 
New type domain.Balorazioa

[2025-05-12 18:32:22 #7 type.registry] 
New type domain.Mugimendua

[2025-05-12 18:32:22 #8 type] 
Type domain.Driver is not enhanced.

[2025-05-12 18:32:22 #9 type.registry] 
New type domain.Car

[2025-05-12 18:32:22 #10 type.registry] 
New type domain.Ride

[2025-05-12 18:32:22 #11 type] 
Type domain.Erreklamazioa is not enhanced.

[2025-05-12 18:32:22 #12 type.registry] 
New type domain.Mezua

[2025-05-12 18:32:22 #13 type.registry] 
New type domain.ErreklamazioaEgoera

[2025-05-12 18:32:22 #14 type] 
Type domain.Balorazioa is not enhanced.

[2025-05-12 18:32:22 #15 type.registry] 
New type domain.Erreserba

[2025-05-12 18:32:22 #16 type] 
Type domain.Mugimendua is not enhanced.

[2025-05-12 18:32:22 #17 type.registry] 
New type domain.MugimenduMota

[2025-05-12 18:32:22 #18 type] 
Type domain.Car is not enhanced.

[2025-05-12 18:32:22 #19 type] 
Type domain.Ride is not enhanced.

[2025-05-12 18:32:22 #20 type.registry] 
New type domain.Geldialdia

[2025-05-12 18:32:22 #21 type.registry] 
New type domain.RideEgoera

[2025-05-12 18:32:22 #22 type] 
Type domain.Mezua is not enhanced.

[2025-05-12 18:32:22 #23 type] 
Type domain.Erreserba is not enhanced.

[2025-05-12 18:32:22 #24 type.registry] 
New type domain.Traveler

[2025-05-12 18:32:23 #25 type.registry] 
New type domain.ErreserbaEgoera

[2025-05-12 18:32:23 #26 type] 
Type domain.Geldialdia is not enhanced.

[2025-05-12 18:32:23 #27 type] 
Type domain.Traveler is not enhanced.

[2025-05-12 18:32:23 #28 type.registry] 
New type domain.Alerta

[2025-05-12 18:32:23 #29 type] 
Type domain.Alerta is not enhanced.

[2025-05-12 18:32:23 #30 type.registry] 
New type domain.AlertaEgoera

[2025-05-12 18:32:23 #31 type.registry] 
New type java.util.Vector<java.lang.Object>

[2025-05-12 18:32:23 #32 type.registry] 
New type java.util.LinkedList<java.lang.Object>

[2025-05-12 18:32:23 #33 type.registry] 
New type java.util.Vector<domain.Mugimendua>

[2025-05-12 18:32:23 #34 type.registry] 
New type java.util.Vector<domain.Balorazioa>

[2025-05-12 18:32:23 #35 type.registry] 
New type java.util.Vector<domain.Erreklamazioa>

[2025-05-12 18:32:23 #36 type.registry] 
New type java.util.Vector<domain.Ride>

[2025-05-12 18:32:23 #37 type.registry] 
New type java.util.Vector<domain.Car>

[2025-05-12 18:32:23 #38 type.registry] 
New type java.util.Vector<domain.Erreserba>

[2025-05-12 18:32:23 #39 type.registry] 
New type java.util.Vector<domain.Alerta>

[2025-05-12 18:32:23 #40 type.registry] 
New type java.util.LinkedList<domain.Geldialdia>

[2025-05-12 18:34:49 #41 type.registry] 
New type java.util.ArrayList<java.lang.Object>

[2025-05-12 18:34:49 #42 type.registry] 
New type java.util.ArrayList<domain.Geldialdia>

[2025-05-12 18:36:51 #43 type.registry] 
New type java.util.Vector<domain.Mezua>

------------------------------------------------------------------------------------------------------------------------

[2025-05-12 20:56:36 #1 store] 
Database 'C:\Users\egoit\git\Rides25\src\main\resources\rides.temp' is opened by 6972@LAPTOP-2PN1U6VU

[2025-05-12 20:56:37 #2 type.registry] 
New type domain.User

[2025-05-12 20:56:37 #3 type.registry] 
New type domain.Driver

[2025-05-12 20:56:37 #4 type] 
Type domain.User is not enhanced.

[2025-05-12 20:56:37 #5 type.registry] 
New type domain.Erreklamazioa

[2025-05-12 20:56:37 #6 type.registry] 
New type domain.Balorazioa

[2025-05-12 20:56:37 #7 type.registry] 
New type domain.Mugimendua

[2025-05-12 20:56:37 #8 type] 
Type domain.Driver is not enhanced.

[2025-05-12 20:56:37 #9 type.registry] 
New type domain.Car

[2025-05-12 20:56:37 #10 type.registry] 
New type domain.Ride

[2025-05-12 20:56:37 #11 type] 
Type domain.Erreklamazioa is not enhanced.

[2025-05-12 20:56:37 #12 type.registry] 
New type domain.Mezua

[2025-05-12 20:56:37 #13 type.registry] 
New type domain.ErreklamazioaEgoera

[2025-05-12 20:56:37 #14 type] 
Type domain.Balorazioa is not enhanced.

[2025-05-12 20:56:37 #15 type.registry] 
New type domain.Erreserba

[2025-05-12 20:56:37 #16 type] 
Type domain.Mugimendua is not enhanced.

[2025-05-12 20:56:37 #17 type.registry] 
New type domain.MugimenduMota

[2025-05-12 20:56:37 #18 type] 
Type domain.Car is not enhanced.

[2025-05-12 20:56:37 #19 type] 
Type domain.Ride is not enhanced.

[2025-05-12 20:56:37 #20 type.registry] 
New type domain.Geldialdia

[2025-05-12 20:56:37 #21 type.registry] 
New type domain.RideEgoera

[2025-05-12 20:56:37 #22 type] 
Type domain.Mezua is not enhanced.

[2025-05-12 20:56:37 #23 type] 
Type domain.Erreserba is not enhanced.

[2025-05-12 20:56:37 #24 type.registry] 
New type domain.Traveler

[2025-05-12 20:56:37 #25 type.registry] 
New type domain.ErreserbaEgoera

[2025-05-12 20:56:37 #26 type] 
Type domain.Geldialdia is not enhanced.

[2025-05-12 20:56:37 #27 type] 
Type domain.Traveler is not enhanced.

[2025-05-12 20:56:37 #28 type.registry] 
New type domain.Alerta

[2025-05-12 20:56:37 #29 type] 
Type domain.Alerta is not enhanced.

[2025-05-12 20:56:37 #30 type.registry] 
New type domain.AlertaEgoera

[2025-05-12 20:56:38 #31 type.registry] 
New type java.util.Vector<java.lang.Object>

[2025-05-12 20:56:38 #32 type.registry] 
New type java.util.LinkedList<java.lang.Object>

[2025-05-12 20:56:38 #33 type.registry] 
New type java.util.Vector<domain.Mugimendua>

[2025-05-12 20:56:38 #34 type.registry] 
New type java.util.Vector<domain.Balorazioa>

[2025-05-12 20:56:38 #35 type.registry] 
New type java.util.Vector<domain.Erreklamazioa>

[2025-05-12 20:56:38 #36 type.registry] 
New type java.util.Vector<domain.Ride>

[2025-05-12 20:56:38 #37 type.registry] 
New type java.util.Vector<domain.Car>

[2025-05-12 20:56:38 #38 type.registry] 
New type java.util.Vector<domain.Erreserba>

[2025-05-12 20:56:38 #39 type.registry] 
New type java.util.Vector<domain.Alerta>

[2025-05-12 20:56:38 #40 type.registry] 
New type java.util.LinkedList<domain.Geldialdia>

------------------------------------------------------------------------------------------------------------------------

[2025-05-12 21:00:17 #1 store] 
Database 'C:\Users\egoit\git\Rides25\src\main\resources\rides.temp' is opened by 152@LAPTOP-2PN1U6VU

[2025-05-12 21:00:18 #2 type.registry] 
New type domain.User

[2025-05-12 21:00:18 #3 type.registry] 
New type domain.Driver

[2025-05-12 21:00:18 #4 type] 
Type domain.User is not enhanced.

[2025-05-12 21:00:18 #5 type.registry] 
New type domain.Erreklamazioa

[2025-05-12 21:00:18 #6 type.registry] 
New type domain.Balorazioa

[2025-05-12 21:00:18 #7 type.registry] 
New type domain.Mugimendua

[2025-05-12 21:00:18 #8 type] 
Type domain.Driver is not enhanced.

[2025-05-12 21:00:18 #9 type.registry] 
New type domain.Car

[2025-05-12 21:00:18 #10 type.registry] 
New type domain.Ride

[2025-05-12 21:00:18 #11 type] 
Type domain.Erreklamazioa is not enhanced.

[2025-05-12 21:00:18 #12 type.registry] 
New type domain.Mezua

[2025-05-12 21:00:18 #13 type.registry] 
New type domain.ErreklamazioaEgoera

[2025-05-12 21:00:18 #14 type] 
Type domain.Balorazioa is not enhanced.

[2025-05-12 21:00:18 #15 type.registry] 
New type domain.Erreserba

[2025-05-12 21:00:18 #16 type] 
Type domain.Mugimendua is not enhanced.

[2025-05-12 21:00:18 #17 type.registry] 
New type domain.MugimenduMota

[2025-05-12 21:00:18 #18 type] 
Type domain.Car is not enhanced.

[2025-05-12 21:00:18 #19 type] 
Type domain.Ride is not enhanced.

[2025-05-12 21:00:18 #20 type.registry] 
New type domain.Geldialdia

[2025-05-12 21:00:18 #21 type.registry] 
New type domain.RideEgoera

[2025-05-12 21:00:18 #22 type] 
Type domain.Mezua is not enhanced.

[2025-05-12 21:00:18 #23 type] 
Type domain.Erreserba is not enhanced.

[2025-05-12 21:00:18 #24 type.registry] 
New type domain.Traveler

[2025-05-12 21:00:18 #25 type.registry] 
New type domain.ErreserbaEgoera

[2025-05-12 21:00:18 #26 type] 
Type domain.Geldialdia is not enhanced.

[2025-05-12 21:00:18 #27 type] 
Type domain.Traveler is not enhanced.

[2025-05-12 21:00:18 #28 type.registry] 
New type domain.Alerta

[2025-05-12 21:00:18 #29 type] 
Type domain.Alerta is not enhanced.

[2025-05-12 21:00:18 #30 type.registry] 
New type domain.AlertaEgoera

[2025-05-12 21:00:18 #31 type.registry] 
New type java.util.Vector<java.lang.Object>

[2025-05-12 21:00:18 #32 type.registry] 
New type java.util.LinkedList<java.lang.Object>

[2025-05-12 21:00:18 #33 type.registry] 
New type java.util.Vector<domain.Mugimendua>

[2025-05-12 21:00:18 #34 type.registry] 
New type java.util.Vector<domain.Balorazioa>

[2025-05-12 21:00:18 #35 type.registry] 
New type java.util.Vector<domain.Erreklamazioa>

[2025-05-12 21:00:18 #36 type.registry] 
New type java.util.Vector<domain.Ride>

[2025-05-12 21:00:18 #37 type.registry] 
New type java.util.Vector<domain.Car>

[2025-05-12 21:00:18 #38 type.registry] 
New type java.util.Vector<domain.Erreserba>

[2025-05-12 21:00:18 #39 type.registry] 
New type java.util.Vector<domain.Alerta>

[2025-05-12 21:00:18 #40 type.registry] 
New type java.util.LinkedList<domain.Geldialdia>

------------------------------------------------------------------------------------------------------------------------

[2025-05-12 21:02:43 #1 store] 
Database 'C:\Users\egoit\git\Rides25\src\main\resources\rides.temp' is opened by 16272@LAPTOP-2PN1U6VU

[2025-05-12 21:02:43 #2 type.registry] 
New type domain.User

[2025-05-12 21:02:43 #3 type.registry] 
New type domain.Driver

[2025-05-12 21:02:43 #4 type] 
Type domain.User is not enhanced.

[2025-05-12 21:02:43 #5 type.registry] 
New type domain.Erreklamazioa

[2025-05-12 21:02:43 #6 type.registry] 
New type domain.Balorazioa

[2025-05-12 21:02:43 #7 type.registry] 
New type domain.Mugimendua

[2025-05-12 21:02:43 #8 type] 
Type domain.Driver is not enhanced.

[2025-05-12 21:02:43 #9 type.registry] 
New type domain.Car

[2025-05-12 21:02:43 #10 type.registry] 
New type domain.Ride

[2025-05-12 21:02:43 #11 type] 
Type domain.Erreklamazioa is not enhanced.

[2025-05-12 21:02:43 #12 type.registry] 
New type domain.Mezua

[2025-05-12 21:02:43 #13 type.registry] 
New type domain.ErreklamazioaEgoera

[2025-05-12 21:02:43 #14 type] 
Type domain.Balorazioa is not enhanced.

[2025-05-12 21:02:43 #15 type.registry] 
New type domain.Erreserba

[2025-05-12 21:02:43 #16 type] 
Type domain.Mugimendua is not enhanced.

[2025-05-12 21:02:43 #17 type.registry] 
New type domain.MugimenduMota

[2025-05-12 21:02:43 #18 type] 
Type domain.Car is not enhanced.

[2025-05-12 21:02:43 #19 type] 
Type domain.Ride is not enhanced.

[2025-05-12 21:02:43 #20 type.registry] 
New type domain.Geldialdia

[2025-05-12 21:02:43 #21 type.registry] 
New type domain.RideEgoera

[2025-05-12 21:02:43 #22 type] 
Type domain.Mezua is not enhanced.

[2025-05-12 21:02:43 #23 type] 
Type domain.Erreserba is not enhanced.

[2025-05-12 21:02:43 #24 type.registry] 
New type domain.Traveler

[2025-05-12 21:02:43 #25 type.registry] 
New type domain.ErreserbaEgoera

[2025-05-12 21:02:43 #26 type] 
Type domain.Geldialdia is not enhanced.

[2025-05-12 21:02:43 #27 type] 
Type domain.Traveler is not enhanced.

[2025-05-12 21:02:43 #28 type.registry] 
New type domain.Alerta

[2025-05-12 21:02:43 #29 type] 
Type domain.Alerta is not enhanced.

[2025-05-12 21:02:43 #30 type.registry] 
New type domain.AlertaEgoera

[2025-05-12 21:02:43 #31 type.registry] 
New type java.util.Vector<java.lang.Object>

[2025-05-12 21:02:43 #32 type.registry] 
New type java.util.LinkedList<java.lang.Object>

[2025-05-12 21:02:43 #33 type.registry] 
New type java.util.Vector<domain.Mugimendua>

[2025-05-12 21:02:43 #34 type.registry] 
New type java.util.Vector<domain.Balorazioa>

[2025-05-12 21:02:43 #35 type.registry] 
New type java.util.Vector<domain.Erreklamazioa>

[2025-05-12 21:02:43 #36 type.registry] 
New type java.util.Vector<domain.Ride>

[2025-05-12 21:02:43 #37 type.registry] 
New type java.util.Vector<domain.Car>

[2025-05-12 21:02:43 #38 type.registry] 
New type java.util.Vector<domain.Erreserba>

[2025-05-12 21:02:43 #39 type.registry] 
New type java.util.Vector<domain.Alerta>

[2025-05-12 21:02:43 #40 type.registry] 
New type java.util.LinkedList<domain.Geldialdia>

