------------------------------------------------------------------------------------------------------------------------

[2025-10-10 12:24:01 #1 store] 
Database 'C:\Users\ehu\git\Rides25\src\main\resources\rides.temp' has been recovered (tr. 1381-1581)

[2025-10-10 12:24:01 #2 store] 
Database 'C:\Users\ehu\git\Rides25\src\main\resources\rides.temp' is opened by 11336@U030159

[2025-10-10 12:24:01 #3 type] 
Type domain.User is not enhanced.

[2025-10-10 12:24:01 #4 type] 
Type domain.Driver is not enhanced.

[2025-10-10 12:24:01 #5 type] 
Type domain.Erreklamazioa is not enhanced.

[2025-10-10 12:24:01 #6 type] 
Type domain.Balorazioa is not enhanced.

[2025-10-10 12:24:01 #7 type] 
Type domain.Mugimendua is not enhanced.

[2025-10-10 12:24:01 #8 type] 
Type domain.Car is not enhanced.

[2025-10-10 12:24:01 #9 type] 
Type domain.Ride is not enhanced.

[2025-10-10 12:24:01 #10 type] 
Type domain.Mezua is not enhanced.

[2025-10-10 12:24:01 #11 type] 
Type domain.Erreserba is not enhanced.

[2025-10-10 12:24:01 #12 type] 
Type domain.Geldialdia is not enhanced.

[2025-10-10 12:24:01 #13 type] 
Type domain.Traveler is not enhanced.

[2025-10-10 12:24:01 #14 type] 
Type domain.Alerta is not enhanced.

------------------------------------------------------------------------------------------------------------------------

[2025-10-10 12:39:01 #1 store] 
Database 'C:\Users\ehu\git\Rides25\src\main\resources\rides.temp' has been recovered (tr. 1582-1782)

[2025-10-10 12:39:01 #2 store] 
Database 'C:\Users\ehu\git\Rides25\src\main\resources\rides.temp' is opened by 1708@U030159

[2025-10-10 12:39:01 #3 type] 
Type domain.User is not enhanced.

[2025-10-10 12:39:01 #4 type] 
Type domain.Driver is not enhanced.

[2025-10-10 12:39:01 #5 type] 
Type domain.Erreklamazioa is not enhanced.

[2025-10-10 12:39:01 #6 type] 
Type domain.Balorazioa is not enhanced.

[2025-10-10 12:39:01 #7 type] 
Type domain.Mugimendua is not enhanced.

[2025-10-10 12:39:01 #8 type] 
Type domain.Car is not enhanced.

[2025-10-10 12:39:01 #9 type] 
Type domain.Ride is not enhanced.

[2025-10-10 12:39:01 #10 type] 
Type domain.Mezua is not enhanced.

[2025-10-10 12:39:01 #11 type] 
Type domain.Erreserba is not enhanced.

[2025-10-10 12:39:01 #12 type] 
Type domain.Geldialdia is not enhanced.

[2025-10-10 12:39:01 #13 type] 
Type domain.Traveler is not enhanced.

[2025-10-10 12:39:01 #14 type] 
Type domain.Alerta is not enhanced.

------------------------------------------------------------------------------------------------------------------------

[2025-10-10 12:45:50 #1 store] 
Database 'C:\Users\ehu\git\Rides25\src\main\resources\rides.temp' has been recovered (tr. 1783-1983)

[2025-10-10 12:45:50 #2 store] 
Database 'C:\Users\ehu\git\Rides25\src\main\resources\rides.temp' is opened by 8108@U030159

[2025-10-10 12:45:50 #3 type] 
Type domain.User is not enhanced.

[2025-10-10 12:45:50 #4 type] 
Type domain.Driver is not enhanced.

[2025-10-10 12:45:50 #5 type] 
Type domain.Erreklamazioa is not enhanced.

[2025-10-10 12:45:50 #6 type] 
Type domain.Balorazioa is not enhanced.

[2025-10-10 12:45:50 #7 type] 
Type domain.Mugimendua is not enhanced.

[2025-10-10 12:45:50 #8 type] 
Type domain.Car is not enhanced.

[2025-10-10 12:45:50 #9 type] 
Type domain.Ride is not enhanced.

[2025-10-10 12:45:50 #10 type] 
Type domain.Mezua is not enhanced.

[2025-10-10 12:45:50 #11 type] 
Type domain.Erreserba is not enhanced.

[2025-10-10 12:45:50 #12 type] 
Type domain.Geldialdia is not enhanced.

[2025-10-10 12:45:50 #13 type] 
Type domain.Traveler is not enhanced.

[2025-10-10 12:45:50 #14 type] 
Type domain.Alerta is not enhanced.

------------------------------------------------------------------------------------------------------------------------

[2025-10-10 12:49:42 #1 store] 
Database 'C:\Users\ehu\git\Rides25\src\main\resources\rides.temp' has been recovered (tr. 1984-2184)

[2025-10-10 12:49:42 #2 store] 
Database 'C:\Users\ehu\git\Rides25\src\main\resources\rides.temp' is opened by 12008@U030159

[2025-10-10 12:49:42 #3 type] 
Type domain.User is not enhanced.

[2025-10-10 12:49:42 #4 type] 
Type domain.Driver is not enhanced.

[2025-10-10 12:49:42 #5 type] 
Type domain.Erreklamazioa is not enhanced.

[2025-10-10 12:49:42 #6 type] 
Type domain.Balorazioa is not enhanced.

[2025-10-10 12:49:42 #7 type] 
Type domain.Mugimendua is not enhanced.

[2025-10-10 12:49:42 #8 type] 
Type domain.Car is not enhanced.

[2025-10-10 12:49:42 #9 type] 
Type domain.Ride is not enhanced.

[2025-10-10 12:49:42 #10 type] 
Type domain.Mezua is not enhanced.

[2025-10-10 12:49:42 #11 type] 
Type domain.Erreserba is not enhanced.

[2025-10-10 12:49:42 #12 type] 
Type domain.Geldialdia is not enhanced.

[2025-10-10 12:49:42 #13 type] 
Type domain.Traveler is not enhanced.

[2025-10-10 12:49:42 #14 type] 
Type domain.Alerta is not enhanced.

------------------------------------------------------------------------------------------------------------------------

[2025-10-10 12:51:24 #1 store] 
Database 'C:\Users\ehu\git\Rides25\src\main\resources\rides.temp' has been recovered (tr. 2185-2299)

[2025-10-10 12:51:24 #2 store] 
Database 'C:\Users\ehu\git\Rides25\src\main\resources\rides.temp' is opened by 4716@U030159

[2025-10-10 12:51:24 #3 type] 
Type domain.User is not enhanced.

[2025-10-10 12:51:24 #4 type] 
Type domain.Driver is not enhanced.

[2025-10-10 12:51:24 #5 type] 
Type domain.Erreklamazioa is not enhanced.

[2025-10-10 12:51:24 #6 type] 
Type domain.Balorazioa is not enhanced.

[2025-10-10 12:51:24 #7 type] 
Type domain.Mugimendua is not enhanced.

[2025-10-10 12:51:24 #8 type] 
Type domain.Car is not enhanced.

[2025-10-10 12:51:24 #9 type] 
Type domain.Ride is not enhanced.

[2025-10-10 12:51:24 #10 type] 
Type domain.Mezua is not enhanced.

[2025-10-10 12:51:24 #11 type] 
Type domain.Erreserba is not enhanced.

[2025-10-10 12:51:24 #12 type] 
Type domain.Geldialdia is not enhanced.

[2025-10-10 12:51:24 #13 type] 
Type domain.Traveler is not enhanced.

[2025-10-10 12:51:24 #14 type] 
Type domain.Alerta is not enhanced.

