------------------------------------------------------------------------------------------------------------------------

[2025-10-09 18:12:24 #1 store] 
Database '/home/egoitz/git/Rides25/src/main/resources/rides.temp' has been recovered (tr. 1149-1179)

[2025-10-09 18:12:24 #2 store] 
Database '/home/egoitz/git/Rides25/src/main/resources/rides.temp' is opened by 490@fedora

[2025-10-09 18:12:24 #3 type] 
Type domain.User is not enhanced.

[2025-10-09 18:12:24 #4 type] 
Type domain.Driver is not enhanced.

[2025-10-09 18:12:24 #5 type] 
Type domain.Erreklamazioa is not enhanced.

[2025-10-09 18:12:24 #6 type] 
Type domain.Balorazioa is not enhanced.

[2025-10-09 18:12:24 #7 type] 
Type domain.Mugimendua is not enhanced.

[2025-10-09 18:12:24 #8 type] 
Type domain.Car is not enhanced.

[2025-10-09 18:12:24 #9 type] 
Type domain.Ride is not enhanced.

[2025-10-09 18:12:24 #10 type] 
Type domain.Mezua is not enhanced.

[2025-10-09 18:12:24 #11 type] 
Type domain.Erreserba is not enhanced.

[2025-10-09 18:12:24 #12 type] 
Type domain.Geldialdia is not enhanced.

[2025-10-09 18:12:24 #13 type] 
Type domain.Traveler is not enhanced.

[2025-10-09 18:12:24 #14 type] 
Type domain.Alerta is not enhanced.

------------------------------------------------------------------------------------------------------------------------

[2025-10-09 18:26:30 #1 store] 
Database '/home/egoitz/git/Rides25/src/main/resources/rides.temp' has been recovered (tr. 1180-1380)

[2025-10-09 18:26:30 #2 store] 
Database '/home/egoitz/git/Rides25/src/main/resources/rides.temp' is opened by 907@fedora

[2025-10-09 18:26:30 #3 type] 
Type domain.User is not enhanced.

[2025-10-09 18:26:30 #4 type] 
Type domain.Driver is not enhanced.

[2025-10-09 18:26:30 #5 type] 
Type domain.Erreklamazioa is not enhanced.

[2025-10-09 18:26:30 #6 type] 
Type domain.Balorazioa is not enhanced.

[2025-10-09 18:26:30 #7 type] 
Type domain.Mugimendua is not enhanced.

[2025-10-09 18:26:30 #8 type] 
Type domain.Car is not enhanced.

[2025-10-09 18:26:30 #9 type] 
Type domain.Ride is not enhanced.

[2025-10-09 18:26:30 #10 type] 
Type domain.Mezua is not enhanced.

[2025-10-09 18:26:30 #11 type] 
Type domain.Erreserba is not enhanced.

[2025-10-09 18:26:30 #12 type] 
Type domain.Geldialdia is not enhanced.

[2025-10-09 18:26:30 #13 type] 
Type domain.Traveler is not enhanced.

[2025-10-09 18:26:30 #14 type] 
Type domain.Alerta is not enhanced.

