------------------------------------------------------------------------------------------------------------------------

[2025-05-09 10:53:58 #1 store] 
Database 'C:\Users\egoit\git\Rides25\src\main\resources\rides.temp' is opened by 1568@LAPTOP-2PN1U6VU

[2025-05-09 10:53:58 #2 type] 
Type domain.User is not enhanced.

[2025-05-09 10:53:58 #3 type] 
Type domain.Driver is not enhanced.

[2025-05-09 10:53:58 #4 type] 
Type domain.Erreklamazioa is not enhanced.

[2025-05-09 10:53:58 #5 type] 
Type domain.Balorazioa is not enhanced.

[2025-05-09 10:53:58 #6 type] 
Type domain.Mugimendua is not enhanced.

[2025-05-09 10:53:58 #7 type] 
Type domain.Car is not enhanced.

[2025-05-09 10:53:58 #8 type] 
Type domain.Ride is not enhanced.

[2025-05-09 10:53:58 #9 type] 
Type domain.Mezua is not enhanced.

[2025-05-09 10:53:58 #10 type] 
Type domain.Erreserba is not enhanced.

[2025-05-09 10:53:58 #11 type] 
Type domain.Geldialdia is not enhanced.

[2025-05-09 10:53:58 #12 type] 
Type domain.Traveler is not enhanced.

[2025-05-09 10:53:58 #13 type] 
Type domain.Alerta is not enhanced.

------------------------------------------------------------------------------------------------------------------------

[2025-05-09 10:55:09 #1 store] 
Database 'C:\Users\egoit\git\Rides25\src\main\resources\rides.temp' is opened by 5692@LAPTOP-2PN1U6VU

[2025-05-09 10:55:09 #2 type] 
Type domain.User is not enhanced.

[2025-05-09 10:55:09 #3 type] 
Type domain.Driver is not enhanced.

[2025-05-09 10:55:09 #4 type] 
Type domain.Erreklamazioa is not enhanced.

[2025-05-09 10:55:09 #5 type] 
Type domain.Balorazioa is not enhanced.

[2025-05-09 10:55:09 #6 type] 
Type domain.Mugimendua is not enhanced.

[2025-05-09 10:55:09 #7 type] 
Type domain.Car is not enhanced.

[2025-05-09 10:55:09 #8 type] 
Type domain.Ride is not enhanced.

[2025-05-09 10:55:09 #9 type] 
Type domain.Mezua is not enhanced.

[2025-05-09 10:55:09 #10 type] 
Type domain.Erreserba is not enhanced.

[2025-05-09 10:55:09 #11 type] 
Type domain.Geldialdia is not enhanced.

[2025-05-09 10:55:09 #12 type] 
Type domain.Traveler is not enhanced.

[2025-05-09 10:55:09 #13 type] 
Type domain.Alerta is not enhanced.

------------------------------------------------------------------------------------------------------------------------

[2025-05-09 10:56:27 #1 store] 
Database 'C:\Users\egoit\git\Rides25\src\main\resources\rides.temp' is opened by 5316@LAPTOP-2PN1U6VU

[2025-05-09 10:56:27 #2 type] 
Type domain.User is not enhanced.

[2025-05-09 10:56:27 #3 type] 
Type domain.Driver is not enhanced.

[2025-05-09 10:56:27 #4 type] 
Type domain.Erreklamazioa is not enhanced.

[2025-05-09 10:56:27 #5 type] 
Type domain.Balorazioa is not enhanced.

[2025-05-09 10:56:27 #6 type] 
Type domain.Mugimendua is not enhanced.

[2025-05-09 10:56:27 #7 type] 
Type domain.Car is not enhanced.

[2025-05-09 10:56:28 #8 type] 
Type domain.Ride is not enhanced.

[2025-05-09 10:56:28 #9 type] 
Type domain.Mezua is not enhanced.

[2025-05-09 10:56:28 #10 type] 
Type domain.Erreserba is not enhanced.

[2025-05-09 10:56:28 #11 type] 
Type domain.Geldialdia is not enhanced.

[2025-05-09 10:56:28 #12 type] 
Type domain.Traveler is not enhanced.

[2025-05-09 10:56:28 #13 type] 
Type domain.Alerta is not enhanced.

------------------------------------------------------------------------------------------------------------------------

[2025-05-09 10:57:07 #1 store] 
Database 'C:\Users\egoit\git\Rides25\src\main\resources\rides.temp' is opened by 20196@LAPTOP-2PN1U6VU

[2025-05-09 10:57:08 #2 type] 
Type domain.User is not enhanced.

[2025-05-09 10:57:08 #3 type] 
Type domain.Driver is not enhanced.

[2025-05-09 10:57:08 #4 type] 
Type domain.Erreklamazioa is not enhanced.

[2025-05-09 10:57:08 #5 type] 
Type domain.Balorazioa is not enhanced.

[2025-05-09 10:57:08 #6 type] 
Type domain.Mugimendua is not enhanced.

[2025-05-09 10:57:08 #7 type] 
Type domain.Car is not enhanced.

[2025-05-09 10:57:08 #8 type] 
Type domain.Ride is not enhanced.

[2025-05-09 10:57:08 #9 type] 
Type domain.Mezua is not enhanced.

[2025-05-09 10:57:08 #10 type] 
Type domain.Erreserba is not enhanced.

[2025-05-09 10:57:08 #11 type] 
Type domain.Geldialdia is not enhanced.

[2025-05-09 10:57:08 #12 type] 
Type domain.Traveler is not enhanced.

[2025-05-09 10:57:08 #13 type] 
Type domain.Alerta is not enhanced.

------------------------------------------------------------------------------------------------------------------------

[2025-05-09 10:58:45 #1 store] 
Database 'C:\Users\egoit\git\Rides25\src\main\resources\rides.temp' is opened by 9612@LAPTOP-2PN1U6VU

[2025-05-09 10:58:45 #2 type] 
Type domain.User is not enhanced.

[2025-05-09 10:58:45 #3 type] 
Type domain.Driver is not enhanced.

[2025-05-09 10:58:45 #4 type] 
Type domain.Erreklamazioa is not enhanced.

[2025-05-09 10:58:45 #5 type] 
Type domain.Balorazioa is not enhanced.

[2025-05-09 10:58:45 #6 type] 
Type domain.Mugimendua is not enhanced.

[2025-05-09 10:58:45 #7 type] 
Type domain.Car is not enhanced.

[2025-05-09 10:58:45 #8 type] 
Type domain.Ride is not enhanced.

[2025-05-09 10:58:45 #9 type] 
Type domain.Mezua is not enhanced.

[2025-05-09 10:58:45 #10 type] 
Type domain.Erreserba is not enhanced.

[2025-05-09 10:58:45 #11 type] 
Type domain.Geldialdia is not enhanced.

[2025-05-09 10:58:45 #12 type] 
Type domain.Traveler is not enhanced.

[2025-05-09 10:58:45 #13 type] 
Type domain.Alerta is not enhanced.

------------------------------------------------------------------------------------------------------------------------

[2025-05-09 11:01:15 #1 store] 
Database 'C:\Users\egoit\git\Rides25\src\main\resources\rides.temp' is opened by 12544@LAPTOP-2PN1U6VU

[2025-05-09 11:01:15 #2 type] 
Type domain.User is not enhanced.

[2025-05-09 11:01:15 #3 type] 
Type domain.Driver is not enhanced.

[2025-05-09 11:01:15 #4 type] 
Type domain.Erreklamazioa is not enhanced.

[2025-05-09 11:01:15 #5 type] 
Type domain.Balorazioa is not enhanced.

[2025-05-09 11:01:15 #6 type] 
Type domain.Mugimendua is not enhanced.

[2025-05-09 11:01:15 #7 type] 
Type domain.Car is not enhanced.

[2025-05-09 11:01:15 #8 type] 
Type domain.Ride is not enhanced.

[2025-05-09 11:01:15 #9 type] 
Type domain.Mezua is not enhanced.

[2025-05-09 11:01:15 #10 type] 
Type domain.Erreserba is not enhanced.

[2025-05-09 11:01:15 #11 type] 
Type domain.Geldialdia is not enhanced.

[2025-05-09 11:01:15 #12 type] 
Type domain.Traveler is not enhanced.

[2025-05-09 11:01:15 #13 type] 
Type domain.Alerta is not enhanced.

------------------------------------------------------------------------------------------------------------------------

[2025-05-09 11:05:24 #1 store] 
Database 'C:\Users\egoit\git\Rides25\src\main\resources\rides.temp' is opened by 10652@LAPTOP-2PN1U6VU

[2025-05-09 11:05:24 #2 type] 
Type domain.User is not enhanced.

[2025-05-09 11:05:24 #3 type] 
Type domain.Driver is not enhanced.

[2025-05-09 11:05:24 #4 type] 
Type domain.Erreklamazioa is not enhanced.

[2025-05-09 11:05:24 #5 type] 
Type domain.Balorazioa is not enhanced.

[2025-05-09 11:05:24 #6 type] 
Type domain.Mugimendua is not enhanced.

[2025-05-09 11:05:24 #7 type] 
Type domain.Car is not enhanced.

[2025-05-09 11:05:24 #8 type] 
Type domain.Ride is not enhanced.

[2025-05-09 11:05:24 #9 type] 
Type domain.Mezua is not enhanced.

[2025-05-09 11:05:24 #10 type] 
Type domain.Erreserba is not enhanced.

[2025-05-09 11:05:24 #11 type] 
Type domain.Geldialdia is not enhanced.

[2025-05-09 11:05:24 #12 type] 
Type domain.Traveler is not enhanced.

[2025-05-09 11:05:24 #13 type] 
Type domain.Alerta is not enhanced.

------------------------------------------------------------------------------------------------------------------------

[2025-05-09 11:07:48 #1 store] 
Database 'C:\Users\egoit\git\Rides25\src\main\resources\rides.temp' has been recovered (tr. 58-58)

[2025-05-09 11:07:48 #2 store] 
Database 'C:\Users\egoit\git\Rides25\src\main\resources\rides.temp' is opened by 20936@LAPTOP-2PN1U6VU

[2025-05-09 11:07:48 #3 type] 
Type domain.User is not enhanced.

[2025-05-09 11:07:48 #4 type] 
Type domain.Driver is not enhanced.

[2025-05-09 11:07:48 #5 type] 
Type domain.Erreklamazioa is not enhanced.

[2025-05-09 11:07:48 #6 type] 
Type domain.Balorazioa is not enhanced.

[2025-05-09 11:07:48 #7 type] 
Type domain.Mugimendua is not enhanced.

[2025-05-09 11:07:48 #8 type] 
Type domain.Car is not enhanced.

[2025-05-09 11:07:48 #9 type] 
Type domain.Ride is not enhanced.

[2025-05-09 11:07:48 #10 type] 
Type domain.Mezua is not enhanced.

[2025-05-09 11:07:48 #11 type] 
Type domain.Erreserba is not enhanced.

[2025-05-09 11:07:48 #12 type] 
Type domain.Geldialdia is not enhanced.

[2025-05-09 11:07:48 #13 type] 
Type domain.Traveler is not enhanced.

[2025-05-09 11:07:48 #14 type] 
Type domain.Alerta is not enhanced.

------------------------------------------------------------------------------------------------------------------------

[2025-05-09 11:10:07 #1 store] 
Database 'C:\Users\egoit\git\Rides25\src\main\resources\rides.temp' is opened by 17304@LAPTOP-2PN1U6VU

[2025-05-09 11:10:07 #2 type] 
Type domain.User is not enhanced.

[2025-05-09 11:10:07 #3 type] 
Type domain.Driver is not enhanced.

[2025-05-09 11:10:07 #4 type] 
Type domain.Erreklamazioa is not enhanced.

[2025-05-09 11:10:07 #5 type] 
Type domain.Balorazioa is not enhanced.

[2025-05-09 11:10:07 #6 type] 
Type domain.Mugimendua is not enhanced.

[2025-05-09 11:10:07 #7 type] 
Type domain.Car is not enhanced.

[2025-05-09 11:10:07 #8 type] 
Type domain.Ride is not enhanced.

[2025-05-09 11:10:07 #9 type] 
Type domain.Mezua is not enhanced.

[2025-05-09 11:10:07 #10 type] 
Type domain.Erreserba is not enhanced.

[2025-05-09 11:10:07 #11 type] 
Type domain.Geldialdia is not enhanced.

[2025-05-09 11:10:07 #12 type] 
Type domain.Traveler is not enhanced.

[2025-05-09 11:10:07 #13 type] 
Type domain.Alerta is not enhanced.

------------------------------------------------------------------------------------------------------------------------

[2025-05-09 11:11:09 #1 store] 
Database 'C:\Users\egoit\git\Rides25\src\main\resources\rides.temp' is opened by 14232@LAPTOP-2PN1U6VU

[2025-05-09 11:11:09 #2 type] 
Type domain.User is not enhanced.

[2025-05-09 11:11:09 #3 type] 
Type domain.Driver is not enhanced.

[2025-05-09 11:11:09 #4 type] 
Type domain.Erreklamazioa is not enhanced.

[2025-05-09 11:11:09 #5 type] 
Type domain.Balorazioa is not enhanced.

[2025-05-09 11:11:09 #6 type] 
Type domain.Mugimendua is not enhanced.

[2025-05-09 11:11:09 #7 type] 
Type domain.Car is not enhanced.

[2025-05-09 11:11:09 #8 type] 
Type domain.Ride is not enhanced.

[2025-05-09 11:11:09 #9 type] 
Type domain.Mezua is not enhanced.

[2025-05-09 11:11:09 #10 type] 
Type domain.Erreserba is not enhanced.

[2025-05-09 11:11:09 #11 type] 
Type domain.Geldialdia is not enhanced.

[2025-05-09 11:11:09 #12 type] 
Type domain.Traveler is not enhanced.

[2025-05-09 11:11:09 #13 type] 
Type domain.Alerta is not enhanced.

------------------------------------------------------------------------------------------------------------------------

[2025-05-09 11:11:48 #1 store] 
Database 'C:\Users\egoit\git\Rides25\src\main\resources\rides.temp' is opened by 18484@LAPTOP-2PN1U6VU

[2025-05-09 11:11:48 #2 type] 
Type domain.User is not enhanced.

[2025-05-09 11:11:48 #3 type] 
Type domain.Driver is not enhanced.

[2025-05-09 11:11:48 #4 type] 
Type domain.Erreklamazioa is not enhanced.

[2025-05-09 11:11:48 #5 type] 
Type domain.Balorazioa is not enhanced.

[2025-05-09 11:11:48 #6 type] 
Type domain.Mugimendua is not enhanced.

[2025-05-09 11:11:48 #7 type] 
Type domain.Car is not enhanced.

[2025-05-09 11:11:48 #8 type] 
Type domain.Ride is not enhanced.

[2025-05-09 11:11:48 #9 type] 
Type domain.Mezua is not enhanced.

[2025-05-09 11:11:48 #10 type] 
Type domain.Erreserba is not enhanced.

[2025-05-09 11:11:48 #11 type] 
Type domain.Geldialdia is not enhanced.

[2025-05-09 11:11:48 #12 type] 
Type domain.Traveler is not enhanced.

[2025-05-09 11:11:48 #13 type] 
Type domain.Alerta is not enhanced.

