------------------------------------------------------------------------------------------------------------------------

[2025-02-18 18:59:27 #1 store] 
Database 'C:\Users\egoit\git\Rides25\src\main\resources\rides.temp' has been recovered (tr. 17-17)

[2025-02-18 18:59:27 #2 store] 
Database 'C:\Users\egoit\git\Rides25\src\main\resources\rides.temp' is opened by 11180@LAPTOP-2PN1U6VU

[2025-02-18 18:59:27 #3 type] 
Type domain.User is not enhanced.

[2025-02-18 18:59:27 #4 type] 
Type domain.Driver is not enhanced.

[2025-02-18 18:59:27 #5 type] 
Type domain.Ride is not enhanced.

[2025-02-18 18:59:27 #6 type] 
Type domain.Traveler is not enhanced.

------------------------------------------------------------------------------------------------------------------------

[2025-02-18 19:04:50 #1 store] 
Database 'C:\Users\egoit\git\Rides25\src\main\resources\rides.temp' has been recovered (tr. 18-18)

[2025-02-18 19:04:50 #2 store] 
Database 'C:\Users\egoit\git\Rides25\src\main\resources\rides.temp' is opened by 9304@LAPTOP-2PN1U6VU

[2025-02-18 19:04:50 #3 type] 
Type domain.User is not enhanced.

[2025-02-18 19:04:50 #4 type] 
Type domain.Driver is not enhanced.

[2025-02-18 19:04:50 #5 type] 
Type domain.Ride is not enhanced.

[2025-02-18 19:04:50 #6 type] 
Type domain.Traveler is not enhanced.

------------------------------------------------------------------------------------------------------------------------

[2025-02-18 19:07:00 #1 store] 
Database 'C:\Users\egoit\git\Rides25\src\main\resources\rides.temp' is opened by 7552@LAPTOP-2PN1U6VU

[2025-02-18 19:07:01 #2 type] 
Type domain.User is not enhanced.

[2025-02-18 19:07:01 #3 type] 
Type domain.Driver is not enhanced.

[2025-02-18 19:07:01 #4 type] 
Type domain.Ride is not enhanced.

[2025-02-18 19:07:01 #5 type] 
Type domain.Traveler is not enhanced.

------------------------------------------------------------------------------------------------------------------------

[2025-02-18 19:08:43 #1 store] 
Database 'C:\Users\egoit\git\Rides25\src\main\resources\rides.temp' is opened by 12628@LAPTOP-2PN1U6VU

[2025-02-18 19:08:44 #2 type] 
Type domain.User is not enhanced.

[2025-02-18 19:08:44 #3 type] 
Type domain.Driver is not enhanced.

[2025-02-18 19:08:44 #4 type] 
Type domain.Ride is not enhanced.

[2025-02-18 19:08:44 #5 type] 
Type domain.Traveler is not enhanced.

------------------------------------------------------------------------------------------------------------------------

[2025-02-18 19:56:58 #1 store] 
Database 'C:\Users\egoit\git\Rides25\src\main\resources\rides.temp' is opened by 1624@LAPTOP-2PN1U6VU

[2025-02-18 19:56:58 #2 type] 
Type domain.User is not enhanced.

[2025-02-18 19:56:58 #3 type] 
Type domain.Driver is not enhanced.

[2025-02-18 19:56:58 #4 type] 
Type domain.Ride is not enhanced.

[2025-02-18 19:56:58 #5 type.registry] 
New type domain.Eskaera

[2025-02-18 19:56:58 #6 type.registry] 
New type domain.Eskaera[]

[2025-02-18 19:56:58 #7 type] 
Type domain.Traveler is not enhanced.

[2025-02-18 19:56:58 #8 type] 
Type domain.Eskaera is not enhanced.

------------------------------------------------------------------------------------------------------------------------

[2025-02-18 19:58:32 #1 store] 
Database 'C:\Users\egoit\git\Rides25\src\main\resources\rides.temp' has been recovered (tr. 21-21)

[2025-02-18 19:58:32 #2 store] 
Database 'C:\Users\egoit\git\Rides25\src\main\resources\rides.temp' is opened by 7244@LAPTOP-2PN1U6VU

[2025-02-18 19:58:32 #3 type] 
Type domain.User is not enhanced.

[2025-02-18 19:58:32 #4 type] 
Type domain.Driver is not enhanced.

[2025-02-18 19:58:32 #5 type] 
Type domain.Ride is not enhanced.

[2025-02-18 19:58:32 #6 type] 
Type domain.Traveler is not enhanced.

[2025-02-18 19:58:32 #7 type] 
Type domain.Eskaera is not enhanced.

[2025-02-18 19:58:58 #8 type.registry] 
New type java.util.Vector<domain.Eskaera>

------------------------------------------------------------------------------------------------------------------------

[2025-02-18 20:02:07 #1 store] 
Database 'C:\Users\egoit\git\Rides25\src\main\resources\rides.temp' has been recovered (tr. 22-22)

[2025-02-18 20:02:07 #2 store] 
Database 'C:\Users\egoit\git\Rides25\src\main\resources\rides.temp' is opened by 6988@LAPTOP-2PN1U6VU

[2025-02-18 20:02:07 #3 type] 
Type domain.User is not enhanced.

[2025-02-18 20:02:07 #4 type] 
Type domain.Driver is not enhanced.

[2025-02-18 20:02:07 #5 type] 
Type domain.Ride is not enhanced.

[2025-02-18 20:02:07 #6 type] 
Type domain.Traveler is not enhanced.

[2025-02-18 20:02:07 #7 type] 
Type domain.Eskaera is not enhanced.

