------------------------------------------------------------------------------------------------------------------------

[2025-02-21 18:40:07 #1 store] 
Database 'C:\Users\egoit\git\Rides25\src\main\resources\rides.temp' is opened by 9776@LAPTOP-2PN1U6VU

[2025-02-21 18:40:08 #2 type] 
Type domain.User is not enhanced.

[2025-02-21 18:40:08 #3 type] 
Type domain.Driver is not enhanced.

[2025-02-21 18:40:08 #4 type] 
Type domain.Ride is not enhanced.

[2025-02-21 18:40:08 #5 type] 
Type domain.Erreserba is not enhanced.

[2025-02-21 18:40:08 #6 type] 
Type domain.Traveler is not enhanced.

------------------------------------------------------------------------------------------------------------------------

[2025-02-21 18:52:37 #1 store] 
Database 'C:\Users\egoit\git\Rides25\src\main\resources\rides.temp' is opened by 15380@LAPTOP-2PN1U6VU

[2025-02-21 18:52:37 #2 type] 
Type domain.User is not enhanced.

[2025-02-21 18:52:37 #3 type] 
Type domain.Driver is not enhanced.

[2025-02-21 18:52:37 #4 type] 
Type domain.Ride is not enhanced.

[2025-02-21 18:52:37 #5 type] 
Type domain.Erreserba is not enhanced.

[2025-02-21 18:52:37 #6 type] 
Type domain.Traveler is not enhanced.

------------------------------------------------------------------------------------------------------------------------

[2025-02-21 18:53:25 #1 store] 
Database 'C:\Users\egoit\git\Rides25\src\main\resources\rides.temp' is opened by 1056@LAPTOP-2PN1U6VU

[2025-02-21 18:53:25 #2 type] 
Type domain.User is not enhanced.

[2025-02-21 18:53:26 #3 type] 
Type domain.Driver is not enhanced.

[2025-02-21 18:53:26 #4 type] 
Type domain.Ride is not enhanced.

[2025-02-21 18:53:26 #5 type] 
Type domain.Erreserba is not enhanced.

[2025-02-21 18:53:26 #6 type] 
Type domain.Traveler is not enhanced.

------------------------------------------------------------------------------------------------------------------------

[2025-02-21 18:59:08 #1 store] 
Database 'C:\Users\egoit\git\Rides25\src\main\resources\rides.temp' is opened by 9180@LAPTOP-2PN1U6VU

[2025-02-21 18:59:08 #2 type] 
Type domain.User is not enhanced.

[2025-02-21 18:59:08 #3 type] 
Type domain.Driver is not enhanced.

[2025-02-21 18:59:08 #4 type] 
Type domain.Ride is not enhanced.

[2025-02-21 18:59:08 #5 type] 
Type domain.Erreserba is not enhanced.

[2025-02-21 18:59:08 #6 type] 
Type domain.Traveler is not enhanced.

------------------------------------------------------------------------------------------------------------------------

[2025-02-21 18:59:20 #1 store] 
Database 'C:\Users\egoit\git\Rides25\src\main\resources\rides.temp' is opened by 7536@LAPTOP-2PN1U6VU

[2025-02-21 18:59:20 #2 type] 
Type domain.User is not enhanced.

[2025-02-21 18:59:20 #3 type] 
Type domain.Driver is not enhanced.

[2025-02-21 18:59:20 #4 type] 
Type domain.Ride is not enhanced.

[2025-02-21 18:59:20 #5 type] 
Type domain.Erreserba is not enhanced.

[2025-02-21 18:59:20 #6 type] 
Type domain.Traveler is not enhanced.

------------------------------------------------------------------------------------------------------------------------

[2025-02-21 19:44:41 #1 store] 
Database 'C:\Users\egoit\git\Rides25\src\main\resources\rides.temp' is opened by 6276@LAPTOP-2PN1U6VU

[2025-02-21 19:44:41 #2 type] 
Type domain.User is not enhanced.

[2025-02-21 19:44:41 #3 type] 
Type domain.Driver is not enhanced.

[2025-02-21 19:44:41 #4 type] 
Type domain.Ride is not enhanced.

[2025-02-21 19:44:41 #5 type] 
Type domain.Erreserba is not enhanced.

[2025-02-21 19:44:41 #6 type] 
Type domain.Traveler is not enhanced.

