------------------------------------------------------------------------------------------------------------------------

[2025-04-01 17:23:07 #1 store] 
Database 'C:\Users\egoit\git\Rides25\src\main\resources\rides.temp' has been recovered (tr. 1-17)

[2025-04-01 17:23:07 #2 store] 
Database 'C:\Users\egoit\git\Rides25\src\main\resources\rides.temp' is opened by 1408@LAPTOP-2PN1U6VU

[2025-04-01 17:23:08 #3 type] 
Type domain.User is not enhanced.

[2025-04-01 17:23:08 #4 type] 
Type domain.Driver is not enhanced.

[2025-04-01 17:23:08 #5 type] 
Type domain.Mugimendua is not enhanced.

[2025-04-01 17:23:08 #6 type] 
Type domain.Car is not enhanced.

[2025-04-01 17:23:08 #7 type] 
Type domain.Ride is not enhanced.

[2025-04-01 17:23:08 #8 type] 
Type domain.Erreserba is not enhanced.

[2025-04-01 17:23:08 #9 type] 
Type domain.Traveler is not enhanced.

[2025-04-01 17:23:15 #10 type.registry] 
New type com.objectdb.o.QRY

[2025-04-01 17:23:15 #11 type.registry] 
New type com.objectdb.jpa.JpaQuery

[2025-04-01 17:23:15 #12 type.registry] 
New type com.objectdb.jdo.JdoQuery

------------------------------------------------------------------------------------------------------------------------

[2025-04-01 17:24:06 #1 store] 
Database 'C:\Users\egoit\git\Rides25\src\main\resources\rides.temp' has been recovered (tr. 18-18)

[2025-04-01 17:24:06 #2 store] 
Database 'C:\Users\egoit\git\Rides25\src\main\resources\rides.temp' is opened by 2536@LAPTOP-2PN1U6VU

[2025-04-01 17:24:07 #3 type] 
Type domain.User is not enhanced.

[2025-04-01 17:24:07 #4 type] 
Type domain.Driver is not enhanced.

[2025-04-01 17:24:07 #5 type] 
Type domain.Mugimendua is not enhanced.

[2025-04-01 17:24:07 #6 type] 
Type domain.Car is not enhanced.

[2025-04-01 17:24:07 #7 type] 
Type domain.Ride is not enhanced.

[2025-04-01 17:24:07 #8 type] 
Type domain.Erreserba is not enhanced.

[2025-04-01 17:24:07 #9 type] 
Type domain.Traveler is not enhanced.

------------------------------------------------------------------------------------------------------------------------

[2025-04-01 17:25:25 #1 store] 
Database 'C:\Users\egoit\git\Rides25\src\main\resources\rides.temp' is opened by 11172@LAPTOP-2PN1U6VU

[2025-04-01 17:25:25 #2 type] 
Type domain.User is not enhanced.

[2025-04-01 17:25:25 #3 type] 
Type domain.Driver is not enhanced.

[2025-04-01 17:25:25 #4 type] 
Type domain.Mugimendua is not enhanced.

[2025-04-01 17:25:25 #5 type] 
Type domain.Car is not enhanced.

[2025-04-01 17:25:25 #6 type] 
Type domain.Ride is not enhanced.

[2025-04-01 17:25:25 #7 type] 
Type domain.Erreserba is not enhanced.

[2025-04-01 17:25:25 #8 type] 
Type domain.Traveler is not enhanced.

------------------------------------------------------------------------------------------------------------------------

[2025-04-01 17:35:10 #1 store] 
Database 'C:\Users\egoit\git\Rides25\src\main\resources\rides.temp' is opened by 20372@LAPTOP-2PN1U6VU

[2025-04-01 17:35:10 #2 type] 
Type domain.User is not enhanced.

[2025-04-01 17:35:10 #3 type] 
Type domain.Driver is not enhanced.

[2025-04-01 17:35:10 #4 type] 
Type domain.Mugimendua is not enhanced.

[2025-04-01 17:35:10 #5 type] 
Type domain.Car is not enhanced.

[2025-04-01 17:35:10 #6 type] 
Type domain.Ride is not enhanced.

[2025-04-01 17:35:10 #7 type] 
Type domain.Erreserba is not enhanced.

[2025-04-01 17:35:10 #8 type] 
Type domain.Traveler is not enhanced.

------------------------------------------------------------------------------------------------------------------------

[2025-04-01 17:38:27 #1 store] 
Database 'C:\Users\egoit\git\Rides25\src\main\resources\rides.temp' is opened by 11880@LAPTOP-2PN1U6VU

[2025-04-01 17:38:27 #2 type] 
Type domain.User is not enhanced.

[2025-04-01 17:38:27 #3 type] 
Type domain.Driver is not enhanced.

[2025-04-01 17:38:27 #4 type] 
Type domain.Mugimendua is not enhanced.

[2025-04-01 17:38:27 #5 type] 
Type domain.Car is not enhanced.

[2025-04-01 17:38:27 #6 type] 
Type domain.Ride is not enhanced.

[2025-04-01 17:38:27 #7 type] 
Type domain.Erreserba is not enhanced.

[2025-04-01 17:38:27 #8 type] 
Type domain.Traveler is not enhanced.

------------------------------------------------------------------------------------------------------------------------

[2025-04-01 18:42:25 #1 store] 
Database 'C:\Users\egoit\git\Rides25\src\main\resources\rides.temp' is opened by 21040@LAPTOP-2PN1U6VU

[2025-04-01 18:42:25 #2 type] 
Type domain.User is not enhanced.

[2025-04-01 18:42:25 #3 type] 
Type domain.Driver is not enhanced.

[2025-04-01 18:42:25 #4 type] 
Type domain.Mugimendua is not enhanced.

[2025-04-01 18:42:25 #5 type] 
Type domain.Car is not enhanced.

[2025-04-01 18:42:25 #6 type] 
Type domain.Ride is not enhanced.

[2025-04-01 18:42:25 #7 type] 
Type domain.Erreserba is not enhanced.

[2025-04-01 18:42:25 #8 type] 
Type domain.Traveler is not enhanced.

------------------------------------------------------------------------------------------------------------------------

[2025-04-01 18:53:18 #1 store] 
Database 'C:\Users\egoit\git\Rides25\src\main\resources\rides.temp' is opened by 19348@LAPTOP-2PN1U6VU

[2025-04-01 18:53:18 #2 type.registry] 
New type domain.User

[2025-04-01 18:53:18 #3 type.registry] 
New type domain.Driver

[2025-04-01 18:53:18 #4 type] 
Type domain.User is not enhanced.

[2025-04-01 18:53:18 #5 type.registry] 
New type domain.Mugimendua

[2025-04-01 18:53:18 #6 type] 
Type domain.Driver is not enhanced.

[2025-04-01 18:53:18 #7 type.registry] 
New type domain.Car

[2025-04-01 18:53:18 #8 type.registry] 
New type domain.Ride

[2025-04-01 18:53:18 #9 type] 
Type domain.Mugimendua is not enhanced.

[2025-04-01 18:53:18 #10 type.registry] 
New type domain.MugimenduMota

[2025-04-01 18:53:18 #11 type] 
Type domain.Car is not enhanced.

[2025-04-01 18:53:18 #12 type] 
Type domain.Ride is not enhanced.

[2025-04-01 18:53:18 #13 type.registry] 
New type domain.Erreserba

[2025-04-01 18:53:18 #14 type] 
Type domain.Erreserba is not enhanced.

[2025-04-01 18:53:18 #15 type.registry] 
New type domain.Traveler

[2025-04-01 18:53:18 #16 type.registry] 
New type domain.ErreserbaEgoera

[2025-04-01 18:53:18 #17 type] 
Type domain.Traveler is not enhanced.

[2025-04-01 18:53:18 #18 type.registry] 
New type java.util.Vector<java.lang.Object>

[2025-04-01 18:53:18 #19 type.registry] 
New type java.util.Vector<domain.Mugimendua>

[2025-04-01 18:53:18 #20 type.registry] 
New type java.util.Vector<domain.Ride>

[2025-04-01 18:53:18 #21 type.registry] 
New type java.util.Vector<domain.Car>

[2025-04-01 18:53:18 #22 type.registry] 
New type java.util.Vector<domain.Erreserba>

------------------------------------------------------------------------------------------------------------------------

[2025-04-01 18:57:47 #1 store] 
Database 'C:\Users\egoit\git\Rides25\src\main\resources\rides.temp' is opened by 2900@LAPTOP-2PN1U6VU

[2025-04-01 18:57:48 #2 type.registry] 
New type domain.User

[2025-04-01 18:57:48 #3 type.registry] 
New type domain.Driver

[2025-04-01 18:57:48 #4 type] 
Type domain.User is not enhanced.

[2025-04-01 18:57:48 #5 type.registry] 
New type domain.Mugimendua

[2025-04-01 18:57:48 #6 type] 
Type domain.Driver is not enhanced.

[2025-04-01 18:57:48 #7 type.registry] 
New type domain.Car

[2025-04-01 18:57:48 #8 type.registry] 
New type domain.Ride

[2025-04-01 18:57:48 #9 type] 
Type domain.Mugimendua is not enhanced.

[2025-04-01 18:57:48 #10 type.registry] 
New type domain.MugimenduMota

[2025-04-01 18:57:48 #11 type] 
Type domain.Car is not enhanced.

[2025-04-01 18:57:48 #12 type] 
Type domain.Ride is not enhanced.

[2025-04-01 18:57:48 #13 type.registry] 
New type domain.Erreserba

[2025-04-01 18:57:48 #14 type] 
Type domain.Erreserba is not enhanced.

[2025-04-01 18:57:48 #15 type.registry] 
New type domain.Traveler

[2025-04-01 18:57:48 #16 type.registry] 
New type domain.ErreserbaEgoera

[2025-04-01 18:57:48 #17 type] 
Type domain.Traveler is not enhanced.

[2025-04-01 18:57:48 #18 type.registry] 
New type java.util.Vector<java.lang.Object>

[2025-04-01 18:57:48 #19 type.registry] 
New type java.util.Vector<domain.Mugimendua>

[2025-04-01 18:57:48 #20 type.registry] 
New type java.util.Vector<domain.Ride>

[2025-04-01 18:57:48 #21 type.registry] 
New type java.util.Vector<domain.Car>

[2025-04-01 18:57:48 #22 type.registry] 
New type java.util.Vector<domain.Erreserba>

------------------------------------------------------------------------------------------------------------------------

[2025-04-01 19:14:23 #1 store] 
Database 'C:\Users\egoit\git\Rides25\src\main\resources\rides.temp' has been recovered (tr. 1-17)

[2025-04-01 19:14:23 #2 store] 
Database 'C:\Users\egoit\git\Rides25\src\main\resources\rides.temp' is opened by 344@LAPTOP-2PN1U6VU

[2025-04-01 19:14:23 #3 type] 
Type domain.User is not enhanced.

[2025-04-01 19:14:23 #4 type] 
Type domain.Driver is not enhanced.

[2025-04-01 19:14:23 #5 type] 
Type domain.Mugimendua is not enhanced.

[2025-04-01 19:14:23 #6 type] 
Type domain.Car is not enhanced.

[2025-04-01 19:14:23 #7 type] 
Type domain.Ride is not enhanced.

[2025-04-01 19:14:23 #8 type] 
Type domain.Erreserba is not enhanced.

[2025-04-01 19:14:23 #9 type] 
Type domain.Traveler is not enhanced.

------------------------------------------------------------------------------------------------------------------------

[2025-04-01 19:16:09 #1 store] 
Database 'C:\Users\egoit\git\Rides25\src\main\resources\rides.temp' is opened by 8728@LAPTOP-2PN1U6VU

[2025-04-01 19:16:09 #2 type] 
Type domain.User is not enhanced.

[2025-04-01 19:16:09 #3 type] 
Type domain.Driver is not enhanced.

[2025-04-01 19:16:09 #4 type] 
Type domain.Mugimendua is not enhanced.

[2025-04-01 19:16:09 #5 type] 
Type domain.Car is not enhanced.

[2025-04-01 19:16:09 #6 type] 
Type domain.Ride is not enhanced.

[2025-04-01 19:16:09 #7 type] 
Type domain.Erreserba is not enhanced.

[2025-04-01 19:16:09 #8 type] 
Type domain.Traveler is not enhanced.

------------------------------------------------------------------------------------------------------------------------

[2025-04-01 19:17:31 #1 store] 
Database 'C:\Users\egoit\git\Rides25\src\main\resources\rides.temp' is opened by 16880@LAPTOP-2PN1U6VU

[2025-04-01 19:17:32 #2 type] 
Type domain.User is not enhanced.

[2025-04-01 19:17:32 #3 type] 
Type domain.Driver is not enhanced.

[2025-04-01 19:17:32 #4 type] 
Type domain.Mugimendua is not enhanced.

[2025-04-01 19:17:32 #5 type] 
Type domain.Car is not enhanced.

[2025-04-01 19:17:32 #6 type] 
Type domain.Ride is not enhanced.

[2025-04-01 19:17:32 #7 type] 
Type domain.Erreserba is not enhanced.

[2025-04-01 19:17:32 #8 type] 
Type domain.Traveler is not enhanced.

------------------------------------------------------------------------------------------------------------------------

[2025-04-01 19:18:09 #1 store] 
Database 'C:\Users\egoit\git\Rides25\src\main\resources\rides.temp' is opened by 10976@LAPTOP-2PN1U6VU

[2025-04-01 19:18:09 #2 type] 
Type domain.User is not enhanced.

[2025-04-01 19:18:09 #3 type] 
Type domain.Driver is not enhanced.

[2025-04-01 19:18:09 #4 type] 
Type domain.Mugimendua is not enhanced.

[2025-04-01 19:18:09 #5 type] 
Type domain.Car is not enhanced.

[2025-04-01 19:18:09 #6 type] 
Type domain.Ride is not enhanced.

[2025-04-01 19:18:09 #7 type] 
Type domain.Erreserba is not enhanced.

[2025-04-01 19:18:09 #8 type] 
Type domain.Traveler is not enhanced.

