------------------------------------------------------------------------------------------------------------------------

[2025-04-22 13:10:54 #1 store] 
Database 'C:\Users\egoit\git\Rides25\src\main\resources\rides.temp' is opened by 19980@LAPTOP-2PN1U6VU

[2025-04-22 13:10:54 #2 type] 
Type domain.User is not enhanced.

[2025-04-22 13:10:54 #3 type] 
Type domain.Driver is not enhanced.

[2025-04-22 13:10:54 #4 type] 
Type domain.Mugimendua is not enhanced.

[2025-04-22 13:10:54 #5 type] 
Type domain.Car is not enhanced.

[2025-04-22 13:10:54 #6 type] 
Type domain.Ride is not enhanced.

[2025-04-22 13:10:54 #7 type] 
Type domain.Erreserba is not enhanced.

[2025-04-22 13:10:54 #8 type] 
Type domain.Traveler is not enhanced.

[2025-04-22 13:10:54 #9 type] 
Type domain.Geldialdia is not enhanced.

[2025-04-22 13:10:54 #10 type] 
Type domain.City is not enhanced.

------------------------------------------------------------------------------------------------------------------------

[2025-04-22 14:18:38 #1 store] 
Database 'C:\Users\egoit\git\Rides25\src\main\resources\rides.temp' is opened by 12236@LAPTOP-2PN1U6VU

[2025-04-22 14:18:38 #2 type] 
Type domain.User is not enhanced.

[2025-04-22 14:18:38 #3 type] 
Type domain.Driver is not enhanced.

[2025-04-22 14:18:38 #4 type] 
Type domain.Mugimendua is not enhanced.

[2025-04-22 14:18:38 #5 type] 
Type domain.Car is not enhanced.

[2025-04-22 14:18:38 #6 type] 
Type domain.Ride is not enhanced.

[2025-04-22 14:18:38 #7 type] 
Type domain.Erreserba is not enhanced.

[2025-04-22 14:18:38 #8 type] 
Type domain.Traveler is not enhanced.

[2025-04-22 14:18:38 #9 type] 
Type domain.Geldialdia is not enhanced.

[2025-04-22 14:18:38 #10 type] 
Type domain.City is not enhanced.

------------------------------------------------------------------------------------------------------------------------

[2025-04-22 14:24:44 #1 store] 
Database 'C:\Users\egoit\git\Rides25\src\main\resources\rides.temp' has been recovered (tr. 24-24)

[2025-04-22 14:24:44 #2 store] 
Database 'C:\Users\egoit\git\Rides25\src\main\resources\rides.temp' is opened by 14572@LAPTOP-2PN1U6VU

[2025-04-22 14:24:44 #3 type] 
Type domain.User is not enhanced.

[2025-04-22 14:24:44 #4 type] 
Type domain.Driver is not enhanced.

[2025-04-22 14:24:44 #5 type] 
Type domain.Mugimendua is not enhanced.

[2025-04-22 14:24:44 #6 type] 
Type domain.Car is not enhanced.

[2025-04-22 14:24:44 #7 type] 
Type domain.Ride is not enhanced.

[2025-04-22 14:24:44 #8 type] 
Type domain.Erreserba is not enhanced.

[2025-04-22 14:24:44 #9 type] 
Type domain.Traveler is not enhanced.

[2025-04-22 14:24:44 #10 type] 
Type domain.Geldialdia is not enhanced.

[2025-04-22 14:24:44 #11 type] 
Type domain.City is not enhanced.

------------------------------------------------------------------------------------------------------------------------

[2025-04-22 14:26:27 #1 store] 
Database 'C:\Users\egoit\git\Rides25\src\main\resources\rides.temp' is opened by 1220@LAPTOP-2PN1U6VU

[2025-04-22 14:26:27 #2 type] 
Type domain.User is not enhanced.

[2025-04-22 14:26:27 #3 type] 
Type domain.Driver is not enhanced.

[2025-04-22 14:26:27 #4 type] 
Type domain.Mugimendua is not enhanced.

[2025-04-22 14:26:27 #5 type] 
Type domain.Car is not enhanced.

[2025-04-22 14:26:27 #6 type] 
Type domain.Ride is not enhanced.

[2025-04-22 14:26:27 #7 type] 
Type domain.Erreserba is not enhanced.

[2025-04-22 14:26:27 #8 type] 
Type domain.Traveler is not enhanced.

[2025-04-22 14:26:27 #9 type] 
Type domain.Geldialdia is not enhanced.

[2025-04-22 14:26:27 #10 type] 
Type domain.City is not enhanced.

------------------------------------------------------------------------------------------------------------------------

[2025-04-22 14:27:11 #1 store] 
Database 'C:\Users\egoit\git\Rides25\src\main\resources\rides.temp' is opened by 9888@LAPTOP-2PN1U6VU

[2025-04-22 14:27:11 #2 type] 
Type domain.User is not enhanced.

[2025-04-22 14:27:11 #3 type] 
Type domain.Driver is not enhanced.

[2025-04-22 14:27:11 #4 type] 
Type domain.Mugimendua is not enhanced.

[2025-04-22 14:27:11 #5 type] 
Type domain.Car is not enhanced.

[2025-04-22 14:27:11 #6 type] 
Type domain.Ride is not enhanced.

[2025-04-22 14:27:11 #7 type] 
Type domain.Erreserba is not enhanced.

[2025-04-22 14:27:11 #8 type] 
Type domain.Traveler is not enhanced.

[2025-04-22 14:27:11 #9 type] 
Type domain.Geldialdia is not enhanced.

[2025-04-22 14:27:11 #10 type] 
Type domain.City is not enhanced.

------------------------------------------------------------------------------------------------------------------------

[2025-04-22 14:30:50 #1 store] 
Database 'C:\Users\egoit\git\Rides25\src\main\resources\rides.temp' is opened by 7276@LAPTOP-2PN1U6VU

[2025-04-22 14:30:50 #2 type] 
Type domain.User is not enhanced.

[2025-04-22 14:30:50 #3 type] 
Type domain.Driver is not enhanced.

[2025-04-22 14:30:50 #4 type] 
Type domain.Mugimendua is not enhanced.

[2025-04-22 14:30:50 #5 type] 
Type domain.Car is not enhanced.

[2025-04-22 14:30:50 #6 type] 
Type domain.Ride is not enhanced.

[2025-04-22 14:30:50 #7 type] 
Type domain.Erreserba is not enhanced.

[2025-04-22 14:30:50 #8 type] 
Type domain.Traveler is not enhanced.

[2025-04-22 14:30:50 #9 type] 
Type domain.Geldialdia is not enhanced.

[2025-04-22 14:30:50 #10 type] 
Type domain.City is not enhanced.

------------------------------------------------------------------------------------------------------------------------

[2025-04-22 14:45:09 #1 store] 
Database 'C:\Users\egoit\git\Rides25\src\main\resources\rides.temp' is opened by 11276@LAPTOP-2PN1U6VU

[2025-04-22 14:45:09 #2 type] 
Type domain.User is not enhanced.

[2025-04-22 14:45:09 #3 type] 
Type domain.Driver is not enhanced.

[2025-04-22 14:45:09 #4 type] 
Type domain.Mugimendua is not enhanced.

[2025-04-22 14:45:09 #5 type] 
Type domain.Car is not enhanced.

[2025-04-22 14:45:09 #6 type] 
Type domain.Ride is not enhanced.

[2025-04-22 14:45:09 #7 type] 
Type domain.Erreserba is not enhanced.

[2025-04-22 14:45:09 #8 type] 
Type domain.Traveler is not enhanced.

[2025-04-22 14:45:09 #9 type] 
Type domain.Geldialdia is not enhanced.

[2025-04-22 14:45:09 #10 type] 
Type domain.City is not enhanced.

------------------------------------------------------------------------------------------------------------------------

[2025-04-22 14:50:17 #1 store] 
Database 'C:\Users\egoit\git\Rides25\src\main\resources\rides.temp' is opened by 8768@LAPTOP-2PN1U6VU

[2025-04-22 14:50:17 #2 type.registry] 
New type domain.User

[2025-04-22 14:50:17 #3 type.registry] 
New type domain.Driver

[2025-04-22 14:50:17 #4 type] 
Type domain.User is not enhanced.

[2025-04-22 14:50:18 #5 type.registry] 
New type domain.Mugimendua

[2025-04-22 14:50:18 #6 type] 
Type domain.Driver is not enhanced.

[2025-04-22 14:50:18 #7 type.registry] 
New type domain.Car

[2025-04-22 14:50:18 #8 type.registry] 
New type domain.Ride

[2025-04-22 14:50:18 #9 type] 
Type domain.Mugimendua is not enhanced.

[2025-04-22 14:50:18 #10 type.registry] 
New type domain.MugimenduMota

[2025-04-22 14:50:18 #11 type] 
Type domain.Car is not enhanced.

[2025-04-22 14:50:18 #12 type] 
Type domain.Ride is not enhanced.

[2025-04-22 14:50:18 #13 type.registry] 
New type domain.Geldialdia

[2025-04-22 14:50:18 #14 type.registry] 
New type domain.RideEgoera

[2025-04-22 14:50:18 #15 type.registry] 
New type domain.Erreserba

[2025-04-22 14:50:18 #16 type] 
Type domain.Geldialdia is not enhanced.

[2025-04-22 14:50:18 #17 type.registry] 
New type domain.City

[2025-04-22 14:50:18 #18 type] 
Type domain.Erreserba is not enhanced.

[2025-04-22 14:50:18 #19 type.registry] 
New type domain.Traveler

[2025-04-22 14:50:18 #20 type.registry] 
New type domain.ErreserbaEgoera

[2025-04-22 14:50:18 #21 type] 
Type domain.City is not enhanced.

[2025-04-22 14:50:18 #22 type] 
Type domain.Traveler is not enhanced.

[2025-04-22 14:50:18 #23 type.registry] 
New type java.util.Vector<java.lang.Object>

[2025-04-22 14:50:18 #24 type.registry] 
New type java.util.Vector<domain.Mugimendua>

[2025-04-22 14:50:18 #25 type.registry] 
New type java.util.Vector<domain.Ride>

[2025-04-22 14:50:18 #26 type.registry] 
New type java.util.Vector<domain.Car>

------------------------------------------------------------------------------------------------------------------------

[2025-04-22 14:50:30 #1 store] 
Database 'C:\Users\egoit\git\Rides25\src\main\resources\rides.temp' is opened by 6112@LAPTOP-2PN1U6VU

[2025-04-22 14:50:31 #2 type.registry] 
New type domain.User

[2025-04-22 14:50:31 #3 type.registry] 
New type domain.Driver

[2025-04-22 14:50:31 #4 type] 
Type domain.User is not enhanced.

[2025-04-22 14:50:31 #5 type.registry] 
New type domain.Mugimendua

[2025-04-22 14:50:31 #6 type] 
Type domain.Driver is not enhanced.

[2025-04-22 14:50:31 #7 type.registry] 
New type domain.Car

[2025-04-22 14:50:31 #8 type.registry] 
New type domain.Ride

[2025-04-22 14:50:31 #9 type] 
Type domain.Mugimendua is not enhanced.

[2025-04-22 14:50:31 #10 type.registry] 
New type domain.MugimenduMota

[2025-04-22 14:50:31 #11 type] 
Type domain.Car is not enhanced.

[2025-04-22 14:50:31 #12 type] 
Type domain.Ride is not enhanced.

[2025-04-22 14:50:31 #13 type.registry] 
New type domain.Geldialdia

[2025-04-22 14:50:31 #14 type.registry] 
New type domain.RideEgoera

[2025-04-22 14:50:31 #15 type.registry] 
New type domain.Erreserba

[2025-04-22 14:50:31 #16 type] 
Type domain.Geldialdia is not enhanced.

[2025-04-22 14:50:31 #17 type.registry] 
New type domain.City

[2025-04-22 14:50:31 #18 type] 
Type domain.Erreserba is not enhanced.

[2025-04-22 14:50:31 #19 type.registry] 
New type domain.Traveler

[2025-04-22 14:50:31 #20 type.registry] 
New type domain.ErreserbaEgoera

[2025-04-22 14:50:31 #21 type] 
Type domain.City is not enhanced.

[2025-04-22 14:50:31 #22 type] 
Type domain.Traveler is not enhanced.

[2025-04-22 14:50:31 #23 type.registry] 
New type java.util.Vector<java.lang.Object>

[2025-04-22 14:50:31 #24 type.registry] 
New type java.util.Vector<domain.Mugimendua>

[2025-04-22 14:50:31 #25 type.registry] 
New type java.util.Vector<domain.Ride>

[2025-04-22 14:50:31 #26 type.registry] 
New type java.util.Vector<domain.Car>

------------------------------------------------------------------------------------------------------------------------

[2025-04-22 14:53:17 #1 store] 
Database 'C:\Users\egoit\git\Rides25\src\main\resources\rides.temp' is opened by 14208@LAPTOP-2PN1U6VU

[2025-04-22 14:53:17 #2 type.registry] 
New type domain.User

[2025-04-22 14:53:17 #3 type.registry] 
New type domain.Driver

[2025-04-22 14:53:17 #4 type] 
Type domain.User is not enhanced.

[2025-04-22 14:53:17 #5 type.registry] 
New type domain.Mugimendua

[2025-04-22 14:53:17 #6 type] 
Type domain.Driver is not enhanced.

[2025-04-22 14:53:17 #7 type.registry] 
New type domain.Car

[2025-04-22 14:53:17 #8 type.registry] 
New type domain.Ride

[2025-04-22 14:53:17 #9 type] 
Type domain.Mugimendua is not enhanced.

[2025-04-22 14:53:17 #10 type.registry] 
New type domain.MugimenduMota

[2025-04-22 14:53:17 #11 type] 
Type domain.Car is not enhanced.

[2025-04-22 14:53:17 #12 type] 
Type domain.Ride is not enhanced.

[2025-04-22 14:53:17 #13 type.registry] 
New type domain.Geldialdia

[2025-04-22 14:53:17 #14 type.registry] 
New type domain.RideEgoera

[2025-04-22 14:53:17 #15 type.registry] 
New type domain.Erreserba

[2025-04-22 14:53:17 #16 type] 
Type domain.Geldialdia is not enhanced.

[2025-04-22 14:53:17 #17 type.registry] 
New type domain.City

[2025-04-22 14:53:17 #18 type] 
Type domain.Erreserba is not enhanced.

[2025-04-22 14:53:17 #19 type.registry] 
New type domain.Traveler

[2025-04-22 14:53:17 #20 type.registry] 
New type domain.ErreserbaEgoera

[2025-04-22 14:53:17 #21 type] 
Type domain.City is not enhanced.

[2025-04-22 14:53:17 #22 type] 
Type domain.Traveler is not enhanced.

[2025-04-22 14:53:17 #23 type.registry] 
New type java.util.Vector<java.lang.Object>

[2025-04-22 14:53:17 #24 type.registry] 
New type java.util.Vector<domain.Mugimendua>

[2025-04-22 14:53:17 #25 type.registry] 
New type java.util.Vector<domain.Ride>

[2025-04-22 14:53:17 #26 type.registry] 
New type java.util.Vector<domain.Car>

[2025-04-22 14:54:46 #27 type.registry] 
New type java.util.Vector<domain.Erreserba>

[2025-04-22 14:54:46 #28 type.registry] 
New type java.util.Vector<domain.Geldialdia>

------------------------------------------------------------------------------------------------------------------------

[2025-04-22 14:57:49 #1 store] 
Database 'C:\Users\egoit\git\Rides25\src\main\resources\rides.temp' is opened by 22396@LAPTOP-2PN1U6VU

[2025-04-22 14:57:50 #2 type] 
Type domain.User is not enhanced.

[2025-04-22 14:57:50 #3 type] 
Type domain.Driver is not enhanced.

[2025-04-22 14:57:50 #4 type] 
Type domain.Mugimendua is not enhanced.

[2025-04-22 14:57:50 #5 type] 
Type domain.Car is not enhanced.

[2025-04-22 14:57:50 #6 type] 
Type domain.Ride is not enhanced.

[2025-04-22 14:57:50 #7 type] 
Type domain.Geldialdia is not enhanced.

[2025-04-22 14:57:50 #8 type] 
Type domain.Erreserba is not enhanced.

[2025-04-22 14:57:50 #9 type] 
Type domain.City is not enhanced.

[2025-04-22 14:57:50 #10 type] 
Type domain.Traveler is not enhanced.

------------------------------------------------------------------------------------------------------------------------

[2025-04-22 15:07:39 #1 store] 
Database 'C:\Users\egoit\git\Rides25\src\main\resources\rides.temp' has been recovered (tr. 14-14)

[2025-04-22 15:07:39 #2 store] 
Database 'C:\Users\egoit\git\Rides25\src\main\resources\rides.temp' is opened by 16720@LAPTOP-2PN1U6VU

[2025-04-22 15:07:39 #3 type] 
Type domain.User is not enhanced.

[2025-04-22 15:07:39 #4 type] 
Type domain.Driver is not enhanced.

[2025-04-22 15:07:39 #5 type] 
Type domain.Mugimendua is not enhanced.

[2025-04-22 15:07:39 #6 type] 
Type domain.Car is not enhanced.

[2025-04-22 15:07:39 #7 type] 
Type domain.Ride is not enhanced.

[2025-04-22 15:07:39 #8 type] 
Type domain.Geldialdia is not enhanced.

[2025-04-22 15:07:39 #9 type] 
Type domain.Erreserba is not enhanced.

[2025-04-22 15:07:39 #10 type] 
Type domain.City is not enhanced.

[2025-04-22 15:07:39 #11 type] 
Type domain.Traveler is not enhanced.

------------------------------------------------------------------------------------------------------------------------

[2025-04-22 15:13:31 #1 store] 
Database 'C:\Users\egoit\git\Rides25\src\main\resources\rides.temp' is opened by 19480@LAPTOP-2PN1U6VU

[2025-04-22 15:13:32 #2 type.registry] 
New type domain.User

[2025-04-22 15:13:32 #3 type.registry] 
New type domain.Driver

[2025-04-22 15:13:32 #4 type] 
Type domain.User is not enhanced.

[2025-04-22 15:13:32 #5 type.registry] 
New type domain.Mugimendua

[2025-04-22 15:13:32 #6 type] 
Type domain.Driver is not enhanced.

[2025-04-22 15:13:32 #7 type.registry] 
New type domain.Car

[2025-04-22 15:13:32 #8 type.registry] 
New type domain.Ride

[2025-04-22 15:13:32 #9 type] 
Type domain.Mugimendua is not enhanced.

[2025-04-22 15:13:32 #10 type.registry] 
New type domain.MugimenduMota

[2025-04-22 15:13:32 #11 type] 
Type domain.Car is not enhanced.

[2025-04-22 15:13:32 #12 type] 
Type domain.Ride is not enhanced.

[2025-04-22 15:13:32 #13 type.registry] 
New type domain.Geldialdia

[2025-04-22 15:13:32 #14 type.registry] 
New type domain.RideEgoera

[2025-04-22 15:13:32 #15 type.registry] 
New type domain.Erreserba

[2025-04-22 15:13:32 #16 type] 
Type domain.Geldialdia is not enhanced.

[2025-04-22 15:13:32 #17 type.registry] 
New type domain.City

[2025-04-22 15:13:32 #18 type] 
Type domain.Erreserba is not enhanced.

[2025-04-22 15:13:32 #19 type.registry] 
New type domain.Traveler

[2025-04-22 15:13:32 #20 type.registry] 
New type domain.ErreserbaEgoera

[2025-04-22 15:13:32 #21 type] 
Type domain.City is not enhanced.

[2025-04-22 15:13:32 #22 type] 
Type domain.Traveler is not enhanced.

[2025-04-22 15:13:32 #23 type.registry] 
New type java.util.Vector<java.lang.Object>

[2025-04-22 15:13:32 #24 type.registry] 
New type java.util.Vector<domain.Mugimendua>

[2025-04-22 15:13:32 #25 type.registry] 
New type java.util.Vector<domain.Ride>

[2025-04-22 15:13:32 #26 type.registry] 
New type java.util.Vector<domain.Car>

------------------------------------------------------------------------------------------------------------------------

[2025-04-22 15:16:21 #1 store] 
Database 'C:\Users\egoit\git\Rides25\src\main\resources\rides.temp' has been recovered (tr. 1-9)

[2025-04-22 15:16:21 #2 store] 
Database 'C:\Users\egoit\git\Rides25\src\main\resources\rides.temp' is opened by 2656@LAPTOP-2PN1U6VU

[2025-04-22 15:16:21 #3 type] 
Type domain.User is not enhanced.

[2025-04-22 15:16:21 #4 type] 
Type domain.Driver is not enhanced.

[2025-04-22 15:16:21 #5 type] 
Type domain.Mugimendua is not enhanced.

[2025-04-22 15:16:22 #6 type] 
Type domain.Car is not enhanced.

[2025-04-22 15:16:22 #7 type] 
Type domain.Ride is not enhanced.

[2025-04-22 15:16:22 #8 type] 
Type domain.Geldialdia is not enhanced.

[2025-04-22 15:16:22 #9 type] 
Type domain.Erreserba is not enhanced.

[2025-04-22 15:16:22 #10 type] 
Type domain.City is not enhanced.

[2025-04-22 15:16:22 #11 type] 
Type domain.Traveler is not enhanced.

------------------------------------------------------------------------------------------------------------------------

[2025-04-22 15:17:54 #1 store] 
Database 'C:\Users\egoit\git\Rides25\src\main\resources\rides.temp' is opened by 8780@LAPTOP-2PN1U6VU

[2025-04-22 15:17:54 #2 type] 
Type domain.User is not enhanced.

[2025-04-22 15:17:54 #3 type] 
Type domain.Driver is not enhanced.

[2025-04-22 15:17:54 #4 type] 
Type domain.Mugimendua is not enhanced.

[2025-04-22 15:17:54 #5 type] 
Type domain.Car is not enhanced.

[2025-04-22 15:17:54 #6 type] 
Type domain.Ride is not enhanced.

[2025-04-22 15:17:54 #7 type] 
Type domain.Geldialdia is not enhanced.

[2025-04-22 15:17:54 #8 type] 
Type domain.Erreserba is not enhanced.

[2025-04-22 15:17:54 #9 type] 
Type domain.City is not enhanced.

[2025-04-22 15:17:54 #10 type] 
Type domain.Traveler is not enhanced.

[2025-04-22 15:18:15 #11 type.registry] 
New type java.util.Vector<domain.Erreserba>

[2025-04-22 15:18:15 #12 type.registry] 
New type java.util.Vector<domain.Geldialdia>

------------------------------------------------------------------------------------------------------------------------

[2025-04-22 15:18:55 #1 store] 
Database 'C:\Users\egoit\git\Rides25\src\main\resources\rides.temp' is opened by 10352@LAPTOP-2PN1U6VU

[2025-04-22 15:18:55 #2 type] 
Type domain.User is not enhanced.

[2025-04-22 15:18:55 #3 type] 
Type domain.Driver is not enhanced.

[2025-04-22 15:18:55 #4 type] 
Type domain.Mugimendua is not enhanced.

[2025-04-22 15:18:55 #5 type] 
Type domain.Car is not enhanced.

[2025-04-22 15:18:55 #6 type] 
Type domain.Ride is not enhanced.

[2025-04-22 15:18:55 #7 type] 
Type domain.Geldialdia is not enhanced.

[2025-04-22 15:18:55 #8 type] 
Type domain.Erreserba is not enhanced.

[2025-04-22 15:18:55 #9 type] 
Type domain.City is not enhanced.

[2025-04-22 15:18:55 #10 type] 
Type domain.Traveler is not enhanced.

------------------------------------------------------------------------------------------------------------------------

[2025-04-22 15:22:14 #1 store] 
Database 'C:\Users\egoit\git\Rides25\src\main\resources\rides.temp' is opened by 13668@LAPTOP-2PN1U6VU

[2025-04-22 15:22:14 #2 type] 
Type domain.User is not enhanced.

[2025-04-22 15:22:14 #3 type] 
Type domain.Driver is not enhanced.

[2025-04-22 15:22:14 #4 type] 
Type domain.Mugimendua is not enhanced.

[2025-04-22 15:22:14 #5 type] 
Type domain.Car is not enhanced.

[2025-04-22 15:22:14 #6 type] 
Type domain.Ride is not enhanced.

[2025-04-22 15:22:14 #7 type] 
Type domain.Geldialdia is not enhanced.

[2025-04-22 15:22:14 #8 type] 
Type domain.Erreserba is not enhanced.

[2025-04-22 15:22:14 #9 type] 
Type domain.City is not enhanced.

[2025-04-22 15:22:14 #10 type] 
Type domain.Traveler is not enhanced.

------------------------------------------------------------------------------------------------------------------------

[2025-04-22 15:24:35 #1 store] 
Database 'C:\Users\egoit\git\Rides25\src\main\resources\rides.temp' is opened by 2332@LAPTOP-2PN1U6VU

[2025-04-22 15:24:35 #2 type] 
Type domain.User is not enhanced.

[2025-04-22 15:24:35 #3 type] 
Type domain.Driver is not enhanced.

[2025-04-22 15:24:36 #4 type] 
Type domain.Mugimendua is not enhanced.

[2025-04-22 15:24:36 #5 type] 
Type domain.Car is not enhanced.

[2025-04-22 15:24:36 #6 type] 
Type domain.Ride is not enhanced.

[2025-04-22 15:24:36 #7 type] 
Type domain.Geldialdia is not enhanced.

[2025-04-22 15:24:36 #8 type] 
Type domain.Erreserba is not enhanced.

[2025-04-22 15:24:36 #9 type] 
Type domain.City is not enhanced.

[2025-04-22 15:24:36 #10 type] 
Type domain.Traveler is not enhanced.

------------------------------------------------------------------------------------------------------------------------

[2025-04-22 15:35:17 #1 store] 
Database 'C:\Users\egoit\git\Rides25\src\main\resources\rides.temp' has been recovered (tr. 15-15)

[2025-04-22 15:35:17 #2 store] 
Database 'C:\Users\egoit\git\Rides25\src\main\resources\rides.temp' is opened by 13268@LAPTOP-2PN1U6VU

[2025-04-22 15:35:17 #3 type] 
Type domain.User is not enhanced.

[2025-04-22 15:35:17 #4 type] 
Type domain.Driver is not enhanced.

[2025-04-22 15:35:17 #5 type] 
Type domain.Mugimendua is not enhanced.

[2025-04-22 15:35:17 #6 type] 
Type domain.Car is not enhanced.

[2025-04-22 15:35:17 #7 type] 
Type domain.Ride is not enhanced.

[2025-04-22 15:35:17 #8 type] 
Type domain.Geldialdia is not enhanced.

[2025-04-22 15:35:17 #9 type] 
Type domain.Erreserba is not enhanced.

[2025-04-22 15:35:17 #10 type] 
Type domain.City is not enhanced.

[2025-04-22 15:35:17 #11 type] 
Type domain.Traveler is not enhanced.

------------------------------------------------------------------------------------------------------------------------

[2025-04-22 15:40:17 #1 store] 
Database 'C:\Users\egoit\git\Rides25\src\main\resources\rides.temp' is opened by 9984@LAPTOP-2PN1U6VU

[2025-04-22 15:40:17 #2 type] 
Type domain.User is not enhanced.

[2025-04-22 15:40:17 #3 type] 
Type domain.Driver is not enhanced.

[2025-04-22 15:40:17 #4 type] 
Type domain.Mugimendua is not enhanced.

[2025-04-22 15:40:17 #5 type] 
Type domain.Car is not enhanced.

[2025-04-22 15:40:17 #6 type] 
Type domain.Ride is not enhanced.

[2025-04-22 15:40:17 #7 type] 
Type domain.Geldialdia is not enhanced.

[2025-04-22 15:40:17 #8 type] 
Type domain.Erreserba is not enhanced.

[2025-04-22 15:40:17 #9 type] 
Type domain.City is not enhanced.

[2025-04-22 15:40:17 #10 type] 
Type domain.Traveler is not enhanced.

------------------------------------------------------------------------------------------------------------------------

[2025-04-22 15:41:19 #1 store] 
Database 'C:\Users\egoit\git\Rides25\src\main\resources\rides.temp' is opened by 22016@LAPTOP-2PN1U6VU

[2025-04-22 15:41:19 #2 type] 
Type domain.User is not enhanced.

[2025-04-22 15:41:19 #3 type] 
Type domain.Driver is not enhanced.

[2025-04-22 15:41:19 #4 type] 
Type domain.Mugimendua is not enhanced.

[2025-04-22 15:41:19 #5 type] 
Type domain.Car is not enhanced.

[2025-04-22 15:41:19 #6 type] 
Type domain.Ride is not enhanced.

[2025-04-22 15:41:19 #7 type] 
Type domain.Geldialdia is not enhanced.

[2025-04-22 15:41:19 #8 type] 
Type domain.Erreserba is not enhanced.

[2025-04-22 15:41:19 #9 type] 
Type domain.City is not enhanced.

[2025-04-22 15:41:19 #10 type] 
Type domain.Traveler is not enhanced.

------------------------------------------------------------------------------------------------------------------------

[2025-04-22 15:44:44 #1 store] 
Database 'C:\Users\egoit\git\Rides25\src\main\resources\rides.temp' is opened by 17888@LAPTOP-2PN1U6VU

[2025-04-22 15:44:44 #2 type] 
Type domain.User is not enhanced.

[2025-04-22 15:44:44 #3 type] 
Type domain.Driver is not enhanced.

[2025-04-22 15:44:44 #4 type] 
Type domain.Mugimendua is not enhanced.

[2025-04-22 15:44:44 #5 type] 
Type domain.Car is not enhanced.

[2025-04-22 15:44:44 #6 type] 
Type domain.Ride is not enhanced.

[2025-04-22 15:44:44 #7 type] 
Type domain.Geldialdia is not enhanced.

[2025-04-22 15:44:44 #8 type] 
Type domain.Erreserba is not enhanced.

[2025-04-22 15:44:44 #9 type] 
Type domain.City is not enhanced.

[2025-04-22 15:44:44 #10 type] 
Type domain.Traveler is not enhanced.

------------------------------------------------------------------------------------------------------------------------

[2025-04-22 15:45:48 #1 store] 
Database 'C:\Users\egoit\git\Rides25\src\main\resources\rides.temp' is opened by 21304@LAPTOP-2PN1U6VU

[2025-04-22 15:45:48 #2 type] 
Type domain.User is not enhanced.

[2025-04-22 15:45:48 #3 type] 
Type domain.Driver is not enhanced.

[2025-04-22 15:45:48 #4 type] 
Type domain.Mugimendua is not enhanced.

[2025-04-22 15:45:48 #5 type] 
Type domain.Car is not enhanced.

[2025-04-22 15:45:48 #6 type] 
Type domain.Ride is not enhanced.

[2025-04-22 15:45:48 #7 type] 
Type domain.Geldialdia is not enhanced.

[2025-04-22 15:45:48 #8 type] 
Type domain.Erreserba is not enhanced.

[2025-04-22 15:45:48 #9 type] 
Type domain.City is not enhanced.

[2025-04-22 15:45:48 #10 type] 
Type domain.Traveler is not enhanced.

------------------------------------------------------------------------------------------------------------------------

[2025-04-22 15:46:29 #1 store] 
Database 'C:\Users\egoit\git\Rides25\src\main\resources\rides.temp' is opened by 4992@LAPTOP-2PN1U6VU

[2025-04-22 15:46:29 #2 type.registry] 
New type domain.User

[2025-04-22 15:46:29 #3 type.registry] 
New type domain.Driver

[2025-04-22 15:46:29 #4 type] 
Type domain.User is not enhanced.

[2025-04-22 15:46:29 #5 type.registry] 
New type domain.Mugimendua

[2025-04-22 15:46:29 #6 type] 
Type domain.Driver is not enhanced.

[2025-04-22 15:46:29 #7 type.registry] 
New type domain.Car

[2025-04-22 15:46:29 #8 type.registry] 
New type domain.Ride

[2025-04-22 15:46:29 #9 type] 
Type domain.Mugimendua is not enhanced.

[2025-04-22 15:46:29 #10 type.registry] 
New type domain.MugimenduMota

[2025-04-22 15:46:29 #11 type] 
Type domain.Car is not enhanced.

[2025-04-22 15:46:29 #12 type] 
Type domain.Ride is not enhanced.

[2025-04-22 15:46:29 #13 type.registry] 
New type domain.Geldialdia

[2025-04-22 15:46:29 #14 type.registry] 
New type domain.RideEgoera

[2025-04-22 15:46:29 #15 type.registry] 
New type domain.Erreserba

[2025-04-22 15:46:29 #16 type] 
Type domain.Geldialdia is not enhanced.

[2025-04-22 15:46:29 #17 type.registry] 
New type domain.City

[2025-04-22 15:46:29 #18 type] 
Type domain.Erreserba is not enhanced.

[2025-04-22 15:46:29 #19 type.registry] 
New type domain.Traveler

[2025-04-22 15:46:29 #20 type.registry] 
New type domain.ErreserbaEgoera

[2025-04-22 15:46:29 #21 type] 
Type domain.City is not enhanced.

[2025-04-22 15:46:29 #22 type] 
Type domain.Traveler is not enhanced.

[2025-04-22 15:46:29 #23 type.registry] 
New type java.util.Vector<java.lang.Object>

[2025-04-22 15:46:29 #24 type.registry] 
New type java.util.Vector<domain.Mugimendua>

[2025-04-22 15:46:29 #25 type.registry] 
New type java.util.Vector<domain.Ride>

[2025-04-22 15:46:29 #26 type.registry] 
New type java.util.Vector<domain.Car>

[2025-04-22 15:47:11 #27 type.registry] 
New type java.util.Vector<domain.Erreserba>

[2025-04-22 15:47:11 #28 type.registry] 
New type java.util.Vector<domain.Geldialdia>

------------------------------------------------------------------------------------------------------------------------

[2025-04-22 15:49:48 #1 store] 
Database 'C:\Users\egoit\git\Rides25\src\main\resources\rides.temp' has been recovered (tr. 1-13)

[2025-04-22 15:49:48 #2 store] 
Database 'C:\Users\egoit\git\Rides25\src\main\resources\rides.temp' is opened by 10852@LAPTOP-2PN1U6VU

[2025-04-22 15:49:49 #3 type] 
Type domain.User is not enhanced.

[2025-04-22 15:49:49 #4 type] 
Type domain.Driver is not enhanced.

[2025-04-22 15:49:49 #5 type] 
Type domain.Mugimendua is not enhanced.

[2025-04-22 15:49:49 #6 type] 
Type domain.Car is not enhanced.

[2025-04-22 15:49:49 #7 type] 
Type domain.Ride is not enhanced.

[2025-04-22 15:49:49 #8 type] 
Type domain.Geldialdia is not enhanced.

[2025-04-22 15:49:49 #9 type] 
Type domain.Erreserba is not enhanced.

[2025-04-22 15:49:49 #10 type] 
Type domain.City is not enhanced.

[2025-04-22 15:49:49 #11 type] 
Type domain.Traveler is not enhanced.

------------------------------------------------------------------------------------------------------------------------

[2025-04-22 15:59:59 #1 store] 
Database 'C:\Users\egoit\git\Rides25\src\main\resources\rides.temp' has been recovered (tr. 14-15)

[2025-04-22 15:59:59 #2 store] 
Database 'C:\Users\egoit\git\Rides25\src\main\resources\rides.temp' is opened by 11748@LAPTOP-2PN1U6VU

[2025-04-22 15:59:59 #3 type] 
Type domain.User is not enhanced.

[2025-04-22 15:59:59 #4 type] 
Type domain.Driver is not enhanced.

[2025-04-22 15:59:59 #5 type] 
Type domain.Mugimendua is not enhanced.

[2025-04-22 15:59:59 #6 type] 
Type domain.Car is not enhanced.

[2025-04-22 15:59:59 #7 type] 
Type domain.Ride is not enhanced.

[2025-04-22 15:59:59 #8 type] 
Type domain.Geldialdia is not enhanced.

[2025-04-22 15:59:59 #9 type] 
Type domain.Erreserba is not enhanced.

[2025-04-22 15:59:59 #10 type] 
Type domain.City is not enhanced.

[2025-04-22 15:59:59 #11 type] 
Type domain.Traveler is not enhanced.

------------------------------------------------------------------------------------------------------------------------

[2025-04-22 16:02:45 #1 store] 
Database 'C:\Users\egoit\git\Rides25\src\main\resources\rides.temp' is opened by 21476@LAPTOP-2PN1U6VU

[2025-04-22 16:02:45 #2 type] 
Type domain.User is not enhanced.

[2025-04-22 16:02:45 #3 type] 
Type domain.Driver is not enhanced.

[2025-04-22 16:02:45 #4 type] 
Type domain.Mugimendua is not enhanced.

[2025-04-22 16:02:45 #5 type] 
Type domain.Car is not enhanced.

[2025-04-22 16:02:45 #6 type] 
Type domain.Ride is not enhanced.

[2025-04-22 16:02:45 #7 type] 
Type domain.Geldialdia is not enhanced.

[2025-04-22 16:02:45 #8 type] 
Type domain.Erreserba is not enhanced.

[2025-04-22 16:02:45 #9 type] 
Type domain.City is not enhanced.

[2025-04-22 16:02:45 #10 type] 
Type domain.Traveler is not enhanced.

------------------------------------------------------------------------------------------------------------------------

[2025-04-22 16:10:20 #1 store] 
Database 'C:\Users\egoit\git\Rides25\src\main\resources\rides.temp' has been recovered (tr. 18-18)

[2025-04-22 16:10:20 #2 store] 
Database 'C:\Users\egoit\git\Rides25\src\main\resources\rides.temp' is opened by 8188@LAPTOP-2PN1U6VU

[2025-04-22 16:10:21 #3 type] 
Type domain.User is not enhanced.

[2025-04-22 16:10:21 #4 type] 
Type domain.Driver is not enhanced.

[2025-04-22 16:10:21 #5 type] 
Type domain.Mugimendua is not enhanced.

[2025-04-22 16:10:21 #6 type] 
Type domain.Car is not enhanced.

[2025-04-22 16:10:21 #7 type] 
Type domain.Ride is not enhanced.

[2025-04-22 16:10:21 #8 type] 
Type domain.Geldialdia is not enhanced.

[2025-04-22 16:10:21 #9 type] 
Type domain.Erreserba is not enhanced.

[2025-04-22 16:10:21 #10 type] 
Type domain.City is not enhanced.

[2025-04-22 16:10:21 #11 type] 
Type domain.Traveler is not enhanced.

------------------------------------------------------------------------------------------------------------------------

[2025-04-22 16:14:03 #1 store] 
Database 'C:\Users\egoit\git\Rides25\src\main\resources\rides.temp' is opened by 10620@LAPTOP-2PN1U6VU

[2025-04-22 16:14:03 #2 type] 
Type domain.User is not enhanced.

[2025-04-22 16:14:03 #3 type] 
Type domain.Driver is not enhanced.

[2025-04-22 16:14:03 #4 type] 
Type domain.Mugimendua is not enhanced.

[2025-04-22 16:14:03 #5 type] 
Type domain.Car is not enhanced.

[2025-04-22 16:14:03 #6 type] 
Type domain.Ride is not enhanced.

[2025-04-22 16:14:03 #7 type] 
Type domain.Geldialdia is not enhanced.

[2025-04-22 16:14:03 #8 type] 
Type domain.Erreserba is not enhanced.

[2025-04-22 16:14:03 #9 type] 
Type domain.City is not enhanced.

[2025-04-22 16:14:03 #10 type] 
Type domain.Traveler is not enhanced.

------------------------------------------------------------------------------------------------------------------------

[2025-04-22 16:19:45 #1 store] 
Database 'C:\Users\egoit\git\Rides25\src\main\resources\rides.temp' is opened by 11644@LAPTOP-2PN1U6VU

[2025-04-22 16:19:45 #2 type] 
Type domain.User is not enhanced.

[2025-04-22 16:19:45 #3 type] 
Type domain.Driver is not enhanced.

[2025-04-22 16:19:45 #4 type] 
Type domain.Mugimendua is not enhanced.

[2025-04-22 16:19:45 #5 type] 
Type domain.Car is not enhanced.

[2025-04-22 16:19:45 #6 type] 
Type domain.Ride is not enhanced.

[2025-04-22 16:19:45 #7 type] 
Type domain.Geldialdia is not enhanced.

[2025-04-22 16:19:45 #8 type] 
Type domain.Erreserba is not enhanced.

[2025-04-22 16:19:45 #9 type] 
Type domain.City is not enhanced.

[2025-04-22 16:19:45 #10 type] 
Type domain.Traveler is not enhanced.

------------------------------------------------------------------------------------------------------------------------

[2025-04-22 16:20:15 #1 store] 
Database 'C:\Users\egoit\git\Rides25\src\main\resources\rides.temp' is opened by 3768@LAPTOP-2PN1U6VU

[2025-04-22 16:20:16 #2 type] 
Type domain.User is not enhanced.

[2025-04-22 16:20:16 #3 type] 
Type domain.Driver is not enhanced.

[2025-04-22 16:20:16 #4 type] 
Type domain.Mugimendua is not enhanced.

[2025-04-22 16:20:16 #5 type] 
Type domain.Car is not enhanced.

[2025-04-22 16:20:16 #6 type] 
Type domain.Ride is not enhanced.

[2025-04-22 16:20:16 #7 type] 
Type domain.Geldialdia is not enhanced.

[2025-04-22 16:20:16 #8 type] 
Type domain.Erreserba is not enhanced.

[2025-04-22 16:20:16 #9 type] 
Type domain.City is not enhanced.

[2025-04-22 16:20:16 #10 type] 
Type domain.Traveler is not enhanced.

------------------------------------------------------------------------------------------------------------------------

[2025-04-22 16:23:43 #1 store] 
Database 'C:\Users\egoit\git\Rides25\src\main\resources\rides.temp' is opened by 12832@LAPTOP-2PN1U6VU

[2025-04-22 16:23:44 #2 type.registry] 
New type domain.User

[2025-04-22 16:23:44 #3 type.registry] 
New type domain.Driver

[2025-04-22 16:23:44 #4 type] 
Type domain.User is not enhanced.

[2025-04-22 16:23:44 #5 type.registry] 
New type domain.Mugimendua

[2025-04-22 16:23:44 #6 type] 
Type domain.Driver is not enhanced.

[2025-04-22 16:23:44 #7 type.registry] 
New type domain.Car

[2025-04-22 16:23:44 #8 type.registry] 
New type domain.Ride

[2025-04-22 16:23:44 #9 type] 
Type domain.Mugimendua is not enhanced.

[2025-04-22 16:23:44 #10 type.registry] 
New type domain.MugimenduMota

[2025-04-22 16:23:44 #11 type] 
Type domain.Car is not enhanced.

[2025-04-22 16:23:44 #12 type] 
Type domain.Ride is not enhanced.

[2025-04-22 16:23:44 #13 type.registry] 
New type domain.Geldialdia

[2025-04-22 16:23:44 #14 type.registry] 
New type domain.RideEgoera

[2025-04-22 16:23:44 #15 type.registry] 
New type domain.Erreserba

[2025-04-22 16:23:44 #16 type] 
Type domain.Geldialdia is not enhanced.

[2025-04-22 16:23:44 #17 type.registry] 
New type domain.City

[2025-04-22 16:23:44 #18 type] 
Type domain.Erreserba is not enhanced.

[2025-04-22 16:23:44 #19 type.registry] 
New type domain.Traveler

[2025-04-22 16:23:44 #20 type.registry] 
New type domain.ErreserbaEgoera

[2025-04-22 16:23:44 #21 type] 
Type domain.City is not enhanced.

[2025-04-22 16:23:44 #22 type] 
Type domain.Traveler is not enhanced.

[2025-04-22 16:23:44 #23 type.registry] 
New type java.util.Vector<java.lang.Object>

[2025-04-22 16:23:44 #24 type.registry] 
New type java.util.Vector<domain.Mugimendua>

[2025-04-22 16:23:44 #25 type.registry] 
New type java.util.Vector<domain.Ride>

[2025-04-22 16:23:44 #26 type.registry] 
New type java.util.Vector<domain.Car>

[2025-04-22 16:24:02 #27 type.registry] 
New type java.util.Vector<domain.Erreserba>

[2025-04-22 16:24:34 #28 type.registry] 
New type java.util.Vector<domain.Geldialdia>

------------------------------------------------------------------------------------------------------------------------

[2025-04-22 16:32:39 #1 store] 
Database 'C:\Users\egoit\git\Rides25\src\main\resources\rides.temp' is opened by 14800@LAPTOP-2PN1U6VU

[2025-04-22 16:32:39 #2 type.registry] 
New type domain.User

[2025-04-22 16:32:39 #3 type.registry] 
New type domain.Driver

[2025-04-22 16:32:39 #4 type] 
Type domain.User is not enhanced.

[2025-04-22 16:32:39 #5 type.registry] 
New type domain.Mugimendua

[2025-04-22 16:32:39 #6 type] 
Type domain.Driver is not enhanced.

[2025-04-22 16:32:39 #7 type.registry] 
New type domain.Car

[2025-04-22 16:32:39 #8 type.registry] 
New type domain.Ride

[2025-04-22 16:32:39 #9 type] 
Type domain.Mugimendua is not enhanced.

[2025-04-22 16:32:39 #10 type.registry] 
New type domain.MugimenduMota

[2025-04-22 16:32:39 #11 type] 
Type domain.Car is not enhanced.

[2025-04-22 16:32:39 #12 type] 
Type domain.Ride is not enhanced.

[2025-04-22 16:32:39 #13 type.registry] 
New type domain.Geldialdia

[2025-04-22 16:32:39 #14 type.registry] 
New type domain.RideEgoera

[2025-04-22 16:32:39 #15 type.registry] 
New type domain.Erreserba

[2025-04-22 16:32:39 #16 type] 
Type domain.Geldialdia is not enhanced.

[2025-04-22 16:32:39 #17 type.registry] 
New type domain.City

[2025-04-22 16:32:39 #18 type] 
Type domain.Erreserba is not enhanced.

[2025-04-22 16:32:39 #19 type.registry] 
New type domain.Traveler

[2025-04-22 16:32:39 #20 type.registry] 
New type domain.ErreserbaEgoera

[2025-04-22 16:32:39 #21 type] 
Type domain.City is not enhanced.

[2025-04-22 16:32:39 #22 type] 
Type domain.Traveler is not enhanced.

[2025-04-22 16:32:39 #23 type.registry] 
New type java.util.Vector<java.lang.Object>

[2025-04-22 16:32:39 #24 type.registry] 
New type java.util.Vector<domain.Mugimendua>

[2025-04-22 16:32:39 #25 type.registry] 
New type java.util.Vector<domain.Ride>

[2025-04-22 16:32:39 #26 type.registry] 
New type java.util.Vector<domain.Car>

[2025-04-22 16:33:00 #27 type.registry] 
New type java.util.Vector<domain.Erreserba>

[2025-04-22 16:33:14 #28 type.registry] 
New type java.util.Vector<domain.Geldialdia>

------------------------------------------------------------------------------------------------------------------------

[2025-04-22 16:39:02 #1 store] 
Database 'C:\Users\egoit\git\Rides25\src\main\resources\rides.temp' is opened by 2648@LAPTOP-2PN1U6VU

[2025-04-22 16:39:02 #2 type.registry] 
New type domain.User

[2025-04-22 16:39:02 #3 type.registry] 
New type domain.Driver

[2025-04-22 16:39:02 #4 type] 
Type domain.User is not enhanced.

[2025-04-22 16:39:02 #5 type.registry] 
New type domain.Mugimendua

[2025-04-22 16:39:02 #6 type] 
Type domain.Driver is not enhanced.

[2025-04-22 16:39:02 #7 type.registry] 
New type domain.Car

[2025-04-22 16:39:02 #8 type.registry] 
New type domain.Ride

[2025-04-22 16:39:02 #9 type] 
Type domain.Mugimendua is not enhanced.

[2025-04-22 16:39:02 #10 type.registry] 
New type domain.MugimenduMota

[2025-04-22 16:39:02 #11 type] 
Type domain.Car is not enhanced.

[2025-04-22 16:39:02 #12 type] 
Type domain.Ride is not enhanced.

[2025-04-22 16:39:02 #13 type.registry] 
New type domain.Geldialdia

[2025-04-22 16:39:02 #14 type.registry] 
New type domain.RideEgoera

[2025-04-22 16:39:02 #15 type.registry] 
New type domain.Erreserba

[2025-04-22 16:39:02 #16 type] 
Type domain.Geldialdia is not enhanced.

[2025-04-22 16:39:02 #17 type.registry] 
New type domain.City

[2025-04-22 16:39:02 #18 type] 
Type domain.Erreserba is not enhanced.

[2025-04-22 16:39:02 #19 type.registry] 
New type domain.Traveler

[2025-04-22 16:39:02 #20 type.registry] 
New type domain.ErreserbaEgoera

[2025-04-22 16:39:02 #21 type] 
Type domain.City is not enhanced.

[2025-04-22 16:39:02 #22 type] 
Type domain.Traveler is not enhanced.

[2025-04-22 16:39:02 #23 type.registry] 
New type java.util.Vector<java.lang.Object>

[2025-04-22 16:39:02 #24 type.registry] 
New type java.util.Vector<domain.Mugimendua>

[2025-04-22 16:39:02 #25 type.registry] 
New type java.util.Vector<domain.Ride>

[2025-04-22 16:39:02 #26 type.registry] 
New type java.util.Vector<domain.Car>

[2025-04-22 16:39:26 #27 type.registry] 
New type java.util.Vector<domain.Erreserba>

[2025-04-22 16:39:57 #28 type.registry] 
New type java.util.Vector<domain.Geldialdia>

------------------------------------------------------------------------------------------------------------------------

[2025-04-22 16:41:20 #1 store] 
Database 'C:\Users\egoit\git\Rides25\src\main\resources\rides.temp' is opened by 780@LAPTOP-2PN1U6VU

[2025-04-22 16:41:20 #2 type.registry] 
New type domain.User

[2025-04-22 16:41:20 #3 type.registry] 
New type domain.Driver

[2025-04-22 16:41:20 #4 type] 
Type domain.User is not enhanced.

[2025-04-22 16:41:20 #5 type.registry] 
New type domain.Mugimendua

[2025-04-22 16:41:20 #6 type] 
Type domain.Driver is not enhanced.

[2025-04-22 16:41:20 #7 type.registry] 
New type domain.Car

[2025-04-22 16:41:20 #8 type.registry] 
New type domain.Ride

[2025-04-22 16:41:20 #9 type] 
Type domain.Mugimendua is not enhanced.

[2025-04-22 16:41:20 #10 type.registry] 
New type domain.MugimenduMota

[2025-04-22 16:41:20 #11 type] 
Type domain.Car is not enhanced.

[2025-04-22 16:41:20 #12 type] 
Type domain.Ride is not enhanced.

[2025-04-22 16:41:20 #13 type.registry] 
New type domain.Geldialdia

[2025-04-22 16:41:20 #14 type.registry] 
New type domain.RideEgoera

[2025-04-22 16:41:20 #15 type.registry] 
New type domain.Erreserba

[2025-04-22 16:41:20 #16 type] 
Type domain.Geldialdia is not enhanced.

[2025-04-22 16:41:20 #17 type.registry] 
New type domain.City

[2025-04-22 16:41:20 #18 type] 
Type domain.Erreserba is not enhanced.

[2025-04-22 16:41:20 #19 type.registry] 
New type domain.Traveler

[2025-04-22 16:41:20 #20 type.registry] 
New type domain.ErreserbaEgoera

[2025-04-22 16:41:20 #21 type] 
Type domain.City is not enhanced.

[2025-04-22 16:41:20 #22 type] 
Type domain.Traveler is not enhanced.

[2025-04-22 16:41:20 #23 type.registry] 
New type java.util.Vector<java.lang.Object>

[2025-04-22 16:41:20 #24 type.registry] 
New type java.util.Vector<domain.Mugimendua>

[2025-04-22 16:41:20 #25 type.registry] 
New type java.util.Vector<domain.Ride>

[2025-04-22 16:41:20 #26 type.registry] 
New type java.util.Vector<domain.Car>

[2025-04-22 16:42:22 #27 type.registry] 
New type java.util.Vector<domain.Erreserba>

[2025-04-22 16:42:34 #28 type.registry] 
New type java.util.Vector<domain.Geldialdia>

------------------------------------------------------------------------------------------------------------------------

[2025-04-22 16:53:28 #1 store] 
Database 'C:\Users\egoit\git\Rides25\src\main\resources\rides.temp' is opened by 14988@LAPTOP-2PN1U6VU

[2025-04-22 16:53:28 #2 type.registry] 
New type domain.User

[2025-04-22 16:53:28 #3 type.registry] 
New type domain.Driver

[2025-04-22 16:53:28 #4 type] 
Type domain.User is not enhanced.

[2025-04-22 16:53:28 #5 type.registry] 
New type domain.Mugimendua

[2025-04-22 16:53:28 #6 type] 
Type domain.Driver is not enhanced.

[2025-04-22 16:53:28 #7 type.registry] 
New type domain.Car

[2025-04-22 16:53:28 #8 type.registry] 
New type domain.Ride

[2025-04-22 16:53:28 #9 type] 
Type domain.Mugimendua is not enhanced.

[2025-04-22 16:53:28 #10 type.registry] 
New type domain.MugimenduMota

[2025-04-22 16:53:28 #11 type] 
Type domain.Car is not enhanced.

[2025-04-22 16:53:28 #12 type] 
Type domain.Ride is not enhanced.

[2025-04-22 16:53:28 #13 type.registry] 
New type domain.Geldialdia

[2025-04-22 16:53:28 #14 type.registry] 
New type domain.RideEgoera

[2025-04-22 16:53:28 #15 type.registry] 
New type domain.Erreserba

[2025-04-22 16:53:28 #16 type] 
Type domain.Geldialdia is not enhanced.

[2025-04-22 16:53:28 #17 type.registry] 
New type domain.City

[2025-04-22 16:53:28 #18 type] 
Type domain.Erreserba is not enhanced.

[2025-04-22 16:53:28 #19 type.registry] 
New type domain.Traveler

[2025-04-22 16:53:28 #20 type.registry] 
New type domain.ErreserbaEgoera

[2025-04-22 16:53:28 #21 type] 
Type domain.City is not enhanced.

[2025-04-22 16:53:28 #22 type] 
Type domain.Traveler is not enhanced.

[2025-04-22 16:53:28 #23 type.registry] 
New type java.util.Vector<java.lang.Object>

[2025-04-22 16:53:28 #24 type.registry] 
New type java.util.Vector<domain.Mugimendua>

[2025-04-22 16:53:28 #25 type.registry] 
New type java.util.Vector<domain.Ride>

[2025-04-22 16:53:28 #26 type.registry] 
New type java.util.Vector<domain.Car>

[2025-04-22 16:53:39 #27 type.registry] 
New type java.util.Vector<domain.Erreserba>

[2025-04-22 16:54:00 #28 type.registry] 
New type java.util.Vector<domain.Geldialdia>

------------------------------------------------------------------------------------------------------------------------

[2025-04-22 18:24:43 #1 store] 
Database 'C:\Users\egoit\git\Rides25\src\main\resources\rides.temp' is opened by 4080@LAPTOP-2PN1U6VU

[2025-04-22 18:24:43 #2 type.registry] 
New type domain.User

[2025-04-22 18:24:43 #3 type.registry] 
New type domain.Driver

[2025-04-22 18:24:43 #4 type] 
Type domain.User is not enhanced.

[2025-04-22 18:24:43 #5 type.registry] 
New type domain.Mugimendua

[2025-04-22 18:24:43 #6 type] 
Type domain.Driver is not enhanced.

[2025-04-22 18:24:43 #7 type.registry] 
New type domain.Car

[2025-04-22 18:24:43 #8 type.registry] 
New type domain.Ride

[2025-04-22 18:24:43 #9 type] 
Type domain.Mugimendua is not enhanced.

[2025-04-22 18:24:43 #10 type.registry] 
New type domain.MugimenduMota

[2025-04-22 18:24:43 #11 type] 
Type domain.Car is not enhanced.

[2025-04-22 18:24:43 #12 type] 
Type domain.Ride is not enhanced.

[2025-04-22 18:24:43 #13 type.registry] 
New type domain.Geldialdia

[2025-04-22 18:24:43 #14 type.registry] 
New type domain.RideEgoera

[2025-04-22 18:24:43 #15 type.registry] 
New type domain.Erreserba

[2025-04-22 18:24:43 #16 type] 
Type domain.Geldialdia is not enhanced.

[2025-04-22 18:24:43 #17 type.registry] 
New type domain.City

[2025-04-22 18:24:43 #18 type] 
Type domain.Erreserba is not enhanced.

[2025-04-22 18:24:43 #19 type.registry] 
New type domain.Traveler

[2025-04-22 18:24:43 #20 type.registry] 
New type domain.ErreserbaEgoera

[2025-04-22 18:24:43 #21 type] 
Type domain.City is not enhanced.

[2025-04-22 18:24:43 #22 type] 
Type domain.Traveler is not enhanced.

[2025-04-22 18:24:43 #23 type.registry] 
New type java.util.Vector<java.lang.Object>

[2025-04-22 18:24:43 #24 type.registry] 
New type java.util.Vector<domain.Mugimendua>

[2025-04-22 18:24:43 #25 type.registry] 
New type java.util.Vector<domain.Ride>

[2025-04-22 18:24:43 #26 type.registry] 
New type java.util.Vector<domain.Car>

[2025-04-22 18:25:02 #27 type.registry] 
New type java.util.Vector<domain.Erreserba>

[2025-04-22 18:25:40 #28 type.registry] 
New type java.util.Vector<domain.Geldialdia>

------------------------------------------------------------------------------------------------------------------------

[2025-04-22 18:41:52 #1 store] 
Database 'C:\Users\egoit\git\Rides25\src\main\resources\rides.temp' is opened by 14656@LAPTOP-2PN1U6VU

[2025-04-22 18:41:52 #2 type.registry] 
New type domain.User

[2025-04-22 18:41:52 #3 type.registry] 
New type domain.Driver

[2025-04-22 18:41:52 #4 type] 
Type domain.User is not enhanced.

[2025-04-22 18:41:52 #5 type.registry] 
New type domain.Mugimendua

[2025-04-22 18:41:52 #6 type] 
Type domain.Driver is not enhanced.

[2025-04-22 18:41:52 #7 type.registry] 
New type domain.Car

[2025-04-22 18:41:52 #8 type.registry] 
New type domain.Ride

[2025-04-22 18:41:52 #9 type] 
Type domain.Mugimendua is not enhanced.

[2025-04-22 18:41:52 #10 type.registry] 
New type domain.MugimenduMota

[2025-04-22 18:41:52 #11 type] 
Type domain.Car is not enhanced.

[2025-04-22 18:41:52 #12 type] 
Type domain.Ride is not enhanced.

[2025-04-22 18:41:52 #13 type.registry] 
New type domain.Geldialdia

[2025-04-22 18:41:52 #14 type.registry] 
New type domain.RideEgoera

[2025-04-22 18:41:52 #15 type.registry] 
New type domain.Erreserba

[2025-04-22 18:41:52 #16 type] 
Type domain.Geldialdia is not enhanced.

[2025-04-22 18:41:52 #17 type.registry] 
New type domain.City

[2025-04-22 18:41:52 #18 type] 
Type domain.Erreserba is not enhanced.

[2025-04-22 18:41:52 #19 type.registry] 
New type domain.Traveler

[2025-04-22 18:41:52 #20 type.registry] 
New type domain.ErreserbaEgoera

[2025-04-22 18:41:52 #21 type] 
Type domain.City is not enhanced.

[2025-04-22 18:41:52 #22 type] 
Type domain.Traveler is not enhanced.

[2025-04-22 18:41:52 #23 type.registry] 
New type java.util.Vector<java.lang.Object>

[2025-04-22 18:41:52 #24 type.registry] 
New type java.util.Vector<domain.Mugimendua>

[2025-04-22 18:41:52 #25 type.registry] 
New type java.util.Vector<domain.Ride>

[2025-04-22 18:41:52 #26 type.registry] 
New type java.util.Vector<domain.Car>

[2025-04-22 18:42:11 #27 type.registry] 
New type java.util.Vector<domain.Erreserba>

[2025-04-22 18:42:26 #28 type.registry] 
New type java.util.Vector<domain.Geldialdia>

------------------------------------------------------------------------------------------------------------------------

[2025-04-22 18:51:40 #1 store] 
Database 'C:\Users\egoit\git\Rides25\src\main\resources\rides.temp' is opened by 12468@LAPTOP-2PN1U6VU

[2025-04-22 18:51:40 #2 type.registry] 
New type domain.User

[2025-04-22 18:51:40 #3 type.registry] 
New type domain.Driver

[2025-04-22 18:51:40 #4 type] 
Type domain.User is not enhanced.

[2025-04-22 18:51:40 #5 type.registry] 
New type domain.Mugimendua

[2025-04-22 18:51:40 #6 type] 
Type domain.Driver is not enhanced.

[2025-04-22 18:51:40 #7 type.registry] 
New type domain.Car

[2025-04-22 18:51:40 #8 type.registry] 
New type domain.Ride

[2025-04-22 18:51:40 #9 type] 
Type domain.Mugimendua is not enhanced.

[2025-04-22 18:51:40 #10 type.registry] 
New type domain.MugimenduMota

[2025-04-22 18:51:40 #11 type] 
Type domain.Car is not enhanced.

[2025-04-22 18:51:40 #12 type] 
Type domain.Ride is not enhanced.

[2025-04-22 18:51:40 #13 type.registry] 
New type domain.Geldialdia

[2025-04-22 18:51:40 #14 type.registry] 
New type domain.RideEgoera

[2025-04-22 18:51:40 #15 type.registry] 
New type domain.Erreserba

[2025-04-22 18:51:40 #16 type] 
Type domain.Geldialdia is not enhanced.

[2025-04-22 18:51:40 #17 type.registry] 
New type domain.City

[2025-04-22 18:51:40 #18 type] 
Type domain.Erreserba is not enhanced.

[2025-04-22 18:51:40 #19 type.registry] 
New type domain.Traveler

[2025-04-22 18:51:40 #20 type.registry] 
New type domain.ErreserbaEgoera

[2025-04-22 18:51:40 #21 type] 
Type domain.City is not enhanced.

[2025-04-22 18:51:40 #22 type] 
Type domain.Traveler is not enhanced.

[2025-04-22 18:51:40 #23 type.registry] 
New type java.util.Vector<java.lang.Object>

[2025-04-22 18:51:40 #24 type.registry] 
New type java.util.Vector<domain.Mugimendua>

[2025-04-22 18:51:40 #25 type.registry] 
New type java.util.Vector<domain.Ride>

[2025-04-22 18:51:40 #26 type.registry] 
New type java.util.Vector<domain.Car>

[2025-04-22 18:51:56 #27 type.registry] 
New type java.util.Vector<domain.Erreserba>

[2025-04-22 18:52:11 #28 type.registry] 
New type java.util.Vector<domain.Geldialdia>

------------------------------------------------------------------------------------------------------------------------

[2025-04-22 19:02:44 #1 store] 
Database 'C:\Users\egoit\git\Rides25\src\main\resources\rides.temp' is opened by 3116@LAPTOP-2PN1U6VU

[2025-04-22 19:02:44 #2 type.registry] 
New type domain.User

[2025-04-22 19:02:44 #3 type.registry] 
New type domain.Driver

[2025-04-22 19:02:44 #4 type] 
Type domain.User is not enhanced.

[2025-04-22 19:02:44 #5 type.registry] 
New type domain.Mugimendua

[2025-04-22 19:02:44 #6 type] 
Type domain.Driver is not enhanced.

[2025-04-22 19:02:44 #7 type.registry] 
New type domain.Car

[2025-04-22 19:02:44 #8 type.registry] 
New type domain.Ride

[2025-04-22 19:02:44 #9 type] 
Type domain.Mugimendua is not enhanced.

[2025-04-22 19:02:44 #10 type.registry] 
New type domain.MugimenduMota

[2025-04-22 19:02:44 #11 type] 
Type domain.Car is not enhanced.

[2025-04-22 19:02:44 #12 type] 
Type domain.Ride is not enhanced.

[2025-04-22 19:02:44 #13 type.registry] 
New type domain.Geldialdia

[2025-04-22 19:02:44 #14 type.registry] 
New type domain.RideEgoera

[2025-04-22 19:02:44 #15 type.registry] 
New type domain.Erreserba

[2025-04-22 19:02:44 #16 type] 
Type domain.Geldialdia is not enhanced.

[2025-04-22 19:02:44 #17 type.registry] 
New type domain.City

[2025-04-22 19:02:44 #18 type] 
Type domain.Erreserba is not enhanced.

[2025-04-22 19:02:44 #19 type.registry] 
New type domain.Traveler

[2025-04-22 19:02:44 #20 type.registry] 
New type domain.ErreserbaEgoera

[2025-04-22 19:02:44 #21 type] 
Type domain.City is not enhanced.

[2025-04-22 19:02:44 #22 type] 
Type domain.Traveler is not enhanced.

[2025-04-22 19:02:44 #23 type.registry] 
New type java.util.Vector<java.lang.Object>

[2025-04-22 19:02:44 #24 type.registry] 
New type java.util.Vector<domain.Mugimendua>

[2025-04-22 19:02:44 #25 type.registry] 
New type java.util.Vector<domain.Ride>

[2025-04-22 19:02:44 #26 type.registry] 
New type java.util.Vector<domain.Car>

[2025-04-22 19:03:03 #27 type.registry] 
New type java.util.Vector<domain.Erreserba>

[2025-04-22 19:03:15 #28 type.registry] 
New type java.util.Vector<domain.Geldialdia>

------------------------------------------------------------------------------------------------------------------------

[2025-04-22 19:11:27 #1 store] 
Database 'C:\Users\egoit\git\Rides25\src\main\resources\rides.temp' is opened by 7928@LAPTOP-2PN1U6VU

[2025-04-22 19:11:27 #2 type.registry] 
New type domain.User

[2025-04-22 19:11:27 #3 type.registry] 
New type domain.Driver

[2025-04-22 19:11:27 #4 type] 
Type domain.User is not enhanced.

[2025-04-22 19:11:27 #5 type.registry] 
New type domain.Mugimendua

[2025-04-22 19:11:27 #6 type] 
Type domain.Driver is not enhanced.

[2025-04-22 19:11:27 #7 type.registry] 
New type domain.Car

[2025-04-22 19:11:27 #8 type.registry] 
New type domain.Ride

[2025-04-22 19:11:27 #9 type] 
Type domain.Mugimendua is not enhanced.

[2025-04-22 19:11:27 #10 type.registry] 
New type domain.MugimenduMota

[2025-04-22 19:11:27 #11 type] 
Type domain.Car is not enhanced.

[2025-04-22 19:11:27 #12 type] 
Type domain.Ride is not enhanced.

[2025-04-22 19:11:28 #13 type.registry] 
New type domain.Geldialdia

[2025-04-22 19:11:28 #14 type.registry] 
New type domain.RideEgoera

[2025-04-22 19:11:28 #15 type.registry] 
New type domain.Erreserba

[2025-04-22 19:11:28 #16 type] 
Type domain.Geldialdia is not enhanced.

[2025-04-22 19:11:28 #17 type.registry] 
New type domain.City

[2025-04-22 19:11:28 #18 type] 
Type domain.Erreserba is not enhanced.

[2025-04-22 19:11:28 #19 type.registry] 
New type domain.Traveler

[2025-04-22 19:11:28 #20 type.registry] 
New type domain.ErreserbaEgoera

[2025-04-22 19:11:28 #21 type] 
Type domain.City is not enhanced.

[2025-04-22 19:11:28 #22 type] 
Type domain.Traveler is not enhanced.

[2025-04-22 19:11:28 #23 type.registry] 
New type java.util.Vector<java.lang.Object>

[2025-04-22 19:11:28 #24 type.registry] 
New type java.util.Vector<domain.Mugimendua>

[2025-04-22 19:11:28 #25 type.registry] 
New type java.util.Vector<domain.Ride>

[2025-04-22 19:11:28 #26 type.registry] 
New type java.util.Vector<domain.Car>

[2025-04-22 19:11:43 #27 type.registry] 
New type java.util.Vector<domain.Erreserba>

[2025-04-22 19:11:57 #28 type.registry] 
New type java.util.Vector<domain.Geldialdia>

------------------------------------------------------------------------------------------------------------------------

[2025-04-22 19:17:40 #1 store] 
Database 'C:\Users\egoit\git\Rides25\src\main\resources\rides.temp' is opened by 1884@LAPTOP-2PN1U6VU

[2025-04-22 19:17:41 #2 type.registry] 
New type domain.User

[2025-04-22 19:17:41 #3 type.registry] 
New type domain.Driver

[2025-04-22 19:17:41 #4 type] 
Type domain.User is not enhanced.

[2025-04-22 19:17:41 #5 type.registry] 
New type domain.Mugimendua

[2025-04-22 19:17:41 #6 type] 
Type domain.Driver is not enhanced.

[2025-04-22 19:17:41 #7 type.registry] 
New type domain.Car

[2025-04-22 19:17:41 #8 type.registry] 
New type domain.Ride

[2025-04-22 19:17:41 #9 type] 
Type domain.Mugimendua is not enhanced.

[2025-04-22 19:17:41 #10 type.registry] 
New type domain.MugimenduMota

[2025-04-22 19:17:41 #11 type] 
Type domain.Car is not enhanced.

[2025-04-22 19:17:41 #12 type] 
Type domain.Ride is not enhanced.

[2025-04-22 19:17:41 #13 type.registry] 
New type domain.Geldialdia

[2025-04-22 19:17:41 #14 type.registry] 
New type domain.RideEgoera

[2025-04-22 19:17:41 #15 type.registry] 
New type domain.Erreserba

[2025-04-22 19:17:41 #16 type] 
Type domain.Geldialdia is not enhanced.

[2025-04-22 19:17:41 #17 type.registry] 
New type domain.City

[2025-04-22 19:17:41 #18 type] 
Type domain.Erreserba is not enhanced.

[2025-04-22 19:17:41 #19 type.registry] 
New type domain.Traveler

[2025-04-22 19:17:41 #20 type.registry] 
New type domain.ErreserbaEgoera

[2025-04-22 19:17:41 #21 type] 
Type domain.City is not enhanced.

[2025-04-22 19:17:41 #22 type] 
Type domain.Traveler is not enhanced.

[2025-04-22 19:17:41 #23 type.registry] 
New type java.util.Vector<java.lang.Object>

[2025-04-22 19:17:41 #24 type.registry] 
New type java.util.Vector<domain.Mugimendua>

[2025-04-22 19:17:41 #25 type.registry] 
New type java.util.Vector<domain.Ride>

[2025-04-22 19:17:41 #26 type.registry] 
New type java.util.Vector<domain.Car>

------------------------------------------------------------------------------------------------------------------------

[2025-04-22 19:18:05 #1 store] 
Database 'C:\Users\egoit\git\Rides25\src\main\resources\rides.temp' is opened by 8492@LAPTOP-2PN1U6VU

[2025-04-22 19:18:05 #2 type.registry] 
New type domain.User

[2025-04-22 19:18:05 #3 type.registry] 
New type domain.Driver

[2025-04-22 19:18:05 #4 type] 
Type domain.User is not enhanced.

[2025-04-22 19:18:05 #5 type.registry] 
New type domain.Mugimendua

[2025-04-22 19:18:05 #6 type] 
Type domain.Driver is not enhanced.

[2025-04-22 19:18:05 #7 type.registry] 
New type domain.Car

[2025-04-22 19:18:05 #8 type.registry] 
New type domain.Ride

[2025-04-22 19:18:05 #9 type] 
Type domain.Mugimendua is not enhanced.

[2025-04-22 19:18:05 #10 type.registry] 
New type domain.MugimenduMota

[2025-04-22 19:18:05 #11 type] 
Type domain.Car is not enhanced.

[2025-04-22 19:18:05 #12 type] 
Type domain.Ride is not enhanced.

[2025-04-22 19:18:05 #13 type.registry] 
New type domain.Geldialdia

[2025-04-22 19:18:05 #14 type.registry] 
New type domain.RideEgoera

[2025-04-22 19:18:05 #15 type.registry] 
New type domain.Erreserba

[2025-04-22 19:18:05 #16 type] 
Type domain.Geldialdia is not enhanced.

[2025-04-22 19:18:05 #17 type.registry] 
New type domain.City

[2025-04-22 19:18:05 #18 type] 
Type domain.Erreserba is not enhanced.

[2025-04-22 19:18:05 #19 type.registry] 
New type domain.Traveler

[2025-04-22 19:18:05 #20 type.registry] 
New type domain.ErreserbaEgoera

[2025-04-22 19:18:05 #21 type] 
Type domain.City is not enhanced.

[2025-04-22 19:18:05 #22 type] 
Type domain.Traveler is not enhanced.

[2025-04-22 19:18:05 #23 type.registry] 
New type java.util.Vector<java.lang.Object>

[2025-04-22 19:18:05 #24 type.registry] 
New type java.util.Vector<domain.Mugimendua>

[2025-04-22 19:18:05 #25 type.registry] 
New type java.util.Vector<domain.Ride>

[2025-04-22 19:18:05 #26 type.registry] 
New type java.util.Vector<domain.Car>

[2025-04-22 19:18:19 #27 type.registry] 
New type java.util.Vector<domain.Erreserba>

[2025-04-22 19:18:32 #28 type.registry] 
New type java.util.Vector<domain.Geldialdia>

