------------------------------------------------------------------------------------------------------------------------

[2025-05-03 11:25:30 #1 store] 
Database 'C:\Users\egoit\git\Rides25\src\main\resources\rides.temp' has been recovered (tr. 1-19)

[2025-05-03 11:25:30 #2 store] 
Database 'C:\Users\egoit\git\Rides25\src\main\resources\rides.temp' is opened by 11208@LAPTOP-2PN1U6VU

[2025-05-03 11:25:30 #3 type] 
Type domain.User is not enhanced.

[2025-05-03 11:25:30 #4 type] 
Type domain.Driver is not enhanced.

[2025-05-03 11:25:30 #5 type] 
Type domain.Balorazioa is not enhanced.

[2025-05-03 11:25:30 #6 type] 
Type domain.Mugimendua is not enhanced.

[2025-05-03 11:25:30 #7 type] 
Type domain.Car is not enhanced.

[2025-05-03 11:25:30 #8 type] 
Type domain.Ride is not enhanced.

[2025-05-03 11:25:30 #9 type] 
Type domain.Erreserba is not enhanced.

[2025-05-03 11:25:30 #10 type] 
Type domain.Traveler is not enhanced.

[2025-05-03 11:25:30 #11 type] 
Type domain.Alerta is not enhanced.

------------------------------------------------------------------------------------------------------------------------

[2025-05-03 11:45:29 #1 store] 
Database 'C:\Users\egoit\git\Rides25\src\main\resources\rides.temp' is opened by 15036@LAPTOP-2PN1U6VU

[2025-05-03 11:45:30 #2 type] 
Type domain.User is not enhanced.

[2025-05-03 11:45:30 #3 type] 
Type domain.Driver is not enhanced.

[2025-05-03 11:45:30 #4 type] 
Type domain.Balorazioa is not enhanced.

[2025-05-03 11:45:30 #5 type] 
Type domain.Mugimendua is not enhanced.

[2025-05-03 11:45:30 #6 type] 
Type domain.Car is not enhanced.

[2025-05-03 11:45:30 #7 type] 
Type domain.Ride is not enhanced.

[2025-05-03 11:45:30 #8 type] 
Type domain.Erreserba is not enhanced.

[2025-05-03 11:45:30 #9 type] 
Type domain.Traveler is not enhanced.

[2025-05-03 11:45:30 #10 type] 
Type domain.Alerta is not enhanced.

------------------------------------------------------------------------------------------------------------------------

[2025-05-03 11:46:14 #1 store] 
Database 'C:\Users\egoit\git\Rides25\src\main\resources\rides.temp' is opened by 3740@LAPTOP-2PN1U6VU

[2025-05-03 11:46:14 #2 type] 
Type domain.User is not enhanced.

[2025-05-03 11:46:14 #3 type] 
Type domain.Driver is not enhanced.

[2025-05-03 11:46:14 #4 type] 
Type domain.Balorazioa is not enhanced.

[2025-05-03 11:46:14 #5 type] 
Type domain.Mugimendua is not enhanced.

[2025-05-03 11:46:14 #6 type] 
Type domain.Car is not enhanced.

[2025-05-03 11:46:14 #7 type] 
Type domain.Ride is not enhanced.

[2025-05-03 11:46:14 #8 type] 
Type domain.Erreserba is not enhanced.

[2025-05-03 11:46:14 #9 type] 
Type domain.Traveler is not enhanced.

[2025-05-03 11:46:14 #10 type] 
Type domain.Alerta is not enhanced.

------------------------------------------------------------------------------------------------------------------------

[2025-05-03 11:48:18 #1 store] 
Database 'C:\Users\egoit\git\Rides25\src\main\resources\rides.temp' has been recovered (tr. 20-20)

[2025-05-03 11:48:18 #2 store] 
Database 'C:\Users\egoit\git\Rides25\src\main\resources\rides.temp' is opened by 10276@LAPTOP-2PN1U6VU

[2025-05-03 11:48:18 #3 type] 
Type domain.User is not enhanced.

[2025-05-03 11:48:18 #4 type] 
Type domain.Driver is not enhanced.

[2025-05-03 11:48:18 #5 type] 
Type domain.Balorazioa is not enhanced.

[2025-05-03 11:48:18 #6 type] 
Type domain.Mugimendua is not enhanced.

[2025-05-03 11:48:18 #7 type] 
Type domain.Car is not enhanced.

[2025-05-03 11:48:18 #8 type] 
Type domain.Ride is not enhanced.

[2025-05-03 11:48:18 #9 type] 
Type domain.Erreserba is not enhanced.

[2025-05-03 11:48:18 #10 type] 
Type domain.Traveler is not enhanced.

[2025-05-03 11:48:18 #11 type] 
Type domain.Alerta is not enhanced.

------------------------------------------------------------------------------------------------------------------------

[2025-05-03 12:12:57 #1 store] 
Database 'C:\Users\egoit\git\Rides25\src\main\resources\rides.temp' has been recovered (tr. 21-30)

[2025-05-03 12:12:57 #2 store] 
Database 'C:\Users\egoit\git\Rides25\src\main\resources\rides.temp' is opened by 19264@LAPTOP-2PN1U6VU

[2025-05-03 12:12:57 #3 type] 
Type domain.User is not enhanced.

[2025-05-03 12:12:57 #4 type] 
Type domain.Driver is not enhanced.

[2025-05-03 12:12:57 #5 type] 
Type domain.Balorazioa is not enhanced.

[2025-05-03 12:12:57 #6 type] 
Type domain.Mugimendua is not enhanced.

[2025-05-03 12:12:57 #7 type] 
Type domain.Car is not enhanced.

[2025-05-03 12:12:57 #8 type] 
Type domain.Ride is not enhanced.

[2025-05-03 12:12:57 #9 type] 
Type domain.Erreserba is not enhanced.

[2025-05-03 12:12:57 #10 type] 
Type domain.Traveler is not enhanced.

[2025-05-03 12:12:57 #11 type] 
Type domain.Alerta is not enhanced.

------------------------------------------------------------------------------------------------------------------------

[2025-05-03 12:13:31 #1 store] 
Database 'C:\Users\egoit\git\Rides25\src\main\resources\rides.temp' is opened by 9368@LAPTOP-2PN1U6VU

[2025-05-03 12:13:31 #2 type] 
Type domain.User is not enhanced.

[2025-05-03 12:13:31 #3 type] 
Type domain.Driver is not enhanced.

[2025-05-03 12:13:31 #4 type] 
Type domain.Balorazioa is not enhanced.

[2025-05-03 12:13:31 #5 type] 
Type domain.Mugimendua is not enhanced.

[2025-05-03 12:13:31 #6 type] 
Type domain.Car is not enhanced.

[2025-05-03 12:13:31 #7 type] 
Type domain.Ride is not enhanced.

[2025-05-03 12:13:31 #8 type] 
Type domain.Erreserba is not enhanced.

[2025-05-03 12:13:31 #9 type] 
Type domain.Traveler is not enhanced.

[2025-05-03 12:13:31 #10 type] 
Type domain.Alerta is not enhanced.

------------------------------------------------------------------------------------------------------------------------

[2025-05-03 12:33:20 #1 store] 
Database 'C:\Users\egoit\git\Rides25\src\main\resources\rides.temp' is opened by 20248@LAPTOP-2PN1U6VU

[2025-05-03 12:33:20 #2 type] 
Type domain.User is not enhanced.

[2025-05-03 12:33:20 #3 type] 
Type domain.Driver is not enhanced.

[2025-05-03 12:33:20 #4 type] 
Type domain.Balorazioa is not enhanced.

[2025-05-03 12:33:20 #5 type] 
Type domain.Mugimendua is not enhanced.

[2025-05-03 12:33:20 #6 type] 
Type domain.Car is not enhanced.

[2025-05-03 12:33:20 #7 type] 
Type domain.Ride is not enhanced.

[2025-05-03 12:33:20 #8 type] 
Type domain.Erreserba is not enhanced.

[2025-05-03 12:33:20 #9 type] 
Type domain.Traveler is not enhanced.

[2025-05-03 12:33:20 #10 type] 
Type domain.Alerta is not enhanced.

------------------------------------------------------------------------------------------------------------------------

[2025-05-03 12:36:08 #1 store] 
Database 'C:\Users\egoit\git\Rides25\src\main\resources\rides.temp' has been recovered (tr. 31-33)

[2025-05-03 12:36:08 #2 store] 
Database 'C:\Users\egoit\git\Rides25\src\main\resources\rides.temp' is opened by 18296@LAPTOP-2PN1U6VU

[2025-05-03 12:36:08 #3 type] 
Type domain.User is not enhanced.

[2025-05-03 12:36:08 #4 type] 
Type domain.Driver is not enhanced.

[2025-05-03 12:36:08 #5 type] 
Type domain.Balorazioa is not enhanced.

[2025-05-03 12:36:08 #6 type] 
Type domain.Mugimendua is not enhanced.

[2025-05-03 12:36:08 #7 type] 
Type domain.Car is not enhanced.

[2025-05-03 12:36:08 #8 type] 
Type domain.Ride is not enhanced.

[2025-05-03 12:36:08 #9 type] 
Type domain.Erreserba is not enhanced.

[2025-05-03 12:36:08 #10 type] 
Type domain.Traveler is not enhanced.

[2025-05-03 12:36:08 #11 type] 
Type domain.Alerta is not enhanced.

[2025-05-03 12:37:37 #12 type.registry] 
New type java.util.Vector<java.lang.String>

------------------------------------------------------------------------------------------------------------------------

[2025-05-03 12:41:11 #1 store] 
Database 'C:\Users\egoit\git\Rides25\src\main\resources\rides.temp' is opened by 15908@LAPTOP-2PN1U6VU

[2025-05-03 12:41:12 #2 type] 
Type domain.User is not enhanced.

[2025-05-03 12:41:12 #3 type] 
Type domain.Driver is not enhanced.

[2025-05-03 12:41:12 #4 type] 
Type domain.Balorazioa is not enhanced.

[2025-05-03 12:41:12 #5 type] 
Type domain.Mugimendua is not enhanced.

[2025-05-03 12:41:12 #6 type] 
Type domain.Car is not enhanced.

[2025-05-03 12:41:12 #7 type] 
Type domain.Ride is not enhanced.

[2025-05-03 12:41:12 #8 type] 
Type domain.Erreserba is not enhanced.

[2025-05-03 12:41:12 #9 type] 
Type domain.Traveler is not enhanced.

[2025-05-03 12:41:12 #10 type] 
Type domain.Alerta is not enhanced.

------------------------------------------------------------------------------------------------------------------------

[2025-05-03 12:42:33 #1 store] 
Database 'C:\Users\egoit\git\Rides25\src\main\resources\rides.temp' is opened by 9024@LAPTOP-2PN1U6VU

[2025-05-03 12:42:33 #2 type] 
Type domain.User is not enhanced.

[2025-05-03 12:42:33 #3 type] 
Type domain.Driver is not enhanced.

[2025-05-03 12:42:33 #4 type] 
Type domain.Balorazioa is not enhanced.

[2025-05-03 12:42:33 #5 type] 
Type domain.Mugimendua is not enhanced.

[2025-05-03 12:42:33 #6 type] 
Type domain.Car is not enhanced.

[2025-05-03 12:42:33 #7 type] 
Type domain.Ride is not enhanced.

[2025-05-03 12:42:33 #8 type] 
Type domain.Erreserba is not enhanced.

[2025-05-03 12:42:33 #9 type] 
Type domain.Traveler is not enhanced.

[2025-05-03 12:42:33 #10 type] 
Type domain.Alerta is not enhanced.

------------------------------------------------------------------------------------------------------------------------

[2025-05-03 12:43:09 #1 store] 
Database 'C:\Users\egoit\git\Rides25\src\main\resources\rides.temp' is opened by 15920@LAPTOP-2PN1U6VU

[2025-05-03 12:43:09 #2 type] 
Type domain.User is not enhanced.

[2025-05-03 12:43:09 #3 type] 
Type domain.Driver is not enhanced.

[2025-05-03 12:43:09 #4 type] 
Type domain.Balorazioa is not enhanced.

[2025-05-03 12:43:09 #5 type] 
Type domain.Mugimendua is not enhanced.

[2025-05-03 12:43:09 #6 type] 
Type domain.Car is not enhanced.

[2025-05-03 12:43:09 #7 type] 
Type domain.Ride is not enhanced.

[2025-05-03 12:43:09 #8 type] 
Type domain.Erreserba is not enhanced.

[2025-05-03 12:43:09 #9 type] 
Type domain.Traveler is not enhanced.

[2025-05-03 12:43:09 #10 type] 
Type domain.Alerta is not enhanced.

------------------------------------------------------------------------------------------------------------------------

[2025-05-03 12:46:50 #1 store] 
Database 'C:\Users\egoit\git\Rides25\src\main\resources\rides.temp' is opened by 3740@LAPTOP-2PN1U6VU

[2025-05-03 12:46:50 #2 type] 
Type domain.User is not enhanced.

[2025-05-03 12:46:50 #3 type] 
Type domain.Driver is not enhanced.

[2025-05-03 12:46:50 #4 type] 
Type domain.Balorazioa is not enhanced.

[2025-05-03 12:46:50 #5 type] 
Type domain.Mugimendua is not enhanced.

[2025-05-03 12:46:50 #6 type] 
Type domain.Car is not enhanced.

[2025-05-03 12:46:50 #7 type] 
Type domain.Ride is not enhanced.

[2025-05-03 12:46:50 #8 type] 
Type domain.Erreserba is not enhanced.

[2025-05-03 12:46:50 #9 type] 
Type domain.Traveler is not enhanced.

[2025-05-03 12:46:50 #10 type] 
Type domain.Alerta is not enhanced.

------------------------------------------------------------------------------------------------------------------------

[2025-05-03 12:49:59 #1 store] 
Database 'C:\Users\egoit\git\Rides25\src\main\resources\rides.temp' is opened by 5080@LAPTOP-2PN1U6VU

[2025-05-03 12:50:00 #2 type.registry] 
New type domain.User

[2025-05-03 12:50:00 #3 type.registry] 
New type domain.Driver

[2025-05-03 12:50:00 #4 type] 
Type domain.User is not enhanced.

[2025-05-03 12:50:00 #5 type.registry] 
New type domain.Balorazioa

[2025-05-03 12:50:00 #6 type.registry] 
New type domain.Mugimendua

[2025-05-03 12:50:00 #7 type] 
Type domain.Driver is not enhanced.

[2025-05-03 12:50:00 #8 type.registry] 
New type domain.Car

[2025-05-03 12:50:00 #9 type.registry] 
New type domain.Ride

[2025-05-03 12:50:00 #10 type] 
Type domain.Balorazioa is not enhanced.

[2025-05-03 12:50:00 #11 type.registry] 
New type domain.Erreserba

[2025-05-03 12:50:00 #12 type] 
Type domain.Mugimendua is not enhanced.

[2025-05-03 12:50:00 #13 type.registry] 
New type domain.MugimenduMota

[2025-05-03 12:50:00 #14 type] 
Type domain.Car is not enhanced.

[2025-05-03 12:50:00 #15 type] 
Type domain.Ride is not enhanced.

[2025-05-03 12:50:00 #16 type.registry] 
New type domain.RideEgoera

[2025-05-03 12:50:00 #17 type] 
Type domain.Erreserba is not enhanced.

[2025-05-03 12:50:00 #18 type.registry] 
New type domain.Traveler

[2025-05-03 12:50:00 #19 type.registry] 
New type domain.ErreserbaEgoera

[2025-05-03 12:50:00 #20 type] 
Type domain.Traveler is not enhanced.

[2025-05-03 12:50:00 #21 type.registry] 
New type domain.Alerta

[2025-05-03 12:50:00 #22 type] 
Type domain.Alerta is not enhanced.

[2025-05-03 12:50:00 #23 type.registry] 
New type domain.AlertaEgoera

[2025-05-03 12:50:00 #24 type.registry] 
New type java.util.Vector<java.lang.Object>

[2025-05-03 12:50:00 #25 type.registry] 
New type java.util.Vector<domain.Mugimendua>

[2025-05-03 12:50:00 #26 type.registry] 
New type java.util.Vector<domain.Balorazioa>

[2025-05-03 12:50:00 #27 type.registry] 
New type java.util.Vector<domain.Ride>

[2025-05-03 12:50:00 #28 type.registry] 
New type java.util.Vector<domain.Car>

[2025-05-03 12:50:00 #29 type.registry] 
New type java.util.Vector<domain.Erreserba>

[2025-05-03 12:50:00 #30 type.registry] 
New type java.util.Vector<domain.Alerta>

[2025-05-03 12:50:23 #31 type.registry] 
New type java.util.ArrayList<java.lang.Object>

[2025-05-03 12:50:23 #32 type.registry] 
New type java.util.ArrayList<java.lang.String>

------------------------------------------------------------------------------------------------------------------------

[2025-05-03 12:53:20 #1 store] 
Database 'C:\Users\egoit\git\Rides25\src\main\resources\rides.temp' is opened by 13188@LAPTOP-2PN1U6VU

[2025-05-03 12:53:21 #2 type] 
Type domain.User is not enhanced.

[2025-05-03 12:53:21 #3 type] 
Type domain.Driver is not enhanced.

[2025-05-03 12:53:21 #4 type] 
Type domain.Balorazioa is not enhanced.

[2025-05-03 12:53:21 #5 type] 
Type domain.Mugimendua is not enhanced.

[2025-05-03 12:53:21 #6 type] 
Type domain.Car is not enhanced.

[2025-05-03 12:53:21 #7 type] 
Type domain.Ride is not enhanced.

[2025-05-03 12:53:21 #8 type] 
Type domain.Erreserba is not enhanced.

[2025-05-03 12:53:21 #9 type] 
Type domain.Traveler is not enhanced.

[2025-05-03 12:53:21 #10 type] 
Type domain.Alerta is not enhanced.

------------------------------------------------------------------------------------------------------------------------

[2025-05-03 12:56:30 #1 store] 
Database 'C:\Users\egoit\git\Rides25\src\main\resources\rides.temp' has been recovered (tr. 21-23)

[2025-05-03 12:56:30 #2 store] 
Database 'C:\Users\egoit\git\Rides25\src\main\resources\rides.temp' is opened by 2828@LAPTOP-2PN1U6VU

[2025-05-03 12:56:30 #3 type] 
Type domain.User is not enhanced.

[2025-05-03 12:56:30 #4 type] 
Type domain.Driver is not enhanced.

[2025-05-03 12:56:30 #5 type] 
Type domain.Balorazioa is not enhanced.

[2025-05-03 12:56:30 #6 type] 
Type domain.Mugimendua is not enhanced.

[2025-05-03 12:56:30 #7 type] 
Type domain.Car is not enhanced.

[2025-05-03 12:56:30 #8 type] 
Type domain.Ride is not enhanced.

[2025-05-03 12:56:30 #9 type] 
Type domain.Erreserba is not enhanced.

[2025-05-03 12:56:30 #10 type] 
Type domain.Traveler is not enhanced.

[2025-05-03 12:56:30 #11 type] 
Type domain.Alerta is not enhanced.

------------------------------------------------------------------------------------------------------------------------

[2025-05-03 12:58:01 #1 store] 
Database 'C:\Users\egoit\git\Rides25\src\main\resources\rides.temp' has been recovered (tr. 24-26)

[2025-05-03 12:58:01 #2 store] 
Database 'C:\Users\egoit\git\Rides25\src\main\resources\rides.temp' is opened by 12248@LAPTOP-2PN1U6VU

[2025-05-03 12:58:01 #3 type] 
Type domain.User is not enhanced.

[2025-05-03 12:58:01 #4 type] 
Type domain.Driver is not enhanced.

[2025-05-03 12:58:01 #5 type] 
Type domain.Balorazioa is not enhanced.

[2025-05-03 12:58:01 #6 type] 
Type domain.Mugimendua is not enhanced.

[2025-05-03 12:58:01 #7 type] 
Type domain.Car is not enhanced.

[2025-05-03 12:58:01 #8 type] 
Type domain.Ride is not enhanced.

[2025-05-03 12:58:01 #9 type] 
Type domain.Erreserba is not enhanced.

[2025-05-03 12:58:01 #10 type] 
Type domain.Traveler is not enhanced.

[2025-05-03 12:58:01 #11 type] 
Type domain.Alerta is not enhanced.

------------------------------------------------------------------------------------------------------------------------

[2025-05-03 13:01:41 #1 store] 
Database 'C:\Users\egoit\git\Rides25\src\main\resources\rides.temp' is opened by 10992@LAPTOP-2PN1U6VU

[2025-05-03 13:01:41 #2 type] 
Type domain.User is not enhanced.

[2025-05-03 13:01:41 #3 type] 
Type domain.Driver is not enhanced.

[2025-05-03 13:01:41 #4 type] 
Type domain.Balorazioa is not enhanced.

[2025-05-03 13:01:41 #5 type] 
Type domain.Mugimendua is not enhanced.

[2025-05-03 13:01:41 #6 type] 
Type domain.Car is not enhanced.

[2025-05-03 13:01:41 #7 type] 
Type domain.Ride is not enhanced.

[2025-05-03 13:01:41 #8 type] 
Type domain.Erreserba is not enhanced.

[2025-05-03 13:01:41 #9 type] 
Type domain.Traveler is not enhanced.

[2025-05-03 13:01:41 #10 type] 
Type domain.Alerta is not enhanced.

------------------------------------------------------------------------------------------------------------------------

[2025-05-03 13:05:23 #1 store] 
Database 'C:\Users\egoit\git\Rides25\src\main\resources\rides.temp' is opened by 13828@LAPTOP-2PN1U6VU

[2025-05-03 13:05:23 #2 type.registry] 
New type domain.User

[2025-05-03 13:05:23 #3 type.registry] 
New type domain.Driver

[2025-05-03 13:05:23 #4 type] 
Type domain.User is not enhanced.

[2025-05-03 13:05:23 #5 type.registry] 
New type domain.Balorazioa

[2025-05-03 13:05:23 #6 type.registry] 
New type domain.Mugimendua

[2025-05-03 13:05:23 #7 type] 
Type domain.Driver is not enhanced.

[2025-05-03 13:05:23 #8 type.registry] 
New type domain.Car

[2025-05-03 13:05:23 #9 type.registry] 
New type domain.Ride

[2025-05-03 13:05:23 #10 type] 
Type domain.Balorazioa is not enhanced.

[2025-05-03 13:05:23 #11 type.registry] 
New type domain.Erreserba

[2025-05-03 13:05:23 #12 type] 
Type domain.Mugimendua is not enhanced.

[2025-05-03 13:05:23 #13 type.registry] 
New type domain.MugimenduMota

[2025-05-03 13:05:23 #14 type] 
Type domain.Car is not enhanced.

[2025-05-03 13:05:23 #15 type] 
Type domain.Ride is not enhanced.

[2025-05-03 13:05:23 #16 type.registry] 
New type domain.RideEgoera

[2025-05-03 13:05:23 #17 type] 
Type domain.Erreserba is not enhanced.

[2025-05-03 13:05:23 #18 type.registry] 
New type domain.Traveler

[2025-05-03 13:05:23 #19 type.registry] 
New type domain.ErreserbaEgoera

[2025-05-03 13:05:23 #20 type] 
Type domain.Traveler is not enhanced.

[2025-05-03 13:05:23 #21 type.registry] 
New type domain.Alerta

[2025-05-03 13:05:23 #22 type] 
Type domain.Alerta is not enhanced.

[2025-05-03 13:05:23 #23 type.registry] 
New type domain.AlertaEgoera

[2025-05-03 13:05:23 #24 type.registry] 
New type java.util.Vector<java.lang.Object>

[2025-05-03 13:05:23 #25 type.registry] 
New type java.util.Vector<domain.Mugimendua>

[2025-05-03 13:05:23 #26 type.registry] 
New type java.util.Vector<domain.Balorazioa>

[2025-05-03 13:05:23 #27 type.registry] 
New type java.util.Vector<domain.Ride>

[2025-05-03 13:05:23 #28 type.registry] 
New type java.util.Vector<domain.Car>

[2025-05-03 13:05:23 #29 type.registry] 
New type java.util.Vector<domain.Erreserba>

[2025-05-03 13:05:23 #30 type.registry] 
New type java.util.Vector<domain.Alerta>

[2025-05-03 13:05:53 #31 type.registry] 
New type java.util.ArrayList<java.lang.Object>

[2025-05-03 13:05:53 #32 type.registry] 
New type java.util.ArrayList<java.lang.String>

------------------------------------------------------------------------------------------------------------------------

[2025-05-03 13:08:49 #1 store] 
Database 'C:\Users\egoit\git\Rides25\src\main\resources\rides.temp' is opened by 4616@LAPTOP-2PN1U6VU

[2025-05-03 13:08:49 #2 type] 
Type domain.User is not enhanced.

[2025-05-03 13:08:49 #3 type] 
Type domain.Driver is not enhanced.

[2025-05-03 13:08:49 #4 type] 
Type domain.Balorazioa is not enhanced.

[2025-05-03 13:08:49 #5 type] 
Type domain.Mugimendua is not enhanced.

[2025-05-03 13:08:49 #6 type] 
Type domain.Car is not enhanced.

[2025-05-03 13:08:49 #7 type] 
Type domain.Ride is not enhanced.

[2025-05-03 13:08:49 #8 type] 
Type domain.Erreserba is not enhanced.

[2025-05-03 13:08:49 #9 type] 
Type domain.Traveler is not enhanced.

[2025-05-03 13:08:49 #10 type] 
Type domain.Alerta is not enhanced.

------------------------------------------------------------------------------------------------------------------------

[2025-05-03 13:14:36 #1 store] 
Database 'C:\Users\egoit\git\Rides25\src\main\resources\rides.temp' is opened by 15964@LAPTOP-2PN1U6VU

[2025-05-03 13:14:36 #2 type] 
Type domain.User is not enhanced.

[2025-05-03 13:14:36 #3 type] 
Type domain.Driver is not enhanced.

[2025-05-03 13:14:36 #4 type] 
Type domain.Balorazioa is not enhanced.

[2025-05-03 13:14:36 #5 type] 
Type domain.Mugimendua is not enhanced.

[2025-05-03 13:14:36 #6 type] 
Type domain.Car is not enhanced.

[2025-05-03 13:14:36 #7 type] 
Type domain.Ride is not enhanced.

[2025-05-03 13:14:36 #8 type] 
Type domain.Erreserba is not enhanced.

[2025-05-03 13:14:36 #9 type] 
Type domain.Traveler is not enhanced.

[2025-05-03 13:14:36 #10 type] 
Type domain.Alerta is not enhanced.

------------------------------------------------------------------------------------------------------------------------

[2025-05-03 13:18:58 #1 store] 
Database 'C:\Users\egoit\git\Rides25\src\main\resources\rides.temp' has been recovered (tr. 26-31)

[2025-05-03 13:18:58 #2 store] 
Database 'C:\Users\egoit\git\Rides25\src\main\resources\rides.temp' is opened by 8644@LAPTOP-2PN1U6VU

[2025-05-03 13:18:58 #3 type] 
Type domain.User is not enhanced.

[2025-05-03 13:18:58 #4 type] 
Type domain.Driver is not enhanced.

[2025-05-03 13:18:58 #5 type] 
Type domain.Balorazioa is not enhanced.

[2025-05-03 13:18:58 #6 type] 
Type domain.Mugimendua is not enhanced.

[2025-05-03 13:18:58 #7 type] 
Type domain.Car is not enhanced.

[2025-05-03 13:18:58 #8 type] 
Type domain.Ride is not enhanced.

[2025-05-03 13:18:58 #9 type] 
Type domain.Erreserba is not enhanced.

[2025-05-03 13:18:58 #10 type] 
Type domain.Traveler is not enhanced.

[2025-05-03 13:18:58 #11 type] 
Type domain.Alerta is not enhanced.

------------------------------------------------------------------------------------------------------------------------

[2025-05-03 13:20:04 #1 store] 
Database 'C:\Users\egoit\git\Rides25\src\main\resources\rides.temp' is opened by 7624@LAPTOP-2PN1U6VU

[2025-05-03 13:20:04 #2 type] 
Type domain.User is not enhanced.

[2025-05-03 13:20:04 #3 type] 
Type domain.Driver is not enhanced.

[2025-05-03 13:20:04 #4 type] 
Type domain.Balorazioa is not enhanced.

[2025-05-03 13:20:04 #5 type] 
Type domain.Mugimendua is not enhanced.

[2025-05-03 13:20:04 #6 type] 
Type domain.Car is not enhanced.

[2025-05-03 13:20:04 #7 type] 
Type domain.Ride is not enhanced.

[2025-05-03 13:20:04 #8 type] 
Type domain.Erreserba is not enhanced.

[2025-05-03 13:20:04 #9 type] 
Type domain.Traveler is not enhanced.

[2025-05-03 13:20:04 #10 type] 
Type domain.Alerta is not enhanced.

------------------------------------------------------------------------------------------------------------------------

[2025-05-03 13:21:26 #1 store] 
Database 'C:\Users\egoit\git\Rides25\src\main\resources\rides.temp' is opened by 1000@LAPTOP-2PN1U6VU

[2025-05-03 13:21:26 #2 type] 
Type domain.User is not enhanced.

[2025-05-03 13:21:26 #3 type] 
Type domain.Driver is not enhanced.

[2025-05-03 13:21:26 #4 type] 
Type domain.Balorazioa is not enhanced.

[2025-05-03 13:21:26 #5 type] 
Type domain.Mugimendua is not enhanced.

[2025-05-03 13:21:26 #6 type] 
Type domain.Car is not enhanced.

[2025-05-03 13:21:26 #7 type] 
Type domain.Ride is not enhanced.

[2025-05-03 13:21:26 #8 type] 
Type domain.Erreserba is not enhanced.

[2025-05-03 13:21:26 #9 type] 
Type domain.Traveler is not enhanced.

[2025-05-03 13:21:26 #10 type] 
Type domain.Alerta is not enhanced.

------------------------------------------------------------------------------------------------------------------------

[2025-05-03 13:25:00 #1 store] 
Database 'C:\Users\egoit\git\Rides25\src\main\resources\rides.temp' is opened by 21152@LAPTOP-2PN1U6VU

[2025-05-03 13:25:01 #2 type] 
Type domain.User is not enhanced.

[2025-05-03 13:25:01 #3 type] 
Type domain.Driver is not enhanced.

[2025-05-03 13:25:01 #4 type] 
Type domain.Balorazioa is not enhanced.

[2025-05-03 13:25:01 #5 type] 
Type domain.Mugimendua is not enhanced.

[2025-05-03 13:25:01 #6 type] 
Type domain.Car is not enhanced.

[2025-05-03 13:25:01 #7 type] 
Type domain.Ride is not enhanced.

[2025-05-03 13:25:01 #8 type] 
Type domain.Erreserba is not enhanced.

[2025-05-03 13:25:01 #9 type] 
Type domain.Traveler is not enhanced.

[2025-05-03 13:25:01 #10 type] 
Type domain.Alerta is not enhanced.

------------------------------------------------------------------------------------------------------------------------

[2025-05-03 13:25:46 #1 store] 
Database 'C:\Users\egoit\git\Rides25\src\main\resources\rides.temp' is opened by 8168@LAPTOP-2PN1U6VU

[2025-05-03 13:25:47 #2 type] 
Type domain.User is not enhanced.

[2025-05-03 13:25:47 #3 type] 
Type domain.Driver is not enhanced.

[2025-05-03 13:25:47 #4 type] 
Type domain.Balorazioa is not enhanced.

[2025-05-03 13:25:47 #5 type] 
Type domain.Mugimendua is not enhanced.

[2025-05-03 13:25:47 #6 type] 
Type domain.Car is not enhanced.

[2025-05-03 13:25:47 #7 type] 
Type domain.Ride is not enhanced.

[2025-05-03 13:25:47 #8 type] 
Type domain.Erreserba is not enhanced.

[2025-05-03 13:25:47 #9 type] 
Type domain.Traveler is not enhanced.

[2025-05-03 13:25:47 #10 type] 
Type domain.Alerta is not enhanced.

------------------------------------------------------------------------------------------------------------------------

[2025-05-03 13:32:31 #1 store] 
Database 'C:\Users\egoit\git\Rides25\src\main\resources\rides.temp' has been recovered (tr. 32-36)

[2025-05-03 13:32:31 #2 store] 
Database 'C:\Users\egoit\git\Rides25\src\main\resources\rides.temp' is opened by 10580@LAPTOP-2PN1U6VU

[2025-05-03 13:32:31 #3 type] 
Type domain.User is not enhanced.

[2025-05-03 13:32:31 #4 type] 
Type domain.Driver is not enhanced.

[2025-05-03 13:32:31 #5 type] 
Type domain.Balorazioa is not enhanced.

[2025-05-03 13:32:31 #6 type] 
Type domain.Mugimendua is not enhanced.

[2025-05-03 13:32:31 #7 type] 
Type domain.Car is not enhanced.

[2025-05-03 13:32:31 #8 type] 
Type domain.Ride is not enhanced.

[2025-05-03 13:32:31 #9 type] 
Type domain.Erreserba is not enhanced.

[2025-05-03 13:32:31 #10 type] 
Type domain.Traveler is not enhanced.

[2025-05-03 13:32:31 #11 type] 
Type domain.Alerta is not enhanced.

------------------------------------------------------------------------------------------------------------------------

[2025-05-03 15:25:16 #1 store] 
Database 'C:\Users\egoit\git\Rides25\src\main\resources\rides.temp' has been recovered (tr. 37-44)

[2025-05-03 15:25:16 #2 store] 
Database 'C:\Users\egoit\git\Rides25\src\main\resources\rides.temp' is opened by 3720@LAPTOP-2PN1U6VU

[2025-05-03 15:25:16 #3 type] 
Type domain.User is not enhanced.

[2025-05-03 15:25:16 #4 type] 
Type domain.Driver is not enhanced.

[2025-05-03 15:25:16 #5 type] 
Type domain.Balorazioa is not enhanced.

[2025-05-03 15:25:16 #6 type] 
Type domain.Mugimendua is not enhanced.

[2025-05-03 15:25:16 #7 type] 
Type domain.Car is not enhanced.

[2025-05-03 15:25:16 #8 type] 
Type domain.Ride is not enhanced.

[2025-05-03 15:25:16 #9 type] 
Type domain.Erreserba is not enhanced.

[2025-05-03 15:25:16 #10 type] 
Type domain.Traveler is not enhanced.

[2025-05-03 15:25:16 #11 type] 
Type domain.Alerta is not enhanced.

------------------------------------------------------------------------------------------------------------------------

[2025-05-03 15:25:28 #1 store] 
Database 'C:\Users\egoit\git\Rides25\src\main\resources\rides.temp' is opened by 20404@LAPTOP-2PN1U6VU

[2025-05-03 15:25:28 #2 type.registry] 
New type domain.User

[2025-05-03 15:25:28 #3 type.registry] 
New type domain.Driver

[2025-05-03 15:25:28 #4 type] 
Type domain.User is not enhanced.

[2025-05-03 15:25:28 #5 type.registry] 
New type domain.Balorazioa

[2025-05-03 15:25:28 #6 type.registry] 
New type domain.Mugimendua

[2025-05-03 15:25:28 #7 type] 
Type domain.Driver is not enhanced.

[2025-05-03 15:25:28 #8 type.registry] 
New type domain.Car

[2025-05-03 15:25:28 #9 type.registry] 
New type domain.Ride

[2025-05-03 15:25:28 #10 type] 
Type domain.Balorazioa is not enhanced.

[2025-05-03 15:25:28 #11 type.registry] 
New type domain.Erreserba

[2025-05-03 15:25:28 #12 type] 
Type domain.Mugimendua is not enhanced.

[2025-05-03 15:25:28 #13 type.registry] 
New type domain.MugimenduMota

[2025-05-03 15:25:28 #14 type] 
Type domain.Car is not enhanced.

[2025-05-03 15:25:28 #15 type] 
Type domain.Ride is not enhanced.

[2025-05-03 15:25:28 #16 type.registry] 
New type domain.RideEgoera

[2025-05-03 15:25:28 #17 type] 
Type domain.Erreserba is not enhanced.

[2025-05-03 15:25:28 #18 type.registry] 
New type domain.Traveler

[2025-05-03 15:25:28 #19 type.registry] 
New type domain.ErreserbaEgoera

[2025-05-03 15:25:28 #20 type] 
Type domain.Traveler is not enhanced.

[2025-05-03 15:25:28 #21 type.registry] 
New type domain.Alerta

[2025-05-03 15:25:28 #22 type] 
Type domain.Alerta is not enhanced.

[2025-05-03 15:25:28 #23 type.registry] 
New type domain.AlertaEgoera

[2025-05-03 15:25:28 #24 type.registry] 
New type java.util.Vector<java.lang.Object>

[2025-05-03 15:25:28 #25 type.registry] 
New type java.util.Vector<domain.Mugimendua>

[2025-05-03 15:25:28 #26 type.registry] 
New type java.util.Vector<domain.Balorazioa>

[2025-05-03 15:25:28 #27 type.registry] 
New type java.util.Vector<domain.Ride>

[2025-05-03 15:25:28 #28 type.registry] 
New type java.util.Vector<domain.Car>

[2025-05-03 15:25:28 #29 type.registry] 
New type java.util.Vector<domain.Erreserba>

[2025-05-03 15:25:28 #30 type.registry] 
New type java.util.Vector<domain.Alerta>

[2025-05-03 15:25:55 #31 type.registry] 
New type java.util.ArrayList<java.lang.Object>

[2025-05-03 15:25:55 #32 type.registry] 
New type java.util.ArrayList<java.lang.String>

------------------------------------------------------------------------------------------------------------------------

[2025-05-03 15:30:02 #1 store] 
Database 'C:\Users\egoit\git\Rides25\src\main\resources\rides.temp' has been recovered (tr. 1-16)

[2025-05-03 15:30:02 #2 store] 
Database 'C:\Users\egoit\git\Rides25\src\main\resources\rides.temp' is opened by 14952@LAPTOP-2PN1U6VU

[2025-05-03 15:30:03 #3 type] 
Type domain.User is not enhanced.

[2025-05-03 15:30:03 #4 type] 
Type domain.Driver is not enhanced.

[2025-05-03 15:30:03 #5 type] 
Type domain.Balorazioa is not enhanced.

[2025-05-03 15:30:03 #6 type] 
Type domain.Mugimendua is not enhanced.

[2025-05-03 15:30:03 #7 type] 
Type domain.Car is not enhanced.

[2025-05-03 15:30:03 #8 type] 
Type domain.Ride is not enhanced.

[2025-05-03 15:30:03 #9 type] 
Type domain.Erreserba is not enhanced.

[2025-05-03 15:30:03 #10 type] 
Type domain.Traveler is not enhanced.

[2025-05-03 15:30:03 #11 type] 
Type domain.Alerta is not enhanced.

------------------------------------------------------------------------------------------------------------------------

[2025-05-03 15:50:24 #1 store] 
Database 'C:\Users\egoit\git\Rides25\src\main\resources\rides.temp' is opened by 17312@LAPTOP-2PN1U6VU

[2025-05-03 15:50:24 #2 type.registry] 
New type domain.User

[2025-05-03 15:50:24 #3 type.registry] 
New type domain.Driver

[2025-05-03 15:50:24 #4 type] 
Type domain.User is not enhanced.

[2025-05-03 15:50:24 #5 type.registry] 
New type domain.Balorazioa

[2025-05-03 15:50:24 #6 type.registry] 
New type domain.Mugimendua

[2025-05-03 15:50:24 #7 type] 
Type domain.Driver is not enhanced.

[2025-05-03 15:50:24 #8 type.registry] 
New type domain.Car

[2025-05-03 15:50:24 #9 type.registry] 
New type domain.Ride

[2025-05-03 15:50:24 #10 type] 
Type domain.Balorazioa is not enhanced.

[2025-05-03 15:50:24 #11 type.registry] 
New type domain.Erreserba

[2025-05-03 15:50:24 #12 type] 
Type domain.Mugimendua is not enhanced.

[2025-05-03 15:50:24 #13 type.registry] 
New type domain.MugimenduMota

[2025-05-03 15:50:24 #14 type] 
Type domain.Car is not enhanced.

[2025-05-03 15:50:24 #15 type] 
Type domain.Ride is not enhanced.

[2025-05-03 15:50:24 #16 type.registry] 
New type domain.RideEgoera

[2025-05-03 15:50:24 #17 type] 
Type domain.Erreserba is not enhanced.

[2025-05-03 15:50:24 #18 type.registry] 
New type domain.Traveler

[2025-05-03 15:50:24 #19 type.registry] 
New type domain.ErreserbaEgoera

[2025-05-03 15:50:24 #20 type] 
Type domain.Traveler is not enhanced.

[2025-05-03 15:50:24 #21 type.registry] 
New type domain.Alerta

[2025-05-03 15:50:24 #22 type] 
Type domain.Alerta is not enhanced.

[2025-05-03 15:50:24 #23 type.registry] 
New type domain.AlertaEgoera

[2025-05-03 15:50:24 #24 type.registry] 
New type domain.Erreklamazioa

[2025-05-03 15:50:24 #25 type] 
Type domain.Erreklamazioa is not enhanced.

[2025-05-03 15:50:24 #26 type.registry] 
New type domain.ErreklamazioaEgoera

[2025-05-03 15:50:24 #27 type.registry] 
New type java.util.Vector<java.lang.Object>

[2025-05-03 15:50:24 #28 type.registry] 
New type java.util.Vector<domain.Mugimendua>

[2025-05-03 15:50:24 #29 type.registry] 
New type java.util.Vector<domain.Balorazioa>

[2025-05-03 15:50:24 #30 type.registry] 
New type java.util.Vector<domain.Ride>

[2025-05-03 15:50:24 #31 type.registry] 
New type java.util.Vector<domain.Car>

[2025-05-03 15:50:24 #32 type.registry] 
New type java.util.Vector<domain.Erreserba>

[2025-05-03 15:50:24 #33 type.registry] 
New type java.util.Vector<domain.Alerta>

[2025-05-03 15:50:24 #34 type.registry] 
New type java.util.Vector<java.lang.String>

------------------------------------------------------------------------------------------------------------------------

[2025-05-03 15:57:26 #1 store] 
Database 'C:\Users\egoit\git\Rides25\src\main\resources\rides.temp' is opened by 2308@LAPTOP-2PN1U6VU

[2025-05-03 15:57:26 #2 type.registry] 
New type domain.User

[2025-05-03 15:57:26 #3 type.registry] 
New type domain.Driver

[2025-05-03 15:57:26 #4 type] 
Type domain.User is not enhanced.

[2025-05-03 15:57:26 #5 type.registry] 
New type domain.Erreklamazioa

[2025-05-03 15:57:26 #6 type.registry] 
New type domain.Balorazioa

[2025-05-03 15:57:26 #7 type.registry] 
New type domain.Mugimendua

[2025-05-03 15:57:26 #8 type] 
Type domain.Driver is not enhanced.

[2025-05-03 15:57:26 #9 type.registry] 
New type domain.Car

[2025-05-03 15:57:26 #10 type.registry] 
New type domain.Ride

[2025-05-03 15:57:26 #11 type] 
Type domain.Erreklamazioa is not enhanced.

[2025-05-03 15:57:26 #12 type.registry] 
New type domain.ErreklamazioaEgoera

[2025-05-03 15:57:26 #13 type] 
Type domain.Balorazioa is not enhanced.

[2025-05-03 15:57:26 #14 type.registry] 
New type domain.Erreserba

[2025-05-03 15:57:26 #15 type] 
Type domain.Mugimendua is not enhanced.

[2025-05-03 15:57:26 #16 type.registry] 
New type domain.MugimenduMota

[2025-05-03 15:57:26 #17 type] 
Type domain.Car is not enhanced.

[2025-05-03 15:57:26 #18 type] 
Type domain.Ride is not enhanced.

[2025-05-03 15:57:26 #19 type.registry] 
New type domain.RideEgoera

[2025-05-03 15:57:26 #20 type] 
Type domain.Erreserba is not enhanced.

[2025-05-03 15:57:26 #21 type.registry] 
New type domain.Traveler

[2025-05-03 15:57:26 #22 type.registry] 
New type domain.ErreserbaEgoera

[2025-05-03 15:57:26 #23 type] 
Type domain.Traveler is not enhanced.

[2025-05-03 15:57:26 #24 type.registry] 
New type domain.Alerta

[2025-05-03 15:57:26 #25 type] 
Type domain.Alerta is not enhanced.

[2025-05-03 15:57:26 #26 type.registry] 
New type domain.AlertaEgoera

[2025-05-03 15:57:26 #27 type.registry] 
New type java.util.Vector<java.lang.Object>

[2025-05-03 15:57:26 #28 type.registry] 
New type java.util.Vector<domain.Mugimendua>

[2025-05-03 15:57:26 #29 type.registry] 
New type java.util.Vector<domain.Balorazioa>

[2025-05-03 15:57:26 #30 type.registry] 
New type java.util.Vector<domain.Erreklamazioa>

[2025-05-03 15:57:26 #31 type.registry] 
New type java.util.Vector<domain.Ride>

[2025-05-03 15:57:26 #32 type.registry] 
New type java.util.Vector<domain.Car>

[2025-05-03 15:57:26 #33 type.registry] 
New type java.util.Vector<domain.Erreserba>

[2025-05-03 15:57:26 #34 type.registry] 
New type java.util.Vector<domain.Alerta>

[2025-05-03 15:57:26 #35 type.registry] 
New type java.util.Vector<java.lang.String>

------------------------------------------------------------------------------------------------------------------------

[2025-05-03 15:58:12 #1 store] 
Database 'C:\Users\egoit\git\Rides25\src\main\resources\rides.temp' is opened by 9064@LAPTOP-2PN1U6VU

[2025-05-03 15:58:12 #2 type.registry] 
New type domain.User

[2025-05-03 15:58:12 #3 type.registry] 
New type domain.Driver

[2025-05-03 15:58:12 #4 type] 
Type domain.User is not enhanced.

[2025-05-03 15:58:12 #5 type.registry] 
New type domain.Erreklamazioa

[2025-05-03 15:58:12 #6 type.registry] 
New type domain.Balorazioa

[2025-05-03 15:58:12 #7 type.registry] 
New type domain.Mugimendua

[2025-05-03 15:58:12 #8 type] 
Type domain.Driver is not enhanced.

[2025-05-03 15:58:12 #9 type.registry] 
New type domain.Car

[2025-05-03 15:58:12 #10 type.registry] 
New type domain.Ride

[2025-05-03 15:58:12 #11 type] 
Type domain.Erreklamazioa is not enhanced.

[2025-05-03 15:58:12 #12 type.registry] 
New type domain.ErreklamazioaEgoera

[2025-05-03 15:58:12 #13 type] 
Type domain.Balorazioa is not enhanced.

[2025-05-03 15:58:12 #14 type.registry] 
New type domain.Erreserba

[2025-05-03 15:58:12 #15 type] 
Type domain.Mugimendua is not enhanced.

[2025-05-03 15:58:12 #16 type.registry] 
New type domain.MugimenduMota

[2025-05-03 15:58:12 #17 type] 
Type domain.Car is not enhanced.

[2025-05-03 15:58:12 #18 type] 
Type domain.Ride is not enhanced.

[2025-05-03 15:58:12 #19 type.registry] 
New type domain.RideEgoera

[2025-05-03 15:58:12 #20 type] 
Type domain.Erreserba is not enhanced.

[2025-05-03 15:58:13 #21 type.registry] 
New type domain.Traveler

[2025-05-03 15:58:13 #22 type.registry] 
New type domain.ErreserbaEgoera

[2025-05-03 15:58:13 #23 type] 
Type domain.Traveler is not enhanced.

[2025-05-03 15:58:13 #24 type.registry] 
New type domain.Alerta

[2025-05-03 15:58:13 #25 type] 
Type domain.Alerta is not enhanced.

[2025-05-03 15:58:13 #26 type.registry] 
New type domain.AlertaEgoera

[2025-05-03 15:58:13 #27 type.registry] 
New type domain.Admin

[2025-05-03 15:58:13 #28 type] 
Type domain.Admin is not enhanced.

------------------------------------------------------------------------------------------------------------------------

[2025-05-03 16:00:26 #1 store] 
Database 'C:\Users\egoit\git\Rides25\src\main\resources\rides.temp' is opened by 18360@LAPTOP-2PN1U6VU

[2025-05-03 16:00:26 #2 type.registry] 
New type domain.User

[2025-05-03 16:00:26 #3 type.registry] 
New type domain.Driver

[2025-05-03 16:00:26 #4 type] 
Type domain.User is not enhanced.

[2025-05-03 16:00:26 #5 type.registry] 
New type domain.Erreklamazioa

[2025-05-03 16:00:26 #6 type.registry] 
New type domain.Balorazioa

[2025-05-03 16:00:26 #7 type.registry] 
New type domain.Mugimendua

[2025-05-03 16:00:26 #8 type] 
Type domain.Driver is not enhanced.

[2025-05-03 16:00:26 #9 type.registry] 
New type domain.Car

[2025-05-03 16:00:26 #10 type.registry] 
New type domain.Ride

[2025-05-03 16:00:26 #11 type] 
Type domain.Erreklamazioa is not enhanced.

[2025-05-03 16:00:26 #12 type.registry] 
New type domain.ErreklamazioaEgoera

[2025-05-03 16:00:26 #13 type] 
Type domain.Balorazioa is not enhanced.

[2025-05-03 16:00:26 #14 type.registry] 
New type domain.Erreserba

[2025-05-03 16:00:26 #15 type] 
Type domain.Mugimendua is not enhanced.

[2025-05-03 16:00:26 #16 type.registry] 
New type domain.MugimenduMota

[2025-05-03 16:00:26 #17 type] 
Type domain.Car is not enhanced.

[2025-05-03 16:00:26 #18 type] 
Type domain.Ride is not enhanced.

[2025-05-03 16:00:26 #19 type.registry] 
New type domain.RideEgoera

[2025-05-03 16:00:26 #20 type] 
Type domain.Erreserba is not enhanced.

[2025-05-03 16:00:26 #21 type.registry] 
New type domain.Traveler

[2025-05-03 16:00:26 #22 type.registry] 
New type domain.ErreserbaEgoera

[2025-05-03 16:00:26 #23 type] 
Type domain.Traveler is not enhanced.

[2025-05-03 16:00:26 #24 type.registry] 
New type domain.Alerta

[2025-05-03 16:00:26 #25 type] 
Type domain.Alerta is not enhanced.

[2025-05-03 16:00:26 #26 type.registry] 
New type domain.AlertaEgoera

[2025-05-03 16:00:26 #27 type.registry] 
New type domain.Admin

[2025-05-03 16:00:26 #28 type] 
Type domain.Admin is not enhanced.

------------------------------------------------------------------------------------------------------------------------

[2025-05-03 16:05:01 #1 store] 
Database 'C:\Users\egoit\git\Rides25\src\main\resources\rides.temp' is opened by 9544@LAPTOP-2PN1U6VU

[2025-05-03 16:05:01 #2 type.registry] 
New type domain.User

[2025-05-03 16:05:01 #3 type.registry] 
New type domain.Driver

[2025-05-03 16:05:01 #4 type] 
Type domain.User is not enhanced.

[2025-05-03 16:05:01 #5 type.registry] 
New type domain.Erreklamazioa

[2025-05-03 16:05:01 #6 type.registry] 
New type domain.Balorazioa

[2025-05-03 16:05:01 #7 type.registry] 
New type domain.Mugimendua

[2025-05-03 16:05:01 #8 type] 
Type domain.Driver is not enhanced.

[2025-05-03 16:05:01 #9 type.registry] 
New type domain.Car

[2025-05-03 16:05:01 #10 type.registry] 
New type domain.Ride

[2025-05-03 16:05:01 #11 type] 
Type domain.Erreklamazioa is not enhanced.

[2025-05-03 16:05:01 #12 type.registry] 
New type domain.ErreklamazioaEgoera

[2025-05-03 16:05:01 #13 type] 
Type domain.Balorazioa is not enhanced.

[2025-05-03 16:05:01 #14 type.registry] 
New type domain.Erreserba

[2025-05-03 16:05:01 #15 type] 
Type domain.Mugimendua is not enhanced.

[2025-05-03 16:05:01 #16 type.registry] 
New type domain.MugimenduMota

[2025-05-03 16:05:01 #17 type] 
Type domain.Car is not enhanced.

[2025-05-03 16:05:01 #18 type] 
Type domain.Ride is not enhanced.

[2025-05-03 16:05:01 #19 type.registry] 
New type domain.RideEgoera

[2025-05-03 16:05:01 #20 type] 
Type domain.Erreserba is not enhanced.

[2025-05-03 16:05:01 #21 type.registry] 
New type domain.Traveler

[2025-05-03 16:05:01 #22 type.registry] 
New type domain.ErreserbaEgoera

[2025-05-03 16:05:01 #23 type] 
Type domain.Traveler is not enhanced.

[2025-05-03 16:05:01 #24 type.registry] 
New type domain.Alerta

[2025-05-03 16:05:01 #25 type] 
Type domain.Alerta is not enhanced.

[2025-05-03 16:05:01 #26 type.registry] 
New type domain.AlertaEgoera

[2025-05-03 16:05:01 #27 type.registry] 
New type domain.Admin

[2025-05-03 16:05:01 #28 type] 
Type domain.Admin is not enhanced.

