------------------------------------------------------------------------------------------------------------------------

[2025-04-27 12:28:10 #1 store] 
Database 'C:\Users\egoit\git\Rides25\src\main\resources\rides.temp' is opened by 15380@LAPTOP-2PN1U6VU

[2025-04-27 12:28:11 #2 type.registry] 
New type domain.User

[2025-04-27 12:28:11 #3 type.registry] 
New type domain.Driver

[2025-04-27 12:28:11 #4 type] 
Type domain.User is not enhanced.

[2025-04-27 12:28:11 #5 type.registry] 
New type domain.Balorazioa

[2025-04-27 12:28:11 #6 type.registry] 
New type domain.Mugimendua

[2025-04-27 12:28:11 #7 type] 
Type domain.Driver is not enhanced.

[2025-04-27 12:28:11 #8 type.registry] 
New type domain.Car

[2025-04-27 12:28:11 #9 type.registry] 
New type domain.Ride

[2025-04-27 12:28:11 #10 type] 
Type domain.Balorazioa is not enhanced.

[2025-04-27 12:28:11 #11 type.registry] 
New type domain.Erreserba

[2025-04-27 12:28:11 #12 type] 
Type domain.Mugimendua is not enhanced.

[2025-04-27 12:28:11 #13 type.registry] 
New type domain.MugimenduMota

[2025-04-27 12:28:11 #14 type] 
Type domain.Car is not enhanced.

[2025-04-27 12:28:11 #15 type] 
Type domain.Ride is not enhanced.

[2025-04-27 12:28:11 #16 type.registry] 
New type domain.Geldialdia

[2025-04-27 12:28:11 #17 type.registry] 
New type domain.RideEgoera

[2025-04-27 12:28:11 #18 type] 
Type domain.Erreserba is not enhanced.

[2025-04-27 12:28:11 #19 type.registry] 
New type domain.Traveler

[2025-04-27 12:28:11 #20 type.registry] 
New type domain.ErreserbaEgoera

[2025-04-27 12:28:11 #21 type] 
Type domain.Geldialdia is not enhanced.

[2025-04-27 12:28:11 #22 type.registry] 
New type domain.City

[2025-04-27 12:28:11 #23 type] 
Type domain.Traveler is not enhanced.

[2025-04-27 12:28:11 #24 type] 
Type domain.City is not enhanced.

[2025-04-27 12:28:11 #25 type.registry] 
New type java.util.Vector<java.lang.Object>

[2025-04-27 12:28:11 #26 type.registry] 
New type java.util.Vector<domain.Mugimendua>

[2025-04-27 12:28:11 #27 type.registry] 
New type java.util.Vector<domain.Balorazioa>

[2025-04-27 12:28:11 #28 type.registry] 
New type java.util.Vector<domain.Ride>

[2025-04-27 12:28:11 #29 type.registry] 
New type java.util.Vector<domain.Car>

[2025-04-27 12:29:52 #30 type.registry] 
New type java.util.Vector<domain.Erreserba>

[2025-04-27 12:29:52 #31 type.registry] 
New type java.util.Vector<domain.Geldialdia>

