------------------------------------------------------------------------------------------------------------------------

[2025-02-13 18:17:16 #1 store] 
Database 'C:\Users\egoit\git\Rides25\src\main\resources\rides.temp' is opened by 6460@LAPTOP-2PN1U6VU

[2025-02-13 18:17:17 #2 type] 
Type domain.User is not enhanced.

[2025-02-13 18:17:17 #3 type] 
Type domain.Driver is not enhanced.

[2025-02-13 18:17:17 #4 type] 
Type domain.Ride is not enhanced.

[2025-02-13 18:17:17 #5 type] 
Type domain.Traveler is not enhanced.

------------------------------------------------------------------------------------------------------------------------

[2025-02-13 18:24:20 #1 store] 
Database 'C:\Users\egoit\git\Rides25\src\main\resources\rides.temp' is opened by 4208@LAPTOP-2PN1U6VU

[2025-02-13 18:24:21 #2 type] 
Type domain.User is not enhanced.

[2025-02-13 18:24:21 #3 type] 
Type domain.Driver is not enhanced.

[2025-02-13 18:24:21 #4 type] 
Type domain.Ride is not enhanced.

[2025-02-13 18:24:21 #5 type] 
Type domain.Traveler is not enhanced.

------------------------------------------------------------------------------------------------------------------------

[2025-02-13 18:27:08 #1 store] 
Database 'C:\Users\egoit\git\Rides25\src\main\resources\rides.temp' has been recovered (tr. 11-11)

[2025-02-13 18:27:08 #2 store] 
Database 'C:\Users\egoit\git\Rides25\src\main\resources\rides.temp' is opened by 8648@LAPTOP-2PN1U6VU

[2025-02-13 18:27:08 #3 type] 
Type domain.User is not enhanced.

[2025-02-13 18:27:08 #4 type] 
Type domain.Driver is not enhanced.

[2025-02-13 18:27:08 #5 type] 
Type domain.Ride is not enhanced.

[2025-02-13 18:27:08 #6 type] 
Type domain.Traveler is not enhanced.

------------------------------------------------------------------------------------------------------------------------

[2025-02-13 18:29:58 #1 store] 
Database 'C:\Users\egoit\git\Rides25\src\main\resources\rides.temp' is opened by 4780@LAPTOP-2PN1U6VU

[2025-02-13 18:29:58 #2 type] 
Type domain.User is not enhanced.

[2025-02-13 18:29:58 #3 type] 
Type domain.Driver is not enhanced.

[2025-02-13 18:29:58 #4 type] 
Type domain.Ride is not enhanced.

[2025-02-13 18:29:58 #5 type] 
Type domain.Traveler is not enhanced.

------------------------------------------------------------------------------------------------------------------------

[2025-02-13 18:35:54 #1 store] 
Database 'C:\Users\egoit\git\Rides25\src\main\resources\rides.temp' is opened by 8976@LAPTOP-2PN1U6VU

[2025-02-13 18:35:54 #2 type] 
Type domain.User is not enhanced.

[2025-02-13 18:35:54 #3 type] 
Type domain.Driver is not enhanced.

[2025-02-13 18:35:54 #4 type] 
Type domain.Ride is not enhanced.

[2025-02-13 18:35:54 #5 type] 
Type domain.Traveler is not enhanced.

------------------------------------------------------------------------------------------------------------------------

[2025-02-13 18:35:59 #1 store] 
Database 'C:\Users\egoit\git\Rides25\src\main\resources\rides.temp' is opened by 16200@LAPTOP-2PN1U6VU

[2025-02-13 18:35:59 #2 type] 
Type domain.User is not enhanced.

[2025-02-13 18:35:59 #3 type] 
Type domain.Driver is not enhanced.

[2025-02-13 18:35:59 #4 type] 
Type domain.Ride is not enhanced.

[2025-02-13 18:35:59 #5 type] 
Type domain.Traveler is not enhanced.

------------------------------------------------------------------------------------------------------------------------

[2025-02-13 18:38:53 #1 store] 
Database 'C:\Users\egoit\git\Rides25\src\main\resources\rides.temp' is opened by 13832@LAPTOP-2PN1U6VU

[2025-02-13 18:38:53 #2 type] 
Type domain.User is not enhanced.

[2025-02-13 18:38:53 #3 type] 
Type domain.Driver is not enhanced.

[2025-02-13 18:38:53 #4 type] 
Type domain.Ride is not enhanced.

[2025-02-13 18:38:53 #5 type] 
Type domain.Traveler is not enhanced.

------------------------------------------------------------------------------------------------------------------------

[2025-02-13 18:41:51 #1 store] 
Database 'C:\Users\egoit\git\Rides25\src\main\resources\rides.temp' is opened by 5680@LAPTOP-2PN1U6VU

[2025-02-13 18:41:51 #2 type] 
Type domain.User is not enhanced.

[2025-02-13 18:41:51 #3 type] 
Type domain.Driver is not enhanced.

[2025-02-13 18:41:51 #4 type] 
Type domain.Ride is not enhanced.

[2025-02-13 18:41:51 #5 type] 
Type domain.Traveler is not enhanced.

------------------------------------------------------------------------------------------------------------------------

[2025-02-13 18:47:19 #1 store] 
Database 'C:\Users\egoit\git\Rides25\src\main\resources\rides.temp' is opened by 2624@LAPTOP-2PN1U6VU

[2025-02-13 18:47:19 #2 type] 
Type domain.User is not enhanced.

[2025-02-13 18:47:19 #3 type] 
Type domain.Driver is not enhanced.

[2025-02-13 18:47:19 #4 type] 
Type domain.Ride is not enhanced.

[2025-02-13 18:47:19 #5 type] 
Type domain.Traveler is not enhanced.

------------------------------------------------------------------------------------------------------------------------

[2025-02-13 18:47:37 #1 store] 
Database 'C:\Users\egoit\git\Rides25\src\main\resources\rides.temp' is opened by 7316@LAPTOP-2PN1U6VU

[2025-02-13 18:47:37 #2 type.registry] 
New type domain.User

[2025-02-13 18:47:37 #3 type.registry] 
New type domain.Driver

[2025-02-13 18:47:37 #4 type] 
Type domain.User is not enhanced.

[2025-02-13 18:47:37 #5 type] 
Type domain.Driver is not enhanced.

[2025-02-13 18:47:37 #6 type.registry] 
New type domain.Ride

[2025-02-13 18:47:37 #7 type] 
Type domain.Ride is not enhanced.

[2025-02-13 18:47:37 #8 type.registry] 
New type java.util.Vector<java.lang.Object>

[2025-02-13 18:47:37 #9 type.registry] 
New type java.util.Vector<domain.Ride>

------------------------------------------------------------------------------------------------------------------------

[2025-02-13 18:47:46 #1 store] 
Database 'C:\Users\egoit\git\Rides25\src\main\resources\rides.temp' has been recovered (tr. 1-6)

[2025-02-13 18:47:46 #2 store] 
Database 'C:\Users\egoit\git\Rides25\src\main\resources\rides.temp' is opened by 8472@LAPTOP-2PN1U6VU

[2025-02-13 18:47:47 #3 type] 
Type domain.User is not enhanced.

[2025-02-13 18:47:47 #4 type] 
Type domain.Driver is not enhanced.

[2025-02-13 18:47:47 #5 type] 
Type domain.Ride is not enhanced.

