------------------------------------------------------------------------------------------------------------------------

[2025-04-23 12:10:17 #1 store] 
Database 'C:\Users\egoit\git\Rides25\src\main\resources\rides.temp' has been recovered (tr. 1-18)

[2025-04-23 12:10:17 #2 store] 
Database 'C:\Users\egoit\git\Rides25\src\main\resources\rides.temp' is opened by 13744@LAPTOP-2PN1U6VU

[2025-04-23 12:10:17 #3 type] 
Type domain.User is not enhanced.

[2025-04-23 12:10:17 #4 type] 
Type domain.Driver is not enhanced.

[2025-04-23 12:10:17 #5 type] 
Type domain.Mugimendua is not enhanced.

[2025-04-23 12:10:17 #6 type] 
Type domain.Car is not enhanced.

[2025-04-23 12:10:17 #7 type] 
Type domain.Ride is not enhanced.

[2025-04-23 12:10:17 #8 type] 
Type domain.Geldialdia is not enhanced.

[2025-04-23 12:10:17 #9 type] 
Type domain.Erreserba is not enhanced.

[2025-04-23 12:10:17 #10 type] 
Type domain.City is not enhanced.

[2025-04-23 12:10:17 #11 type] 
Type domain.Traveler is not enhanced.

------------------------------------------------------------------------------------------------------------------------

[2025-04-23 12:10:58 #1 store] 
Database 'C:\Users\egoit\git\Rides25\src\main\resources\rides.temp' is opened by 14952@LAPTOP-2PN1U6VU

[2025-04-23 12:10:58 #2 type] 
Type domain.User is not enhanced.

[2025-04-23 12:10:58 #3 type] 
Type domain.Driver is not enhanced.

[2025-04-23 12:10:58 #4 type] 
Type domain.Mugimendua is not enhanced.

[2025-04-23 12:10:58 #5 type] 
Type domain.Car is not enhanced.

[2025-04-23 12:10:58 #6 type] 
Type domain.Ride is not enhanced.

[2025-04-23 12:10:58 #7 type] 
Type domain.Geldialdia is not enhanced.

[2025-04-23 12:10:58 #8 type] 
Type domain.Erreserba is not enhanced.

[2025-04-23 12:10:58 #9 type] 
Type domain.City is not enhanced.

[2025-04-23 12:10:58 #10 type] 
Type domain.Traveler is not enhanced.

------------------------------------------------------------------------------------------------------------------------

[2025-04-23 12:29:27 #1 store] 
Database 'C:\Users\egoit\git\Rides25\src\main\resources\rides.temp' is opened by 7248@LAPTOP-2PN1U6VU

[2025-04-23 12:29:27 #2 type] 
Type domain.User is not enhanced.

[2025-04-23 12:29:27 #3 type] 
Type domain.Driver is not enhanced.

[2025-04-23 12:29:27 #4 type] 
Type domain.Mugimendua is not enhanced.

[2025-04-23 12:29:27 #5 type] 
Type domain.Car is not enhanced.

[2025-04-23 12:29:27 #6 type] 
Type domain.Ride is not enhanced.

[2025-04-23 12:29:27 #7 type] 
Type domain.Geldialdia is not enhanced.

[2025-04-23 12:29:27 #8 type] 
Type domain.Erreserba is not enhanced.

[2025-04-23 12:29:27 #9 type] 
Type domain.City is not enhanced.

[2025-04-23 12:29:27 #10 type] 
Type domain.Traveler is not enhanced.

