------------------------------------------------------------------------------------------------------------------------

[2025-02-16 12:09:03 #1 store] 
Database 'C:\Users\egoit\git\Rides25\src\main\resources\rides.temp' has been recovered (tr. 7-7)

[2025-02-16 12:09:03 #2 store] 
Database 'C:\Users\egoit\git\Rides25\src\main\resources\rides.temp' is opened by 10932@LAPTOP-2PN1U6VU

[2025-02-16 12:09:04 #3 type] 
Type domain.User is not enhanced.

[2025-02-16 12:09:04 #4 type] 
Type domain.Driver is not enhanced.

[2025-02-16 12:09:04 #5 type] 
Type domain.Ride is not enhanced.

------------------------------------------------------------------------------------------------------------------------

[2025-02-16 12:10:12 #1 store] 
Database 'C:\Users\egoit\git\Rides25\src\main\resources\rides.temp' is opened by 9824@LAPTOP-2PN1U6VU

[2025-02-16 12:10:12 #2 type] 
Type domain.User is not enhanced.

[2025-02-16 12:10:12 #3 type] 
Type domain.Driver is not enhanced.

[2025-02-16 12:10:12 #4 type] 
Type domain.Ride is not enhanced.

