------------------------------------------------------------------------------------------------------------------------

[2025-04-05 15:40:42 #1 store] 
Database 'C:\Users\egoit\Desktop\SI1\proba\Rides24\src\main\resources\rides.temp' has been recovered (tr. 33-33)

[2025-04-05 15:40:43 #2 store] 
Database 'C:\Users\egoit\Desktop\SI1\proba\Rides24\src\main\resources\rides.temp' is opened by 2312@LAPTOP-2PN1U6VU

[2025-04-05 15:40:43 #3 type] 
Type domain.User is not enhanced.

[2025-04-05 15:40:43 #4 type] 
Type domain.Driver is not enhanced.

[2025-04-05 15:40:43 #5 type] 
Type domain.Mugimendua is not enhanced.

[2025-04-05 15:40:43 #6 type] 
Type domain.Car is not enhanced.

[2025-04-05 15:40:43 #7 type] 
Type domain.Ride is not enhanced.

[2025-04-05 15:40:43 #8 type] 
Type domain.Erreserba is not enhanced.

[2025-04-05 15:40:43 #9 type] 
Type domain.Traveler is not enhanced.

------------------------------------------------------------------------------------------------------------------------

[2025-04-05 15:54:14 #1 store] 
Database 'C:\Users\egoit\Desktop\SI1\proba\Rides24\src\main\resources\rides.temp' has been recovered (tr. 34-34)

[2025-04-05 15:54:14 #2 store] 
Database 'C:\Users\egoit\Desktop\SI1\proba\Rides24\src\main\resources\rides.temp' is opened by 3872@LAPTOP-2PN1U6VU

[2025-04-05 15:54:14 #3 type] 
Type domain.User is not enhanced.

[2025-04-05 15:54:14 #4 type] 
Type domain.Driver is not enhanced.

[2025-04-05 15:54:14 #5 type] 
Type domain.Mugimendua is not enhanced.

[2025-04-05 15:54:14 #6 type] 
Type domain.Car is not enhanced.

[2025-04-05 15:54:14 #7 type] 
Type domain.Ride is not enhanced.

[2025-04-05 15:54:14 #8 type] 
Type domain.Erreserba is not enhanced.

[2025-04-05 15:54:14 #9 type] 
Type domain.Traveler is not enhanced.

------------------------------------------------------------------------------------------------------------------------

[2025-04-05 15:57:43 #1 store] 
Database 'C:\Users\egoit\Desktop\SI1\proba\Rides24\src\main\resources\rides.temp' is opened by 2148@LAPTOP-2PN1U6VU

[2025-04-05 15:57:43 #2 type.registry] 
New type domain.User

[2025-04-05 15:57:43 #3 type.registry] 
New type domain.Driver

[2025-04-05 15:57:43 #4 type] 
Type domain.User is not enhanced.

[2025-04-05 15:57:43 #5 type.registry] 
New type domain.Mugimendua

[2025-04-05 15:57:43 #6 type] 
Type domain.Driver is not enhanced.

[2025-04-05 15:57:43 #7 type.registry] 
New type domain.Car

[2025-04-05 15:57:43 #8 type.registry] 
New type domain.Ride

[2025-04-05 15:57:43 #9 type] 
Type domain.Mugimendua is not enhanced.

[2025-04-05 15:57:43 #10 type.registry] 
New type domain.MugimenduMota

[2025-04-05 15:57:43 #11 type] 
Type domain.Car is not enhanced.

[2025-04-05 15:57:43 #12 type] 
Type domain.Ride is not enhanced.

[2025-04-05 15:57:43 #13 type.registry] 
New type domain.RideEgoera

[2025-04-05 15:57:43 #14 type.registry] 
New type domain.Erreserba

[2025-04-05 15:57:43 #15 type] 
Type domain.Erreserba is not enhanced.

[2025-04-05 15:57:43 #16 type.registry] 
New type domain.Traveler

[2025-04-05 15:57:43 #17 type.registry] 
New type domain.ErreserbaEgoera

[2025-04-05 15:57:43 #18 type] 
Type domain.Traveler is not enhanced.

[2025-04-05 15:57:43 #19 type.registry] 
New type java.util.Vector<java.lang.Object>

[2025-04-05 15:57:43 #20 type.registry] 
New type java.util.Vector<domain.Mugimendua>

[2025-04-05 15:57:43 #21 type.registry] 
New type java.util.Vector<domain.Ride>

[2025-04-05 15:57:43 #22 type.registry] 
New type java.util.Vector<domain.Car>

[2025-04-05 15:57:43 #23 type.registry] 
New type java.util.Vector<domain.Erreserba>

------------------------------------------------------------------------------------------------------------------------

[2025-04-05 16:17:32 #1 store] 
Database 'C:\Users\egoit\Desktop\SI1\proba\Rides24\src\main\resources\rides.temp' has been recovered (tr. 1-15)

[2025-04-05 16:17:32 #2 store] 
Database 'C:\Users\egoit\Desktop\SI1\proba\Rides24\src\main\resources\rides.temp' is opened by 7940@LAPTOP-2PN1U6VU

[2025-04-05 16:17:32 #3 type] 
Type domain.User is not enhanced.

[2025-04-05 16:17:32 #4 type] 
Type domain.Driver is not enhanced.

[2025-04-05 16:17:32 #5 type] 
Type domain.Mugimendua is not enhanced.

[2025-04-05 16:17:32 #6 type] 
Type domain.Car is not enhanced.

[2025-04-05 16:17:32 #7 type] 
Type domain.Ride is not enhanced.

[2025-04-05 16:17:32 #8 type] 
Type domain.Erreserba is not enhanced.

[2025-04-05 16:17:32 #9 type] 
Type domain.Traveler is not enhanced.

------------------------------------------------------------------------------------------------------------------------

[2025-04-05 16:49:49 #1 store] 
Database 'C:\Users\egoit\Desktop\SI1\proba\Rides24\src\main\resources\rides.temp' has been recovered (tr. 16-16)

[2025-04-05 16:49:49 #2 store] 
Database 'C:\Users\egoit\Desktop\SI1\proba\Rides24\src\main\resources\rides.temp' is opened by 14588@LAPTOP-2PN1U6VU

[2025-04-05 16:49:49 #3 type] 
Type domain.User is not enhanced.

[2025-04-05 16:49:49 #4 type] 
Type domain.Driver is not enhanced.

[2025-04-05 16:49:49 #5 type] 
Type domain.Mugimendua is not enhanced.

[2025-04-05 16:49:49 #6 type] 
Type domain.Car is not enhanced.

[2025-04-05 16:49:49 #7 type] 
Type domain.Ride is not enhanced.

[2025-04-05 16:49:49 #8 type] 
Type domain.Erreserba is not enhanced.

[2025-04-05 16:49:49 #9 type] 
Type domain.Traveler is not enhanced.

------------------------------------------------------------------------------------------------------------------------

[2025-04-05 16:51:10 #1 store] 
Database 'C:\Users\egoit\Desktop\SI1\proba\Rides24\src\main\resources\rides.temp' is opened by 7596@LAPTOP-2PN1U6VU

[2025-04-05 16:51:11 #2 type] 
Type domain.User is not enhanced.

[2025-04-05 16:51:11 #3 type] 
Type domain.Driver is not enhanced.

[2025-04-05 16:51:11 #4 type] 
Type domain.Mugimendua is not enhanced.

[2025-04-05 16:51:11 #5 type] 
Type domain.Car is not enhanced.

[2025-04-05 16:51:11 #6 type] 
Type domain.Ride is not enhanced.

[2025-04-05 16:51:11 #7 type] 
Type domain.Erreserba is not enhanced.

[2025-04-05 16:51:11 #8 type] 
Type domain.Traveler is not enhanced.

------------------------------------------------------------------------------------------------------------------------

[2025-04-05 16:51:42 #1 store] 
Database 'C:\Users\egoit\Desktop\SI1\proba\Rides24\src\main\resources\rides.temp' has been recovered (tr. 17-17)

[2025-04-05 16:51:42 #2 store] 
Database 'C:\Users\egoit\Desktop\SI1\proba\Rides24\src\main\resources\rides.temp' is opened by 19436@LAPTOP-2PN1U6VU

[2025-04-05 16:51:43 #3 type] 
Type domain.User is not enhanced.

[2025-04-05 16:51:43 #4 type] 
Type domain.Driver is not enhanced.

[2025-04-05 16:51:43 #5 type] 
Type domain.Mugimendua is not enhanced.

[2025-04-05 16:51:43 #6 type] 
Type domain.Car is not enhanced.

[2025-04-05 16:51:43 #7 type] 
Type domain.Ride is not enhanced.

[2025-04-05 16:51:43 #8 type] 
Type domain.Erreserba is not enhanced.

[2025-04-05 16:51:43 #9 type] 
Type domain.Traveler is not enhanced.

------------------------------------------------------------------------------------------------------------------------

[2025-04-05 16:54:13 #1 store] 
Database 'C:\Users\egoit\Desktop\SI1\proba\Rides24\src\main\resources\rides.temp' has been recovered (tr. 18-21)

[2025-04-05 16:54:13 #2 store] 
Database 'C:\Users\egoit\Desktop\SI1\proba\Rides24\src\main\resources\rides.temp' is opened by 14004@LAPTOP-2PN1U6VU

[2025-04-05 16:54:13 #3 type] 
Type domain.User is not enhanced.

[2025-04-05 16:54:13 #4 type] 
Type domain.Driver is not enhanced.

[2025-04-05 16:54:13 #5 type] 
Type domain.Mugimendua is not enhanced.

[2025-04-05 16:54:13 #6 type] 
Type domain.Car is not enhanced.

[2025-04-05 16:54:13 #7 type] 
Type domain.Ride is not enhanced.

[2025-04-05 16:54:13 #8 type] 
Type domain.Erreserba is not enhanced.

[2025-04-05 16:54:13 #9 type] 
Type domain.Traveler is not enhanced.

------------------------------------------------------------------------------------------------------------------------

[2025-04-05 17:03:39 #1 store] 
Database 'C:\Users\egoit\Desktop\SI1\proba\Rides24\src\main\resources\rides.temp' has been recovered (tr. 22-23)

[2025-04-05 17:03:39 #2 store] 
Database 'C:\Users\egoit\Desktop\SI1\proba\Rides24\src\main\resources\rides.temp' is opened by 7048@LAPTOP-2PN1U6VU

[2025-04-05 17:03:39 #3 type] 
Type domain.User is not enhanced.

[2025-04-05 17:03:39 #4 type] 
Type domain.Driver is not enhanced.

[2025-04-05 17:03:39 #5 type] 
Type domain.Mugimendua is not enhanced.

[2025-04-05 17:03:39 #6 type] 
Type domain.Car is not enhanced.

[2025-04-05 17:03:39 #7 type] 
Type domain.Ride is not enhanced.

[2025-04-05 17:03:39 #8 type] 
Type domain.Erreserba is not enhanced.

[2025-04-05 17:03:39 #9 type] 
Type domain.Traveler is not enhanced.

------------------------------------------------------------------------------------------------------------------------

[2025-04-05 17:07:53 #1 store] 
Database 'C:\Users\egoit\Desktop\SI1\proba\Rides24\src\main\resources\rides.temp' is opened by 3568@LAPTOP-2PN1U6VU

[2025-04-05 17:07:53 #2 type.registry] 
New type domain.User

[2025-04-05 17:07:53 #3 type.registry] 
New type domain.Driver

[2025-04-05 17:07:53 #4 type] 
Type domain.User is not enhanced.

[2025-04-05 17:07:53 #5 type.registry] 
New type domain.Mugimendua

[2025-04-05 17:07:53 #6 type] 
Type domain.Driver is not enhanced.

[2025-04-05 17:07:53 #7 type.registry] 
New type domain.Car

[2025-04-05 17:07:53 #8 type.registry] 
New type domain.Ride

[2025-04-05 17:07:53 #9 type] 
Type domain.Mugimendua is not enhanced.

[2025-04-05 17:07:53 #10 type.registry] 
New type domain.MugimenduMota

[2025-04-05 17:07:53 #11 type] 
Type domain.Car is not enhanced.

[2025-04-05 17:07:53 #12 type] 
Type domain.Ride is not enhanced.

[2025-04-05 17:07:53 #13 type.registry] 
New type domain.RideEgoera

[2025-04-05 17:07:53 #14 type.registry] 
New type domain.Erreserba

[2025-04-05 17:07:53 #15 type] 
Type domain.Erreserba is not enhanced.

[2025-04-05 17:07:53 #16 type.registry] 
New type domain.Traveler

[2025-04-05 17:07:53 #17 type.registry] 
New type domain.ErreserbaEgoera

[2025-04-05 17:07:53 #18 type] 
Type domain.Traveler is not enhanced.

[2025-04-05 17:07:53 #19 type.registry] 
New type java.util.Vector<java.lang.Object>

[2025-04-05 17:07:53 #20 type.registry] 
New type java.util.Vector<domain.Mugimendua>

[2025-04-05 17:07:53 #21 type.registry] 
New type java.util.Vector<domain.Ride>

[2025-04-05 17:07:53 #22 type.registry] 
New type java.util.Vector<domain.Car>

[2025-04-05 17:07:53 #23 type.registry] 
New type java.util.Vector<domain.Erreserba>

------------------------------------------------------------------------------------------------------------------------

[2025-04-05 17:15:17 #1 store] 
Database 'C:\Users\egoit\Desktop\SI1\proba\Rides24\src\main\resources\rides.temp' has been recovered (tr. 1-18)

[2025-04-05 17:15:17 #2 store] 
Database 'C:\Users\egoit\Desktop\SI1\proba\Rides24\src\main\resources\rides.temp' is opened by 14612@LAPTOP-2PN1U6VU

[2025-04-05 17:15:18 #3 type] 
Type domain.User is not enhanced.

[2025-04-05 17:15:18 #4 type] 
Type domain.Driver is not enhanced.

[2025-04-05 17:15:18 #5 type] 
Type domain.Mugimendua is not enhanced.

[2025-04-05 17:15:18 #6 type] 
Type domain.Car is not enhanced.

[2025-04-05 17:15:18 #7 type] 
Type domain.Ride is not enhanced.

[2025-04-05 17:15:18 #8 type] 
Type domain.Erreserba is not enhanced.

[2025-04-05 17:15:18 #9 type] 
Type domain.Traveler is not enhanced.

------------------------------------------------------------------------------------------------------------------------

[2025-04-05 17:17:27 #1 store] 
Database 'C:\Users\egoit\Desktop\SI1\proba\Rides24\src\main\resources\rides.temp' has been recovered (tr. 19-19)

[2025-04-05 17:17:27 #2 store] 
Database 'C:\Users\egoit\Desktop\SI1\proba\Rides24\src\main\resources\rides.temp' is opened by 17028@LAPTOP-2PN1U6VU

[2025-04-05 17:17:27 #3 type] 
Type domain.User is not enhanced.

[2025-04-05 17:17:27 #4 type] 
Type domain.Driver is not enhanced.

[2025-04-05 17:17:27 #5 type] 
Type domain.Mugimendua is not enhanced.

[2025-04-05 17:17:27 #6 type] 
Type domain.Car is not enhanced.

[2025-04-05 17:17:27 #7 type] 
Type domain.Ride is not enhanced.

[2025-04-05 17:17:27 #8 type] 
Type domain.Erreserba is not enhanced.

[2025-04-05 17:17:27 #9 type] 
Type domain.Traveler is not enhanced.

------------------------------------------------------------------------------------------------------------------------

[2025-04-05 17:21:09 #1 store] 
Database 'C:\Users\egoit\Desktop\SI1\proba\Rides24\src\main\resources\rides.temp' is opened by 20876@LAPTOP-2PN1U6VU

[2025-04-05 17:21:09 #2 type] 
Type domain.User is not enhanced.

[2025-04-05 17:21:09 #3 type] 
Type domain.Driver is not enhanced.

[2025-04-05 17:21:09 #4 type] 
Type domain.Mugimendua is not enhanced.

[2025-04-05 17:21:09 #5 type] 
Type domain.Car is not enhanced.

[2025-04-05 17:21:09 #6 type] 
Type domain.Ride is not enhanced.

[2025-04-05 17:21:09 #7 type] 
Type domain.Erreserba is not enhanced.

[2025-04-05 17:21:09 #8 type] 
Type domain.Traveler is not enhanced.

------------------------------------------------------------------------------------------------------------------------

[2025-04-05 17:30:53 #1 store] 
Database 'C:\Users\egoit\Desktop\SI1\proba\Rides24\src\main\resources\rides.temp' is opened by 5712@LAPTOP-2PN1U6VU

[2025-04-05 17:30:53 #2 type] 
Type domain.User is not enhanced.

[2025-04-05 17:30:53 #3 type] 
Type domain.Driver is not enhanced.

[2025-04-05 17:30:53 #4 type] 
Type domain.Mugimendua is not enhanced.

[2025-04-05 17:30:53 #5 type] 
Type domain.Car is not enhanced.

[2025-04-05 17:30:53 #6 type] 
Type domain.Ride is not enhanced.

[2025-04-05 17:30:53 #7 type] 
Type domain.Erreserba is not enhanced.

[2025-04-05 17:30:53 #8 type] 
Type domain.Traveler is not enhanced.

------------------------------------------------------------------------------------------------------------------------

[2025-04-05 17:36:09 #1 store] 
Database 'C:\Users\egoit\Desktop\SI1\proba\Rides24\src\main\resources\rides.temp' is opened by 6828@LAPTOP-2PN1U6VU

[2025-04-05 17:36:09 #2 type.registry] 
New type domain.User

[2025-04-05 17:36:09 #3 type.registry] 
New type domain.Driver

[2025-04-05 17:36:09 #4 type] 
Type domain.User is not enhanced.

[2025-04-05 17:36:09 #5 type.registry] 
New type domain.Mugimendua

[2025-04-05 17:36:09 #6 type] 
Type domain.Driver is not enhanced.

[2025-04-05 17:36:09 #7 type.registry] 
New type domain.Car

[2025-04-05 17:36:09 #8 type.registry] 
New type domain.Ride

[2025-04-05 17:36:09 #9 type] 
Type domain.Mugimendua is not enhanced.

[2025-04-05 17:36:09 #10 type.registry] 
New type domain.MugimenduMota

[2025-04-05 17:36:09 #11 type] 
Type domain.Car is not enhanced.

[2025-04-05 17:36:09 #12 type] 
Type domain.Ride is not enhanced.

[2025-04-05 17:36:09 #13 type.registry] 
New type domain.RideEgoera

[2025-04-05 17:36:09 #14 type.registry] 
New type domain.Erreserba

[2025-04-05 17:36:09 #15 type] 
Type domain.Erreserba is not enhanced.

[2025-04-05 17:36:09 #16 type.registry] 
New type domain.Traveler

[2025-04-05 17:36:09 #17 type.registry] 
New type domain.ErreserbaEgoera

[2025-04-05 17:36:09 #18 type] 
Type domain.Traveler is not enhanced.

[2025-04-05 17:36:09 #19 type.registry] 
New type java.util.Vector<java.lang.Object>

[2025-04-05 17:36:09 #20 type.registry] 
New type java.util.Vector<domain.Mugimendua>

[2025-04-05 17:36:10 #21 type.registry] 
New type java.util.Vector<domain.Ride>

[2025-04-05 17:36:10 #22 type.registry] 
New type java.util.Vector<domain.Car>

[2025-04-05 17:36:10 #23 type.registry] 
New type java.util.Vector<domain.Erreserba>

------------------------------------------------------------------------------------------------------------------------

[2025-04-05 17:38:42 #1 store] 
Database 'C:\Users\egoit\Desktop\SI1\proba\Rides24\src\main\resources\rides.temp' is opened by 20796@LAPTOP-2PN1U6VU

[2025-04-05 17:38:42 #2 type] 
Type domain.User is not enhanced.

[2025-04-05 17:38:42 #3 type] 
Type domain.Driver is not enhanced.

[2025-04-05 17:38:42 #4 type] 
Type domain.Mugimendua is not enhanced.

[2025-04-05 17:38:42 #5 type] 
Type domain.Car is not enhanced.

[2025-04-05 17:38:42 #6 type] 
Type domain.Ride is not enhanced.

[2025-04-05 17:38:42 #7 type] 
Type domain.Erreserba is not enhanced.

[2025-04-05 17:38:42 #8 type] 
Type domain.Traveler is not enhanced.

------------------------------------------------------------------------------------------------------------------------

[2025-04-05 17:47:26 #1 store] 
Database 'C:\Users\egoit\Desktop\SI1\proba\Rides24\src\main\resources\rides.temp' is opened by 4824@LAPTOP-2PN1U6VU

[2025-04-05 17:47:27 #2 type.registry] 
New type domain.User

[2025-04-05 17:47:27 #3 type.registry] 
New type domain.Driver

[2025-04-05 17:47:27 #4 type] 
Type domain.User is not enhanced.

[2025-04-05 17:47:27 #5 type.registry] 
New type domain.Mugimendua

[2025-04-05 17:47:27 #6 type] 
Type domain.Driver is not enhanced.

[2025-04-05 17:47:27 #7 type.registry] 
New type domain.Car

[2025-04-05 17:47:27 #8 type.registry] 
New type domain.Ride

[2025-04-05 17:47:27 #9 type] 
Type domain.Mugimendua is not enhanced.

[2025-04-05 17:47:27 #10 type.registry] 
New type domain.MugimenduMota

[2025-04-05 17:47:27 #11 type] 
Type domain.Car is not enhanced.

[2025-04-05 17:47:27 #12 type] 
Type domain.Ride is not enhanced.

[2025-04-05 17:47:27 #13 type.registry] 
New type domain.RideEgoera

[2025-04-05 17:47:27 #14 type.registry] 
New type domain.Erreserba

[2025-04-05 17:47:27 #15 type] 
Type domain.Erreserba is not enhanced.

[2025-04-05 17:47:27 #16 type.registry] 
New type domain.Traveler

[2025-04-05 17:47:27 #17 type.registry] 
New type domain.ErreserbaEgoera

[2025-04-05 17:47:27 #18 type] 
Type domain.Traveler is not enhanced.

[2025-04-05 17:47:27 #19 type.registry] 
New type java.util.Vector<java.lang.Object>

[2025-04-05 17:47:27 #20 type.registry] 
New type java.util.Vector<domain.Mugimendua>

[2025-04-05 17:47:27 #21 type.registry] 
New type java.util.Vector<domain.Ride>

[2025-04-05 17:47:27 #22 type.registry] 
New type java.util.Vector<domain.Car>

[2025-04-05 17:47:27 #23 type.registry] 
New type java.util.Vector<domain.Erreserba>

------------------------------------------------------------------------------------------------------------------------

[2025-04-05 17:49:58 #1 store] 
Database 'C:\Users\egoit\Desktop\SI1\proba\Rides24\src\main\resources\rides.temp' is opened by 8688@LAPTOP-2PN1U6VU

[2025-04-05 17:49:58 #2 type.registry] 
New type domain.User

[2025-04-05 17:49:58 #3 type.registry] 
New type domain.Driver

[2025-04-05 17:49:58 #4 type] 
Type domain.User is not enhanced.

[2025-04-05 17:49:58 #5 type.registry] 
New type domain.Mugimendua

[2025-04-05 17:49:58 #6 type] 
Type domain.Driver is not enhanced.

[2025-04-05 17:49:58 #7 type.registry] 
New type domain.Car

[2025-04-05 17:49:58 #8 type.registry] 
New type domain.Ride

[2025-04-05 17:49:58 #9 type] 
Type domain.Mugimendua is not enhanced.

[2025-04-05 17:49:58 #10 type.registry] 
New type domain.MugimenduMota

[2025-04-05 17:49:58 #11 type] 
Type domain.Car is not enhanced.

[2025-04-05 17:49:58 #12 type] 
Type domain.Ride is not enhanced.

[2025-04-05 17:49:58 #13 type.registry] 
New type domain.RideEgoera

[2025-04-05 17:49:58 #14 type.registry] 
New type domain.Erreserba

[2025-04-05 17:49:58 #15 type] 
Type domain.Erreserba is not enhanced.

[2025-04-05 17:49:58 #16 type.registry] 
New type domain.Traveler

[2025-04-05 17:49:58 #17 type.registry] 
New type domain.ErreserbaEgoera

[2025-04-05 17:49:58 #18 type] 
Type domain.Traveler is not enhanced.

[2025-04-05 17:49:58 #19 type.registry] 
New type java.util.Vector<java.lang.Object>

[2025-04-05 17:49:58 #20 type.registry] 
New type java.util.Vector<domain.Mugimendua>

[2025-04-05 17:49:58 #21 type.registry] 
New type java.util.Vector<domain.Ride>

[2025-04-05 17:49:58 #22 type.registry] 
New type java.util.Vector<domain.Car>

[2025-04-05 17:49:58 #23 type.registry] 
New type java.util.Vector<domain.Erreserba>

------------------------------------------------------------------------------------------------------------------------

[2025-04-05 17:52:14 #1 store] 
Database 'C:\Users\egoit\Desktop\SI1\proba\Rides24\src\main\resources\rides.temp' is opened by 13484@LAPTOP-2PN1U6VU

[2025-04-05 17:52:14 #2 type.registry] 
New type domain.User

[2025-04-05 17:52:14 #3 type.registry] 
New type domain.Driver

[2025-04-05 17:52:14 #4 type] 
Type domain.User is not enhanced.

[2025-04-05 17:52:14 #5 type.registry] 
New type domain.Mugimendua

[2025-04-05 17:52:14 #6 type] 
Type domain.Driver is not enhanced.

[2025-04-05 17:52:14 #7 type.registry] 
New type domain.Car

[2025-04-05 17:52:14 #8 type.registry] 
New type domain.Ride

[2025-04-05 17:52:14 #9 type] 
Type domain.Mugimendua is not enhanced.

[2025-04-05 17:52:14 #10 type.registry] 
New type domain.MugimenduMota

[2025-04-05 17:52:14 #11 type] 
Type domain.Car is not enhanced.

[2025-04-05 17:52:14 #12 type] 
Type domain.Ride is not enhanced.

[2025-04-05 17:52:14 #13 type.registry] 
New type domain.RideEgoera

[2025-04-05 17:52:14 #14 type.registry] 
New type domain.Erreserba

[2025-04-05 17:52:14 #15 type] 
Type domain.Erreserba is not enhanced.

[2025-04-05 17:52:14 #16 type.registry] 
New type domain.Traveler

[2025-04-05 17:52:14 #17 type.registry] 
New type domain.ErreserbaEgoera

[2025-04-05 17:52:14 #18 type] 
Type domain.Traveler is not enhanced.

[2025-04-05 17:52:14 #19 type.registry] 
New type java.util.Vector<java.lang.Object>

[2025-04-05 17:52:14 #20 type.registry] 
New type java.util.Vector<domain.Mugimendua>

[2025-04-05 17:52:14 #21 type.registry] 
New type java.util.Vector<domain.Ride>

[2025-04-05 17:52:14 #22 type.registry] 
New type java.util.Vector<domain.Car>

[2025-04-05 17:52:14 #23 type.registry] 
New type java.util.Vector<domain.Erreserba>

------------------------------------------------------------------------------------------------------------------------

[2025-04-05 17:54:53 #1 store] 
Database 'C:\Users\egoit\Desktop\SI1\proba\Rides24\src\main\resources\rides.temp' is opened by 3376@LAPTOP-2PN1U6VU

[2025-04-05 17:54:53 #2 type.registry] 
New type domain.User

[2025-04-05 17:54:53 #3 type.registry] 
New type domain.Driver

[2025-04-05 17:54:53 #4 type] 
Type domain.User is not enhanced.

[2025-04-05 17:54:53 #5 type.registry] 
New type domain.Mugimendua

[2025-04-05 17:54:53 #6 type] 
Type domain.Driver is not enhanced.

[2025-04-05 17:54:53 #7 type.registry] 
New type domain.Car

[2025-04-05 17:54:53 #8 type.registry] 
New type domain.Ride

[2025-04-05 17:54:53 #9 type] 
Type domain.Mugimendua is not enhanced.

[2025-04-05 17:54:53 #10 type.registry] 
New type domain.MugimenduMota

[2025-04-05 17:54:53 #11 type] 
Type domain.Car is not enhanced.

[2025-04-05 17:54:53 #12 type] 
Type domain.Ride is not enhanced.

[2025-04-05 17:54:53 #13 type.registry] 
New type domain.RideEgoera

[2025-04-05 17:54:53 #14 type.registry] 
New type domain.Erreserba

[2025-04-05 17:54:53 #15 type] 
Type domain.Erreserba is not enhanced.

[2025-04-05 17:54:53 #16 type.registry] 
New type domain.Traveler

[2025-04-05 17:54:53 #17 type.registry] 
New type domain.ErreserbaEgoera

[2025-04-05 17:54:53 #18 type] 
Type domain.Traveler is not enhanced.

[2025-04-05 17:54:53 #19 type.registry] 
New type java.util.Vector<java.lang.Object>

[2025-04-05 17:54:53 #20 type.registry] 
New type java.util.Vector<domain.Mugimendua>

[2025-04-05 17:54:53 #21 type.registry] 
New type java.util.Vector<domain.Ride>

[2025-04-05 17:54:53 #22 type.registry] 
New type java.util.Vector<domain.Car>

[2025-04-05 17:54:53 #23 type.registry] 
New type java.util.Vector<domain.Erreserba>

------------------------------------------------------------------------------------------------------------------------

[2025-04-05 18:32:58 #1 store] 
Database 'C:\Users\egoit\Desktop\SI1\proba\Rides24\src\main\resources\rides.temp' has been recovered (tr. 1-17)

[2025-04-05 18:32:58 #2 store] 
Database 'C:\Users\egoit\Desktop\SI1\proba\Rides24\src\main\resources\rides.temp' is opened by 12240@LAPTOP-2PN1U6VU

[2025-04-05 18:32:58 #3 type] 
Type domain.User is not enhanced.

[2025-04-05 18:32:58 #4 type] 
Type domain.Driver is not enhanced.

[2025-04-05 18:32:59 #5 type] 
Type domain.Mugimendua is not enhanced.

[2025-04-05 18:32:59 #6 type] 
Type domain.Car is not enhanced.

[2025-04-05 18:32:59 #7 type] 
Type domain.Ride is not enhanced.

[2025-04-05 18:32:59 #8 type] 
Type domain.Erreserba is not enhanced.

[2025-04-05 18:32:59 #9 type] 
Type domain.Traveler is not enhanced.

------------------------------------------------------------------------------------------------------------------------

[2025-04-05 18:37:52 #1 store] 
Database 'C:\Users\egoit\git\Rides25\src\main\resources\rides.temp' has been recovered (tr. 18-19)

[2025-04-05 18:37:52 #2 store] 
Database 'C:\Users\egoit\git\Rides25\src\main\resources\rides.temp' is opened by 19472@LAPTOP-2PN1U6VU

[2025-04-05 18:37:53 #3 type] 
Type domain.User is not enhanced.

[2025-04-05 18:37:53 #4 type] 
Type domain.Driver is not enhanced.

[2025-04-05 18:37:53 #5 type] 
Type domain.Mugimendua is not enhanced.

[2025-04-05 18:37:53 #6 type] 
Type domain.Car is not enhanced.

[2025-04-05 18:37:53 #7 type] 
Type domain.Ride is not enhanced.

[2025-04-05 18:37:53 #8 type] 
Type domain.Erreserba is not enhanced.

[2025-04-05 18:37:53 #9 type] 
Type domain.Traveler is not enhanced.

------------------------------------------------------------------------------------------------------------------------

[2025-04-05 18:44:29 #1 store] 
Database 'C:\Users\egoit\git\Rides25\src\main\resources\rides.temp' is opened by 13104@LAPTOP-2PN1U6VU

[2025-04-05 18:44:29 #2 type] 
Type domain.User is not enhanced.

[2025-04-05 18:44:29 #3 type] 
Type domain.Driver is not enhanced.

[2025-04-05 18:44:29 #4 type] 
Type domain.Mugimendua is not enhanced.

[2025-04-05 18:44:29 #5 type] 
Type domain.Car is not enhanced.

[2025-04-05 18:44:29 #6 type] 
Type domain.Ride is not enhanced.

[2025-04-05 18:44:29 #7 type] 
Type domain.Erreserba is not enhanced.

[2025-04-05 18:44:29 #8 type] 
Type domain.Traveler is not enhanced.

------------------------------------------------------------------------------------------------------------------------

[2025-04-05 18:49:20 #1 store] 
Database 'C:\Users\egoit\git\Rides25\src\main\resources\rides.temp' has been recovered (tr. 20-25)

[2025-04-05 18:49:20 #2 store] 
Database 'C:\Users\egoit\git\Rides25\src\main\resources\rides.temp' is opened by 18076@LAPTOP-2PN1U6VU

[2025-04-05 18:49:21 #3 type] 
Type domain.User is not enhanced.

[2025-04-05 18:49:21 #4 type] 
Type domain.Driver is not enhanced.

[2025-04-05 18:49:21 #5 type] 
Type domain.Mugimendua is not enhanced.

[2025-04-05 18:49:21 #6 type] 
Type domain.Car is not enhanced.

[2025-04-05 18:49:21 #7 type] 
Type domain.Ride is not enhanced.

[2025-04-05 18:49:21 #8 type] 
Type domain.Erreserba is not enhanced.

[2025-04-05 18:49:21 #9 type] 
Type domain.Traveler is not enhanced.

