------------------------------------------------------------------------------------------------------------------------

[2025-03-25 19:09:06 #1 store] 
Database 'C:\Users\egoit\git\Rides25\src\main\resources\rides.temp' is opened by 7220@LAPTOP-2PN1U6VU

[2025-03-25 19:09:06 #2 type] 
Type domain.User is not enhanced.

[2025-03-25 19:09:06 #3 type] 
Type domain.Driver is not enhanced.

[2025-03-25 19:09:06 #4 type] 
Type domain.Mugimendua is not enhanced.

[2025-03-25 19:09:06 #5 type] 
Type domain.Car is not enhanced.

[2025-03-25 19:09:06 #6 type] 
Type domain.Ride is not enhanced.

[2025-03-25 19:09:06 #7 type] 
Type domain.Erreserba is not enhanced.

[2025-03-25 19:09:06 #8 type] 
Type domain.Traveler is not enhanced.

------------------------------------------------------------------------------------------------------------------------

[2025-03-25 19:10:11 #1 store] 
Database 'C:\Users\egoit\git\Rides25\src\main\resources\rides.temp' has been recovered (tr. 16-17)

[2025-03-25 19:10:11 #2 store] 
Database 'C:\Users\egoit\git\Rides25\src\main\resources\rides.temp' is opened by 12580@LAPTOP-2PN1U6VU

[2025-03-25 19:10:11 #3 type] 
Type domain.User is not enhanced.

[2025-03-25 19:10:11 #4 type] 
Type domain.Driver is not enhanced.

[2025-03-25 19:10:11 #5 type] 
Type domain.Mugimendua is not enhanced.

[2025-03-25 19:10:11 #6 type] 
Type domain.Car is not enhanced.

[2025-03-25 19:10:11 #7 type] 
Type domain.Ride is not enhanced.

[2025-03-25 19:10:11 #8 type] 
Type domain.Erreserba is not enhanced.

[2025-03-25 19:10:11 #9 type] 
Type domain.Traveler is not enhanced.

------------------------------------------------------------------------------------------------------------------------

[2025-03-25 19:11:34 #1 store] 
Database 'C:\Users\egoit\git\Rides25\src\main\resources\rides.temp' is opened by 13340@LAPTOP-2PN1U6VU

[2025-03-25 19:11:34 #2 type] 
Type domain.User is not enhanced.

[2025-03-25 19:11:34 #3 type] 
Type domain.Driver is not enhanced.

[2025-03-25 19:11:34 #4 type] 
Type domain.Mugimendua is not enhanced.

[2025-03-25 19:11:34 #5 type] 
Type domain.Car is not enhanced.

[2025-03-25 19:11:34 #6 type] 
Type domain.Ride is not enhanced.

[2025-03-25 19:11:34 #7 type] 
Type domain.Erreserba is not enhanced.

[2025-03-25 19:11:34 #8 type] 
Type domain.Traveler is not enhanced.

------------------------------------------------------------------------------------------------------------------------

[2025-03-25 19:13:43 #1 store] 
Database 'C:\Users\egoit\git\Rides25\src\main\resources\rides.temp' is opened by 18332@LAPTOP-2PN1U6VU

[2025-03-25 19:13:43 #2 type] 
Type domain.User is not enhanced.

[2025-03-25 19:13:43 #3 type] 
Type domain.Driver is not enhanced.

[2025-03-25 19:13:43 #4 type] 
Type domain.Mugimendua is not enhanced.

[2025-03-25 19:13:43 #5 type] 
Type domain.Car is not enhanced.

[2025-03-25 19:13:43 #6 type] 
Type domain.Ride is not enhanced.

[2025-03-25 19:13:43 #7 type] 
Type domain.Erreserba is not enhanced.

[2025-03-25 19:13:43 #8 type] 
Type domain.Traveler is not enhanced.

------------------------------------------------------------------------------------------------------------------------

[2025-03-25 19:14:50 #1 store] 
Database 'C:\Users\egoit\git\Rides25\src\main\resources\rides.temp' is opened by 13316@LAPTOP-2PN1U6VU

[2025-03-25 19:14:50 #2 type] 
Type domain.User is not enhanced.

[2025-03-25 19:14:50 #3 type] 
Type domain.Driver is not enhanced.

[2025-03-25 19:14:50 #4 type] 
Type domain.Mugimendua is not enhanced.

[2025-03-25 19:14:50 #5 type] 
Type domain.Car is not enhanced.

[2025-03-25 19:14:50 #6 type] 
Type domain.Ride is not enhanced.

[2025-03-25 19:14:50 #7 type] 
Type domain.Erreserba is not enhanced.

[2025-03-25 19:14:50 #8 type] 
Type domain.Traveler is not enhanced.

------------------------------------------------------------------------------------------------------------------------

[2025-03-25 19:19:48 #1 store] 
Database 'C:\Users\egoit\git\Rides25\src\main\resources\rides.temp' has been recovered (tr. 19-20)

[2025-03-25 19:19:48 #2 store] 
Database 'C:\Users\egoit\git\Rides25\src\main\resources\rides.temp' is opened by 12828@LAPTOP-2PN1U6VU

[2025-03-25 19:19:48 #3 type] 
Type domain.User is not enhanced.

[2025-03-25 19:19:48 #4 type] 
Type domain.Driver is not enhanced.

[2025-03-25 19:19:48 #5 type] 
Type domain.Mugimendua is not enhanced.

[2025-03-25 19:19:48 #6 type] 
Type domain.Car is not enhanced.

[2025-03-25 19:19:48 #7 type] 
Type domain.Ride is not enhanced.

[2025-03-25 19:19:48 #8 type] 
Type domain.Erreserba is not enhanced.

[2025-03-25 19:19:48 #9 type] 
Type domain.Traveler is not enhanced.

------------------------------------------------------------------------------------------------------------------------

[2025-03-25 19:20:39 #1 store] 
Database 'C:\Users\egoit\git\Rides25\src\main\resources\rides.temp' is opened by 7448@LAPTOP-2PN1U6VU

[2025-03-25 19:20:39 #2 type] 
Type domain.User is not enhanced.

[2025-03-25 19:20:40 #3 type] 
Type domain.Driver is not enhanced.

[2025-03-25 19:20:40 #4 type] 
Type domain.Mugimendua is not enhanced.

[2025-03-25 19:20:40 #5 type] 
Type domain.Car is not enhanced.

[2025-03-25 19:20:40 #6 type] 
Type domain.Ride is not enhanced.

[2025-03-25 19:20:40 #7 type] 
Type domain.Erreserba is not enhanced.

[2025-03-25 19:20:40 #8 type] 
Type domain.Traveler is not enhanced.

------------------------------------------------------------------------------------------------------------------------

[2025-03-25 19:24:36 #1 store] 
Database 'C:\Users\egoit\git\Rides25\src\main\resources\rides.temp' is opened by 12348@LAPTOP-2PN1U6VU

[2025-03-25 19:24:36 #2 type.registry] 
New type domain.User

[2025-03-25 19:24:36 #3 type.registry] 
New type domain.Driver

[2025-03-25 19:24:36 #4 type] 
Type domain.User is not enhanced.

[2025-03-25 19:24:36 #5 type.registry] 
New type domain.Mugimendua

[2025-03-25 19:24:36 #6 type] 
Type domain.Driver is not enhanced.

[2025-03-25 19:24:36 #7 type.registry] 
New type domain.Car

[2025-03-25 19:24:36 #8 type.registry] 
New type domain.Ride

[2025-03-25 19:24:36 #9 type] 
Type domain.Mugimendua is not enhanced.

[2025-03-25 19:24:36 #10 type.registry] 
New type domain.MugimenduMota

[2025-03-25 19:24:36 #11 type] 
Type domain.Car is not enhanced.

[2025-03-25 19:24:36 #12 type] 
Type domain.Ride is not enhanced.

[2025-03-25 19:24:36 #13 type.registry] 
New type domain.Erreserba

[2025-03-25 19:24:36 #14 type] 
Type domain.Erreserba is not enhanced.

[2025-03-25 19:24:36 #15 type.registry] 
New type domain.Traveler

[2025-03-25 19:24:36 #16 type.registry] 
New type domain.ErreserbaEgoera

[2025-03-25 19:24:36 #17 type] 
Type domain.Traveler is not enhanced.

[2025-03-25 19:24:36 #18 type.registry] 
New type java.util.Vector<java.lang.Object>

[2025-03-25 19:24:36 #19 type.registry] 
New type java.util.Vector<domain.Mugimendua>

[2025-03-25 19:24:36 #20 type.registry] 
New type java.util.Vector<domain.Ride>

[2025-03-25 19:24:36 #21 type.registry] 
New type java.util.Vector<domain.Car>

[2025-03-25 19:24:36 #22 type.registry] 
New type java.util.Vector<domain.Erreserba>

------------------------------------------------------------------------------------------------------------------------

[2025-03-25 19:25:53 #1 store] 
Database 'C:\Users\egoit\git\Rides25\src\main\resources\rides.temp' is opened by 2752@LAPTOP-2PN1U6VU

[2025-03-25 19:25:53 #2 type.registry] 
New type domain.User

[2025-03-25 19:25:53 #3 type.registry] 
New type domain.Driver

[2025-03-25 19:25:53 #4 type] 
Type domain.User is not enhanced.

[2025-03-25 19:25:53 #5 type.registry] 
New type domain.Mugimendua

[2025-03-25 19:25:53 #6 type] 
Type domain.Driver is not enhanced.

[2025-03-25 19:25:53 #7 type.registry] 
New type domain.Car

[2025-03-25 19:25:53 #8 type.registry] 
New type domain.Ride

[2025-03-25 19:25:53 #9 type] 
Type domain.Mugimendua is not enhanced.

[2025-03-25 19:25:53 #10 type.registry] 
New type domain.MugimenduMota

[2025-03-25 19:25:53 #11 type] 
Type domain.Car is not enhanced.

[2025-03-25 19:25:53 #12 type] 
Type domain.Ride is not enhanced.

[2025-03-25 19:25:53 #13 type.registry] 
New type domain.Erreserba

[2025-03-25 19:25:53 #14 type] 
Type domain.Erreserba is not enhanced.

[2025-03-25 19:25:53 #15 type.registry] 
New type domain.Traveler

[2025-03-25 19:25:53 #16 type.registry] 
New type domain.ErreserbaEgoera

[2025-03-25 19:25:53 #17 type] 
Type domain.Traveler is not enhanced.

[2025-03-25 19:25:53 #18 type.registry] 
New type java.util.Vector<java.lang.Object>

[2025-03-25 19:25:53 #19 type.registry] 
New type java.util.Vector<domain.Mugimendua>

[2025-03-25 19:25:53 #20 type.registry] 
New type java.util.Vector<domain.Ride>

[2025-03-25 19:25:53 #21 type.registry] 
New type java.util.Vector<domain.Car>

[2025-03-25 19:25:53 #22 type.registry] 
New type java.util.Vector<domain.Erreserba>

