------------------------------------------------------------------------------------------------------------------------

[2025-04-04 11:46:35 #1 store] 
Database 'C:\Users\egoit\Desktop\SI1\proba\Rides24\src\main\resources\rides.temp' has been recovered (tr. 23-23)

[2025-04-04 11:46:35 #2 store] 
Database 'C:\Users\egoit\Desktop\SI1\proba\Rides24\src\main\resources\rides.temp' is opened by 5212@LAPTOP-2PN1U6VU

[2025-04-04 11:46:35 #3 type] 
Type domain.User is not enhanced.

[2025-04-04 11:46:35 #4 type] 
Type domain.Driver is not enhanced.

[2025-04-04 11:46:35 #5 type] 
Type domain.Mugimendua is not enhanced.

[2025-04-04 11:46:35 #6 type] 
Type domain.Car is not enhanced.

[2025-04-04 11:46:35 #7 type] 
Type domain.Ride is not enhanced.

[2025-04-04 11:46:35 #8 type] 
Type domain.Erreserba is not enhanced.

[2025-04-04 11:46:35 #9 type] 
Type domain.Traveler is not enhanced.

------------------------------------------------------------------------------------------------------------------------

[2025-04-04 11:47:48 #1 store] 
Database 'C:\Users\egoit\Desktop\SI1\proba\Rides24\src\main\resources\rides.temp' has been recovered (tr. 24-24)

[2025-04-04 11:47:48 #2 store] 
Database 'C:\Users\egoit\Desktop\SI1\proba\Rides24\src\main\resources\rides.temp' is opened by 20708@LAPTOP-2PN1U6VU

[2025-04-04 11:47:49 #3 type] 
Type domain.User is not enhanced.

[2025-04-04 11:47:49 #4 type] 
Type domain.Driver is not enhanced.

[2025-04-04 11:47:49 #5 type] 
Type domain.Mugimendua is not enhanced.

[2025-04-04 11:47:49 #6 type] 
Type domain.Car is not enhanced.

[2025-04-04 11:47:49 #7 type] 
Type domain.Ride is not enhanced.

[2025-04-04 11:47:49 #8 type] 
Type domain.Erreserba is not enhanced.

[2025-04-04 11:47:49 #9 type] 
Type domain.Traveler is not enhanced.

------------------------------------------------------------------------------------------------------------------------

[2025-04-04 11:48:14 #1 store] 
Database 'C:\Users\egoit\Desktop\SI1\proba\Rides24\src\main\resources\rides.temp' is opened by 15464@LAPTOP-2PN1U6VU

[2025-04-04 11:48:14 #2 type] 
Type domain.User is not enhanced.

[2025-04-04 11:48:14 #3 type] 
Type domain.Driver is not enhanced.

[2025-04-04 11:48:14 #4 type] 
Type domain.Mugimendua is not enhanced.

[2025-04-04 11:48:14 #5 type] 
Type domain.Car is not enhanced.

[2025-04-04 11:48:14 #6 type] 
Type domain.Ride is not enhanced.

[2025-04-04 11:48:14 #7 type] 
Type domain.Erreserba is not enhanced.

[2025-04-04 11:48:14 #8 type] 
Type domain.Traveler is not enhanced.

------------------------------------------------------------------------------------------------------------------------

[2025-04-04 16:25:54 #1 store] 
Database 'C:\Users\egoit\Desktop\SI1\proba\Rides24\src\main\resources\rides.temp' has been recovered (tr. 25-25)

[2025-04-04 16:25:54 #2 store] 
Database 'C:\Users\egoit\Desktop\SI1\proba\Rides24\src\main\resources\rides.temp' is opened by 18864@LAPTOP-2PN1U6VU

[2025-04-04 16:25:55 #3 type] 
Type domain.User is not enhanced.

[2025-04-04 16:25:55 #4 type] 
Type domain.Driver is not enhanced.

[2025-04-04 16:25:55 #5 type] 
Type domain.Mugimendua is not enhanced.

[2025-04-04 16:25:55 #6 type] 
Type domain.Car is not enhanced.

[2025-04-04 16:25:55 #7 type] 
Type domain.Ride is not enhanced.

[2025-04-04 16:25:55 #8 type] 
Type domain.Erreserba is not enhanced.

[2025-04-04 16:25:55 #9 type] 
Type domain.Traveler is not enhanced.

------------------------------------------------------------------------------------------------------------------------

[2025-04-04 16:26:20 #1 store] 
Database 'C:\Users\egoit\Desktop\SI1\proba\Rides24\src\main\resources\rides.temp' is opened by 9380@LAPTOP-2PN1U6VU

[2025-04-04 16:26:20 #2 type] 
Type domain.User is not enhanced.

[2025-04-04 16:26:20 #3 type] 
Type domain.Driver is not enhanced.

[2025-04-04 16:26:20 #4 type] 
Type domain.Mugimendua is not enhanced.

[2025-04-04 16:26:20 #5 type] 
Type domain.Car is not enhanced.

[2025-04-04 16:26:20 #6 type] 
Type domain.Ride is not enhanced.

[2025-04-04 16:26:20 #7 type] 
Type domain.Erreserba is not enhanced.

[2025-04-04 16:26:20 #8 type] 
Type domain.Traveler is not enhanced.

------------------------------------------------------------------------------------------------------------------------

[2025-04-04 16:27:04 #1 store] 
Database 'C:\Users\egoit\Desktop\SI1\proba\Rides24\src\main\resources\rides.temp' is opened by 16008@LAPTOP-2PN1U6VU

[2025-04-04 16:27:05 #2 type] 
Type domain.User is not enhanced.

[2025-04-04 16:27:05 #3 type] 
Type domain.Driver is not enhanced.

[2025-04-04 16:27:05 #4 type] 
Type domain.Mugimendua is not enhanced.

[2025-04-04 16:27:05 #5 type] 
Type domain.Car is not enhanced.

[2025-04-04 16:27:05 #6 type] 
Type domain.Ride is not enhanced.

[2025-04-04 16:27:05 #7 type] 
Type domain.Erreserba is not enhanced.

[2025-04-04 16:27:05 #8 type] 
Type domain.Traveler is not enhanced.

------------------------------------------------------------------------------------------------------------------------

[2025-04-04 16:29:04 #1 store] 
Database 'C:\Users\egoit\Desktop\SI1\proba\Rides24\src\main\resources\rides.temp' is opened by 20420@LAPTOP-2PN1U6VU

[2025-04-04 16:29:04 #2 type] 
Type domain.User is not enhanced.

[2025-04-04 16:29:04 #3 type] 
Type domain.Driver is not enhanced.

[2025-04-04 16:29:04 #4 type] 
Type domain.Mugimendua is not enhanced.

[2025-04-04 16:29:04 #5 type] 
Type domain.Car is not enhanced.

[2025-04-04 16:29:04 #6 type] 
Type domain.Ride is not enhanced.

[2025-04-04 16:29:04 #7 type] 
Type domain.Erreserba is not enhanced.

[2025-04-04 16:29:04 #8 type] 
Type domain.Traveler is not enhanced.

------------------------------------------------------------------------------------------------------------------------

[2025-04-04 16:41:10 #1 store] 
Database 'C:\Users\egoit\Desktop\SI1\proba\Rides24\src\main\resources\rides.temp' has been recovered (tr. 26-27)

[2025-04-04 16:41:11 #2 store] 
Database 'C:\Users\egoit\Desktop\SI1\proba\Rides24\src\main\resources\rides.temp' is opened by 21468@LAPTOP-2PN1U6VU

[2025-04-04 16:41:11 #3 type] 
Type domain.User is not enhanced.

[2025-04-04 16:41:11 #4 type] 
Type domain.Driver is not enhanced.

[2025-04-04 16:41:11 #5 type] 
Type domain.Mugimendua is not enhanced.

[2025-04-04 16:41:11 #6 type] 
Type domain.Car is not enhanced.

[2025-04-04 16:41:11 #7 type] 
Type domain.Ride is not enhanced.

[2025-04-04 16:41:11 #8 type] 
Type domain.Erreserba is not enhanced.

[2025-04-04 16:41:11 #9 type] 
Type domain.Traveler is not enhanced.

------------------------------------------------------------------------------------------------------------------------

[2025-04-04 16:42:35 #1 store] 
Database 'C:\Users\egoit\Desktop\SI1\proba\Rides24\src\main\resources\rides.temp' has been recovered (tr. 28-28)

[2025-04-04 16:42:35 #2 store] 
Database 'C:\Users\egoit\Desktop\SI1\proba\Rides24\src\main\resources\rides.temp' is opened by 13676@LAPTOP-2PN1U6VU

[2025-04-04 16:42:35 #3 type] 
Type domain.User is not enhanced.

[2025-04-04 16:42:35 #4 type] 
Type domain.Driver is not enhanced.

[2025-04-04 16:42:35 #5 type] 
Type domain.Mugimendua is not enhanced.

[2025-04-04 16:42:35 #6 type] 
Type domain.Car is not enhanced.

[2025-04-04 16:42:35 #7 type] 
Type domain.Ride is not enhanced.

[2025-04-04 16:42:35 #8 type] 
Type domain.Erreserba is not enhanced.

[2025-04-04 16:42:35 #9 type] 
Type domain.Traveler is not enhanced.

------------------------------------------------------------------------------------------------------------------------

[2025-04-04 16:53:23 #1 store] 
Database 'C:\Users\egoit\Desktop\SI1\proba\Rides24\src\main\resources\rides.temp' has been recovered (tr. 29-31)

[2025-04-04 16:53:23 #2 store] 
Database 'C:\Users\egoit\Desktop\SI1\proba\Rides24\src\main\resources\rides.temp' is opened by 16008@LAPTOP-2PN1U6VU

[2025-04-04 16:53:23 #3 type] 
Type domain.User is not enhanced.

[2025-04-04 16:53:23 #4 type] 
Type domain.Driver is not enhanced.

[2025-04-04 16:53:23 #5 type] 
Type domain.Mugimendua is not enhanced.

[2025-04-04 16:53:23 #6 type] 
Type domain.Car is not enhanced.

[2025-04-04 16:53:23 #7 type] 
Type domain.Ride is not enhanced.

[2025-04-04 16:53:23 #8 type] 
Type domain.Erreserba is not enhanced.

[2025-04-04 16:53:23 #9 type] 
Type domain.Traveler is not enhanced.

------------------------------------------------------------------------------------------------------------------------

[2025-04-04 16:54:36 #1 store] 
Database 'C:\Users\egoit\Desktop\SI1\proba\Rides24\src\main\resources\rides.temp' is opened by 19656@LAPTOP-2PN1U6VU

[2025-04-04 16:54:36 #2 type] 
Type domain.User is not enhanced.

[2025-04-04 16:54:36 #3 type] 
Type domain.Driver is not enhanced.

[2025-04-04 16:54:36 #4 type] 
Type domain.Mugimendua is not enhanced.

[2025-04-04 16:54:36 #5 type] 
Type domain.Car is not enhanced.

[2025-04-04 16:54:36 #6 type] 
Type domain.Ride is not enhanced.

[2025-04-04 16:54:36 #7 type] 
Type domain.Erreserba is not enhanced.

[2025-04-04 16:54:36 #8 type] 
Type domain.Traveler is not enhanced.

------------------------------------------------------------------------------------------------------------------------

[2025-04-04 16:59:50 #1 store] 
Database 'C:\Users\egoit\Desktop\SI1\proba\Rides24\src\main\resources\rides.temp' has been recovered (tr. 32-32)

[2025-04-04 16:59:50 #2 store] 
Database 'C:\Users\egoit\Desktop\SI1\proba\Rides24\src\main\resources\rides.temp' is opened by 11544@LAPTOP-2PN1U6VU

[2025-04-04 16:59:50 #3 type] 
Type domain.User is not enhanced.

[2025-04-04 16:59:50 #4 type] 
Type domain.Driver is not enhanced.

[2025-04-04 16:59:50 #5 type] 
Type domain.Mugimendua is not enhanced.

[2025-04-04 16:59:50 #6 type] 
Type domain.Car is not enhanced.

[2025-04-04 16:59:50 #7 type] 
Type domain.Ride is not enhanced.

[2025-04-04 16:59:50 #8 type] 
Type domain.Erreserba is not enhanced.

[2025-04-04 16:59:50 #9 type] 
Type domain.Traveler is not enhanced.

------------------------------------------------------------------------------------------------------------------------

[2025-04-04 17:04:22 #1 store] 
Database 'C:\Users\egoit\Desktop\SI1\proba\Rides24\src\main\resources\rides.temp' is opened by 15052@LAPTOP-2PN1U6VU

[2025-04-04 17:04:22 #2 type] 
Type domain.User is not enhanced.

[2025-04-04 17:04:22 #3 type] 
Type domain.Driver is not enhanced.

[2025-04-04 17:04:22 #4 type] 
Type domain.Mugimendua is not enhanced.

[2025-04-04 17:04:22 #5 type] 
Type domain.Car is not enhanced.

[2025-04-04 17:04:22 #6 type] 
Type domain.Ride is not enhanced.

[2025-04-04 17:04:22 #7 type] 
Type domain.Erreserba is not enhanced.

[2025-04-04 17:04:22 #8 type] 
Type domain.Traveler is not enhanced.

