------------------------------------------------------------------------------------------------------------------------

[2025-04-28 10:52:41 #1 store] 
Database 'C:\Users\egoit\git\Rides25\src\main\resources\rides.temp' is opened by 7096@LAPTOP-2PN1U6VU

[2025-04-28 10:52:42 #2 type.registry] 
New type domain.User

[2025-04-28 10:52:42 #3 type.registry] 
New type domain.Driver

[2025-04-28 10:52:42 #4 type] 
Type domain.User is not enhanced.

[2025-04-28 10:52:42 #5 type.registry] 
New type domain.Balorazioa

[2025-04-28 10:52:42 #6 type.registry] 
New type domain.Mugimendua

[2025-04-28 10:52:42 #7 type] 
Type domain.Driver is not enhanced.

[2025-04-28 10:52:42 #8 type.registry] 
New type domain.Car

[2025-04-28 10:52:42 #9 type.registry] 
New type domain.Ride

[2025-04-28 10:52:42 #10 type] 
Type domain.Balorazioa is not enhanced.

[2025-04-28 10:52:42 #11 type.registry] 
New type domain.Erreserba

[2025-04-28 10:52:42 #12 type] 
Type domain.Mugimendua is not enhanced.

[2025-04-28 10:52:42 #13 type.registry] 
New type domain.MugimenduMota

[2025-04-28 10:52:42 #14 type] 
Type domain.Car is not enhanced.

[2025-04-28 10:52:42 #15 type] 
Type domain.Ride is not enhanced.

[2025-04-28 10:52:42 #16 type.registry] 
New type domain.Geldialdia

[2025-04-28 10:52:42 #17 type.registry] 
New type domain.RideEgoera

[2025-04-28 10:52:42 #18 type] 
Type domain.Erreserba is not enhanced.

[2025-04-28 10:52:42 #19 type.registry] 
New type domain.Traveler

[2025-04-28 10:52:42 #20 type.registry] 
New type domain.ErreserbaEgoera

[2025-04-28 10:52:42 #21 type] 
Type domain.Geldialdia is not enhanced.

[2025-04-28 10:52:42 #22 type.registry] 
New type domain.City

[2025-04-28 10:52:42 #23 type] 
Type domain.Traveler is not enhanced.

[2025-04-28 10:52:42 #24 type] 
Type domain.City is not enhanced.

[2025-04-28 10:52:42 #25 type.registry] 
New type java.util.Vector<java.lang.Object>

[2025-04-28 10:52:42 #26 type.registry] 
New type java.util.Vector<domain.Mugimendua>

[2025-04-28 10:52:42 #27 type.registry] 
New type java.util.Vector<domain.Balorazioa>

[2025-04-28 10:52:42 #28 type.registry] 
New type java.util.Vector<domain.Ride>

[2025-04-28 10:52:42 #29 type.registry] 
New type java.util.Vector<domain.Car>

------------------------------------------------------------------------------------------------------------------------

[2025-04-28 11:41:12 #1 store] 
Database 'C:\Users\egoit\git\Rides25\src\main\resources\rides.temp' has been recovered (tr. 1-10)

[2025-04-28 11:41:12 #2 store] 
Database 'C:\Users\egoit\git\Rides25\src\main\resources\rides.temp' is opened by 5752@LAPTOP-2PN1U6VU

[2025-04-28 11:41:12 #3 type] 
Type domain.User is not enhanced.

[2025-04-28 11:41:12 #4 type] 
Type domain.Driver is not enhanced.

[2025-04-28 11:41:12 #5 type] 
Type domain.Balorazioa is not enhanced.

[2025-04-28 11:41:12 #6 type] 
Type domain.Mugimendua is not enhanced.

[2025-04-28 11:41:12 #7 type] 
Type domain.Car is not enhanced.

[2025-04-28 11:41:12 #8 type] 
Type domain.Ride is not enhanced.

[2025-04-28 11:41:12 #9 type] 
Type domain.Erreserba is not enhanced.

[2025-04-28 11:41:12 #10 type] 
Type domain.Geldialdia is not enhanced.

[2025-04-28 11:41:12 #11 type] 
Type domain.Traveler is not enhanced.

[2025-04-28 11:41:12 #12 type] 
Type domain.City is not enhanced.

[2025-04-28 11:42:05 #13 type.registry] 
New type java.util.Vector<domain.Erreserba>

[2025-04-28 11:42:05 #14 type.registry] 
New type java.util.Vector<domain.Geldialdia>

------------------------------------------------------------------------------------------------------------------------

[2025-04-28 11:44:55 #1 store] 
Database 'C:\Users\egoit\git\Rides25\src\main\resources\rides.temp' has been recovered (tr. 11-14)

[2025-04-28 11:44:55 #2 store] 
Database 'C:\Users\egoit\git\Rides25\src\main\resources\rides.temp' is opened by 2584@LAPTOP-2PN1U6VU

[2025-04-28 11:44:55 #3 type] 
Type domain.User is not enhanced.

[2025-04-28 11:44:55 #4 type] 
Type domain.Driver is not enhanced.

[2025-04-28 11:44:55 #5 type] 
Type domain.Balorazioa is not enhanced.

[2025-04-28 11:44:55 #6 type] 
Type domain.Mugimendua is not enhanced.

[2025-04-28 11:44:55 #7 type] 
Type domain.Car is not enhanced.

[2025-04-28 11:44:55 #8 type] 
Type domain.Ride is not enhanced.

[2025-04-28 11:44:55 #9 type] 
Type domain.Erreserba is not enhanced.

[2025-04-28 11:44:55 #10 type] 
Type domain.Geldialdia is not enhanced.

[2025-04-28 11:44:55 #11 type] 
Type domain.Traveler is not enhanced.

[2025-04-28 11:44:55 #12 type] 
Type domain.City is not enhanced.

------------------------------------------------------------------------------------------------------------------------

[2025-04-28 11:47:17 #1 store] 
Database 'C:\Users\egoit\git\Rides25\src\main\resources\rides.temp' is opened by 10132@LAPTOP-2PN1U6VU

[2025-04-28 11:47:18 #2 type] 
Type domain.User is not enhanced.

[2025-04-28 11:47:18 #3 type] 
Type domain.Driver is not enhanced.

[2025-04-28 11:47:18 #4 type] 
Type domain.Balorazioa is not enhanced.

[2025-04-28 11:47:18 #5 type] 
Type domain.Mugimendua is not enhanced.

[2025-04-28 11:47:18 #6 type] 
Type domain.Car is not enhanced.

[2025-04-28 11:47:18 #7 type] 
Type domain.Ride is not enhanced.

[2025-04-28 11:47:18 #8 type] 
Type domain.Erreserba is not enhanced.

[2025-04-28 11:47:18 #9 type] 
Type domain.Geldialdia is not enhanced.

[2025-04-28 11:47:18 #10 type] 
Type domain.Traveler is not enhanced.

[2025-04-28 11:47:18 #11 type] 
Type domain.City is not enhanced.

