------------------------------------------------------------------------------------------------------------------------

[2025-05-02 11:24:11 #1 store] 
Database 'C:\Users\egoit\git\Rides25\src\main\resources\rides.temp' is opened by 18148@LAPTOP-2PN1U6VU

[2025-05-02 11:24:12 #2 type] 
Type domain.User is not enhanced.

[2025-05-02 11:24:12 #3 type] 
Type domain.Driver is not enhanced.

[2025-05-02 11:24:12 #4 type] 
Type domain.Balorazioa is not enhanced.

[2025-05-02 11:24:12 #5 type] 
Type domain.Mugimendua is not enhanced.

[2025-05-02 11:24:12 #6 type] 
Type domain.Car is not enhanced.

[2025-05-02 11:24:12 #7 type] 
Type domain.Ride is not enhanced.

[2025-05-02 11:24:12 #8 type] 
Type domain.Erreserba is not enhanced.

[2025-05-02 11:24:12 #9 type] 
Type domain.Traveler is not enhanced.

[2025-05-02 11:24:12 #10 type] 
Type domain.Alerta is not enhanced.

------------------------------------------------------------------------------------------------------------------------

[2025-05-02 11:34:10 #1 store] 
Database 'C:\Users\egoit\git\Rides25\src\main\resources\rides.temp' is opened by 14612@LAPTOP-2PN1U6VU

[2025-05-02 11:34:10 #2 type.registry] 
New type domain.User

[2025-05-02 11:34:10 #3 type.registry] 
New type domain.Driver

[2025-05-02 11:34:10 #4 type] 
Type domain.User is not enhanced.

[2025-05-02 11:34:10 #5 type.registry] 
New type domain.Balorazioa

[2025-05-02 11:34:10 #6 type.registry] 
New type domain.Mugimendua

[2025-05-02 11:34:10 #7 type] 
Type domain.Driver is not enhanced.

[2025-05-02 11:34:10 #8 type.registry] 
New type domain.Car

[2025-05-02 11:34:10 #9 type.registry] 
New type domain.Ride

[2025-05-02 11:34:10 #10 type] 
Type domain.Balorazioa is not enhanced.

[2025-05-02 11:34:10 #11 type.registry] 
New type domain.Erreserba

[2025-05-02 11:34:10 #12 type] 
Type domain.Mugimendua is not enhanced.

[2025-05-02 11:34:10 #13 type.registry] 
New type domain.MugimenduMota

[2025-05-02 11:34:10 #14 type] 
Type domain.Car is not enhanced.

[2025-05-02 11:34:10 #15 type] 
Type domain.Ride is not enhanced.

[2025-05-02 11:34:10 #16 type.registry] 
New type domain.RideEgoera

[2025-05-02 11:34:10 #17 type] 
Type domain.Erreserba is not enhanced.

[2025-05-02 11:34:10 #18 type.registry] 
New type domain.Traveler

[2025-05-02 11:34:10 #19 type.registry] 
New type domain.ErreserbaEgoera

[2025-05-02 11:34:10 #20 type] 
Type domain.Traveler is not enhanced.

[2025-05-02 11:34:10 #21 type.registry] 
New type domain.Alerta

[2025-05-02 11:34:10 #22 type] 
Type domain.Alerta is not enhanced.

[2025-05-02 11:34:10 #23 type.registry] 
New type domain.AlertaEgoera

[2025-05-02 11:34:10 #24 type.registry] 
New type java.util.Vector<java.lang.Object>

[2025-05-02 11:34:10 #25 type.registry] 
New type java.util.Vector<domain.Mugimendua>

[2025-05-02 11:34:10 #26 type.registry] 
New type java.util.Vector<domain.Balorazioa>

[2025-05-02 11:34:10 #27 type.registry] 
New type java.util.Vector<domain.Ride>

[2025-05-02 11:34:10 #28 type.registry] 
New type java.util.Vector<domain.Car>

[2025-05-02 11:34:10 #29 type.registry] 
New type java.util.Vector<domain.Erreserba>

[2025-05-02 11:34:10 #30 type.registry] 
New type java.util.Vector<domain.Alerta>

[2025-05-02 11:35:09 #31 type.registry] 
New type java.util.ArrayList<java.lang.Object>

[2025-05-02 11:35:09 #32 type.registry] 
New type java.util.ArrayList<java.lang.String>

------------------------------------------------------------------------------------------------------------------------

[2025-05-02 11:41:59 #1 store] 
Database 'C:\Users\egoit\git\Rides25\src\main\resources\rides.temp' is opened by 11408@LAPTOP-2PN1U6VU

[2025-05-02 11:41:59 #2 type] 
Type domain.User is not enhanced.

[2025-05-02 11:41:59 #3 type] 
Type domain.Driver is not enhanced.

[2025-05-02 11:41:59 #4 type] 
Type domain.Balorazioa is not enhanced.

[2025-05-02 11:41:59 #5 type] 
Type domain.Mugimendua is not enhanced.

[2025-05-02 11:41:59 #6 type] 
Type domain.Car is not enhanced.

[2025-05-02 11:41:59 #7 type] 
Type domain.Ride is not enhanced.

[2025-05-02 11:41:59 #8 type] 
Type domain.Erreserba is not enhanced.

[2025-05-02 11:41:59 #9 type] 
Type domain.Traveler is not enhanced.

[2025-05-02 11:41:59 #10 type] 
Type domain.Alerta is not enhanced.

------------------------------------------------------------------------------------------------------------------------

[2025-05-02 11:44:06 #1 store] 
Database 'C:\Users\egoit\git\Rides25\src\main\resources\rides.temp' has been recovered (tr. 21-22)

[2025-05-02 11:44:06 #2 store] 
Database 'C:\Users\egoit\git\Rides25\src\main\resources\rides.temp' is opened by 8220@LAPTOP-2PN1U6VU

[2025-05-02 11:44:06 #3 type] 
Type domain.User is not enhanced.

[2025-05-02 11:44:06 #4 type] 
Type domain.Driver is not enhanced.

[2025-05-02 11:44:06 #5 type] 
Type domain.Balorazioa is not enhanced.

[2025-05-02 11:44:06 #6 type] 
Type domain.Mugimendua is not enhanced.

[2025-05-02 11:44:06 #7 type] 
Type domain.Car is not enhanced.

[2025-05-02 11:44:06 #8 type] 
Type domain.Ride is not enhanced.

[2025-05-02 11:44:06 #9 type] 
Type domain.Erreserba is not enhanced.

[2025-05-02 11:44:06 #10 type] 
Type domain.Traveler is not enhanced.

[2025-05-02 11:44:06 #11 type] 
Type domain.Alerta is not enhanced.

------------------------------------------------------------------------------------------------------------------------

[2025-05-02 13:05:44 #1 store] 
Database 'C:\Users\egoit\git\Rides25\src\main\resources\rides.temp' is opened by 19072@LAPTOP-2PN1U6VU

[2025-05-02 13:05:44 #2 type] 
Type domain.User is not enhanced.

[2025-05-02 13:05:44 #3 type] 
Type domain.Driver is not enhanced.

[2025-05-02 13:05:44 #4 type] 
Type domain.Balorazioa is not enhanced.

[2025-05-02 13:05:44 #5 type] 
Type domain.Mugimendua is not enhanced.

[2025-05-02 13:05:44 #6 type] 
Type domain.Car is not enhanced.

[2025-05-02 13:05:44 #7 type] 
Type domain.Ride is not enhanced.

[2025-05-02 13:05:44 #8 type] 
Type domain.Erreserba is not enhanced.

[2025-05-02 13:05:44 #9 type] 
Type domain.Traveler is not enhanced.

[2025-05-02 13:05:44 #10 type] 
Type domain.Alerta is not enhanced.

------------------------------------------------------------------------------------------------------------------------

[2025-05-02 13:11:04 #1 store] 
Database 'C:\Users\egoit\git\Rides25\src\main\resources\rides.temp' is opened by 18472@LAPTOP-2PN1U6VU

[2025-05-02 13:11:05 #2 type] 
Type domain.User is not enhanced.

[2025-05-02 13:11:05 #3 type] 
Type domain.Driver is not enhanced.

[2025-05-02 13:11:05 #4 type] 
Type domain.Balorazioa is not enhanced.

[2025-05-02 13:11:05 #5 type] 
Type domain.Mugimendua is not enhanced.

[2025-05-02 13:11:05 #6 type] 
Type domain.Car is not enhanced.

[2025-05-02 13:11:05 #7 type] 
Type domain.Ride is not enhanced.

[2025-05-02 13:11:05 #8 type] 
Type domain.Erreserba is not enhanced.

[2025-05-02 13:11:05 #9 type] 
Type domain.Traveler is not enhanced.

[2025-05-02 13:11:05 #10 type] 
Type domain.Alerta is not enhanced.

------------------------------------------------------------------------------------------------------------------------

[2025-05-02 15:55:59 #1 store] 
Database 'C:\Users\egoit\git\Rides25\src\main\resources\rides.temp' is opened by 17504@LAPTOP-2PN1U6VU

[2025-05-02 15:55:59 #2 type] 
Type domain.User is not enhanced.

[2025-05-02 15:55:59 #3 type] 
Type domain.Driver is not enhanced.

[2025-05-02 15:55:59 #4 type] 
Type domain.Balorazioa is not enhanced.

[2025-05-02 15:55:59 #5 type] 
Type domain.Mugimendua is not enhanced.

[2025-05-02 15:55:59 #6 type] 
Type domain.Car is not enhanced.

[2025-05-02 15:55:59 #7 type] 
Type domain.Ride is not enhanced.

[2025-05-02 15:55:59 #8 type] 
Type domain.Erreserba is not enhanced.

[2025-05-02 15:55:59 #9 type] 
Type domain.Traveler is not enhanced.

[2025-05-02 15:55:59 #10 type] 
Type domain.Alerta is not enhanced.

[2025-05-02 15:56:25 #11 type.registry] 
New type java.util.Vector<java.lang.String>

------------------------------------------------------------------------------------------------------------------------

[2025-05-02 16:25:06 #1 store] 
Database 'C:\Users\egoit\git\Rides25\src\main\resources\rides.temp' has been recovered (tr. 26-29)

[2025-05-02 16:25:06 #2 store] 
Database 'C:\Users\egoit\git\Rides25\src\main\resources\rides.temp' is opened by 19132@LAPTOP-2PN1U6VU

[2025-05-02 16:25:06 #3 type] 
Type domain.User is not enhanced.

[2025-05-02 16:25:06 #4 type] 
Type domain.Driver is not enhanced.

[2025-05-02 16:25:06 #5 type] 
Type domain.Balorazioa is not enhanced.

[2025-05-02 16:25:06 #6 type] 
Type domain.Mugimendua is not enhanced.

[2025-05-02 16:25:06 #7 type] 
Type domain.Car is not enhanced.

[2025-05-02 16:25:06 #8 type] 
Type domain.Ride is not enhanced.

[2025-05-02 16:25:06 #9 type] 
Type domain.Erreserba is not enhanced.

[2025-05-02 16:25:06 #10 type] 
Type domain.Traveler is not enhanced.

[2025-05-02 16:25:06 #11 type] 
Type domain.Alerta is not enhanced.

------------------------------------------------------------------------------------------------------------------------

[2025-05-02 16:25:46 #1 store] 
Database 'C:\Users\egoit\git\Rides25\src\main\resources\rides.temp' has been recovered (tr. 30-30)

[2025-05-02 16:25:46 #2 store] 
Database 'C:\Users\egoit\git\Rides25\src\main\resources\rides.temp' is opened by 12164@LAPTOP-2PN1U6VU

[2025-05-02 16:25:46 #3 type] 
Type domain.User is not enhanced.

[2025-05-02 16:25:46 #4 type] 
Type domain.Driver is not enhanced.

[2025-05-02 16:25:46 #5 type] 
Type domain.Balorazioa is not enhanced.

[2025-05-02 16:25:46 #6 type] 
Type domain.Mugimendua is not enhanced.

[2025-05-02 16:25:46 #7 type] 
Type domain.Car is not enhanced.

[2025-05-02 16:25:46 #8 type] 
Type domain.Ride is not enhanced.

[2025-05-02 16:25:46 #9 type] 
Type domain.Erreserba is not enhanced.

[2025-05-02 16:25:46 #10 type] 
Type domain.Traveler is not enhanced.

[2025-05-02 16:25:46 #11 type] 
Type domain.Alerta is not enhanced.

------------------------------------------------------------------------------------------------------------------------

[2025-05-02 16:27:26 #1 store] 
Database 'C:\Users\egoit\git\Rides25\src\main\resources\rides.temp' is opened by 4640@LAPTOP-2PN1U6VU

[2025-05-02 16:27:26 #2 type.registry] 
New type domain.User

[2025-05-02 16:27:26 #3 type.registry] 
New type domain.Driver

[2025-05-02 16:27:26 #4 type] 
Type domain.User is not enhanced.

[2025-05-02 16:27:26 #5 type.registry] 
New type domain.Balorazioa

[2025-05-02 16:27:26 #6 type.registry] 
New type domain.Mugimendua

[2025-05-02 16:27:26 #7 type] 
Type domain.Driver is not enhanced.

[2025-05-02 16:27:26 #8 type.registry] 
New type domain.Car

[2025-05-02 16:27:26 #9 type.registry] 
New type domain.Ride

[2025-05-02 16:27:26 #10 type] 
Type domain.Balorazioa is not enhanced.

[2025-05-02 16:27:26 #11 type.registry] 
New type domain.Erreserba

[2025-05-02 16:27:26 #12 type] 
Type domain.Mugimendua is not enhanced.

[2025-05-02 16:27:26 #13 type.registry] 
New type domain.MugimenduMota

[2025-05-02 16:27:26 #14 type] 
Type domain.Car is not enhanced.

[2025-05-02 16:27:26 #15 type] 
Type domain.Ride is not enhanced.

[2025-05-02 16:27:26 #16 type.registry] 
New type domain.RideEgoera

[2025-05-02 16:27:26 #17 type] 
Type domain.Erreserba is not enhanced.

[2025-05-02 16:27:26 #18 type.registry] 
New type domain.Traveler

[2025-05-02 16:27:26 #19 type.registry] 
New type domain.ErreserbaEgoera

[2025-05-02 16:27:26 #20 type] 
Type domain.Traveler is not enhanced.

[2025-05-02 16:27:26 #21 type.registry] 
New type domain.Alerta

[2025-05-02 16:27:26 #22 type] 
Type domain.Alerta is not enhanced.

[2025-05-02 16:27:26 #23 type.registry] 
New type domain.AlertaEgoera

[2025-05-02 16:27:26 #24 type.registry] 
New type java.util.Vector<java.lang.Object>

[2025-05-02 16:27:26 #25 type.registry] 
New type java.util.Vector<domain.Mugimendua>

[2025-05-02 16:27:26 #26 type.registry] 
New type java.util.Vector<domain.Balorazioa>

[2025-05-02 16:27:26 #27 type.registry] 
New type java.util.Vector<domain.Ride>

[2025-05-02 16:27:26 #28 type.registry] 
New type java.util.Vector<domain.Car>

[2025-05-02 16:27:26 #29 type.registry] 
New type java.util.Vector<domain.Erreserba>

[2025-05-02 16:27:26 #30 type.registry] 
New type java.util.Vector<domain.Alerta>

[2025-05-02 16:27:44 #31 type.registry] 
New type java.util.ArrayList<java.lang.Object>

[2025-05-02 16:27:44 #32 type.registry] 
New type java.util.ArrayList<java.lang.String>

